{"log":"\u001b[34m2019-04-21 20:31:35.784 UTC [nodeCmd] serve -\u003e INFO 001\u001b[0m Starting peer:\n","stream":"stderr","time":"2019-04-21T20:31:35.784894085Z"}
{"log":" Version: 1.4.1\n","stream":"stderr","time":"2019-04-21T20:31:35.785003562Z"}
{"log":" Commit SHA: 87074a7\n","stream":"stderr","time":"2019-04-21T20:31:35.785009485Z"}
{"log":" Go version: go1.11.5\n","stream":"stderr","time":"2019-04-21T20:31:35.785012344Z"}
{"log":" OS/Arch: linux/amd64\n","stream":"stderr","time":"2019-04-21T20:31:35.785014991Z"}
{"log":" Chaincode:\n","stream":"stderr","time":"2019-04-21T20:31:35.785017849Z"}
{"log":"  Base Image Version: 0.4.15\n","stream":"stderr","time":"2019-04-21T20:31:35.785020461Z"}
{"log":"  Base Docker Namespace: hyperledger\n","stream":"stderr","time":"2019-04-21T20:31:35.785039313Z"}
{"log":"  Base Docker Label: org.hyperledger.fabric\n","stream":"stderr","time":"2019-04-21T20:31:35.785041983Z"}
{"log":"  Docker Namespace: hyperledger\n","stream":"stderr","time":"2019-04-21T20:31:35.785044573Z"}
{"log":"\u001b[34m2019-04-21 20:31:35.785 UTC [ledgermgmt] initialize -\u003e INFO 002\u001b[0m Initializing ledger mgmt\n","stream":"stderr","time":"2019-04-21T20:31:35.78763895Z"}
{"log":"\u001b[34m2019-04-21 20:31:35.787 UTC [kvledger] NewProvider -\u003e INFO 003\u001b[0m Initializing ledger provider\n","stream":"stderr","time":"2019-04-21T20:31:35.787661981Z"}
{"log":"\u001b[34m2019-04-21 20:31:35.863 UTC [kvledger] NewProvider -\u003e INFO 004\u001b[0m ledger provider Initialized\n","stream":"stderr","time":"2019-04-21T20:31:35.863612314Z"}
{"log":"\u001b[34m2019-04-21 20:31:35.920 UTC [ledgermgmt] initialize -\u003e INFO 005\u001b[0m ledger mgmt initialized\n","stream":"stderr","time":"2019-04-21T20:31:35.920431444Z"}
{"log":"\u001b[34m2019-04-21 20:31:35.920 UTC [peer] func1 -\u003e INFO 006\u001b[0m Auto-detected peer address: 172.18.0.5:7051\n","stream":"stderr","time":"2019-04-21T20:31:35.920815635Z"}
{"log":"\u001b[34m2019-04-21 20:31:35.920 UTC [peer] func1 -\u003e INFO 007\u001b[0m Returning peer1.hospital.organ.com:7051\n","stream":"stderr","time":"2019-04-21T20:31:35.921098728Z"}
{"log":"\u001b[34m2019-04-21 20:31:35.921 UTC [peer] func1 -\u003e INFO 008\u001b[0m Auto-detected peer address: 172.18.0.5:7051\n","stream":"stderr","time":"2019-04-21T20:31:35.921243979Z"}
{"log":"\u001b[34m2019-04-21 20:31:35.921 UTC [peer] func1 -\u003e INFO 009\u001b[0m Returning peer1.hospital.organ.com:7051\n","stream":"stderr","time":"2019-04-21T20:31:35.921602025Z"}
{"log":"\u001b[34m2019-04-21 20:31:35.922 UTC [nodeCmd] serve -\u003e INFO 00a\u001b[0m Starting peer with TLS enabled\n","stream":"stderr","time":"2019-04-21T20:31:35.922982139Z"}
{"log":"\u001b[34m2019-04-21 20:31:35.924 UTC [nodeCmd] computeChaincodeEndpoint -\u003e INFO 00b\u001b[0m Entering computeChaincodeEndpoint with peerHostname: peer1.hospital.organ.com\n","stream":"stderr","time":"2019-04-21T20:31:35.924645353Z"}
{"log":"\u001b[34m2019-04-21 20:31:35.924 UTC [nodeCmd] computeChaincodeEndpoint -\u003e INFO 00c\u001b[0m Exit with ccEndpoint: peer1.hospital.organ.com:7052\n","stream":"stderr","time":"2019-04-21T20:31:35.92504062Z"}
{"log":"\u001b[33m2019-04-21 20:31:35.925 UTC [nodeCmd] createChaincodeServer -\u003e WARN 00d\u001b[0m peer.chaincodeListenAddress is not set, using peer1.hospital.organ.com:7052\n","stream":"stderr","time":"2019-04-21T20:31:35.92531339Z"}
{"log":"\u001b[34m2019-04-21 20:31:35.929 UTC [sccapi] registerSysCC -\u003e INFO 00e\u001b[0m system chaincode lscc(github.com/hyperledger/fabric/core/scc/lscc) registered\n","stream":"stderr","time":"2019-04-21T20:31:35.930016949Z"}
{"log":"\u001b[34m2019-04-21 20:31:35.929 UTC [sccapi] registerSysCC -\u003e INFO 00f\u001b[0m system chaincode cscc(github.com/hyperledger/fabric/core/scc/cscc) registered\n","stream":"stderr","time":"2019-04-21T20:31:35.930050253Z"}
{"log":"\u001b[34m2019-04-21 20:31:35.930 UTC [sccapi] registerSysCC -\u003e INFO 010\u001b[0m system chaincode qscc(github.com/hyperledger/fabric/core/scc/qscc) registered\n","stream":"stderr","time":"2019-04-21T20:31:35.930417589Z"}
{"log":"\u001b[34m2019-04-21 20:31:35.930 UTC [sccapi] registerSysCC -\u003e INFO 011\u001b[0m system chaincode (+lifecycle,github.com/hyperledger/fabric/core/chaincode/lifecycle,true) disabled\n","stream":"stderr","time":"2019-04-21T20:31:35.930447562Z"}
{"log":"\u001b[34m2019-04-21 20:31:35.935 UTC [gossip.service] func1 -\u003e INFO 012\u001b[0m Initialize gossip with endpoint peer1.hospital.organ.com:7051 and bootstrap set [peer0.hospital.organ.com:7051]\n","stream":"stderr","time":"2019-04-21T20:31:35.936226028Z"}
{"log":"\u001b[34m2019-04-21 20:31:35.941 UTC [gossip.gossip] NewGossipService -\u003e INFO 013\u001b[0m Creating gossip service with self membership of Endpoint: peer1.hospital.organ.com:7051, InternalEndpoint: peer1.hospital.organ.com:7051, PKI-ID: 1c54c54e55b14365a4028e6eb20ed0656620e2fdb30cc9af5814f9fadff2ddb0, Metadata: \n","stream":"stderr","time":"2019-04-21T20:31:35.941278125Z"}
{"log":"\u001b[34m2019-04-21 20:31:35.942 UTC [sccapi] deploySysCC -\u003e INFO 014\u001b[0m system chaincode lscc/(github.com/hyperledger/fabric/core/scc/lscc) deployed\n","stream":"stderr","time":"2019-04-21T20:31:35.943152257Z"}
{"log":"\u001b[34m2019-04-21 20:31:35.943 UTC [gossip.gossip] start -\u003e INFO 015\u001b[0m Gossip instance peer1.hospital.organ.com:7051 started\n","stream":"stderr","time":"2019-04-21T20:31:35.944078827Z"}
{"log":"\u001b[34m2019-04-21 20:31:35.943 UTC [cscc] Init -\u003e INFO 016\u001b[0m Init CSCC\n","stream":"stderr","time":"2019-04-21T20:31:35.94410591Z"}
{"log":"\u001b[34m2019-04-21 20:31:35.944 UTC [sccapi] deploySysCC -\u003e INFO 017\u001b[0m system chaincode cscc/(github.com/hyperledger/fabric/core/scc/cscc) deployed\n","stream":"stderr","time":"2019-04-21T20:31:35.944109775Z"}
{"log":"\u001b[34m2019-04-21 20:31:35.944 UTC [qscc] Init -\u003e INFO 018\u001b[0m Init QSCC\n","stream":"stderr","time":"2019-04-21T20:31:35.945271977Z"}
{"log":"\u001b[34m2019-04-21 20:31:35.944 UTC [sccapi] deploySysCC -\u003e INFO 019\u001b[0m system chaincode qscc/(github.com/hyperledger/fabric/core/scc/qscc) deployed\n","stream":"stderr","time":"2019-04-21T20:31:35.945319315Z"}
{"log":"\u001b[34m2019-04-21 20:31:35.945 UTC [sccapi] deploySysCC -\u003e INFO 01a\u001b[0m system chaincode (+lifecycle,github.com/hyperledger/fabric/core/chaincode/lifecycle) disabled\n","stream":"stderr","time":"2019-04-21T20:31:35.945324838Z"}
{"log":"\u001b[34m2019-04-21 20:31:35.945 UTC [nodeCmd] serve -\u003e INFO 01b\u001b[0m Deployed system chaincodes\n","stream":"stderr","time":"2019-04-21T20:31:35.945346579Z"}
{"log":"\u001b[34m2019-04-21 20:31:35.946 UTC [discovery] NewService -\u003e INFO 01c\u001b[0m Created with config TLS: true, authCacheMaxSize: 1000, authCachePurgeRatio: 0.750000\n","stream":"stderr","time":"2019-04-21T20:31:35.946869924Z"}
{"log":"\u001b[34m2019-04-21 20:31:35.946 UTC [nodeCmd] registerDiscoveryService -\u003e INFO 01d\u001b[0m Discovery service activated\n","stream":"stderr","time":"2019-04-21T20:31:35.946896193Z"}
{"log":"\u001b[34m2019-04-21 20:31:35.947 UTC [nodeCmd] serve -\u003e INFO 01e\u001b[0m Starting peer with ID=[name:\"peer1.hospital.organ.com\" ], network ID=[dev], address=[peer1.hospital.organ.com:7051]\n","stream":"stderr","time":"2019-04-21T20:31:35.947355366Z"}
{"log":"\u001b[34m2019-04-21 20:31:35.947 UTC [nodeCmd] serve -\u003e INFO 01f\u001b[0m Started peer with ID=[name:\"peer1.hospital.organ.com\" ], network ID=[dev], address=[peer1.hospital.organ.com:7051]\n","stream":"stderr","time":"2019-04-21T20:31:35.94774607Z"}
{"log":"\u001b[34m2019-04-21 20:31:35.947 UTC [nodeCmd] func8 -\u003e INFO 020\u001b[0m Starting profiling server with listenAddress = 0.0.0.0:6060\n","stream":"stderr","time":"2019-04-21T20:31:35.947974574Z"}
{"log":"\u001b[33m2019-04-21 20:31:38.943 UTC [gossip.discovery] func1 -\u003e WARN 021\u001b[0m Could not connect to Endpoint: peer0.hospital.organ.com:7051, InternalEndpoint: peer0.hospital.organ.com:7051, PKI-ID: \u003cnil\u003e, Metadata:  : context deadline exceeded\n","stream":"stderr","time":"2019-04-21T20:31:38.943969399Z"}
{"log":"\u001b[34m2019-04-21 20:31:41.220 UTC [comm.grpc.server] 1 -\u003e INFO 022\u001b[0m unary call completed grpc.service=gossip.Gossip grpc.method=Ping grpc.request_deadline=2019-04-21T20:31:43.22Z grpc.peer_address=172.18.0.10:52590 grpc.peer_subject=\"CN=peer0.hospital.organ.com,L=San Francisco,ST=California,C=US\" grpc.code=OK grpc.call_duration=65.666µs\n","stream":"stderr","time":"2019-04-21T20:31:41.220976894Z"}
{"log":"\u001b[34m2019-04-21 20:31:41.235 UTC [comm.grpc.server] 1 -\u003e INFO 023\u001b[0m streaming call completed grpc.service=gossip.Gossip grpc.method=GossipStream grpc.request_deadline=2019-04-21T20:31:51.225Z grpc.peer_address=172.18.0.10:52590 grpc.peer_subject=\"CN=peer0.hospital.organ.com,L=San Francisco,ST=California,C=US\" error=\"rpc error: code = Canceled desc = context canceled\" grpc.code=Canceled grpc.call_duration=10.577017ms\n","stream":"stderr","time":"2019-04-21T20:31:41.235922689Z"}
{"log":"\u001b[34m2019-04-21 20:31:41.242 UTC [comm.grpc.server] 1 -\u003e INFO 024\u001b[0m unary call completed grpc.service=gossip.Gossip grpc.method=Ping grpc.request_deadline=2019-04-21T20:31:43.241Z grpc.peer_address=172.18.0.10:52592 grpc.peer_subject=\"CN=peer0.hospital.organ.com,L=San Francisco,ST=California,C=US\" grpc.code=OK grpc.call_duration=96.539µs\n","stream":"stderr","time":"2019-04-21T20:31:41.242291278Z"}
{"log":"\u001b[34m2019-04-21 20:31:43.180 UTC [endorser] callChaincode -\u003e INFO 025\u001b[0m [][3072a8d4] Entry chaincode: name:\"cscc\" \n","stream":"stderr","time":"2019-04-21T20:31:43.181225879Z"}
{"log":"\u001b[34m2019-04-21 20:31:43.183 UTC [ledgermgmt] CreateLedger -\u003e INFO 026\u001b[0m Creating ledger [organ-channel] with genesis block\n","stream":"stderr","time":"2019-04-21T20:31:43.183874083Z"}
{"log":"\u001b[34m2019-04-21 20:31:43.193 UTC [fsblkstorage] newBlockfileMgr -\u003e INFO 027\u001b[0m Getting block information from block storage\n","stream":"stderr","time":"2019-04-21T20:31:43.193613167Z"}
{"log":"\u001b[34m2019-04-21 20:31:43.248 UTC [kvledger] CommitWithPvtData -\u003e INFO 028\u001b[0m [organ-channel] Committed block [0] with 1 transaction(s) in 45ms (state_validation=1ms block_commit=27ms state_commit=8ms)\n","stream":"stderr","time":"2019-04-21T20:31:43.249048527Z"}
{"log":"\u001b[34m2019-04-21 20:31:43.258 UTC [ledgermgmt] CreateLedger -\u003e INFO 029\u001b[0m Created ledger [organ-channel] with genesis block\n","stream":"stderr","time":"2019-04-21T20:31:43.258288339Z"}
{"log":"\u001b[34m2019-04-21 20:31:43.268 UTC [gossip.gossip] JoinChan -\u003e INFO 02a\u001b[0m Joining gossip network of channel organ-channel with 4 organizations\n","stream":"stderr","time":"2019-04-21T20:31:43.269089949Z"}
{"log":"\u001b[34m2019-04-21 20:31:43.268 UTC [gossip.gossip] learnAnchorPeers -\u003e INFO 02b\u001b[0m No configured anchor peers of GPMSP for channel organ-channel to learn about\n","stream":"stderr","time":"2019-04-21T20:31:43.269132525Z"}
{"log":"\u001b[34m2019-04-21 20:31:43.268 UTC [gossip.gossip] learnAnchorPeers -\u003e INFO 02c\u001b[0m No configured anchor peers of HospitalMSP for channel organ-channel to learn about\n","stream":"stderr","time":"2019-04-21T20:31:43.269143111Z"}
{"log":"\u001b[34m2019-04-21 20:31:43.268 UTC [gossip.gossip] learnAnchorPeers -\u003e INFO 02d\u001b[0m No configured anchor peers of HLMSP for channel organ-channel to learn about\n","stream":"stderr","time":"2019-04-21T20:31:43.269174572Z"}
{"log":"\u001b[34m2019-04-21 20:31:43.268 UTC [gossip.gossip] learnAnchorPeers -\u003e INFO 02e\u001b[0m No configured anchor peers of OPOMSP for channel organ-channel to learn about\n","stream":"stderr","time":"2019-04-21T20:31:43.269180572Z"}
{"log":"\u001b[34m2019-04-21 20:31:43.288 UTC [gossip.state] NewGossipStateProvider -\u003e INFO 02f\u001b[0m Updating metadata information, current ledger sequence is at = 0, next expected block is = 1\n","stream":"stderr","time":"2019-04-21T20:31:43.289144719Z"}
{"log":"\u001b[34m2019-04-21 20:31:43.290 UTC [sccapi] deploySysCC -\u003e INFO 030\u001b[0m system chaincode lscc/organ-channel(github.com/hyperledger/fabric/core/scc/lscc) deployed\n","stream":"stderr","time":"2019-04-21T20:31:43.290997453Z"}
{"log":"\u001b[34m2019-04-21 20:31:43.291 UTC [cscc] Init -\u003e INFO 031\u001b[0m Init CSCC\n","stream":"stderr","time":"2019-04-21T20:31:43.291064134Z"}
{"log":"\u001b[34m2019-04-21 20:31:43.291 UTC [sccapi] deploySysCC -\u003e INFO 032\u001b[0m system chaincode cscc/organ-channel(github.com/hyperledger/fabric/core/scc/cscc) deployed\n","stream":"stderr","time":"2019-04-21T20:31:43.291134486Z"}
{"log":"\u001b[34m2019-04-21 20:31:43.291 UTC [qscc] Init -\u003e INFO 033\u001b[0m Init QSCC\n","stream":"stderr","time":"2019-04-21T20:31:43.291274061Z"}
{"log":"\u001b[34m2019-04-21 20:31:43.291 UTC [sccapi] deploySysCC -\u003e INFO 034\u001b[0m system chaincode qscc/organ-channel(github.com/hyperledger/fabric/core/scc/qscc) deployed\n","stream":"stderr","time":"2019-04-21T20:31:43.29181861Z"}
{"log":"\u001b[34m2019-04-21 20:31:43.291 UTC [sccapi] deploySysCC -\u003e INFO 035\u001b[0m system chaincode (+lifecycle,github.com/hyperledger/fabric/core/chaincode/lifecycle) disabled\n","stream":"stderr","time":"2019-04-21T20:31:43.291842022Z"}
{"log":"\u001b[34m2019-04-21 20:31:43.291 UTC [endorser] callChaincode -\u003e INFO 036\u001b[0m [][3072a8d4] Exit chaincode: name:\"cscc\"  (111ms)\n","stream":"stderr","time":"2019-04-21T20:31:43.291848589Z"}
{"log":"\u001b[34m2019-04-21 20:31:43.291 UTC [comm.grpc.server] 1 -\u003e INFO 037\u001b[0m unary call completed grpc.service=protos.Endorser grpc.method=ProcessProposal grpc.peer_address=172.18.0.11:45904 grpc.code=OK grpc.call_duration=112.591862ms\n","stream":"stderr","time":"2019-04-21T20:31:43.291881486Z"}
{"log":"\u001b[34m2019-04-21 20:31:45.157 UTC [endorser] callChaincode -\u003e INFO 038\u001b[0m [][6d139ef9] Entry chaincode: name:\"lscc\" \n","stream":"stderr","time":"2019-04-21T20:31:45.157400293Z"}
{"log":"\u001b[34m2019-04-21 20:31:45.158 UTC [lscc] executeInstall -\u003e INFO 039\u001b[0m Installed Chaincode [organcc] Version [1.0] to peer\n","stream":"stderr","time":"2019-04-21T20:31:45.158830104Z"}
{"log":"\u001b[34m2019-04-21 20:31:45.158 UTC [endorser] callChaincode -\u003e INFO 03a\u001b[0m [][6d139ef9] Exit chaincode: name:\"lscc\"  (2ms)\n","stream":"stderr","time":"2019-04-21T20:31:45.158923209Z"}
{"log":"\u001b[34m2019-04-21 20:31:45.158 UTC [comm.grpc.server] 1 -\u003e INFO 03b\u001b[0m unary call completed grpc.service=protos.Endorser grpc.method=ProcessProposal grpc.peer_address=172.18.0.11:45938 grpc.code=OK grpc.call_duration=2.417068ms\n","stream":"stderr","time":"2019-04-21T20:31:45.159013041Z"}
{"log":"\u001b[34m2019-04-21 20:31:48.269 UTC [gossip.channel] reportMembershipChanges -\u003e INFO 03c\u001b[0m Membership view has changed. peers went online:  [[peer0.hospital.organ.com:7051]] , current view:  [[peer0.hospital.organ.com:7051]]\n","stream":"stderr","time":"2019-04-21T20:31:48.269569363Z"}
{"log":"\u001b[34m2019-04-21 20:31:49.094 UTC [gossip.election] leaderElection -\u003e INFO 03d\u001b[0m 1c54c54e55b14365a4028e6eb20ed0656620e2fdb30cc9af5814f9fadff2ddb0 : Some peer is already a leader\n","stream":"stderr","time":"2019-04-21T20:31:49.09441388Z"}
{"log":"\u001b[34m2019-04-21 20:31:49.123 UTC [gossip.privdata] StoreBlock -\u003e INFO 03e\u001b[0m [organ-channel] Received block [1] from buffer\n","stream":"stderr","time":"2019-04-21T20:31:49.123377615Z"}
{"log":"\u001b[34m2019-04-21 20:31:49.136 UTC [gossip.gossip] JoinChan -\u003e INFO 03f\u001b[0m Joining gossip network of channel organ-channel with 4 organizations\n","stream":"stderr","time":"2019-04-21T20:31:49.138538258Z"}
{"log":"\u001b[34m2019-04-21 20:31:49.136 UTC [gossip.gossip] learnAnchorPeers -\u003e INFO 040\u001b[0m Learning about the configured anchor peers of HospitalMSP for channel organ-channel : [{peer0.hospital.organ.com 7051}]\n","stream":"stderr","time":"2019-04-21T20:31:49.139371227Z"}
{"log":"\u001b[34m2019-04-21 20:31:49.136 UTC [gossip.gossip] learnAnchorPeers -\u003e INFO 041\u001b[0m No configured anchor peers of HLMSP for channel organ-channel to learn about\n","stream":"stderr","time":"2019-04-21T20:31:49.139384098Z"}
{"log":"\u001b[34m2019-04-21 20:31:49.136 UTC [gossip.gossip] learnAnchorPeers -\u003e INFO 042\u001b[0m No configured anchor peers of OPOMSP for channel organ-channel to learn about\n","stream":"stderr","time":"2019-04-21T20:31:49.139397318Z"}
{"log":"\u001b[34m2019-04-21 20:31:49.136 UTC [gossip.gossip] learnAnchorPeers -\u003e INFO 043\u001b[0m No configured anchor peers of GPMSP for channel organ-channel to learn about\n","stream":"stderr","time":"2019-04-21T20:31:49.139400698Z"}
{"log":"\u001b[33m2019-04-21 20:31:49.137 UTC [gossip.service] updateEndpoints -\u003e WARN 044\u001b[0m Failed to update ordering service endpoints, due to Channel with organ-channel id was not found\n","stream":"stderr","time":"2019-04-21T20:31:49.139403729Z"}
{"log":"\u001b[34m2019-04-21 20:31:49.138 UTC [committer.txvalidator] Validate -\u003e INFO 045\u001b[0m [organ-channel] Validated block [1] in 15ms\n","stream":"stderr","time":"2019-04-21T20:31:49.139410549Z"}
{"log":"\u001b[34m2019-04-21 20:31:49.152 UTC [comm.grpc.server] 1 -\u003e INFO 046\u001b[0m streaming call completed grpc.service=gossip.Gossip grpc.method=GossipStream grpc.peer_address=172.18.0.10:52592 grpc.peer_subject=\"CN=peer0.hospital.organ.com,L=San Francisco,ST=California,C=US\" error=EOF grpc.code=Unknown grpc.call_duration=7.91022475s\n","stream":"stderr","time":"2019-04-21T20:31:49.153388631Z"}
{"log":"\u001b[34m2019-04-21 20:31:49.202 UTC [kvledger] CommitWithPvtData -\u003e INFO 047\u001b[0m [organ-channel] Committed block [1] with 1 transaction(s) in 63ms (state_validation=2ms block_commit=41ms state_commit=11ms)\n","stream":"stderr","time":"2019-04-21T20:31:49.202771493Z"}
{"log":"\u001b[34m2019-04-21 20:31:49.202 UTC [gossip.privdata] StoreBlock -\u003e INFO 048\u001b[0m [organ-channel] Received block [2] from buffer\n","stream":"stderr","time":"2019-04-21T20:31:49.202922703Z"}
{"log":"\u001b[34m2019-04-21 20:31:49.249 UTC [gossip.gossip] JoinChan -\u003e INFO 049\u001b[0m Joining gossip network of channel organ-channel with 4 organizations\n","stream":"stderr","time":"2019-04-21T20:31:49.25002668Z"}
{"log":"\u001b[34m2019-04-21 20:31:49.250 UTC [gossip.gossip] learnAnchorPeers -\u003e INFO 04a\u001b[0m Learning about the configured anchor peers of HospitalMSP for channel organ-channel : [{peer0.hospital.organ.com 7051}]\n","stream":"stderr","time":"2019-04-21T20:31:49.250106466Z"}
{"log":"\u001b[34m2019-04-21 20:31:49.250 UTC [gossip.gossip] learnAnchorPeers -\u003e INFO 04b\u001b[0m No configured anchor peers of HLMSP for channel organ-channel to learn about\n","stream":"stderr","time":"2019-04-21T20:31:49.250184862Z"}
{"log":"\u001b[34m2019-04-21 20:31:49.250 UTC [gossip.gossip] learnAnchorPeers -\u003e INFO 04c\u001b[0m Learning about the configured anchor peers of OPOMSP for channel organ-channel : [{peer0.opo.organ.com 7051}]\n","stream":"stderr","time":"2019-04-21T20:31:49.250236617Z"}
{"log":"\u001b[34m2019-04-21 20:31:49.250 UTC [gossip.gossip] learnAnchorPeers -\u003e INFO 04d\u001b[0m No configured anchor peers of GPMSP for channel organ-channel to learn about\n","stream":"stderr","time":"2019-04-21T20:31:49.250308345Z"}
{"log":"\u001b[33m2019-04-21 20:31:49.250 UTC [gossip.service] updateEndpoints -\u003e WARN 04e\u001b[0m Failed to update ordering service endpoints, due to Channel with organ-channel id was not found\n","stream":"stderr","time":"2019-04-21T20:31:49.25036141Z"}
{"log":"\u001b[34m2019-04-21 20:31:49.251 UTC [committer.txvalidator] Validate -\u003e INFO 04f\u001b[0m [organ-channel] Validated block [2] in 48ms\n","stream":"stderr","time":"2019-04-21T20:31:49.251664938Z"}
{"log":"\u001b[34m2019-04-21 20:31:49.333 UTC [kvledger] CommitWithPvtData -\u003e INFO 050\u001b[0m [organ-channel] Committed block [2] with 1 transaction(s) in 67ms (state_validation=2ms block_commit=57ms state_commit=3ms)\n","stream":"stderr","time":"2019-04-21T20:31:49.333644006Z"}
{"log":"\u001b[34m2019-04-21 20:31:49.334 UTC [gossip.privdata] StoreBlock -\u003e INFO 051\u001b[0m [organ-channel] Received block [3] from buffer\n","stream":"stderr","time":"2019-04-21T20:31:49.334255954Z"}
{"log":"\u001b[34m2019-04-21 20:31:49.348 UTC [gossip.gossip] JoinChan -\u003e INFO 052\u001b[0m Joining gossip network of channel organ-channel with 4 organizations\n","stream":"stderr","time":"2019-04-21T20:31:49.349306053Z"}
{"log":"\u001b[34m2019-04-21 20:31:49.348 UTC [gossip.gossip] learnAnchorPeers -\u003e INFO 053\u001b[0m Learning about the configured anchor peers of HospitalMSP for channel organ-channel : [{peer0.hospital.organ.com 7051}]\n","stream":"stderr","time":"2019-04-21T20:31:49.349333189Z"}
{"log":"\u001b[34m2019-04-21 20:31:49.348 UTC [gossip.gossip] learnAnchorPeers -\u003e INFO 054\u001b[0m Learning about the configured anchor peers of HLMSP for channel organ-channel : [{peer0.histocompatibility.organ.com 7051}]\n","stream":"stderr","time":"2019-04-21T20:31:49.349338268Z"}
{"log":"\u001b[34m2019-04-21 20:31:49.349 UTC [gossip.gossip] learnAnchorPeers -\u003e INFO 055\u001b[0m Learning about the configured anchor peers of OPOMSP for channel organ-channel : [{peer0.opo.organ.com 7051}]\n","stream":"stderr","time":"2019-04-21T20:31:49.351685437Z"}
{"log":"\u001b[34m2019-04-21 20:31:49.349 UTC [gossip.gossip] learnAnchorPeers -\u003e INFO 056\u001b[0m No configured anchor peers of GPMSP for channel organ-channel to learn about\n","stream":"stderr","time":"2019-04-21T20:31:49.351697579Z"}
{"log":"\u001b[33m2019-04-21 20:31:49.349 UTC [gossip.service] updateEndpoints -\u003e WARN 057\u001b[0m Failed to update ordering service endpoints, due to Channel with organ-channel id was not found\n","stream":"stderr","time":"2019-04-21T20:31:49.351702295Z"}
{"log":"\u001b[34m2019-04-21 20:31:49.351 UTC [committer.txvalidator] Validate -\u003e INFO 058\u001b[0m [organ-channel] Validated block [3] in 17ms\n","stream":"stderr","time":"2019-04-21T20:31:49.35216833Z"}
{"log":"\u001b[33m2019-04-21 20:31:49.386 UTC [gossip.comm] func1 -\u003e WARN 059\u001b[0m peer0.hospital.organ.com:7051, PKIid:ba796d708f8c573380991aca358280a07ecd4208cdc446b257ab45f746763abf isn't responsive: EOF\n","stream":"stderr","time":"2019-04-21T20:31:49.38665949Z"}
{"log":"\u001b[33m2019-04-21 20:31:49.386 UTC [gossip.discovery] expireDeadMembers -\u003e WARN 05a\u001b[0m Entering [ba796d708f8c573380991aca358280a07ecd4208cdc446b257ab45f746763abf]\n","stream":"stderr","time":"2019-04-21T20:31:49.386988425Z"}
{"log":"\u001b[33m2019-04-21 20:31:49.386 UTC [gossip.discovery] expireDeadMembers -\u003e WARN 05b\u001b[0m Closing connection to Endpoint: peer0.hospital.organ.com:7051, InternalEndpoint: peer0.hospital.organ.com:7051, PKI-ID: ba796d708f8c573380991aca358280a07ecd4208cdc446b257ab45f746763abf, Metadata: \n","stream":"stderr","time":"2019-04-21T20:31:49.387002549Z"}
{"log":"\u001b[33m2019-04-21 20:31:49.386 UTC [gossip.discovery] expireDeadMembers -\u003e WARN 05c\u001b[0m Exiting\n","stream":"stderr","time":"2019-04-21T20:31:49.387021357Z"}
{"log":"\u001b[34m2019-04-21 20:31:49.404 UTC [kvledger] CommitWithPvtData -\u003e INFO 05d\u001b[0m [organ-channel] Committed block [3] with 1 transaction(s) in 52ms (state_validation=2ms block_commit=21ms state_commit=10ms)\n","stream":"stderr","time":"2019-04-21T20:31:49.405080911Z"}
{"log":"\u001b[34m2019-04-21 20:31:49.405 UTC [gossip.privdata] StoreBlock -\u003e INFO 05e\u001b[0m [organ-channel] Received block [4] from buffer\n","stream":"stderr","time":"2019-04-21T20:31:49.40515887Z"}
{"log":"\u001b[34m2019-04-21 20:31:49.418 UTC [gossip.gossip] JoinChan -\u003e INFO 05f\u001b[0m Joining gossip network of channel organ-channel with 4 organizations\n","stream":"stderr","time":"2019-04-21T20:31:49.418471182Z"}
{"log":"\u001b[34m2019-04-21 20:31:49.418 UTC [gossip.gossip] learnAnchorPeers -\u003e INFO 060\u001b[0m Learning about the configured anchor peers of GPMSP for channel organ-channel : [{peer0.gp.organ.com 7051}]\n","stream":"stderr","time":"2019-04-21T20:31:49.418493421Z"}
{"log":"\u001b[34m2019-04-21 20:31:49.418 UTC [gossip.gossip] learnAnchorPeers -\u003e INFO 061\u001b[0m Learning about the configured anchor peers of HospitalMSP for channel organ-channel : [{peer0.hospital.organ.com 7051}]\n","stream":"stderr","time":"2019-04-21T20:31:49.418497297Z"}
{"log":"\u001b[34m2019-04-21 20:31:49.418 UTC [gossip.gossip] learnAnchorPeers -\u003e INFO 062\u001b[0m Learning about the configured anchor peers of HLMSP for channel organ-channel : [{peer0.histocompatibility.organ.com 7051}]\n","stream":"stderr","time":"2019-04-21T20:31:49.418512748Z"}
{"log":"\u001b[34m2019-04-21 20:31:49.418 UTC [gossip.gossip] learnAnchorPeers -\u003e INFO 063\u001b[0m Learning about the configured anchor peers of OPOMSP for channel organ-channel : [{peer0.opo.organ.com 7051}]\n","stream":"stderr","time":"2019-04-21T20:31:49.418684672Z"}
{"log":"\u001b[33m2019-04-21 20:31:49.418 UTC [gossip.service] updateEndpoints -\u003e WARN 064\u001b[0m Failed to update ordering service endpoints, due to Channel with organ-channel id was not found\n","stream":"stderr","time":"2019-04-21T20:31:49.418696821Z"}
{"log":"\u001b[34m2019-04-21 20:31:49.425 UTC [committer.txvalidator] Validate -\u003e INFO 065\u001b[0m [organ-channel] Validated block [4] in 20ms\n","stream":"stderr","time":"2019-04-21T20:31:49.426136563Z"}
{"log":"\u001b[33m2019-04-21 20:31:49.438 UTC [gossip.comm] func1 -\u003e WARN 066\u001b[0m peer0.opo.organ.com:7051, PKIid:7b53f6482e45886173c99c86f4c8096ed3dadd1ca1c4d8fa124530de62eb1dc7 isn't responsive: EOF\n","stream":"stderr","time":"2019-04-21T20:31:49.438649157Z"}
{"log":"\u001b[33m2019-04-21 20:31:49.438 UTC [gossip.discovery] expireDeadMembers -\u003e WARN 067\u001b[0m Entering [7b53f6482e45886173c99c86f4c8096ed3dadd1ca1c4d8fa124530de62eb1dc7]\n","stream":"stderr","time":"2019-04-21T20:31:49.43901382Z"}
{"log":"\u001b[33m2019-04-21 20:31:49.438 UTC [gossip.discovery] expireDeadMembers -\u003e WARN 068\u001b[0m Closing connection to Endpoint: peer0.opo.organ.com:7051, InternalEndpoint: , PKI-ID: 7b53f6482e45886173c99c86f4c8096ed3dadd1ca1c4d8fa124530de62eb1dc7, Metadata: \n","stream":"stderr","time":"2019-04-21T20:31:49.439032513Z"}
{"log":"\u001b[33m2019-04-21 20:31:49.438 UTC [gossip.discovery] expireDeadMembers -\u003e WARN 069\u001b[0m Exiting\n","stream":"stderr","time":"2019-04-21T20:31:49.439052414Z"}
{"log":"\u001b[33m2019-04-21 20:31:49.460 UTC [gossip.comm] func1 -\u003e WARN 06a\u001b[0m peer0.histocompatibility.organ.com:7051, PKIid:f36be4ceaef9c7dc1a4c74f5ae6db2d14ee2c6623d37385febab7a4dca1932e4 isn't responsive: EOF\n","stream":"stderr","time":"2019-04-21T20:31:49.463527736Z"}
{"log":"\u001b[33m2019-04-21 20:31:49.460 UTC [gossip.discovery] expireDeadMembers -\u003e WARN 06b\u001b[0m Entering [f36be4ceaef9c7dc1a4c74f5ae6db2d14ee2c6623d37385febab7a4dca1932e4]\n","stream":"stderr","time":"2019-04-21T20:31:49.463552196Z"}
{"log":"\u001b[33m2019-04-21 20:31:49.461 UTC [gossip.discovery] expireDeadMembers -\u003e WARN 06c\u001b[0m Closing connection to Endpoint: peer0.histocompatibility.organ.com:7051, InternalEndpoint: , PKI-ID: f36be4ceaef9c7dc1a4c74f5ae6db2d14ee2c6623d37385febab7a4dca1932e4, Metadata: \n","stream":"stderr","time":"2019-04-21T20:31:49.463558605Z"}
{"log":"\u001b[33m2019-04-21 20:31:49.461 UTC [gossip.discovery] expireDeadMembers -\u003e WARN 06d\u001b[0m Exiting\n","stream":"stderr","time":"2019-04-21T20:31:49.463563576Z"}
{"log":"\u001b[34m2019-04-21 20:31:49.462 UTC [kvledger] CommitWithPvtData -\u003e INFO 06e\u001b[0m [organ-channel] Committed block [4] with 1 transaction(s) in 37ms (state_validation=3ms block_commit=23ms state_commit=2ms)\n","stream":"stderr","time":"2019-04-21T20:31:49.463567888Z"}
{"log":"\u001b[34m2019-04-21 20:31:50.179 UTC [comm.grpc.server] 1 -\u003e INFO 06f\u001b[0m unary call completed grpc.service=gossip.Gossip grpc.method=Ping grpc.request_deadline=2019-04-21T20:31:52.179Z grpc.peer_address=172.18.0.6:45624 grpc.peer_subject=\"CN=peer0.histocompatibility.organ.com,L=San Francisco,ST=California,C=US\" grpc.code=OK grpc.call_duration=235.911µs\n","stream":"stderr","time":"2019-04-21T20:31:50.180110916Z"}
{"log":"\u001b[34m2019-04-21 20:31:50.978 UTC [comm.grpc.server] 1 -\u003e INFO 070\u001b[0m unary call completed grpc.service=gossip.Gossip grpc.method=Ping grpc.request_deadline=2019-04-21T20:31:52.978Z grpc.peer_address=172.18.0.7:50436 grpc.peer_subject=\"CN=peer0.opo.organ.com,L=San Francisco,ST=California,C=US\" grpc.code=OK grpc.call_duration=106.848µs\n","stream":"stderr","time":"2019-04-21T20:31:50.978784037Z"}
{"log":"\u001b[33m2019-04-21 20:31:51.678 UTC [gossip.gossip] validateMsg -\u003e WARN 071\u001b[0m StateInfo message GossipMessage: tag:CHAN_OR_ORG state_info:\u003ctimestamp:\u003cinc_num:1555878703669916956 seq_num:1555878710006872691 \u003e pki_id:\"0\\265\\0065\\337\\372\\324\\367z\u003e\\257\\310L\\245\\257_\\222\\206\\2122S\\261c\\335\\000\\261m\\333\\324R\\2710\" channel_MAC:\" /\\311\\346MAF\\257\\275\\357\\365E\\364f\\357\\207k\\336\\006\\375\\266\\335\\373?\\216\\\\E\\031\\335\\311[W\" properties:\u003cledger_height:5 \u003e \u003e , Envelope: 98 bytes, Signature: 71 bytes is found invalid: PKIID wasn't found\n","stream":"stderr","time":"2019-04-21T20:31:51.678359743Z"}
{"log":"\u001b[33m2019-04-21 20:31:51.678 UTC [gossip.gossip] handleMessage -\u003e WARN 072\u001b[0m Message GossipMessage: tag:CHAN_OR_ORG state_info:\u003ctimestamp:\u003cinc_num:1555878703669916956 seq_num:1555878710006872691 \u003e pki_id:\"0\\265\\0065\\337\\372\\324\\367z\u003e\\257\\310L\\245\\257_\\222\\206\\2122S\\261c\\335\\000\\261m\\333\\324R\\2710\" channel_MAC:\" /\\311\\346MAF\\257\\275\\357\\365E\\364f\\357\\207k\\336\\006\\375\\266\\335\\373?\\216\\\\E\\031\\335\\311[W\" properties:\u003cledger_height:5 \u003e \u003e , Envelope: 98 bytes, Signature: 71 bytes isn't valid\n","stream":"stderr","time":"2019-04-21T20:31:51.678386831Z"}
{"log":"\u001b[33m2019-04-21 20:31:51.685 UTC [gossip.gossip] validateMsg -\u003e WARN 073\u001b[0m StateInfo message GossipMessage: tag:CHAN_OR_ORG state_info:\u003ctimestamp:\u003cinc_num:1555878703669916956 seq_num:1555878710006872691 \u003e pki_id:\"0\\265\\0065\\337\\372\\324\\367z\u003e\\257\\310L\\245\\257_\\222\\206\\2122S\\261c\\335\\000\\261m\\333\\324R\\2710\" channel_MAC:\" /\\311\\346MAF\\257\\275\\357\\365E\\364f\\357\\207k\\336\\006\\375\\266\\335\\373?\\216\\\\E\\031\\335\\311[W\" properties:\u003cledger_height:5 \u003e \u003e , Envelope: 98 bytes, Signature: 71 bytes is found invalid: PKIID wasn't found\n","stream":"stderr","time":"2019-04-21T20:31:51.685446998Z"}
{"log":"\u001b[33m2019-04-21 20:31:51.685 UTC [gossip.gossip] handleMessage -\u003e WARN 074\u001b[0m Message GossipMessage: tag:CHAN_OR_ORG state_info:\u003ctimestamp:\u003cinc_num:1555878703669916956 seq_num:1555878710006872691 \u003e pki_id:\"0\\265\\0065\\337\\372\\324\\367z\u003e\\257\\310L\\245\\257_\\222\\206\\2122S\\261c\\335\\000\\261m\\333\\324R\\2710\" channel_MAC:\" /\\311\\346MAF\\257\\275\\357\\365E\\364f\\357\\207k\\336\\006\\375\\266\\335\\373?\\216\\\\E\\031\\335\\311[W\" properties:\u003cledger_height:5 \u003e \u003e , Envelope: 98 bytes, Signature: 71 bytes isn't valid\n","stream":"stderr","time":"2019-04-21T20:31:51.685521686Z"}
{"log":"\u001b[33m2019-04-21 20:31:52.061 UTC [gossip.gossip] validateMsg -\u003e WARN 075\u001b[0m StateInfo message GossipMessage: tag:CHAN_OR_ORG state_info:\u003ctimestamp:\u003cinc_num:1555878704042464942 seq_num:1555878710439220692 \u003e pki_id:\"\\210\\236\\036\\225\\257)j\\215\\332\\030\\356g\\023\\371|s\\252~[O\\213dZ\\246e\\010G\\260\\2735EE\" channel_MAC:\"\\010\\344\\332\\255\\246\\327\\033\\352\\006LSX] ;w\\254\\253\\000\\177\\273\\330\\032wmw{\\215g~\\274\\300\" properties:\u003cledger_height:5 \u003e \u003e , Envelope: 98 bytes, Signature: 70 bytes is found invalid: PKIID wasn't found\n","stream":"stderr","time":"2019-04-21T20:31:52.061591757Z"}
{"log":"\u001b[33m2019-04-21 20:31:52.062 UTC [gossip.gossip] handleMessage -\u003e WARN 076\u001b[0m Message GossipMessage: tag:CHAN_OR_ORG state_info:\u003ctimestamp:\u003cinc_num:1555878704042464942 seq_num:1555878710439220692 \u003e pki_id:\"\\210\\236\\036\\225\\257)j\\215\\332\\030\\356g\\023\\371|s\\252~[O\\213dZ\\246e\\010G\\260\\2735EE\" channel_MAC:\"\\010\\344\\332\\255\\246\\327\\033\\352\\006LSX] ;w\\254\\253\\000\\177\\273\\330\\032wmw{\\215g~\\274\\300\" properties:\u003cledger_height:5 \u003e \u003e , Envelope: 98 bytes, Signature: 70 bytes isn't valid\n","stream":"stderr","time":"2019-04-21T20:31:52.062452707Z"}
{"log":"\u001b[34m2019-04-21 20:31:53.269 UTC [gossip.channel] reportMembershipChanges -\u003e INFO 077\u001b[0m Membership view has changed. peers went online:  [[peer0.gp.organ.com:7051 ] [peer0.opo.organ.com:7051 ]] , current view:  [[peer0.hospital.organ.com:7051] [peer0.gp.organ.com:7051 ] [peer0.opo.organ.com:7051 ]]\n","stream":"stderr","time":"2019-04-21T20:31:53.269465212Z"}
{"log":"\u001b[34m2019-04-21 20:31:58.269 UTC [gossip.channel] reportMembershipChanges -\u003e INFO 078\u001b[0m Membership view has changed. peers went online:  [[peer0.histocompatibility.organ.com:7051 ] [peer1.gp.organ.com:7051 ]] , current view:  [[peer0.histocompatibility.organ.com:7051 ] [peer0.hospital.organ.com:7051] [peer0.gp.organ.com:7051 ] [peer0.opo.organ.com:7051 ] [peer1.gp.organ.com:7051 ]]\n","stream":"stderr","time":"2019-04-21T20:31:58.269970787Z"}
{"log":"\u001b[34m2019-04-21 20:32:03.269 UTC [gossip.channel] reportMembershipChanges -\u003e INFO 079\u001b[0m Membership view has changed. peers went online:  [[peer1.opo.organ.com:7051 ]] , current view:  [[peer0.opo.organ.com:7051 ] [peer1.gp.organ.com:7051 ] [peer1.opo.organ.com:7051 ] [peer0.histocompatibility.organ.com:7051 ] [peer0.hospital.organ.com:7051] [peer0.gp.organ.com:7051 ]]\n","stream":"stderr","time":"2019-04-21T20:32:03.269371665Z"}
{"log":"\u001b[33m2019-04-21 20:32:03.959 UTC [gossip.comm] func1 -\u003e WARN 07a\u001b[0m peer0.hospital.organ.com:7051, PKIid:ba796d708f8c573380991aca358280a07ecd4208cdc446b257ab45f746763abf isn't responsive: EOF\n","stream":"stderr","time":"2019-04-21T20:32:03.959329819Z"}
{"log":"\u001b[33m2019-04-21 20:32:03.959 UTC [gossip.discovery] expireDeadMembers -\u003e WARN 07b\u001b[0m Entering [ba796d708f8c573380991aca358280a07ecd4208cdc446b257ab45f746763abf]\n","stream":"stderr","time":"2019-04-21T20:32:03.959514127Z"}
{"log":"\u001b[33m2019-04-21 20:32:03.959 UTC [gossip.discovery] expireDeadMembers -\u003e WARN 07c\u001b[0m Closing connection to Endpoint: peer0.hospital.organ.com:7051, InternalEndpoint: peer0.hospital.organ.com:7051, PKI-ID: ba796d708f8c573380991aca358280a07ecd4208cdc446b257ab45f746763abf, Metadata: \n","stream":"stderr","time":"2019-04-21T20:32:03.959526056Z"}
{"log":"\u001b[33m2019-04-21 20:32:03.959 UTC [gossip.discovery] expireDeadMembers -\u003e WARN 07d\u001b[0m Exiting\n","stream":"stderr","time":"2019-04-21T20:32:03.959532827Z"}
{"log":"\u001b[34m2019-04-21 20:32:03.963 UTC [comm.grpc.server] 1 -\u003e INFO 07e\u001b[0m unary call completed grpc.service=gossip.Gossip grpc.method=Ping grpc.request_deadline=2019-04-21T20:32:05.963Z grpc.peer_address=172.18.0.10:53022 grpc.peer_subject=\"CN=peer0.hospital.organ.com,L=San Francisco,ST=California,C=US\" grpc.code=OK grpc.call_duration=72.491µs\n","stream":"stderr","time":"2019-04-21T20:32:03.964136073Z"}
{"log":"\u001b[34m2019-04-21 20:32:08.269 UTC [gossip.channel] reportMembershipChanges -\u003e INFO 07f\u001b[0m Membership view has changed. peers went online:  [[peer1.histocompatibility.organ.com:7051 ]] , current view:  [[peer0.opo.organ.com:7051 ] [peer1.gp.organ.com:7051 ] [peer1.opo.organ.com:7051 ] [peer0.histocompatibility.organ.com:7051 ] [peer1.histocompatibility.organ.com:7051 ] [peer0.hospital.organ.com:7051] [peer0.gp.organ.com:7051 ]]\n","stream":"stderr","time":"2019-04-21T20:32:08.26987843Z"}
{"log":"\u001b[34m2019-04-21 20:32:10.764 UTC [gossip.privdata] StoreBlock -\u003e INFO 080\u001b[0m [organ-channel] Received block [5] from buffer\n","stream":"stderr","time":"2019-04-21T20:32:10.766647657Z"}
{"log":"\u001b[34m2019-04-21 20:32:10.766 UTC [committer.txvalidator] Validate -\u003e INFO 081\u001b[0m [organ-channel] Validated block [5] in 2ms\n","stream":"stderr","time":"2019-04-21T20:32:10.766664902Z"}
{"log":"\u001b[34m2019-04-21 20:32:10.766 UTC [cceventmgmt] HandleStateUpdates -\u003e INFO 082\u001b[0m Channel [organ-channel]: Handling deploy or update of chaincode [organcc]\n","stream":"stderr","time":"2019-04-21T20:32:10.766870333Z"}
{"log":"\u001b[34m2019-04-21 20:32:10.915 UTC [kvledger] CommitWithPvtData -\u003e INFO 083\u001b[0m [organ-channel] Committed block [5] with 1 transaction(s) in 149ms (state_validation=2ms block_commit=136ms state_commit=8ms)\n","stream":"stderr","time":"2019-04-21T20:32:10.915907774Z"}
{"log":"\u001b[34m2019-04-21 20:33:13.573 UTC [endorser] callChaincode -\u003e INFO 084\u001b[0m [organ-channel][6982060d] Entry chaincode: name:\"organcc\" \n","stream":"stderr","time":"2019-04-21T20:33:13.574550686Z"}
{"log":"\u001b[34m2019-04-21 20:33:36.379 UTC [endorser] callChaincode -\u003e INFO 085\u001b[0m [organ-channel][6982060d] Exit chaincode: name:\"organcc\"  (22805ms)\n","stream":"stderr","time":"2019-04-21T20:33:36.380383932Z"}
{"log":"\u001b[34m2019-04-21 20:33:36.379 UTC [comm.grpc.server] 1 -\u003e INFO 086\u001b[0m unary call completed grpc.service=protos.Endorser grpc.method=ProcessProposal grpc.peer_address=172.18.0.11:46378 grpc.code=OK grpc.call_duration=22.807309123s\n","stream":"stderr","time":"2019-04-21T20:33:36.38041579Z"}
{"log":"\u001b[34m2019-04-21 20:34:41.135 UTC [gossip.privdata] StoreBlock -\u003e INFO 087\u001b[0m [organ-channel] Received block [6] from buffer\n","stream":"stderr","time":"2019-04-21T20:34:41.136237066Z"}
{"log":"\u001b[34m2019-04-21 20:34:41.146 UTC [committer.txvalidator] Validate -\u003e INFO 088\u001b[0m [organ-channel] Validated block [6] in 10ms\n","stream":"stderr","time":"2019-04-21T20:34:41.146677193Z"}
{"log":"\u001b[34m2019-04-21 20:34:41.255 UTC [kvledger] CommitWithPvtData -\u003e INFO 089\u001b[0m [organ-channel] Committed block [6] with 1 transaction(s) in 108ms (state_validation=0ms block_commit=66ms state_commit=33ms)\n","stream":"stderr","time":"2019-04-21T20:34:41.258422409Z"}
{"log":"\u001b[34m2019-04-21 20:34:49.685 UTC [endorser] callChaincode -\u003e INFO 08a\u001b[0m [organ-channel][6e8e4b95] Entry chaincode: name:\"organcc\" \n","stream":"stderr","time":"2019-04-21T20:34:49.686209443Z"}
{"log":"\u001b[34m2019-04-21 20:34:49.708 UTC [endorser] callChaincode -\u003e INFO 08b\u001b[0m [organ-channel][6e8e4b95] Exit chaincode: name:\"organcc\"  (23ms)\n","stream":"stderr","time":"2019-04-21T20:34:49.708919061Z"}
{"log":"\u001b[34m2019-04-21 20:34:49.709 UTC [comm.grpc.server] 1 -\u003e INFO 08c\u001b[0m unary call completed grpc.service=protos.Endorser grpc.method=ProcessProposal grpc.peer_address=172.18.0.11:47184 grpc.code=OK grpc.call_duration=24.50012ms\n","stream":"stderr","time":"2019-04-21T20:34:49.709496183Z"}
{"log":"\u001b[34m2019-04-21 20:34:51.827 UTC [gossip.privdata] StoreBlock -\u003e INFO 08d\u001b[0m [organ-channel] Received block [7] from buffer\n","stream":"stderr","time":"2019-04-21T20:34:51.828198001Z"}
{"log":"\u001b[34m2019-04-21 20:34:51.856 UTC [committer.txvalidator] Validate -\u003e INFO 08e\u001b[0m [organ-channel] Validated block [7] in 27ms\n","stream":"stderr","time":"2019-04-21T20:34:51.856396518Z"}
{"log":"\u001b[34m2019-04-21 20:34:52.030 UTC [kvledger] CommitWithPvtData -\u003e INFO 08f\u001b[0m [organ-channel] Committed block [7] with 1 transaction(s) in 167ms (state_validation=17ms block_commit=97ms state_commit=35ms)\n","stream":"stderr","time":"2019-04-21T20:34:52.030651775Z"}
{"log":"\u001b[34m2019-04-21 20:35:00.479 UTC [endorser] callChaincode -\u003e INFO 090\u001b[0m [organ-channel][1ae351bc] Entry chaincode: name:\"organcc\" \n","stream":"stderr","time":"2019-04-21T20:35:00.480060786Z"}
{"log":"\u001b[34m2019-04-21 20:35:00.488 UTC [endorser] callChaincode -\u003e INFO 091\u001b[0m [organ-channel][1ae351bc] Exit chaincode: name:\"organcc\"  (9ms)\n","stream":"stderr","time":"2019-04-21T20:35:00.48909561Z"}
{"log":"\u001b[34m2019-04-21 20:35:00.489 UTC [comm.grpc.server] 1 -\u003e INFO 092\u001b[0m unary call completed grpc.service=protos.Endorser grpc.method=ProcessProposal grpc.peer_address=172.18.0.11:47218 grpc.code=OK grpc.call_duration=10.536011ms\n","stream":"stderr","time":"2019-04-21T20:35:00.527607345Z"}
{"log":"\u001b[34m2019-04-21 20:35:02.613 UTC [gossip.privdata] StoreBlock -\u003e INFO 093\u001b[0m [organ-channel] Received block [8] from buffer\n","stream":"stderr","time":"2019-04-21T20:35:02.613315937Z"}
{"log":"\u001b[34m2019-04-21 20:35:02.616 UTC [committer.txvalidator] Validate -\u003e INFO 094\u001b[0m [organ-channel] Validated block [8] in 3ms\n","stream":"stderr","time":"2019-04-21T20:35:02.61662636Z"}
{"log":"\u001b[34m2019-04-21 20:35:02.767 UTC [kvledger] CommitWithPvtData -\u003e INFO 095\u001b[0m [organ-channel] Committed block [8] with 1 transaction(s) in 151ms (state_validation=26ms block_commit=69ms state_commit=15ms)\n","stream":"stderr","time":"2019-04-21T20:35:02.767964158Z"}
{"log":"\u001b[34m2019-04-21 20:35:11.180 UTC [endorser] callChaincode -\u003e INFO 096\u001b[0m [organ-channel][190773cd] Entry chaincode: name:\"organcc\" \n","stream":"stderr","time":"2019-04-21T20:35:11.180801107Z"}
{"log":"\u001b[34m2019-04-21 20:35:11.192 UTC [endorser] callChaincode -\u003e INFO 097\u001b[0m [organ-channel][190773cd] Exit chaincode: name:\"organcc\"  (11ms)\n","stream":"stderr","time":"2019-04-21T20:35:11.19218688Z"}
{"log":"\u001b[34m2019-04-21 20:35:11.192 UTC [comm.grpc.server] 1 -\u003e INFO 098\u001b[0m unary call completed grpc.service=protos.Endorser grpc.method=ProcessProposal grpc.peer_address=172.18.0.11:47256 grpc.code=OK grpc.call_duration=12.713001ms\n","stream":"stderr","time":"2019-04-21T20:35:11.192708552Z"}
{"log":"\u001b[34m2019-04-21 20:35:13.256 UTC [gossip.privdata] StoreBlock -\u003e INFO 099\u001b[0m [organ-channel] Received block [9] from buffer\n","stream":"stderr","time":"2019-04-21T20:35:13.256960805Z"}
{"log":"\u001b[34m2019-04-21 20:35:13.272 UTC [committer.txvalidator] Validate -\u003e INFO 09a\u001b[0m [organ-channel] Validated block [9] in 15ms\n","stream":"stderr","time":"2019-04-21T20:35:13.272537178Z"}
{"log":"\u001b[34m2019-04-21 20:35:13.453 UTC [kvledger] CommitWithPvtData -\u003e INFO 09b\u001b[0m [organ-channel] Committed block [9] with 1 transaction(s) in 180ms (state_validation=91ms block_commit=61ms state_commit=18ms)\n","stream":"stderr","time":"2019-04-21T20:35:13.453383216Z"}
{"log":"\u001b[34m2019-04-21 20:35:21.814 UTC [endorser] callChaincode -\u003e INFO 09c\u001b[0m [organ-channel][353aca45] Entry chaincode: name:\"organcc\" \n","stream":"stderr","time":"2019-04-21T20:35:21.814989745Z"}
{"log":"\u001b[34m2019-04-21 20:35:21.825 UTC [endorser] callChaincode -\u003e INFO 09d\u001b[0m [organ-channel][353aca45] Exit chaincode: name:\"organcc\"  (11ms)\n","stream":"stderr","time":"2019-04-21T20:35:21.826019729Z"}
{"log":"\u001b[34m2019-04-21 20:35:21.826 UTC [comm.grpc.server] 1 -\u003e INFO 09e\u001b[0m unary call completed grpc.service=protos.Endorser grpc.method=ProcessProposal grpc.peer_address=172.18.0.11:47290 grpc.code=OK grpc.call_duration=12.671885ms\n","stream":"stderr","time":"2019-04-21T20:35:21.82646042Z"}
{"log":"\u001b[34m2019-04-21 20:35:23.915 UTC [gossip.privdata] StoreBlock -\u003e INFO 09f\u001b[0m [organ-channel] Received block [10] from buffer\n","stream":"stderr","time":"2019-04-21T20:35:23.91583412Z"}
{"log":"\u001b[34m2019-04-21 20:35:23.928 UTC [committer.txvalidator] Validate -\u003e INFO 0a0\u001b[0m [organ-channel] Validated block [10] in 12ms\n","stream":"stderr","time":"2019-04-21T20:35:23.928318567Z"}
{"log":"\u001b[34m2019-04-21 20:35:24.136 UTC [kvledger] CommitWithPvtData -\u003e INFO 0a1\u001b[0m [organ-channel] Committed block [10] with 1 transaction(s) in 207ms (state_validation=83ms block_commit=85ms state_commit=27ms)\n","stream":"stderr","time":"2019-04-21T20:35:24.136346455Z"}
{"log":"\u001b[34m2019-04-21 20:35:32.439 UTC [endorser] callChaincode -\u003e INFO 0a2\u001b[0m [organ-channel][e13b5f24] Entry chaincode: name:\"organcc\" \n","stream":"stderr","time":"2019-04-21T20:35:32.440071019Z"}
{"log":"\u001b[34m2019-04-21 20:35:32.456 UTC [endorser] callChaincode -\u003e INFO 0a3\u001b[0m [organ-channel][e13b5f24] Exit chaincode: name:\"organcc\"  (16ms)\n","stream":"stderr","time":"2019-04-21T20:35:32.456263457Z"}
{"log":"\u001b[34m2019-04-21 20:35:32.456 UTC [comm.grpc.server] 1 -\u003e INFO 0a4\u001b[0m unary call completed grpc.service=protos.Endorser grpc.method=ProcessProposal grpc.peer_address=172.18.0.11:47324 grpc.code=OK grpc.call_duration=17.838664ms\n","stream":"stderr","time":"2019-04-21T20:35:32.456941181Z"}
{"log":"\u001b[34m2019-04-21 20:35:34.552 UTC [gossip.privdata] StoreBlock -\u003e INFO 0a5\u001b[0m [organ-channel] Received block [11] from buffer\n","stream":"stderr","time":"2019-04-21T20:35:34.552154566Z"}
{"log":"\u001b[34m2019-04-21 20:35:34.560 UTC [committer.txvalidator] Validate -\u003e INFO 0a6\u001b[0m [organ-channel] Validated block [11] in 8ms\n","stream":"stderr","time":"2019-04-21T20:35:34.560354441Z"}
{"log":"\u001b[34m2019-04-21 20:35:34.717 UTC [kvledger] CommitWithPvtData -\u003e INFO 0a7\u001b[0m [organ-channel] Committed block [11] with 1 transaction(s) in 156ms (state_validation=60ms block_commit=61ms state_commit=9ms)\n","stream":"stderr","time":"2019-04-21T20:35:34.717730225Z"}
{"log":"\u001b[34m2019-04-21 20:35:43.075 UTC [endorser] callChaincode -\u003e INFO 0a8\u001b[0m [organ-channel][e408018b] Entry chaincode: name:\"organcc\" \n","stream":"stderr","time":"2019-04-21T20:35:43.075732767Z"}
{"log":"\u001b[34m2019-04-21 20:35:43.086 UTC [endorser] callChaincode -\u003e INFO 0a9\u001b[0m [organ-channel][e408018b] Exit chaincode: name:\"organcc\"  (11ms)\n","stream":"stderr","time":"2019-04-21T20:35:43.086498788Z"}
{"log":"\u001b[34m2019-04-21 20:35:43.086 UTC [comm.grpc.server] 1 -\u003e INFO 0aa\u001b[0m unary call completed grpc.service=protos.Endorser grpc.method=ProcessProposal grpc.peer_address=172.18.0.11:47358 grpc.code=OK grpc.call_duration=12.24707ms\n","stream":"stderr","time":"2019-04-21T20:35:43.08699259Z"}
{"log":"\u001b[34m2019-04-21 20:35:45.162 UTC [gossip.privdata] StoreBlock -\u003e INFO 0ab\u001b[0m [organ-channel] Received block [12] from buffer\n","stream":"stderr","time":"2019-04-21T20:35:45.162570991Z"}
{"log":"\u001b[34m2019-04-21 20:35:45.165 UTC [committer.txvalidator] Validate -\u003e INFO 0ac\u001b[0m [organ-channel] Validated block [12] in 3ms\n","stream":"stderr","time":"2019-04-21T20:35:45.166041827Z"}
{"log":"\u001b[34m2019-04-21 20:35:45.378 UTC [kvledger] CommitWithPvtData -\u003e INFO 0ad\u001b[0m [organ-channel] Committed block [12] with 1 transaction(s) in 211ms (state_validation=98ms block_commit=77ms state_commit=5ms)\n","stream":"stderr","time":"2019-04-21T20:35:45.378389606Z"}
{"log":"\u001b[34m2019-04-21 20:35:53.852 UTC [endorser] callChaincode -\u003e INFO 0ae\u001b[0m [organ-channel][ba432eaa] Entry chaincode: name:\"organcc\" \n","stream":"stderr","time":"2019-04-21T20:35:53.85305805Z"}
{"log":"\u001b[34m2019-04-21 20:35:53.885 UTC [endorser] callChaincode -\u003e INFO 0af\u001b[0m [organ-channel][ba432eaa] Exit chaincode: name:\"organcc\"  (32ms)\n","stream":"stderr","time":"2019-04-21T20:35:53.88544537Z"}
{"log":"\u001b[34m2019-04-21 20:35:53.886 UTC [comm.grpc.server] 1 -\u003e INFO 0b0\u001b[0m unary call completed grpc.service=protos.Endorser grpc.method=ProcessProposal grpc.peer_address=172.18.0.11:47392 grpc.code=OK grpc.call_duration=36.033657ms\n","stream":"stderr","time":"2019-04-21T20:35:53.88633302Z"}
{"log":"\u001b[34m2019-04-21 20:35:56.052 UTC [gossip.privdata] StoreBlock -\u003e INFO 0b1\u001b[0m [organ-channel] Received block [13] from buffer\n","stream":"stderr","time":"2019-04-21T20:35:56.052452062Z"}
{"log":"\u001b[34m2019-04-21 20:35:56.058 UTC [committer.txvalidator] Validate -\u003e INFO 0b2\u001b[0m [organ-channel] Validated block [13] in 5ms\n","stream":"stderr","time":"2019-04-21T20:35:56.058454229Z"}
{"log":"\u001b[34m2019-04-21 20:35:56.225 UTC [kvledger] CommitWithPvtData -\u003e INFO 0b3\u001b[0m [organ-channel] Committed block [13] with 1 transaction(s) in 166ms (state_validation=100ms block_commit=31ms state_commit=17ms)\n","stream":"stderr","time":"2019-04-21T20:35:56.22550641Z"}
{"log":"\u001b[34m2019-04-21 20:36:04.679 UTC [endorser] callChaincode -\u003e INFO 0b4\u001b[0m [organ-channel][e5f35edc] Entry chaincode: name:\"organcc\" \n","stream":"stderr","time":"2019-04-21T20:36:04.679598017Z"}
{"log":"\u001b[34m2019-04-21 20:36:04.697 UTC [endorser] callChaincode -\u003e INFO 0b5\u001b[0m [organ-channel][e5f35edc] Exit chaincode: name:\"organcc\"  (18ms)\n","stream":"stderr","time":"2019-04-21T20:36:04.697511329Z"}
{"log":"\u001b[34m2019-04-21 20:36:04.697 UTC [comm.grpc.server] 1 -\u003e INFO 0b6\u001b[0m unary call completed grpc.service=protos.Endorser grpc.method=ProcessProposal grpc.peer_address=172.18.0.11:47426 grpc.code=OK grpc.call_duration=19.259834ms\n","stream":"stderr","time":"2019-04-21T20:36:04.698058451Z"}
{"log":"\u001b[34m2019-04-21 20:36:06.785 UTC [gossip.privdata] StoreBlock -\u003e INFO 0b7\u001b[0m [organ-channel] Received block [14] from buffer\n","stream":"stderr","time":"2019-04-21T20:36:06.786232267Z"}
{"log":"\u001b[34m2019-04-21 20:36:06.789 UTC [committer.txvalidator] Validate -\u003e INFO 0b8\u001b[0m [organ-channel] Validated block [14] in 3ms\n","stream":"stderr","time":"2019-04-21T20:36:06.789881901Z"}
{"log":"\u001b[34m2019-04-21 20:36:06.981 UTC [kvledger] CommitWithPvtData -\u003e INFO 0b9\u001b[0m [organ-channel] Committed block [14] with 1 transaction(s) in 191ms (state_validation=98ms block_commit=45ms state_commit=39ms)\n","stream":"stderr","time":"2019-04-21T20:36:06.981895345Z"}
{"log":"\u001b[34m2019-04-21 20:36:15.321 UTC [endorser] callChaincode -\u003e INFO 0ba\u001b[0m [organ-channel][dee1c989] Entry chaincode: name:\"organcc\" \n","stream":"stderr","time":"2019-04-21T20:36:15.321424088Z"}
{"log":"\u001b[34m2019-04-21 20:36:15.346 UTC [endorser] callChaincode -\u003e INFO 0bb\u001b[0m [organ-channel][dee1c989] Exit chaincode: name:\"organcc\"  (25ms)\n","stream":"stderr","time":"2019-04-21T20:36:15.346208346Z"}
{"log":"\u001b[34m2019-04-21 20:36:15.346 UTC [comm.grpc.server] 1 -\u003e INFO 0bc\u001b[0m unary call completed grpc.service=protos.Endorser grpc.method=ProcessProposal grpc.peer_address=172.18.0.11:47460 grpc.code=OK grpc.call_duration=26.168757ms\n","stream":"stderr","time":"2019-04-21T20:36:15.34675598Z"}
{"log":"\u001b[34m2019-04-21 20:36:17.451 UTC [gossip.privdata] StoreBlock -\u003e INFO 0bd\u001b[0m [organ-channel] Received block [15] from buffer\n","stream":"stderr","time":"2019-04-21T20:36:17.451912626Z"}
{"log":"\u001b[34m2019-04-21 20:36:17.456 UTC [committer.txvalidator] Validate -\u003e INFO 0be\u001b[0m [organ-channel] Validated block [15] in 4ms\n","stream":"stderr","time":"2019-04-21T20:36:17.456213745Z"}
{"log":"\u001b[34m2019-04-21 20:36:17.693 UTC [kvledger] CommitWithPvtData -\u003e INFO 0bf\u001b[0m [organ-channel] Committed block [15] with 1 transaction(s) in 236ms (state_validation=134ms block_commit=58ms state_commit=8ms)\n","stream":"stderr","time":"2019-04-21T20:36:17.693481169Z"}
{"log":"\u001b[34m2019-04-21 20:36:26.060 UTC [endorser] callChaincode -\u003e INFO 0c0\u001b[0m [organ-channel][1964ae9d] Entry chaincode: name:\"organcc\" \n","stream":"stderr","time":"2019-04-21T20:36:26.06110141Z"}
{"log":"\u001b[34m2019-04-21 20:36:26.085 UTC [endorser] callChaincode -\u003e INFO 0c1\u001b[0m [organ-channel][1964ae9d] Exit chaincode: name:\"organcc\"  (25ms)\n","stream":"stderr","time":"2019-04-21T20:36:26.086028487Z"}
{"log":"\u001b[34m2019-04-21 20:36:26.086 UTC [comm.grpc.server] 1 -\u003e INFO 0c2\u001b[0m unary call completed grpc.service=protos.Endorser grpc.method=ProcessProposal grpc.peer_address=172.18.0.11:47494 grpc.code=OK grpc.call_duration=26.719325ms\n","stream":"stderr","time":"2019-04-21T20:36:26.086575134Z"}
{"log":"\u001b[34m2019-04-21 20:36:28.217 UTC [gossip.privdata] StoreBlock -\u003e INFO 0c3\u001b[0m [organ-channel] Received block [16] from buffer\n","stream":"stderr","time":"2019-04-21T20:36:28.217889554Z"}
{"log":"\u001b[34m2019-04-21 20:36:28.221 UTC [committer.txvalidator] Validate -\u003e INFO 0c4\u001b[0m [organ-channel] Validated block [16] in 4ms\n","stream":"stderr","time":"2019-04-21T20:36:28.222075849Z"}
{"log":"\u001b[34m2019-04-21 20:36:28.395 UTC [kvledger] CommitWithPvtData -\u003e INFO 0c5\u001b[0m [organ-channel] Committed block [16] with 1 transaction(s) in 172ms (state_validation=126ms block_commit=28ms state_commit=10ms)\n","stream":"stderr","time":"2019-04-21T20:36:28.395511258Z"}
{"log":"\u001b[34m2019-04-21 20:36:36.750 UTC [endorser] callChaincode -\u003e INFO 0c6\u001b[0m [organ-channel][035015ac] Entry chaincode: name:\"organcc\" \n","stream":"stderr","time":"2019-04-21T20:36:36.751041237Z"}
{"log":"\u001b[34m2019-04-21 20:36:36.768 UTC [endorser] callChaincode -\u003e INFO 0c7\u001b[0m [organ-channel][035015ac] Exit chaincode: name:\"organcc\"  (18ms)\n","stream":"stderr","time":"2019-04-21T20:36:36.769157269Z"}
{"log":"\u001b[34m2019-04-21 20:36:36.769 UTC [comm.grpc.server] 1 -\u003e INFO 0c8\u001b[0m unary call completed grpc.service=protos.Endorser grpc.method=ProcessProposal grpc.peer_address=172.18.0.11:47530 grpc.code=OK grpc.call_duration=19.914785ms\n","stream":"stderr","time":"2019-04-21T20:36:36.769929548Z"}
{"log":"\u001b[34m2019-04-21 20:36:38.874 UTC [gossip.privdata] StoreBlock -\u003e INFO 0c9\u001b[0m [organ-channel] Received block [17] from buffer\n","stream":"stderr","time":"2019-04-21T20:36:38.874191911Z"}
{"log":"\u001b[34m2019-04-21 20:36:38.878 UTC [committer.txvalidator] Validate -\u003e INFO 0ca\u001b[0m [organ-channel] Validated block [17] in 4ms\n","stream":"stderr","time":"2019-04-21T20:36:38.878734827Z"}
{"log":"\u001b[34m2019-04-21 20:36:39.123 UTC [kvledger] CommitWithPvtData -\u003e INFO 0cb\u001b[0m [organ-channel] Committed block [17] with 1 transaction(s) in 245ms (state_validation=138ms block_commit=61ms state_commit=26ms)\n","stream":"stderr","time":"2019-04-21T20:36:39.124147112Z"}
{"log":"\u001b[34m2019-04-21 20:36:47.500 UTC [endorser] callChaincode -\u003e INFO 0cc\u001b[0m [organ-channel][92971911] Entry chaincode: name:\"organcc\" \n","stream":"stderr","time":"2019-04-21T20:36:47.500193071Z"}
{"log":"\u001b[34m2019-04-21 20:36:47.535 UTC [endorser] callChaincode -\u003e INFO 0cd\u001b[0m [organ-channel][92971911] Exit chaincode: name:\"organcc\"  (35ms)\n","stream":"stderr","time":"2019-04-21T20:36:47.536925007Z"}
{"log":"\u001b[34m2019-04-21 20:36:47.536 UTC [comm.grpc.server] 1 -\u003e INFO 0ce\u001b[0m unary call completed grpc.service=protos.Endorser grpc.method=ProcessProposal grpc.peer_address=172.18.0.11:47564 grpc.code=OK grpc.call_duration=37.379406ms\n","stream":"stderr","time":"2019-04-21T20:36:47.536947524Z"}
{"log":"\u001b[34m2019-04-21 20:36:49.691 UTC [gossip.privdata] StoreBlock -\u003e INFO 0cf\u001b[0m [organ-channel] Received block [18] from buffer\n","stream":"stderr","time":"2019-04-21T20:36:49.692323623Z"}
{"log":"\u001b[34m2019-04-21 20:36:49.695 UTC [committer.txvalidator] Validate -\u003e INFO 0d0\u001b[0m [organ-channel] Validated block [18] in 3ms\n","stream":"stderr","time":"2019-04-21T20:36:49.696759025Z"}
{"log":"\u001b[34m2019-04-21 20:36:49.881 UTC [kvledger] CommitWithPvtData -\u003e INFO 0d1\u001b[0m [organ-channel] Committed block [18] with 1 transaction(s) in 185ms (state_validation=159ms block_commit=7ms state_commit=10ms)\n","stream":"stderr","time":"2019-04-21T20:36:49.8816257Z"}
{"log":"\u001b[34m2019-04-21 20:36:58.235 UTC [endorser] callChaincode -\u003e INFO 0d2\u001b[0m [organ-channel][c78198db] Entry chaincode: name:\"organcc\" \n","stream":"stderr","time":"2019-04-21T20:36:58.236241076Z"}
{"log":"\u001b[34m2019-04-21 20:36:58.264 UTC [endorser] callChaincode -\u003e INFO 0d3\u001b[0m [organ-channel][c78198db] Exit chaincode: name:\"organcc\"  (30ms)\n","stream":"stderr","time":"2019-04-21T20:36:58.265057673Z"}
{"log":"\u001b[34m2019-04-21 20:36:58.265 UTC [comm.grpc.server] 1 -\u003e INFO 0d4\u001b[0m unary call completed grpc.service=protos.Endorser grpc.method=ProcessProposal grpc.peer_address=172.18.0.11:47598 grpc.code=OK grpc.call_duration=31.459391ms\n","stream":"stderr","time":"2019-04-21T20:36:58.265891269Z"}
{"log":"\u001b[34m2019-04-21 20:37:00.392 UTC [gossip.privdata] StoreBlock -\u003e INFO 0d5\u001b[0m [organ-channel] Received block [19] from buffer\n","stream":"stderr","time":"2019-04-21T20:37:00.39247295Z"}
{"log":"\u001b[34m2019-04-21 20:37:00.404 UTC [committer.txvalidator] Validate -\u003e INFO 0d6\u001b[0m [organ-channel] Validated block [19] in 12ms\n","stream":"stderr","time":"2019-04-21T20:37:00.405088938Z"}
{"log":"\u001b[34m2019-04-21 20:37:00.726 UTC [kvledger] CommitWithPvtData -\u003e INFO 0d7\u001b[0m [organ-channel] Committed block [19] with 1 transaction(s) in 321ms (state_validation=222ms block_commit=70ms state_commit=9ms)\n","stream":"stderr","time":"2019-04-21T20:37:00.726911058Z"}
{"log":"\u001b[34m2019-04-21 20:37:08.978 UTC [endorser] callChaincode -\u003e INFO 0d8\u001b[0m [organ-channel][d826394c] Entry chaincode: name:\"organcc\" \n","stream":"stderr","time":"2019-04-21T20:37:08.97912549Z"}
{"log":"\u001b[34m2019-04-21 20:37:09.001 UTC [endorser] callChaincode -\u003e INFO 0d9\u001b[0m [organ-channel][d826394c] Exit chaincode: name:\"organcc\"  (22ms)\n","stream":"stderr","time":"2019-04-21T20:37:09.002401452Z"}
{"log":"\u001b[34m2019-04-21 20:37:09.001 UTC [comm.grpc.server] 1 -\u003e INFO 0da\u001b[0m unary call completed grpc.service=protos.Endorser grpc.method=ProcessProposal grpc.peer_address=172.18.0.11:47632 grpc.code=OK grpc.call_duration=23.867612ms\n","stream":"stderr","time":"2019-04-21T20:37:09.002425766Z"}
{"log":"\u001b[34m2019-04-21 20:37:11.119 UTC [gossip.privdata] StoreBlock -\u003e INFO 0db\u001b[0m [organ-channel] Received block [20] from buffer\n","stream":"stderr","time":"2019-04-21T20:37:11.11977773Z"}
{"log":"\u001b[34m2019-04-21 20:37:11.122 UTC [committer.txvalidator] Validate -\u003e INFO 0dc\u001b[0m [organ-channel] Validated block [20] in 3ms\n","stream":"stderr","time":"2019-04-21T20:37:11.123179483Z"}
{"log":"\u001b[34m2019-04-21 20:37:11.491 UTC [kvledger] CommitWithPvtData -\u003e INFO 0dd\u001b[0m [organ-channel] Committed block [20] with 1 transaction(s) in 368ms (state_validation=238ms block_commit=82ms state_commit=36ms)\n","stream":"stderr","time":"2019-04-21T20:37:11.49171674Z"}
{"log":"\u001b[34m2019-04-21 20:37:19.629 UTC [endorser] callChaincode -\u003e INFO 0de\u001b[0m [organ-channel][bbf85d03] Entry chaincode: name:\"organcc\" \n","stream":"stderr","time":"2019-04-21T20:37:19.629809227Z"}
{"log":"\u001b[34m2019-04-21 20:37:19.633 UTC [endorser] callChaincode -\u003e INFO 0df\u001b[0m [organ-channel][bbf85d03] Exit chaincode: name:\"organcc\"  (4ms)\n","stream":"stderr","time":"2019-04-21T20:37:19.634059585Z"}
{"log":"\u001b[34m2019-04-21 20:37:19.634 UTC [comm.grpc.server] 1 -\u003e INFO 0e0\u001b[0m unary call completed grpc.service=protos.Endorser grpc.method=ProcessProposal grpc.peer_address=172.18.0.11:47666 grpc.code=OK grpc.call_duration=5.465587ms\n","stream":"stderr","time":"2019-04-21T20:37:19.634505395Z"}
{"log":"\u001b[34m2019-04-21 20:37:21.683 UTC [gossip.privdata] StoreBlock -\u003e INFO 0e1\u001b[0m [organ-channel] Received block [21] from buffer\n","stream":"stderr","time":"2019-04-21T20:37:21.684160756Z"}
{"log":"\u001b[34m2019-04-21 20:37:21.686 UTC [committer.txvalidator] Validate -\u003e INFO 0e2\u001b[0m [organ-channel] Validated block [21] in 2ms\n","stream":"stderr","time":"2019-04-21T20:37:21.686920257Z"}
{"log":"\u001b[34m2019-04-21 20:37:21.792 UTC [kvledger] CommitWithPvtData -\u003e INFO 0e3\u001b[0m [organ-channel] Committed block [21] with 1 transaction(s) in 105ms (state_validation=0ms block_commit=69ms state_commit=9ms)\n","stream":"stderr","time":"2019-04-21T20:37:21.792729617Z"}
{"log":"\u001b[34m2019-04-21 20:37:30.202 UTC [endorser] callChaincode -\u003e INFO 0e4\u001b[0m [organ-channel][1a55d2e8] Entry chaincode: name:\"organcc\" \n","stream":"stderr","time":"2019-04-21T20:37:30.202214816Z"}
{"log":"\u001b[34m2019-04-21 20:37:30.212 UTC [endorser] callChaincode -\u003e INFO 0e5\u001b[0m [organ-channel][1a55d2e8] Exit chaincode: name:\"organcc\"  (10ms)\n","stream":"stderr","time":"2019-04-21T20:37:30.212653549Z"}
{"log":"\u001b[34m2019-04-21 20:37:30.212 UTC [comm.grpc.server] 1 -\u003e INFO 0e6\u001b[0m unary call completed grpc.service=protos.Endorser grpc.method=ProcessProposal grpc.peer_address=172.18.0.11:47700 grpc.code=OK grpc.call_duration=11.796049ms\n","stream":"stderr","time":"2019-04-21T20:37:30.213019381Z"}
{"log":"\u001b[34m2019-04-21 20:37:32.264 UTC [gossip.privdata] StoreBlock -\u003e INFO 0e7\u001b[0m [organ-channel] Received block [22] from buffer\n","stream":"stderr","time":"2019-04-21T20:37:32.264627045Z"}
{"log":"\u001b[34m2019-04-21 20:37:32.267 UTC [committer.txvalidator] Validate -\u003e INFO 0e8\u001b[0m [organ-channel] Validated block [22] in 2ms\n","stream":"stderr","time":"2019-04-21T20:37:32.267297575Z"}
{"log":"\u001b[34m2019-04-21 20:37:32.398 UTC [kvledger] CommitWithPvtData -\u003e INFO 0e9\u001b[0m [organ-channel] Committed block [22] with 1 transaction(s) in 130ms (state_validation=0ms block_commit=71ms state_commit=51ms)\n","stream":"stderr","time":"2019-04-21T20:37:32.399333419Z"}
{"log":"\u001b[34m2019-04-21 20:37:40.747 UTC [endorser] callChaincode -\u003e INFO 0ea\u001b[0m [organ-channel][9fbc9c55] Entry chaincode: name:\"organcc\" \n","stream":"stderr","time":"2019-04-21T20:37:40.747973961Z"}
{"log":"\u001b[34m2019-04-21 20:37:40.750 UTC [endorser] callChaincode -\u003e INFO 0eb\u001b[0m [organ-channel][9fbc9c55] Exit chaincode: name:\"organcc\"  (3ms)\n","stream":"stderr","time":"2019-04-21T20:37:40.750762884Z"}
{"log":"\u001b[34m2019-04-21 20:37:40.750 UTC [comm.grpc.server] 1 -\u003e INFO 0ec\u001b[0m unary call completed grpc.service=protos.Endorser grpc.method=ProcessProposal grpc.peer_address=172.18.0.11:47734 grpc.code=OK grpc.call_duration=3.957411ms\n","stream":"stderr","time":"2019-04-21T20:37:40.751133109Z"}
{"log":"\u001b[34m2019-04-21 20:37:42.792 UTC [gossip.privdata] StoreBlock -\u003e INFO 0ed\u001b[0m [organ-channel] Received block [23] from buffer\n","stream":"stderr","time":"2019-04-21T20:37:42.793198085Z"}
{"log":"\u001b[34m2019-04-21 20:37:42.798 UTC [committer.txvalidator] Validate -\u003e INFO 0ee\u001b[0m [organ-channel] Validated block [23] in 5ms\n","stream":"stderr","time":"2019-04-21T20:37:42.798411346Z"}
{"log":"\u001b[34m2019-04-21 20:37:42.883 UTC [kvledger] CommitWithPvtData -\u003e INFO 0ef\u001b[0m [organ-channel] Committed block [23] with 1 transaction(s) in 85ms (state_validation=1ms block_commit=72ms state_commit=8ms)\n","stream":"stderr","time":"2019-04-21T20:37:42.883702962Z"}
{"log":"\u001b[34m2019-04-21 20:37:51.318 UTC [endorser] callChaincode -\u003e INFO 0f0\u001b[0m [organ-channel][4975a7b2] Entry chaincode: name:\"organcc\" \n","stream":"stderr","time":"2019-04-21T20:37:51.31873631Z"}
{"log":"\u001b[34m2019-04-21 20:37:51.322 UTC [endorser] callChaincode -\u003e INFO 0f1\u001b[0m [organ-channel][4975a7b2] Exit chaincode: name:\"organcc\"  (3ms)\n","stream":"stderr","time":"2019-04-21T20:37:51.322184896Z"}
{"log":"\u001b[34m2019-04-21 20:37:51.322 UTC [comm.grpc.server] 1 -\u003e INFO 0f2\u001b[0m unary call completed grpc.service=protos.Endorser grpc.method=ProcessProposal grpc.peer_address=172.18.0.11:47768 grpc.code=OK grpc.call_duration=4.438127ms\n","stream":"stderr","time":"2019-04-21T20:37:51.322525929Z"}
{"log":"\u001b[34m2019-04-21 20:37:53.367 UTC [gossip.privdata] StoreBlock -\u003e INFO 0f3\u001b[0m [organ-channel] Received block [24] from buffer\n","stream":"stderr","time":"2019-04-21T20:37:53.36784587Z"}
{"log":"\u001b[34m2019-04-21 20:37:53.370 UTC [committer.txvalidator] Validate -\u003e INFO 0f4\u001b[0m [organ-channel] Validated block [24] in 2ms\n","stream":"stderr","time":"2019-04-21T20:37:53.370341621Z"}
{"log":"\u001b[34m2019-04-21 20:37:53.489 UTC [kvledger] CommitWithPvtData -\u003e INFO 0f5\u001b[0m [organ-channel] Committed block [24] with 1 transaction(s) in 118ms (state_validation=0ms block_commit=76ms state_commit=7ms)\n","stream":"stderr","time":"2019-04-21T20:37:53.48929557Z"}
{"log":"\u001b[34m2019-04-21 20:38:01.933 UTC [endorser] callChaincode -\u003e INFO 0f6\u001b[0m [organ-channel][dbe7d0aa] Entry chaincode: name:\"organcc\" \n","stream":"stderr","time":"2019-04-21T20:38:01.933886737Z"}
{"log":"\u001b[34m2019-04-21 20:38:01.937 UTC [endorser] callChaincode -\u003e INFO 0f7\u001b[0m [organ-channel][dbe7d0aa] Exit chaincode: name:\"organcc\"  (4ms)\n","stream":"stderr","time":"2019-04-21T20:38:01.937655456Z"}
{"log":"\u001b[34m2019-04-21 20:38:01.939 UTC [comm.grpc.server] 1 -\u003e INFO 0f8\u001b[0m unary call completed grpc.service=protos.Endorser grpc.method=ProcessProposal grpc.peer_address=172.18.0.11:47802 grpc.code=OK grpc.call_duration=6.791651ms\n","stream":"stderr","time":"2019-04-21T20:38:01.939722402Z"}
{"log":"\u001b[34m2019-04-21 20:38:03.990 UTC [gossip.privdata] StoreBlock -\u003e INFO 0f9\u001b[0m [organ-channel] Received block [25] from buffer\n","stream":"stderr","time":"2019-04-21T20:38:03.990595791Z"}
{"log":"\u001b[34m2019-04-21 20:38:03.992 UTC [committer.txvalidator] Validate -\u003e INFO 0fa\u001b[0m [organ-channel] Validated block [25] in 2ms\n","stream":"stderr","time":"2019-04-21T20:38:03.993057853Z"}
{"log":"\u001b[34m2019-04-21 20:38:04.097 UTC [kvledger] CommitWithPvtData -\u003e INFO 0fb\u001b[0m [organ-channel] Committed block [25] with 1 transaction(s) in 104ms (state_validation=0ms block_commit=52ms state_commit=43ms)\n","stream":"stderr","time":"2019-04-21T20:38:04.097799126Z"}
{"log":"\u001b[34m2019-04-21 20:38:12.510 UTC [endorser] callChaincode -\u003e INFO 0fc\u001b[0m [organ-channel][46738000] Entry chaincode: name:\"organcc\" \n","stream":"stderr","time":"2019-04-21T20:38:12.510848728Z"}
{"log":"\u001b[34m2019-04-21 20:38:12.514 UTC [endorser] callChaincode -\u003e INFO 0fd\u001b[0m [organ-channel][46738000] Exit chaincode: name:\"organcc\"  (3ms)\n","stream":"stderr","time":"2019-04-21T20:38:12.514288747Z"}
{"log":"\u001b[34m2019-04-21 20:38:12.514 UTC [comm.grpc.server] 1 -\u003e INFO 0fe\u001b[0m unary call completed grpc.service=protos.Endorser grpc.method=ProcessProposal grpc.peer_address=172.18.0.11:47836 grpc.code=OK grpc.call_duration=4.878496ms\n","stream":"stderr","time":"2019-04-21T20:38:12.514670811Z"}
{"log":"\u001b[34m2019-04-21 20:38:14.574 UTC [gossip.privdata] StoreBlock -\u003e INFO 0ff\u001b[0m [organ-channel] Received block [26] from buffer\n","stream":"stderr","time":"2019-04-21T20:38:14.575045178Z"}
{"log":"\u001b[34m2019-04-21 20:38:14.577 UTC [committer.txvalidator] Validate -\u003e INFO 100\u001b[0m [organ-channel] Validated block [26] in 2ms\n","stream":"stderr","time":"2019-04-21T20:38:14.578024422Z"}
{"log":"\u001b[34m2019-04-21 20:38:14.710 UTC [kvledger] CommitWithPvtData -\u003e INFO 101\u001b[0m [organ-channel] Committed block [26] with 1 transaction(s) in 132ms (state_validation=0ms block_commit=71ms state_commit=46ms)\n","stream":"stderr","time":"2019-04-21T20:38:14.710576737Z"}
{"log":"\u001b[34m2019-04-21 20:38:23.035 UTC [endorser] callChaincode -\u003e INFO 102\u001b[0m [organ-channel][aae4d37a] Entry chaincode: name:\"organcc\" \n","stream":"stderr","time":"2019-04-21T20:38:23.036088763Z"}
{"log":"\u001b[34m2019-04-21 20:38:23.040 UTC [endorser] callChaincode -\u003e INFO 103\u001b[0m [organ-channel][aae4d37a] Exit chaincode: name:\"organcc\"  (5ms)\n","stream":"stderr","time":"2019-04-21T20:38:23.040626133Z"}
{"log":"\u001b[34m2019-04-21 20:38:23.040 UTC [comm.grpc.server] 1 -\u003e INFO 104\u001b[0m unary call completed grpc.service=protos.Endorser grpc.method=ProcessProposal grpc.peer_address=172.18.0.11:47870 grpc.code=OK grpc.call_duration=5.735036ms\n","stream":"stderr","time":"2019-04-21T20:38:23.041063134Z"}
{"log":"\u001b[34m2019-04-21 20:38:25.100 UTC [gossip.privdata] StoreBlock -\u003e INFO 105\u001b[0m [organ-channel] Received block [27] from buffer\n","stream":"stderr","time":"2019-04-21T20:38:25.101159217Z"}
{"log":"\u001b[34m2019-04-21 20:38:25.105 UTC [committer.txvalidator] Validate -\u003e INFO 106\u001b[0m [organ-channel] Validated block [27] in 4ms\n","stream":"stderr","time":"2019-04-21T20:38:25.105699384Z"}
{"log":"\u001b[34m2019-04-21 20:38:25.214 UTC [kvledger] CommitWithPvtData -\u003e INFO 107\u001b[0m [organ-channel] Committed block [27] with 1 transaction(s) in 108ms (state_validation=0ms block_commit=55ms state_commit=26ms)\n","stream":"stderr","time":"2019-04-21T20:38:25.214897781Z"}
{"log":"\u001b[34m2019-04-21 20:38:33.602 UTC [endorser] callChaincode -\u003e INFO 108\u001b[0m [organ-channel][df0cf58a] Entry chaincode: name:\"organcc\" \n","stream":"stderr","time":"2019-04-21T20:38:33.603006269Z"}
{"log":"\u001b[34m2019-04-21 20:38:33.605 UTC [endorser] callChaincode -\u003e INFO 109\u001b[0m [organ-channel][df0cf58a] Exit chaincode: name:\"organcc\"  (3ms)\n","stream":"stderr","time":"2019-04-21T20:38:33.605863935Z"}
{"log":"\u001b[34m2019-04-21 20:38:33.606 UTC [comm.grpc.server] 1 -\u003e INFO 10a\u001b[0m unary call completed grpc.service=protos.Endorser grpc.method=ProcessProposal grpc.peer_address=172.18.0.11:47904 grpc.code=OK grpc.call_duration=3.822694ms\n","stream":"stderr","time":"2019-04-21T20:38:33.606186915Z"}
{"log":"\u001b[34m2019-04-21 20:38:35.652 UTC [gossip.privdata] StoreBlock -\u003e INFO 10b\u001b[0m [organ-channel] Received block [28] from buffer\n","stream":"stderr","time":"2019-04-21T20:38:35.653221071Z"}
{"log":"\u001b[34m2019-04-21 20:38:35.669 UTC [committer.txvalidator] Validate -\u003e INFO 10c\u001b[0m [organ-channel] Validated block [28] in 16ms\n","stream":"stderr","time":"2019-04-21T20:38:35.670217806Z"}
{"log":"\u001b[34m2019-04-21 20:38:35.796 UTC [kvledger] CommitWithPvtData -\u003e INFO 10d\u001b[0m [organ-channel] Committed block [28] with 1 transaction(s) in 126ms (state_validation=0ms block_commit=108ms state_commit=7ms)\n","stream":"stderr","time":"2019-04-21T20:38:35.796426558Z"}
{"log":"\u001b[34m2019-04-21 20:38:44.108 UTC [endorser] callChaincode -\u003e INFO 10e\u001b[0m [organ-channel][f89a2473] Entry chaincode: name:\"organcc\" \n","stream":"stderr","time":"2019-04-21T20:38:44.109073573Z"}
{"log":"\u001b[34m2019-04-21 20:38:44.111 UTC [endorser] callChaincode -\u003e INFO 10f\u001b[0m [organ-channel][f89a2473] Exit chaincode: name:\"organcc\"  (3ms)\n","stream":"stderr","time":"2019-04-21T20:38:44.112402196Z"}
{"log":"\u001b[34m2019-04-21 20:38:44.111 UTC [comm.grpc.server] 1 -\u003e INFO 110\u001b[0m unary call completed grpc.service=protos.Endorser grpc.method=ProcessProposal grpc.peer_address=172.18.0.11:47938 grpc.code=OK grpc.call_duration=3.770166ms\n","stream":"stderr","time":"2019-04-21T20:38:44.112424281Z"}
{"log":"\u001b[34m2019-04-21 20:38:46.165 UTC [gossip.privdata] StoreBlock -\u003e INFO 111\u001b[0m [organ-channel] Received block [29] from buffer\n","stream":"stderr","time":"2019-04-21T20:38:46.165885605Z"}
{"log":"\u001b[34m2019-04-21 20:38:46.167 UTC [committer.txvalidator] Validate -\u003e INFO 112\u001b[0m [organ-channel] Validated block [29] in 1ms\n","stream":"stderr","time":"2019-04-21T20:38:46.167862067Z"}
{"log":"\u001b[34m2019-04-21 20:38:46.284 UTC [kvledger] CommitWithPvtData -\u003e INFO 113\u001b[0m [organ-channel] Committed block [29] with 1 transaction(s) in 116ms (state_validation=0ms block_commit=50ms state_commit=39ms)\n","stream":"stderr","time":"2019-04-21T20:38:46.285152681Z"}
{"log":"\u001b[34m2019-04-21 20:38:54.640 UTC [endorser] callChaincode -\u003e INFO 114\u001b[0m [organ-channel][89495e54] Entry chaincode: name:\"organcc\" \n","stream":"stderr","time":"2019-04-21T20:38:54.641149923Z"}
{"log":"\u001b[34m2019-04-21 20:38:54.643 UTC [endorser] callChaincode -\u003e INFO 115\u001b[0m [organ-channel][89495e54] Exit chaincode: name:\"organcc\"  (3ms)\n","stream":"stderr","time":"2019-04-21T20:38:54.644022772Z"}
{"log":"\u001b[34m2019-04-21 20:38:54.644 UTC [comm.grpc.server] 1 -\u003e INFO 116\u001b[0m unary call completed grpc.service=protos.Endorser grpc.method=ProcessProposal grpc.peer_address=172.18.0.11:47972 grpc.code=OK grpc.call_duration=3.902826ms\n","stream":"stderr","time":"2019-04-21T20:38:54.644514763Z"}
{"log":"\u001b[34m2019-04-21 20:38:56.686 UTC [gossip.privdata] StoreBlock -\u003e INFO 117\u001b[0m [organ-channel] Received block [30] from buffer\n","stream":"stderr","time":"2019-04-21T20:38:56.686906628Z"}
{"log":"\u001b[34m2019-04-21 20:38:56.689 UTC [committer.txvalidator] Validate -\u003e INFO 118\u001b[0m [organ-channel] Validated block [30] in 2ms\n","stream":"stderr","time":"2019-04-21T20:38:56.689695358Z"}
{"log":"\u001b[34m2019-04-21 20:38:56.797 UTC [kvledger] CommitWithPvtData -\u003e INFO 119\u001b[0m [organ-channel] Committed block [30] with 1 transaction(s) in 107ms (state_validation=0ms block_commit=89ms state_commit=8ms)\n","stream":"stderr","time":"2019-04-21T20:38:56.79729907Z"}
{"log":"\u001b[34m2019-04-21 20:39:05.145 UTC [endorser] callChaincode -\u003e INFO 11a\u001b[0m [organ-channel][06c7c153] Entry chaincode: name:\"organcc\" \n","stream":"stderr","time":"2019-04-21T20:39:05.145969104Z"}
{"log":"\u001b[34m2019-04-21 20:39:05.148 UTC [endorser] callChaincode -\u003e INFO 11b\u001b[0m [organ-channel][06c7c153] Exit chaincode: name:\"organcc\"  (3ms)\n","stream":"stderr","time":"2019-04-21T20:39:05.14896493Z"}
{"log":"\u001b[34m2019-04-21 20:39:05.149 UTC [comm.grpc.server] 1 -\u003e INFO 11c\u001b[0m unary call completed grpc.service=protos.Endorser grpc.method=ProcessProposal grpc.peer_address=172.18.0.11:48006 grpc.code=OK grpc.call_duration=4.630579ms\n","stream":"stderr","time":"2019-04-21T20:39:05.149690698Z"}
{"log":"\u001b[34m2019-04-21 20:39:07.188 UTC [gossip.privdata] StoreBlock -\u003e INFO 11d\u001b[0m [organ-channel] Received block [31] from buffer\n","stream":"stderr","time":"2019-04-21T20:39:07.18888937Z"}
{"log":"\u001b[34m2019-04-21 20:39:07.195 UTC [committer.txvalidator] Validate -\u003e INFO 11e\u001b[0m [organ-channel] Validated block [31] in 7ms\n","stream":"stderr","time":"2019-04-21T20:39:07.196014254Z"}
{"log":"\u001b[34m2019-04-21 20:39:07.317 UTC [kvledger] CommitWithPvtData -\u003e INFO 11f\u001b[0m [organ-channel] Committed block [31] with 1 transaction(s) in 121ms (state_validation=0ms block_commit=84ms state_commit=19ms)\n","stream":"stderr","time":"2019-04-21T20:39:07.317673987Z"}
{"log":"\u001b[34m2019-04-21 20:39:15.659 UTC [endorser] callChaincode -\u003e INFO 120\u001b[0m [organ-channel][2a4a5a66] Entry chaincode: name:\"organcc\" \n","stream":"stderr","time":"2019-04-21T20:39:15.659770512Z"}
{"log":"\u001b[34m2019-04-21 20:39:15.662 UTC [endorser] callChaincode -\u003e INFO 121\u001b[0m [organ-channel][2a4a5a66] Exit chaincode: name:\"organcc\"  (3ms)\n","stream":"stderr","time":"2019-04-21T20:39:15.662532106Z"}
{"log":"\u001b[34m2019-04-21 20:39:15.662 UTC [comm.grpc.server] 1 -\u003e INFO 122\u001b[0m unary call completed grpc.service=protos.Endorser grpc.method=ProcessProposal grpc.peer_address=172.18.0.11:48040 grpc.code=OK grpc.call_duration=3.895315ms\n","stream":"stderr","time":"2019-04-21T20:39:15.663009518Z"}
{"log":"\u001b[34m2019-04-21 20:39:17.708 UTC [gossip.privdata] StoreBlock -\u003e INFO 123\u001b[0m [organ-channel] Received block [32] from buffer\n","stream":"stderr","time":"2019-04-21T20:39:17.708290662Z"}
{"log":"\u001b[34m2019-04-21 20:39:17.710 UTC [committer.txvalidator] Validate -\u003e INFO 124\u001b[0m [organ-channel] Validated block [32] in 2ms\n","stream":"stderr","time":"2019-04-21T20:39:17.71096612Z"}
{"log":"\u001b[34m2019-04-21 20:39:17.808 UTC [kvledger] CommitWithPvtData -\u003e INFO 125\u001b[0m [organ-channel] Committed block [32] with 1 transaction(s) in 97ms (state_validation=0ms block_commit=60ms state_commit=9ms)\n","stream":"stderr","time":"2019-04-21T20:39:17.809253386Z"}
{"log":"\u001b[34m2019-04-21 20:39:26.200 UTC [endorser] callChaincode -\u003e INFO 126\u001b[0m [organ-channel][d953f133] Entry chaincode: name:\"organcc\" \n","stream":"stderr","time":"2019-04-21T20:39:26.20075026Z"}
{"log":"\u001b[34m2019-04-21 20:39:26.204 UTC [endorser] callChaincode -\u003e INFO 127\u001b[0m [organ-channel][d953f133] Exit chaincode: name:\"organcc\"  (4ms)\n","stream":"stderr","time":"2019-04-21T20:39:26.205036753Z"}
{"log":"\u001b[34m2019-04-21 20:39:26.205 UTC [comm.grpc.server] 1 -\u003e INFO 128\u001b[0m unary call completed grpc.service=protos.Endorser grpc.method=ProcessProposal grpc.peer_address=172.18.0.11:48074 grpc.code=OK grpc.call_duration=5.750865ms\n","stream":"stderr","time":"2019-04-21T20:39:26.205665444Z"}
{"log":"\u001b[34m2019-04-21 20:39:28.252 UTC [gossip.privdata] StoreBlock -\u003e INFO 129\u001b[0m [organ-channel] Received block [33] from buffer\n","stream":"stderr","time":"2019-04-21T20:39:28.252160197Z"}
{"log":"\u001b[34m2019-04-21 20:39:28.255 UTC [committer.txvalidator] Validate -\u003e INFO 12a\u001b[0m [organ-channel] Validated block [33] in 3ms\n","stream":"stderr","time":"2019-04-21T20:39:28.255695698Z"}
{"log":"\u001b[34m2019-04-21 20:39:28.377 UTC [kvledger] CommitWithPvtData -\u003e INFO 12b\u001b[0m [organ-channel] Committed block [33] with 1 transaction(s) in 122ms (state_validation=0ms block_commit=103ms state_commit=9ms)\n","stream":"stderr","time":"2019-04-21T20:39:28.378035469Z"}
{"log":"\u001b[34m2019-04-21 20:39:36.711 UTC [endorser] callChaincode -\u003e INFO 12c\u001b[0m [organ-channel][e36f2e87] Entry chaincode: name:\"organcc\" \n","stream":"stderr","time":"2019-04-21T20:39:36.711901544Z"}
{"log":"\u001b[34m2019-04-21 20:39:36.714 UTC [endorser] callChaincode -\u003e INFO 12d\u001b[0m [organ-channel][e36f2e87] Exit chaincode: name:\"organcc\"  (3ms)\n","stream":"stderr","time":"2019-04-21T20:39:36.714542451Z"}
{"log":"\u001b[34m2019-04-21 20:39:36.714 UTC [comm.grpc.server] 1 -\u003e INFO 12e\u001b[0m unary call completed grpc.service=protos.Endorser grpc.method=ProcessProposal grpc.peer_address=172.18.0.11:48108 grpc.code=OK grpc.call_duration=4.126782ms\n","stream":"stderr","time":"2019-04-21T20:39:36.715357261Z"}
{"log":"\u001b[34m2019-04-21 20:39:38.763 UTC [gossip.privdata] StoreBlock -\u003e INFO 12f\u001b[0m [organ-channel] Received block [34] from buffer\n","stream":"stderr","time":"2019-04-21T20:39:38.763267846Z"}
{"log":"\u001b[34m2019-04-21 20:39:38.766 UTC [committer.txvalidator] Validate -\u003e INFO 130\u001b[0m [organ-channel] Validated block [34] in 3ms\n","stream":"stderr","time":"2019-04-21T20:39:38.766501369Z"}
{"log":"\u001b[34m2019-04-21 20:39:38.873 UTC [kvledger] CommitWithPvtData -\u003e INFO 131\u001b[0m [organ-channel] Committed block [34] with 1 transaction(s) in 107ms (state_validation=0ms block_commit=68ms state_commit=28ms)\n","stream":"stderr","time":"2019-04-21T20:39:38.873903314Z"}
{"log":"\u001b[34m2019-04-21 20:39:47.235 UTC [endorser] callChaincode -\u003e INFO 132\u001b[0m [organ-channel][278cc451] Entry chaincode: name:\"organcc\" \n","stream":"stderr","time":"2019-04-21T20:39:47.235932216Z"}
{"log":"\u001b[34m2019-04-21 20:39:47.243 UTC [endorser] callChaincode -\u003e INFO 133\u001b[0m [organ-channel][278cc451] Exit chaincode: name:\"organcc\"  (8ms)\n","stream":"stderr","time":"2019-04-21T20:39:47.243455345Z"}
{"log":"\u001b[34m2019-04-21 20:39:47.243 UTC [comm.grpc.server] 1 -\u003e INFO 134\u001b[0m unary call completed grpc.service=protos.Endorser grpc.method=ProcessProposal grpc.peer_address=172.18.0.11:48142 grpc.code=OK grpc.call_duration=8.653168ms\n","stream":"stderr","time":"2019-04-21T20:39:47.243907358Z"}
{"log":"\u001b[34m2019-04-21 20:39:49.298 UTC [gossip.privdata] StoreBlock -\u003e INFO 135\u001b[0m [organ-channel] Received block [35] from buffer\n","stream":"stderr","time":"2019-04-21T20:39:49.298518083Z"}
{"log":"\u001b[34m2019-04-21 20:39:49.300 UTC [committer.txvalidator] Validate -\u003e INFO 136\u001b[0m [organ-channel] Validated block [35] in 2ms\n","stream":"stderr","time":"2019-04-21T20:39:49.300784891Z"}
{"log":"\u001b[34m2019-04-21 20:39:49.416 UTC [kvledger] CommitWithPvtData -\u003e INFO 137\u001b[0m [organ-channel] Committed block [35] with 1 transaction(s) in 111ms (state_validation=0ms block_commit=68ms state_commit=2ms)\n","stream":"stderr","time":"2019-04-21T20:39:49.416803534Z"}
