{"log":"\u001b[34m2019-04-21 20:31:34.992 UTC [nodeCmd] serve -\u003e INFO 001\u001b[0m Starting peer:\n","stream":"stderr","time":"2019-04-21T20:31:34.992813608Z"}
{"log":" Version: 1.4.1\n","stream":"stderr","time":"2019-04-21T20:31:34.992875557Z"}
{"log":" Commit SHA: 87074a7\n","stream":"stderr","time":"2019-04-21T20:31:34.992879897Z"}
{"log":" Go version: go1.11.5\n","stream":"stderr","time":"2019-04-21T20:31:34.992882807Z"}
{"log":" OS/Arch: linux/amd64\n","stream":"stderr","time":"2019-04-21T20:31:34.992885503Z"}
{"log":" Chaincode:\n","stream":"stderr","time":"2019-04-21T20:31:34.992888167Z"}
{"log":"  Base Image Version: 0.4.15\n","stream":"stderr","time":"2019-04-21T20:31:34.992890798Z"}
{"log":"  Base Docker Namespace: hyperledger\n","stream":"stderr","time":"2019-04-21T20:31:34.992893437Z"}
{"log":"  Base Docker Label: org.hyperledger.fabric\n","stream":"stderr","time":"2019-04-21T20:31:34.992896047Z"}
{"log":"  Docker Namespace: hyperledger\n","stream":"stderr","time":"2019-04-21T20:31:34.992898736Z"}
{"log":"\u001b[34m2019-04-21 20:31:34.993 UTC [ledgermgmt] initialize -\u003e INFO 002\u001b[0m Initializing ledger mgmt\n","stream":"stderr","time":"2019-04-21T20:31:34.99441908Z"}
{"log":"\u001b[34m2019-04-21 20:31:34.993 UTC [kvledger] NewProvider -\u003e INFO 003\u001b[0m Initializing ledger provider\n","stream":"stderr","time":"2019-04-21T20:31:34.994445766Z"}
{"log":"\u001b[34m2019-04-21 20:31:35.072 UTC [kvledger] NewProvider -\u003e INFO 004\u001b[0m ledger provider Initialized\n","stream":"stderr","time":"2019-04-21T20:31:35.07295174Z"}
{"log":"\u001b[34m2019-04-21 20:31:35.128 UTC [ledgermgmt] initialize -\u003e INFO 005\u001b[0m ledger mgmt initialized\n","stream":"stderr","time":"2019-04-21T20:31:35.128921212Z"}
{"log":"\u001b[34m2019-04-21 20:31:35.128 UTC [peer] func1 -\u003e INFO 006\u001b[0m Auto-detected peer address: 172.18.0.9:7051\n","stream":"stderr","time":"2019-04-21T20:31:35.128955938Z"}
{"log":"\u001b[34m2019-04-21 20:31:35.129 UTC [peer] func1 -\u003e INFO 007\u001b[0m Returning peer1.histocompatibility.organ.com:7051\n","stream":"stderr","time":"2019-04-21T20:31:35.129307797Z"}
{"log":"\u001b[34m2019-04-21 20:31:35.129 UTC [peer] func1 -\u003e INFO 008\u001b[0m Auto-detected peer address: 172.18.0.9:7051\n","stream":"stderr","time":"2019-04-21T20:31:35.129317856Z"}
{"log":"\u001b[34m2019-04-21 20:31:35.129 UTC [peer] func1 -\u003e INFO 009\u001b[0m Returning peer1.histocompatibility.organ.com:7051\n","stream":"stderr","time":"2019-04-21T20:31:35.129898047Z"}
{"log":"\u001b[34m2019-04-21 20:31:35.130 UTC [nodeCmd] serve -\u003e INFO 00a\u001b[0m Starting peer with TLS enabled\n","stream":"stderr","time":"2019-04-21T20:31:35.131173012Z"}
{"log":"\u001b[34m2019-04-21 20:31:35.132 UTC [nodeCmd] computeChaincodeEndpoint -\u003e INFO 00b\u001b[0m Entering computeChaincodeEndpoint with peerHostname: peer1.histocompatibility.organ.com\n","stream":"stderr","time":"2019-04-21T20:31:35.132738614Z"}
{"log":"\u001b[34m2019-04-21 20:31:35.132 UTC [nodeCmd] computeChaincodeEndpoint -\u003e INFO 00c\u001b[0m Exit with ccEndpoint: peer1.histocompatibility.organ.com:7052\n","stream":"stderr","time":"2019-04-21T20:31:35.133065674Z"}
{"log":"\u001b[33m2019-04-21 20:31:35.133 UTC [nodeCmd] createChaincodeServer -\u003e WARN 00d\u001b[0m peer.chaincodeListenAddress is not set, using peer1.histocompatibility.organ.com:7052\n","stream":"stderr","time":"2019-04-21T20:31:35.133323188Z"}
{"log":"\u001b[34m2019-04-21 20:31:35.135 UTC [sccapi] registerSysCC -\u003e INFO 00e\u001b[0m system chaincode lscc(github.com/hyperledger/fabric/core/scc/lscc) registered\n","stream":"stderr","time":"2019-04-21T20:31:35.136133875Z"}
{"log":"\u001b[34m2019-04-21 20:31:35.136 UTC [sccapi] registerSysCC -\u003e INFO 00f\u001b[0m system chaincode cscc(github.com/hyperledger/fabric/core/scc/cscc) registered\n","stream":"stderr","time":"2019-04-21T20:31:35.13617793Z"}
{"log":"\u001b[34m2019-04-21 20:31:35.136 UTC [sccapi] registerSysCC -\u003e INFO 010\u001b[0m system chaincode qscc(github.com/hyperledger/fabric/core/scc/qscc) registered\n","stream":"stderr","time":"2019-04-21T20:31:35.136209445Z"}
{"log":"\u001b[34m2019-04-21 20:31:35.136 UTC [sccapi] registerSysCC -\u003e INFO 011\u001b[0m system chaincode (+lifecycle,github.com/hyperledger/fabric/core/chaincode/lifecycle,true) disabled\n","stream":"stderr","time":"2019-04-21T20:31:35.136353118Z"}
{"log":"\u001b[34m2019-04-21 20:31:35.140 UTC [gossip.service] func1 -\u003e INFO 012\u001b[0m Initialize gossip with endpoint peer1.histocompatibility.organ.com:7051 and bootstrap set [peer0.histocompatibility.organ.com:7051]\n","stream":"stderr","time":"2019-04-21T20:31:35.140404128Z"}
{"log":"\u001b[34m2019-04-21 20:31:35.145 UTC [gossip.gossip] NewGossipService -\u003e INFO 013\u001b[0m Creating gossip service with self membership of Endpoint: peer1.histocompatibility.organ.com:7051, InternalEndpoint: peer1.histocompatibility.organ.com:7051, PKI-ID: 30b50635dffad4f77a3eafc84ca5af5f92868a3253b163dd00b16ddbd452b930, Metadata: \n","stream":"stderr","time":"2019-04-21T20:31:35.145519752Z"}
{"log":"\u001b[34m2019-04-21 20:31:35.145 UTC [gossip.gossip] start -\u003e INFO 014\u001b[0m Gossip instance peer1.histocompatibility.organ.com:7051 started\n","stream":"stderr","time":"2019-04-21T20:31:35.146262933Z"}
{"log":"\u001b[34m2019-04-21 20:31:35.146 UTC [sccapi] deploySysCC -\u003e INFO 015\u001b[0m system chaincode lscc/(github.com/hyperledger/fabric/core/scc/lscc) deployed\n","stream":"stderr","time":"2019-04-21T20:31:35.147069703Z"}
{"log":"\u001b[34m2019-04-21 20:31:35.147 UTC [cscc] Init -\u003e INFO 016\u001b[0m Init CSCC\n","stream":"stderr","time":"2019-04-21T20:31:35.148911166Z"}
{"log":"\u001b[34m2019-04-21 20:31:35.147 UTC [sccapi] deploySysCC -\u003e INFO 017\u001b[0m system chaincode cscc/(github.com/hyperledger/fabric/core/scc/cscc) deployed\n","stream":"stderr","time":"2019-04-21T20:31:35.148951894Z"}
{"log":"\u001b[34m2019-04-21 20:31:35.148 UTC [qscc] Init -\u003e INFO 018\u001b[0m Init QSCC\n","stream":"stderr","time":"2019-04-21T20:31:35.149203411Z"}
{"log":"\u001b[34m2019-04-21 20:31:35.149 UTC [sccapi] deploySysCC -\u003e INFO 019\u001b[0m system chaincode qscc/(github.com/hyperledger/fabric/core/scc/qscc) deployed\n","stream":"stderr","time":"2019-04-21T20:31:35.14922946Z"}
{"log":"\u001b[34m2019-04-21 20:31:35.149 UTC [sccapi] deploySysCC -\u003e INFO 01a\u001b[0m system chaincode (+lifecycle,github.com/hyperledger/fabric/core/chaincode/lifecycle) disabled\n","stream":"stderr","time":"2019-04-21T20:31:35.149521012Z"}
{"log":"\u001b[34m2019-04-21 20:31:35.149 UTC [nodeCmd] serve -\u003e INFO 01b\u001b[0m Deployed system chaincodes\n","stream":"stderr","time":"2019-04-21T20:31:35.149533017Z"}
{"log":"\u001b[34m2019-04-21 20:31:35.150 UTC [discovery] NewService -\u003e INFO 01c\u001b[0m Created with config TLS: true, authCacheMaxSize: 1000, authCachePurgeRatio: 0.750000\n","stream":"stderr","time":"2019-04-21T20:31:35.150705325Z"}
{"log":"\u001b[34m2019-04-21 20:31:35.150 UTC [nodeCmd] registerDiscoveryService -\u003e INFO 01d\u001b[0m Discovery service activated\n","stream":"stderr","time":"2019-04-21T20:31:35.150753719Z"}
{"log":"\u001b[34m2019-04-21 20:31:35.150 UTC [nodeCmd] serve -\u003e INFO 01e\u001b[0m Starting peer with ID=[name:\"peer1.histocompatibility.organ.com\" ], network ID=[dev], address=[peer1.histocompatibility.organ.com:7051]\n","stream":"stderr","time":"2019-04-21T20:31:35.150966622Z"}
{"log":"\u001b[34m2019-04-21 20:31:35.151 UTC [nodeCmd] serve -\u003e INFO 01f\u001b[0m Started peer with ID=[name:\"peer1.histocompatibility.organ.com\" ], network ID=[dev], address=[peer1.histocompatibility.organ.com:7051]\n","stream":"stderr","time":"2019-04-21T20:31:35.151329513Z"}
{"log":"\u001b[34m2019-04-21 20:31:35.151 UTC [nodeCmd] func8 -\u003e INFO 020\u001b[0m Starting profiling server with listenAddress = 0.0.0.0:6060\n","stream":"stderr","time":"2019-04-21T20:31:35.151346263Z"}
{"log":"\u001b[34m2019-04-21 20:31:37.034 UTC [comm.grpc.server] 1 -\u003e INFO 021\u001b[0m unary call completed grpc.service=gossip.Gossip grpc.method=Ping grpc.request_deadline=2019-04-21T20:31:39.034Z grpc.peer_address=172.18.0.6:47438 grpc.peer_subject=\"CN=peer0.histocompatibility.organ.com,L=San Francisco,ST=California,C=US\" grpc.code=OK grpc.call_duration=90.797µs\n","stream":"stderr","time":"2019-04-21T20:31:37.035212699Z"}
{"log":"\u001b[34m2019-04-21 20:31:37.053 UTC [comm.grpc.server] 1 -\u003e INFO 022\u001b[0m streaming call completed grpc.service=gossip.Gossip grpc.method=GossipStream grpc.request_deadline=2019-04-21T20:31:47.036Z grpc.peer_address=172.18.0.6:47438 grpc.peer_subject=\"CN=peer0.histocompatibility.organ.com,L=San Francisco,ST=California,C=US\" error=\"rpc error: code = Canceled desc = context canceled\" grpc.code=Canceled grpc.call_duration=16.859461ms\n","stream":"stderr","time":"2019-04-21T20:31:37.053596066Z"}
{"log":"\u001b[34m2019-04-21 20:31:37.056 UTC [comm.grpc.server] 1 -\u003e INFO 023\u001b[0m unary call completed grpc.service=gossip.Gossip grpc.method=Ping grpc.request_deadline=2019-04-21T20:31:39.056Z grpc.peer_address=172.18.0.6:47442 grpc.peer_subject=\"CN=peer0.histocompatibility.organ.com,L=San Francisco,ST=California,C=US\" grpc.code=OK grpc.call_duration=88.885µs\n","stream":"stderr","time":"2019-04-21T20:31:37.056871333Z"}
{"log":"\u001b[34m2019-04-21 20:31:37.059 UTC [comm.grpc.server] 1 -\u003e INFO 024\u001b[0m streaming call completed grpc.service=gossip.Gossip grpc.method=GossipStream grpc.peer_address=172.18.0.6:47442 grpc.peer_subject=\"CN=peer0.histocompatibility.organ.com,L=San Francisco,ST=California,C=US\" error=\"rpc error: code = Canceled desc = context canceled\" grpc.code=Canceled grpc.call_duration=1.965708ms\n","stream":"stderr","time":"2019-04-21T20:31:37.060033278Z"}
{"log":"\u001b[34m2019-04-21 20:31:41.033 UTC [comm.grpc.server] 1 -\u003e INFO 025\u001b[0m unary call completed grpc.service=gossip.Gossip grpc.method=Ping grpc.request_deadline=2019-04-21T20:31:43.032Z grpc.peer_address=172.18.0.6:47458 grpc.peer_subject=\"CN=peer0.histocompatibility.organ.com,L=San Francisco,ST=California,C=US\" grpc.code=OK grpc.call_duration=211.416µs\n","stream":"stderr","time":"2019-04-21T20:31:41.033370947Z"}
{"log":"\u001b[34m2019-04-21 20:31:43.602 UTC [endorser] callChaincode -\u003e INFO 026\u001b[0m [][5d6783db] Entry chaincode: name:\"cscc\" \n","stream":"stderr","time":"2019-04-21T20:31:43.602680054Z"}
{"log":"\u001b[34m2019-04-21 20:31:43.603 UTC [ledgermgmt] CreateLedger -\u003e INFO 027\u001b[0m Creating ledger [organ-channel] with genesis block\n","stream":"stderr","time":"2019-04-21T20:31:43.603730354Z"}
{"log":"\u001b[34m2019-04-21 20:31:43.604 UTC [fsblkstorage] newBlockfileMgr -\u003e INFO 028\u001b[0m Getting block information from block storage\n","stream":"stderr","time":"2019-04-21T20:31:43.605156182Z"}
{"log":"\u001b[34m2019-04-21 20:31:43.653 UTC [kvledger] CommitWithPvtData -\u003e INFO 029\u001b[0m [organ-channel] Committed block [0] with 1 transaction(s) in 44ms (state_validation=1ms block_commit=25ms state_commit=8ms)\n","stream":"stderr","time":"2019-04-21T20:31:43.653496437Z"}
{"log":"\u001b[34m2019-04-21 20:31:43.661 UTC [ledgermgmt] CreateLedger -\u003e INFO 02a\u001b[0m Created ledger [organ-channel] with genesis block\n","stream":"stderr","time":"2019-04-21T20:31:43.661869552Z"}
{"log":"\u001b[34m2019-04-21 20:31:43.669 UTC [gossip.gossip] JoinChan -\u003e INFO 02b\u001b[0m Joining gossip network of channel organ-channel with 4 organizations\n","stream":"stderr","time":"2019-04-21T20:31:43.670246354Z"}
{"log":"\u001b[34m2019-04-21 20:31:43.670 UTC [gossip.gossip] learnAnchorPeers -\u003e INFO 02c\u001b[0m No configured anchor peers of GPMSP for channel organ-channel to learn about\n","stream":"stderr","time":"2019-04-21T20:31:43.670274265Z"}
{"log":"\u001b[34m2019-04-21 20:31:43.670 UTC [gossip.gossip] learnAnchorPeers -\u003e INFO 02d\u001b[0m No configured anchor peers of HospitalMSP for channel organ-channel to learn about\n","stream":"stderr","time":"2019-04-21T20:31:43.670281004Z"}
{"log":"\u001b[34m2019-04-21 20:31:43.670 UTC [gossip.gossip] learnAnchorPeers -\u003e INFO 02e\u001b[0m No configured anchor peers of HLMSP for channel organ-channel to learn about\n","stream":"stderr","time":"2019-04-21T20:31:43.670286355Z"}
{"log":"\u001b[34m2019-04-21 20:31:43.670 UTC [gossip.gossip] learnAnchorPeers -\u003e INFO 02f\u001b[0m No configured anchor peers of OPOMSP for channel organ-channel to learn about\n","stream":"stderr","time":"2019-04-21T20:31:43.670304174Z"}
{"log":"\u001b[34m2019-04-21 20:31:43.688 UTC [gossip.state] NewGossipStateProvider -\u003e INFO 030\u001b[0m Updating metadata information, current ledger sequence is at = 0, next expected block is = 1\n","stream":"stderr","time":"2019-04-21T20:31:43.688449983Z"}
{"log":"\u001b[34m2019-04-21 20:31:43.689 UTC [sccapi] deploySysCC -\u003e INFO 031\u001b[0m system chaincode lscc/organ-channel(github.com/hyperledger/fabric/core/scc/lscc) deployed\n","stream":"stderr","time":"2019-04-21T20:31:43.689866649Z"}
{"log":"\u001b[34m2019-04-21 20:31:43.689 UTC [cscc] Init -\u003e INFO 032\u001b[0m Init CSCC\n","stream":"stderr","time":"2019-04-21T20:31:43.689987862Z"}
{"log":"\u001b[34m2019-04-21 20:31:43.689 UTC [sccapi] deploySysCC -\u003e INFO 033\u001b[0m system chaincode cscc/organ-channel(github.com/hyperledger/fabric/core/scc/cscc) deployed\n","stream":"stderr","time":"2019-04-21T20:31:43.690005082Z"}
{"log":"\u001b[34m2019-04-21 20:31:43.690 UTC [qscc] Init -\u003e INFO 034\u001b[0m Init QSCC\n","stream":"stderr","time":"2019-04-21T20:31:43.690202932Z"}
{"log":"\u001b[34m2019-04-21 20:31:43.690 UTC [sccapi] deploySysCC -\u003e INFO 035\u001b[0m system chaincode qscc/organ-channel(github.com/hyperledger/fabric/core/scc/qscc) deployed\n","stream":"stderr","time":"2019-04-21T20:31:43.690361297Z"}
{"log":"\u001b[34m2019-04-21 20:31:43.690 UTC [sccapi] deploySysCC -\u003e INFO 036\u001b[0m system chaincode (+lifecycle,github.com/hyperledger/fabric/core/chaincode/lifecycle) disabled\n","stream":"stderr","time":"2019-04-21T20:31:43.690373013Z"}
{"log":"\u001b[34m2019-04-21 20:31:43.690 UTC [endorser] callChaincode -\u003e INFO 037\u001b[0m [][5d6783db] Exit chaincode: name:\"cscc\"  (88ms)\n","stream":"stderr","time":"2019-04-21T20:31:43.690564823Z"}
{"log":"\u001b[34m2019-04-21 20:31:43.690 UTC [comm.grpc.server] 1 -\u003e INFO 038\u001b[0m unary call completed grpc.service=protos.Endorser grpc.method=ProcessProposal grpc.peer_address=172.18.0.11:52162 grpc.code=OK grpc.call_duration=89.876912ms\n","stream":"stderr","time":"2019-04-21T20:31:43.690577778Z"}
{"log":"\u001b[34m2019-04-21 20:31:45.723 UTC [endorser] callChaincode -\u003e INFO 039\u001b[0m [][0e46ab51] Entry chaincode: name:\"lscc\" \n","stream":"stderr","time":"2019-04-21T20:31:45.723883847Z"}
{"log":"\u001b[34m2019-04-21 20:31:45.726 UTC [lscc] executeInstall -\u003e INFO 03a\u001b[0m Installed Chaincode [organcc] Version [1.0] to peer\n","stream":"stderr","time":"2019-04-21T20:31:45.726995728Z"}
{"log":"\u001b[34m2019-04-21 20:31:45.726 UTC [endorser] callChaincode -\u003e INFO 03b\u001b[0m [][0e46ab51] Exit chaincode: name:\"lscc\"  (3ms)\n","stream":"stderr","time":"2019-04-21T20:31:45.727049975Z"}
{"log":"\u001b[34m2019-04-21 20:31:45.726 UTC [comm.grpc.server] 1 -\u003e INFO 03c\u001b[0m unary call completed grpc.service=protos.Endorser grpc.method=ProcessProposal grpc.peer_address=172.18.0.11:52208 grpc.code=OK grpc.call_duration=4.614446ms\n","stream":"stderr","time":"2019-04-21T20:31:45.727110347Z"}
{"log":"\u001b[34m2019-04-21 20:31:48.670 UTC [gossip.channel] reportMembershipChanges -\u003e INFO 03d\u001b[0m Membership view has changed. peers went online:  [[peer0.histocompatibility.organ.com:7051]] , current view:  [[peer0.histocompatibility.organ.com:7051]]\n","stream":"stderr","time":"2019-04-21T20:31:48.670696536Z"}
{"log":"\u001b[34m2019-04-21 20:31:49.499 UTC [gossip.election] leaderElection -\u003e INFO 03e\u001b[0m 30b50635dffad4f77a3eafc84ca5af5f92868a3253b163dd00b16ddbd452b930 : Some peer is already a leader\n","stream":"stderr","time":"2019-04-21T20:31:49.500450553Z"}
{"log":"\u001b[34m2019-04-21 20:31:49.553 UTC [gossip.privdata] StoreBlock -\u003e INFO 03f\u001b[0m [organ-channel] Received block [1] from buffer\n","stream":"stderr","time":"2019-04-21T20:31:49.553503247Z"}
{"log":"\u001b[34m2019-04-21 20:31:49.574 UTC [gossip.gossip] JoinChan -\u003e INFO 040\u001b[0m Joining gossip network of channel organ-channel with 4 organizations\n","stream":"stderr","time":"2019-04-21T20:31:49.574395775Z"}
{"log":"\u001b[34m2019-04-21 20:31:49.574 UTC [gossip.gossip] learnAnchorPeers -\u003e INFO 041\u001b[0m Learning about the configured anchor peers of HospitalMSP for channel organ-channel : [{peer0.hospital.organ.com 7051}]\n","stream":"stderr","time":"2019-04-21T20:31:49.574418066Z"}
{"log":"\u001b[34m2019-04-21 20:31:49.574 UTC [gossip.gossip] learnAnchorPeers -\u003e INFO 042\u001b[0m No configured anchor peers of HLMSP for channel organ-channel to learn about\n","stream":"stderr","time":"2019-04-21T20:31:49.574550972Z"}
{"log":"\u001b[34m2019-04-21 20:31:49.574 UTC [gossip.gossip] learnAnchorPeers -\u003e INFO 043\u001b[0m No configured anchor peers of OPOMSP for channel organ-channel to learn about\n","stream":"stderr","time":"2019-04-21T20:31:49.574581092Z"}
{"log":"\u001b[34m2019-04-21 20:31:49.574 UTC [gossip.gossip] learnAnchorPeers -\u003e INFO 044\u001b[0m No configured anchor peers of GPMSP for channel organ-channel to learn about\n","stream":"stderr","time":"2019-04-21T20:31:49.574587035Z"}
{"log":"\u001b[33m2019-04-21 20:31:49.574 UTC [gossip.service] updateEndpoints -\u003e WARN 045\u001b[0m Failed to update ordering service endpoints, due to Channel with organ-channel id was not found\n","stream":"stderr","time":"2019-04-21T20:31:49.574621611Z"}
{"log":"\u001b[34m2019-04-21 20:31:49.576 UTC [committer.txvalidator] Validate -\u003e INFO 046\u001b[0m [organ-channel] Validated block [1] in 22ms\n","stream":"stderr","time":"2019-04-21T20:31:49.576396633Z"}
{"log":"\u001b[34m2019-04-21 20:31:49.650 UTC [kvledger] CommitWithPvtData -\u003e INFO 047\u001b[0m [organ-channel] Committed block [1] with 1 transaction(s) in 73ms (state_validation=1ms block_commit=58ms state_commit=9ms)\n","stream":"stderr","time":"2019-04-21T20:31:49.651434444Z"}
{"log":"\u001b[34m2019-04-21 20:31:49.650 UTC [gossip.privdata] StoreBlock -\u003e INFO 048\u001b[0m [organ-channel] Received block [2] from buffer\n","stream":"stderr","time":"2019-04-21T20:31:49.651476825Z"}
{"log":"\u001b[34m2019-04-21 20:31:49.696 UTC [gossip.gossip] JoinChan -\u003e INFO 049\u001b[0m Joining gossip network of channel organ-channel with 4 organizations\n","stream":"stderr","time":"2019-04-21T20:31:49.697155573Z"}
{"log":"\u001b[34m2019-04-21 20:31:49.696 UTC [gossip.gossip] learnAnchorPeers -\u003e INFO 04a\u001b[0m No configured anchor peers of HLMSP for channel organ-channel to learn about\n","stream":"stderr","time":"2019-04-21T20:31:49.697185434Z"}
{"log":"\u001b[34m2019-04-21 20:31:49.697 UTC [gossip.gossip] learnAnchorPeers -\u003e INFO 04b\u001b[0m Learning about the configured anchor peers of OPOMSP for channel organ-channel : [{peer0.opo.organ.com 7051}]\n","stream":"stderr","time":"2019-04-21T20:31:49.697191949Z"}
{"log":"\u001b[34m2019-04-21 20:31:49.697 UTC [gossip.gossip] learnAnchorPeers -\u003e INFO 04c\u001b[0m No configured anchor peers of GPMSP for channel organ-channel to learn about\n","stream":"stderr","time":"2019-04-21T20:31:49.697517267Z"}
{"log":"\u001b[34m2019-04-21 20:31:49.697 UTC [gossip.gossip] learnAnchorPeers -\u003e INFO 04d\u001b[0m Learning about the configured anchor peers of HospitalMSP for channel organ-channel : [{peer0.hospital.organ.com 7051}]\n","stream":"stderr","time":"2019-04-21T20:31:49.697552936Z"}
{"log":"\u001b[33m2019-04-21 20:31:49.697 UTC [gossip.service] updateEndpoints -\u003e WARN 04e\u001b[0m Failed to update ordering service endpoints, due to Channel with organ-channel id was not found\n","stream":"stderr","time":"2019-04-21T20:31:49.697879449Z"}
{"log":"\u001b[34m2019-04-21 20:31:49.702 UTC [committer.txvalidator] Validate -\u003e INFO 04f\u001b[0m [organ-channel] Validated block [2] in 52ms\n","stream":"stderr","time":"2019-04-21T20:31:49.703143438Z"}
{"log":"\u001b[33m2019-04-21 20:31:49.722 UTC [gossip.comm] func1 -\u003e WARN 050\u001b[0m peer0.hospital.organ.com:7051, PKIid:ba796d708f8c573380991aca358280a07ecd4208cdc446b257ab45f746763abf isn't responsive: EOF\n","stream":"stderr","time":"2019-04-21T20:31:49.722427652Z"}
{"log":"\u001b[33m2019-04-21 20:31:49.722 UTC [gossip.discovery] expireDeadMembers -\u003e WARN 051\u001b[0m Entering [ba796d708f8c573380991aca358280a07ecd4208cdc446b257ab45f746763abf]\n","stream":"stderr","time":"2019-04-21T20:31:49.722748772Z"}
{"log":"\u001b[33m2019-04-21 20:31:49.722 UTC [gossip.discovery] expireDeadMembers -\u003e WARN 052\u001b[0m Closing connection to Endpoint: peer0.hospital.organ.com:7051, InternalEndpoint: , PKI-ID: ba796d708f8c573380991aca358280a07ecd4208cdc446b257ab45f746763abf, Metadata: \n","stream":"stderr","time":"2019-04-21T20:31:49.722761272Z"}
{"log":"\u001b[33m2019-04-21 20:31:49.722 UTC [gossip.discovery] expireDeadMembers -\u003e WARN 053\u001b[0m Exiting\n","stream":"stderr","time":"2019-04-21T20:31:49.722784468Z"}
{"log":"\u001b[34m2019-04-21 20:31:49.750 UTC [kvledger] CommitWithPvtData -\u003e INFO 054\u001b[0m [organ-channel] Committed block [2] with 1 transaction(s) in 47ms (state_validation=1ms block_commit=33ms state_commit=3ms)\n","stream":"stderr","time":"2019-04-21T20:31:49.750451056Z"}
{"log":"\u001b[34m2019-04-21 20:31:49.750 UTC [gossip.privdata] StoreBlock -\u003e INFO 055\u001b[0m [organ-channel] Received block [3] from buffer\n","stream":"stderr","time":"2019-04-21T20:31:49.750662216Z"}
{"log":"\u001b[34m2019-04-21 20:31:49.785 UTC [gossip.gossip] JoinChan -\u003e INFO 056\u001b[0m Joining gossip network of channel organ-channel with 4 organizations\n","stream":"stderr","time":"2019-04-21T20:31:49.786179534Z"}
{"log":"\u001b[34m2019-04-21 20:31:49.785 UTC [gossip.gossip] learnAnchorPeers -\u003e INFO 057\u001b[0m Learning about the configured anchor peers of HospitalMSP for channel organ-channel : [{peer0.hospital.organ.com 7051}]\n","stream":"stderr","time":"2019-04-21T20:31:49.786209551Z"}
{"log":"\u001b[34m2019-04-21 20:31:49.785 UTC [gossip.gossip] learnAnchorPeers -\u003e INFO 058\u001b[0m Learning about the configured anchor peers of HLMSP for channel organ-channel : [{peer0.histocompatibility.organ.com 7051}]\n","stream":"stderr","time":"2019-04-21T20:31:49.786214721Z"}
{"log":"\u001b[34m2019-04-21 20:31:49.785 UTC [gossip.gossip] learnAnchorPeers -\u003e INFO 059\u001b[0m Learning about the configured anchor peers of OPOMSP for channel organ-channel : [{peer0.opo.organ.com 7051}]\n","stream":"stderr","time":"2019-04-21T20:31:49.786218887Z"}
{"log":"\u001b[34m2019-04-21 20:31:49.786 UTC [gossip.gossip] learnAnchorPeers -\u003e INFO 05a\u001b[0m No configured anchor peers of GPMSP for channel organ-channel to learn about\n","stream":"stderr","time":"2019-04-21T20:31:49.786222997Z"}
{"log":"\u001b[33m2019-04-21 20:31:49.786 UTC [gossip.service] updateEndpoints -\u003e WARN 05b\u001b[0m Failed to update ordering service endpoints, due to Channel with organ-channel id was not found\n","stream":"stderr","time":"2019-04-21T20:31:49.786226993Z"}
{"log":"\u001b[34m2019-04-21 20:31:49.788 UTC [committer.txvalidator] Validate -\u003e INFO 05c\u001b[0m [organ-channel] Validated block [3] in 38ms\n","stream":"stderr","time":"2019-04-21T20:31:49.78889335Z"}
{"log":"\u001b[33m2019-04-21 20:31:49.808 UTC [gossip.comm] func1 -\u003e WARN 05d\u001b[0m peer0.opo.organ.com:7051, PKIid:7b53f6482e45886173c99c86f4c8096ed3dadd1ca1c4d8fa124530de62eb1dc7 isn't responsive: EOF\n","stream":"stderr","time":"2019-04-21T20:31:49.808413259Z"}
{"log":"\u001b[33m2019-04-21 20:31:49.808 UTC [gossip.discovery] expireDeadMembers -\u003e WARN 05e\u001b[0m Entering [7b53f6482e45886173c99c86f4c8096ed3dadd1ca1c4d8fa124530de62eb1dc7]\n","stream":"stderr","time":"2019-04-21T20:31:49.809008821Z"}
{"log":"\u001b[33m2019-04-21 20:31:49.808 UTC [gossip.discovery] expireDeadMembers -\u003e WARN 05f\u001b[0m Closing connection to Endpoint: peer0.opo.organ.com:7051, InternalEndpoint: , PKI-ID: 7b53f6482e45886173c99c86f4c8096ed3dadd1ca1c4d8fa124530de62eb1dc7, Metadata: \n","stream":"stderr","time":"2019-04-21T20:31:49.809027326Z"}
{"log":"\u001b[33m2019-04-21 20:31:49.808 UTC [gossip.discovery] expireDeadMembers -\u003e WARN 060\u001b[0m Exiting\n","stream":"stderr","time":"2019-04-21T20:31:49.809049922Z"}
{"log":"\u001b[34m2019-04-21 20:31:49.809 UTC [comm.grpc.server] 1 -\u003e INFO 061\u001b[0m streaming call completed grpc.service=gossip.Gossip grpc.method=GossipStream grpc.peer_address=172.18.0.6:47458 grpc.peer_subject=\"CN=peer0.histocompatibility.organ.com,L=San Francisco,ST=California,C=US\" error=\"rpc error: code = Canceled desc = context canceled\" grpc.code=Canceled grpc.call_duration=8.774729193s\n","stream":"stderr","time":"2019-04-21T20:31:49.809161066Z"}
{"log":"\u001b[34m2019-04-21 20:31:49.843 UTC [kvledger] CommitWithPvtData -\u003e INFO 062\u001b[0m [organ-channel] Committed block [3] with 1 transaction(s) in 54ms (state_validation=1ms block_commit=26ms state_commit=17ms)\n","stream":"stderr","time":"2019-04-21T20:31:49.843944479Z"}
{"log":"\u001b[34m2019-04-21 20:31:49.844 UTC [gossip.privdata] StoreBlock -\u003e INFO 063\u001b[0m [organ-channel] Received block [4] from buffer\n","stream":"stderr","time":"2019-04-21T20:31:49.844832924Z"}
{"log":"\u001b[34m2019-04-21 20:31:49.901 UTC [gossip.gossip] JoinChan -\u003e INFO 064\u001b[0m Joining gossip network of channel organ-channel with 4 organizations\n","stream":"stderr","time":"2019-04-21T20:31:49.901312497Z"}
{"log":"\u001b[34m2019-04-21 20:31:49.901 UTC [gossip.gossip] learnAnchorPeers -\u003e INFO 065\u001b[0m Learning about the configured anchor peers of HospitalMSP for channel organ-channel : [{peer0.hospital.organ.com 7051}]\n","stream":"stderr","time":"2019-04-21T20:31:49.902064162Z"}
{"log":"\u001b[34m2019-04-21 20:31:49.902 UTC [gossip.gossip] learnAnchorPeers -\u003e INFO 066\u001b[0m Learning about the configured anchor peers of HLMSP for channel organ-channel : [{peer0.histocompatibility.organ.com 7051}]\n","stream":"stderr","time":"2019-04-21T20:31:49.90270205Z"}
{"log":"\u001b[34m2019-04-21 20:31:49.902 UTC [gossip.gossip] learnAnchorPeers -\u003e INFO 067\u001b[0m Learning about the configured anchor peers of OPOMSP for channel organ-channel : [{peer0.opo.organ.com 7051}]\n","stream":"stderr","time":"2019-04-21T20:31:49.902841379Z"}
{"log":"\u001b[34m2019-04-21 20:31:49.902 UTC [gossip.gossip] learnAnchorPeers -\u003e INFO 068\u001b[0m Learning about the configured anchor peers of GPMSP for channel organ-channel : [{peer0.gp.organ.com 7051}]\n","stream":"stderr","time":"2019-04-21T20:31:49.902937722Z"}
{"log":"\u001b[33m2019-04-21 20:31:49.902 UTC [gossip.service] updateEndpoints -\u003e WARN 069\u001b[0m Failed to update ordering service endpoints, due to Channel with organ-channel id was not found\n","stream":"stderr","time":"2019-04-21T20:31:49.903063655Z"}
{"log":"\u001b[34m2019-04-21 20:31:49.921 UTC [committer.txvalidator] Validate -\u003e INFO 06a\u001b[0m [organ-channel] Validated block [4] in 76ms\n","stream":"stderr","time":"2019-04-21T20:31:49.925590505Z"}
{"log":"\u001b[33m2019-04-21 20:31:49.937 UTC [gossip.comm] func1 -\u003e WARN 06b\u001b[0m peer0.hospital.organ.com:7051, PKIid:ba796d708f8c573380991aca358280a07ecd4208cdc446b257ab45f746763abf isn't responsive: EOF\n","stream":"stderr","time":"2019-04-21T20:31:49.937571779Z"}
{"log":"\u001b[34m2019-04-21 20:31:50.006 UTC [kvledger] CommitWithPvtData -\u003e INFO 06c\u001b[0m [organ-channel] Committed block [4] with 1 transaction(s) in 85ms (state_validation=10ms block_commit=35ms state_commit=26ms)\n","stream":"stderr","time":"2019-04-21T20:31:50.007732404Z"}
{"log":"\u001b[34m2019-04-21 20:31:51.074 UTC [comm.grpc.server] 1 -\u003e INFO 06d\u001b[0m unary call completed grpc.service=gossip.Gossip grpc.method=Ping grpc.request_deadline=2019-04-21T20:31:53.074Z grpc.peer_address=172.18.0.10:37078 grpc.peer_subject=\"CN=peer0.hospital.organ.com,L=San Francisco,ST=California,C=US\" grpc.code=OK grpc.call_duration=162.834µs\n","stream":"stderr","time":"2019-04-21T20:31:51.074598124Z"}
{"log":"\u001b[33m2019-04-21 20:31:51.292 UTC [gossip.gossip] validateMsg -\u003e WARN 06e\u001b[0m StateInfo message GossipMessage: tag:CHAN_OR_ORG state_info:\u003ctimestamp:\u003cinc_num:1555878703268696733 seq_num:1555878709462660127 \u003e pki_id:\"\\034T\\305NU\\261Ce\\244\\002\\216n\\262\\016\\320ef \\342\\375\\263\\014\\311\\257X\\024\\371\\372\\337\\362\\335\\260\" channel_MAC:\"n\\275\\005_\\021\\234n\\335\\241\\207\\031\\355)7\\025`M\\251\\024:\\304d\\245\\362W\\216P6x\\025h\\204\" properties:\u003cledger_height:5 \u003e \u003e , Envelope: 98 bytes, Signature: 71 bytes is found invalid: PKIID wasn't found\n","stream":"stderr","time":"2019-04-21T20:31:51.292505063Z"}
{"log":"\u001b[33m2019-04-21 20:31:51.292 UTC [gossip.gossip] handleMessage -\u003e WARN 06f\u001b[0m Message GossipMessage: tag:CHAN_OR_ORG state_info:\u003ctimestamp:\u003cinc_num:1555878703268696733 seq_num:1555878709462660127 \u003e pki_id:\"\\034T\\305NU\\261Ce\\244\\002\\216n\\262\\016\\320ef \\342\\375\\263\\014\\311\\257X\\024\\371\\372\\337\\362\\335\\260\" channel_MAC:\"n\\275\\005_\\021\\234n\\335\\241\\207\\031\\355)7\\025`M\\251\\024:\\304d\\245\\362W\\216P6x\\025h\\204\" properties:\u003cledger_height:5 \u003e \u003e , Envelope: 98 bytes, Signature: 71 bytes isn't valid\n","stream":"stderr","time":"2019-04-21T20:31:51.292582291Z"}
{"log":"\u001b[33m2019-04-21 20:31:51.293 UTC [gossip.gossip] validateMsg -\u003e WARN 070\u001b[0m StateInfo message GossipMessage: tag:CHAN_OR_ORG state_info:\u003ctimestamp:\u003cinc_num:1555878703268696733 seq_num:1555878709462660127 \u003e pki_id:\"\\034T\\305NU\\261Ce\\244\\002\\216n\\262\\016\\320ef \\342\\375\\263\\014\\311\\257X\\024\\371\\372\\337\\362\\335\\260\" channel_MAC:\"n\\275\\005_\\021\\234n\\335\\241\\207\\031\\355)7\\025`M\\251\\024:\\304d\\245\\362W\\216P6x\\025h\\204\" properties:\u003cledger_height:5 \u003e \u003e , Envelope: 98 bytes, Signature: 71 bytes is found invalid: PKIID wasn't found\n","stream":"stderr","time":"2019-04-21T20:31:51.294116777Z"}
{"log":"\u001b[33m2019-04-21 20:31:51.293 UTC [gossip.gossip] handleMessage -\u003e WARN 071\u001b[0m Message GossipMessage: tag:CHAN_OR_ORG state_info:\u003ctimestamp:\u003cinc_num:1555878703268696733 seq_num:1555878709462660127 \u003e pki_id:\"\\034T\\305NU\\261Ce\\244\\002\\216n\\262\\016\\320ef \\342\\375\\263\\014\\311\\257X\\024\\371\\372\\337\\362\\335\\260\" channel_MAC:\"n\\275\\005_\\021\\234n\\335\\241\\207\\031\\355)7\\025`M\\251\\024:\\304d\\245\\362W\\216P6x\\025h\\204\" properties:\u003cledger_height:5 \u003e \u003e , Envelope: 98 bytes, Signature: 71 bytes isn't valid\n","stream":"stderr","time":"2019-04-21T20:31:51.294149242Z"}
{"log":"\u001b[33m2019-04-21 20:31:52.060 UTC [gossip.gossip] validateMsg -\u003e WARN 072\u001b[0m StateInfo message GossipMessage: tag:CHAN_OR_ORG state_info:\u003ctimestamp:\u003cinc_num:1555878704042464942 seq_num:1555878710439220692 \u003e pki_id:\"\\210\\236\\036\\225\\257)j\\215\\332\\030\\356g\\023\\371|s\\252~[O\\213dZ\\246e\\010G\\260\\2735EE\" channel_MAC:\"\\010\\344\\332\\255\\246\\327\\033\\352\\006LSX] ;w\\254\\253\\000\\177\\273\\330\\032wmw{\\215g~\\274\\300\" properties:\u003cledger_height:5 \u003e \u003e , Envelope: 98 bytes, Signature: 70 bytes is found invalid: PKIID wasn't found\n","stream":"stderr","time":"2019-04-21T20:31:52.060813879Z"}
{"log":"\u001b[33m2019-04-21 20:31:52.060 UTC [gossip.gossip] handleMessage -\u003e WARN 073\u001b[0m Message GossipMessage: tag:CHAN_OR_ORG state_info:\u003ctimestamp:\u003cinc_num:1555878704042464942 seq_num:1555878710439220692 \u003e pki_id:\"\\210\\236\\036\\225\\257)j\\215\\332\\030\\356g\\023\\371|s\\252~[O\\213dZ\\246e\\010G\\260\\2735EE\" channel_MAC:\"\\010\\344\\332\\255\\246\\327\\033\\352\\006LSX] ;w\\254\\253\\000\\177\\273\\330\\032wmw{\\215g~\\274\\300\" properties:\u003cledger_height:5 \u003e \u003e , Envelope: 98 bytes, Signature: 70 bytes isn't valid\n","stream":"stderr","time":"2019-04-21T20:31:52.06084104Z"}
{"log":"\u001b[33m2019-04-21 20:31:52.060 UTC [gossip.gossip] validateMsg -\u003e WARN 074\u001b[0m StateInfo message GossipMessage: tag:CHAN_OR_ORG state_info:\u003ctimestamp:\u003cinc_num:1555878704042464942 seq_num:1555878710439220692 \u003e pki_id:\"\\210\\236\\036\\225\\257)j\\215\\332\\030\\356g\\023\\371|s\\252~[O\\213dZ\\246e\\010G\\260\\2735EE\" channel_MAC:\"\\010\\344\\332\\255\\246\\327\\033\\352\\006LSX] ;w\\254\\253\\000\\177\\273\\330\\032wmw{\\215g~\\274\\300\" properties:\u003cledger_height:5 \u003e \u003e , Envelope: 98 bytes, Signature: 70 bytes is found invalid: PKIID wasn't found\n","stream":"stderr","time":"2019-04-21T20:31:52.061146559Z"}
{"log":"\u001b[33m2019-04-21 20:31:52.061 UTC [gossip.gossip] handleMessage -\u003e WARN 075\u001b[0m Message GossipMessage: tag:CHAN_OR_ORG state_info:\u003ctimestamp:\u003cinc_num:1555878704042464942 seq_num:1555878710439220692 \u003e pki_id:\"\\210\\236\\036\\225\\257)j\\215\\332\\030\\356g\\023\\371|s\\252~[O\\213dZ\\246e\\010G\\260\\2735EE\" channel_MAC:\"\\010\\344\\332\\255\\246\\327\\033\\352\\006LSX] ;w\\254\\253\\000\\177\\273\\330\\032wmw{\\215g~\\274\\300\" properties:\u003cledger_height:5 \u003e \u003e , Envelope: 98 bytes, Signature: 70 bytes isn't valid\n","stream":"stderr","time":"2019-04-21T20:31:52.06118076Z"}
{"log":"\u001b[34m2019-04-21 20:31:53.670 UTC [gossip.channel] reportMembershipChanges -\u003e INFO 076\u001b[0m Membership view has changed. peers went online:  [[peer0.gp.organ.com:7051 ] [peer0.opo.organ.com:7051 ]] , current view:  [[peer0.histocompatibility.organ.com:7051] [peer0.gp.organ.com:7051 ] [peer0.opo.organ.com:7051 ]]\n","stream":"stderr","time":"2019-04-21T20:31:53.670518564Z"}
{"log":"\u001b[34m2019-04-21 20:31:55.183 UTC [comm.grpc.server] 1 -\u003e INFO 077\u001b[0m unary call completed grpc.service=gossip.Gossip grpc.method=Ping grpc.request_deadline=2019-04-21T20:31:57.183Z grpc.peer_address=172.18.0.2:43524 grpc.peer_subject=\"CN=peer1.opo.organ.com,L=San Francisco,ST=California,C=US\" grpc.code=OK grpc.call_duration=92.513µs\n","stream":"stderr","time":"2019-04-21T20:31:55.183555332Z"}
{"log":"\u001b[34m2019-04-21 20:31:58.670 UTC [gossip.channel] reportMembershipChanges -\u003e INFO 078\u001b[0m Membership view has changed. peers went online:  [[peer1.gp.organ.com:7051 ]] , current view:  [[peer0.histocompatibility.organ.com:7051] [peer0.gp.organ.com:7051 ] [peer0.opo.organ.com:7051 ] [peer1.gp.organ.com:7051 ]]\n","stream":"stderr","time":"2019-04-21T20:31:58.670749901Z"}
{"log":"\u001b[34m2019-04-21 20:32:00.191 UTC [comm.grpc.server] 1 -\u003e INFO 079\u001b[0m unary call completed grpc.service=gossip.Gossip grpc.method=Ping grpc.request_deadline=2019-04-21T20:32:02.191Z grpc.peer_address=172.18.0.5:49756 grpc.peer_subject=\"CN=peer1.hospital.organ.com,L=San Francisco,ST=California,C=US\" grpc.code=OK grpc.call_duration=189.896µs\n","stream":"stderr","time":"2019-04-21T20:32:00.192168625Z"}
{"log":"\u001b[34m2019-04-21 20:32:03.670 UTC [gossip.channel] reportMembershipChanges -\u003e INFO 07a\u001b[0m Membership view has changed. peers went online:  [[peer0.hospital.organ.com:7051 ] [peer1.opo.organ.com:7051 ]] , current view:  [[peer0.hospital.organ.com:7051 ] [peer0.histocompatibility.organ.com:7051] [peer0.gp.organ.com:7051 ] [peer0.opo.organ.com:7051 ] [peer1.gp.organ.com:7051 ] [peer1.opo.organ.com:7051 ]]\n","stream":"stderr","time":"2019-04-21T20:32:03.670541658Z"}
{"log":"\u001b[34m2019-04-21 20:32:08.670 UTC [gossip.channel] reportMembershipChanges -\u003e INFO 07b\u001b[0m Membership view has changed. peers went online:  [[peer1.hospital.organ.com:7051 ]] , current view:  [[peer1.opo.organ.com:7051 ] [peer1.hospital.organ.com:7051 ] [peer0.hospital.organ.com:7051 ] [peer0.histocompatibility.organ.com:7051] [peer0.gp.organ.com:7051 ] [peer0.opo.organ.com:7051 ] [peer1.gp.organ.com:7051 ]]\n","stream":"stderr","time":"2019-04-21T20:32:08.670351829Z"}
{"log":"\u001b[34m2019-04-21 20:32:10.768 UTC [gossip.privdata] StoreBlock -\u003e INFO 07c\u001b[0m [organ-channel] Received block [5] from buffer\n","stream":"stderr","time":"2019-04-21T20:32:10.769062724Z"}
{"log":"\u001b[34m2019-04-21 20:32:10.770 UTC [committer.txvalidator] Validate -\u003e INFO 07d\u001b[0m [organ-channel] Validated block [5] in 2ms\n","stream":"stderr","time":"2019-04-21T20:32:10.770478564Z"}
{"log":"\u001b[34m2019-04-21 20:32:10.770 UTC [cceventmgmt] HandleStateUpdates -\u003e INFO 07e\u001b[0m Channel [organ-channel]: Handling deploy or update of chaincode [organcc]\n","stream":"stderr","time":"2019-04-21T20:32:10.770642257Z"}
{"log":"\u001b[34m2019-04-21 20:32:10.915 UTC [kvledger] CommitWithPvtData -\u003e INFO 07f\u001b[0m [organ-channel] Committed block [5] with 1 transaction(s) in 145ms (state_validation=8ms block_commit=127ms state_commit=7ms)\n","stream":"stderr","time":"2019-04-21T20:32:10.915943473Z"}
{"log":"\u001b[34m2019-04-21 20:32:11.510 UTC [endorser] callChaincode -\u003e INFO 080\u001b[0m [organ-channel][6982060d] Entry chaincode: name:\"organcc\" \n","stream":"stderr","time":"2019-04-21T20:32:11.511030913Z"}
{"log":"\u001b[34m2019-04-21 20:32:30.691 UTC [endorser] callChaincode -\u003e INFO 081\u001b[0m [organ-channel][6982060d] Exit chaincode: name:\"organcc\"  (19180ms)\n","stream":"stderr","time":"2019-04-21T20:32:30.692054925Z"}
{"log":"\u001b[34m2019-04-21 20:32:30.692 UTC [comm.grpc.server] 1 -\u003e INFO 082\u001b[0m unary call completed grpc.service=protos.Endorser grpc.method=ProcessProposal grpc.peer_address=172.18.0.11:52620 grpc.code=OK grpc.call_duration=19.183066771s\n","stream":"stderr","time":"2019-04-21T20:32:30.692647882Z"}
{"log":"\u001b[34m2019-04-21 20:34:41.144 UTC [gossip.privdata] StoreBlock -\u003e INFO 083\u001b[0m [organ-channel] Received block [6] from buffer\n","stream":"stderr","time":"2019-04-21T20:34:41.144496614Z"}
{"log":"\u001b[34m2019-04-21 20:34:41.147 UTC [committer.txvalidator] Validate -\u003e INFO 084\u001b[0m [organ-channel] Validated block [6] in 3ms\n","stream":"stderr","time":"2019-04-21T20:34:41.148109161Z"}
{"log":"\u001b[34m2019-04-21 20:34:41.245 UTC [kvledger] CommitWithPvtData -\u003e INFO 085\u001b[0m [organ-channel] Committed block [6] with 1 transaction(s) in 97ms (state_validation=0ms block_commit=65ms state_commit=1ms)\n","stream":"stderr","time":"2019-04-21T20:34:41.248016685Z"}
{"log":"\u001b[34m2019-04-21 20:34:49.606 UTC [endorser] callChaincode -\u003e INFO 086\u001b[0m [organ-channel][6e8e4b95] Entry chaincode: name:\"organcc\" \n","stream":"stderr","time":"2019-04-21T20:34:49.606844947Z"}
{"log":"\u001b[34m2019-04-21 20:34:49.629 UTC [endorser] callChaincode -\u003e INFO 087\u001b[0m [organ-channel][6e8e4b95] Exit chaincode: name:\"organcc\"  (23ms)\n","stream":"stderr","time":"2019-04-21T20:34:49.629831321Z"}
{"log":"\u001b[34m2019-04-21 20:34:49.630 UTC [comm.grpc.server] 1 -\u003e INFO 088\u001b[0m unary call completed grpc.service=protos.Endorser grpc.method=ProcessProposal grpc.peer_address=172.18.0.11:53426 grpc.code=OK grpc.call_duration=24.457808ms\n","stream":"stderr","time":"2019-04-21T20:34:49.630264691Z"}
{"log":"\u001b[34m2019-04-21 20:34:51.835 UTC [gossip.privdata] StoreBlock -\u003e INFO 089\u001b[0m [organ-channel] Received block [7] from buffer\n","stream":"stderr","time":"2019-04-21T20:34:51.835500248Z"}
{"log":"\u001b[34m2019-04-21 20:34:51.837 UTC [committer.txvalidator] Validate -\u003e INFO 08a\u001b[0m [organ-channel] Validated block [7] in 2ms\n","stream":"stderr","time":"2019-04-21T20:34:51.837862636Z"}
{"log":"\u001b[34m2019-04-21 20:34:51.914 UTC [kvledger] CommitWithPvtData -\u003e INFO 08b\u001b[0m [organ-channel] Committed block [7] with 1 transaction(s) in 76ms (state_validation=21ms block_commit=9ms state_commit=8ms)\n","stream":"stderr","time":"2019-04-21T20:34:51.915315087Z"}
{"log":"\u001b[34m2019-04-21 20:35:00.432 UTC [endorser] callChaincode -\u003e INFO 08c\u001b[0m [organ-channel][1ae351bc] Entry chaincode: name:\"organcc\" \n","stream":"stderr","time":"2019-04-21T20:35:00.433009563Z"}
{"log":"\u001b[34m2019-04-21 20:35:00.443 UTC [endorser] callChaincode -\u003e INFO 08d\u001b[0m [organ-channel][1ae351bc] Exit chaincode: name:\"organcc\"  (11ms)\n","stream":"stderr","time":"2019-04-21T20:35:00.444052Z"}
{"log":"\u001b[34m2019-04-21 20:35:00.444 UTC [comm.grpc.server] 1 -\u003e INFO 08e\u001b[0m unary call completed grpc.service=protos.Endorser grpc.method=ProcessProposal grpc.peer_address=172.18.0.11:53460 grpc.code=OK grpc.call_duration=13.053065ms\n","stream":"stderr","time":"2019-04-21T20:35:00.444487071Z"}
{"log":"\u001b[34m2019-04-21 20:35:02.621 UTC [gossip.privdata] StoreBlock -\u003e INFO 08f\u001b[0m [organ-channel] Received block [8] from buffer\n","stream":"stderr","time":"2019-04-21T20:35:02.621790774Z"}
{"log":"\u001b[34m2019-04-21 20:35:02.623 UTC [committer.txvalidator] Validate -\u003e INFO 090\u001b[0m [organ-channel] Validated block [8] in 2ms\n","stream":"stderr","time":"2019-04-21T20:35:02.62406799Z"}
{"log":"\u001b[34m2019-04-21 20:35:02.779 UTC [kvledger] CommitWithPvtData -\u003e INFO 091\u001b[0m [organ-channel] Committed block [8] with 1 transaction(s) in 155ms (state_validation=29ms block_commit=75ms state_commit=39ms)\n","stream":"stderr","time":"2019-04-21T20:35:02.779473403Z"}
{"log":"\u001b[34m2019-04-21 20:35:11.143 UTC [endorser] callChaincode -\u003e INFO 092\u001b[0m [organ-channel][190773cd] Entry chaincode: name:\"organcc\" \n","stream":"stderr","time":"2019-04-21T20:35:11.14362411Z"}
{"log":"\u001b[34m2019-04-21 20:35:11.153 UTC [endorser] callChaincode -\u003e INFO 093\u001b[0m [organ-channel][190773cd] Exit chaincode: name:\"organcc\"  (10ms)\n","stream":"stderr","time":"2019-04-21T20:35:11.15390274Z"}
{"log":"\u001b[34m2019-04-21 20:35:11.154 UTC [comm.grpc.server] 1 -\u003e INFO 094\u001b[0m unary call completed grpc.service=protos.Endorser grpc.method=ProcessProposal grpc.peer_address=172.18.0.11:53498 grpc.code=OK grpc.call_duration=11.857045ms\n","stream":"stderr","time":"2019-04-21T20:35:11.154484119Z"}
{"log":"\u001b[34m2019-04-21 20:35:13.262 UTC [gossip.privdata] StoreBlock -\u003e INFO 095\u001b[0m [organ-channel] Received block [9] from buffer\n","stream":"stderr","time":"2019-04-21T20:35:13.262664995Z"}
{"log":"\u001b[34m2019-04-21 20:35:13.276 UTC [committer.txvalidator] Validate -\u003e INFO 096\u001b[0m [organ-channel] Validated block [9] in 13ms\n","stream":"stderr","time":"2019-04-21T20:35:13.27626551Z"}
{"log":"\u001b[34m2019-04-21 20:35:13.453 UTC [kvledger] CommitWithPvtData -\u003e INFO 097\u001b[0m [organ-channel] Committed block [9] with 1 transaction(s) in 176ms (state_validation=97ms block_commit=53ms state_commit=17ms)\n","stream":"stderr","time":"2019-04-21T20:35:13.453833836Z"}
{"log":"\u001b[34m2019-04-21 20:35:21.756 UTC [endorser] callChaincode -\u003e INFO 098\u001b[0m [organ-channel][353aca45] Entry chaincode: name:\"organcc\" \n","stream":"stderr","time":"2019-04-21T20:35:21.757135145Z"}
{"log":"\u001b[34m2019-04-21 20:35:21.782 UTC [endorser] callChaincode -\u003e INFO 099\u001b[0m [organ-channel][353aca45] Exit chaincode: name:\"organcc\"  (26ms)\n","stream":"stderr","time":"2019-04-21T20:35:21.782898422Z"}
{"log":"\u001b[34m2019-04-21 20:35:21.783 UTC [comm.grpc.server] 1 -\u003e INFO 09a\u001b[0m unary call completed grpc.service=protos.Endorser grpc.method=ProcessProposal grpc.peer_address=172.18.0.11:53532 grpc.code=OK grpc.call_duration=27.486858ms\n","stream":"stderr","time":"2019-04-21T20:35:21.783618929Z"}
{"log":"\u001b[34m2019-04-21 20:35:23.912 UTC [gossip.privdata] StoreBlock -\u003e INFO 09b\u001b[0m [organ-channel] Received block [10] from buffer\n","stream":"stderr","time":"2019-04-21T20:35:23.9140591Z"}
{"log":"\u001b[34m2019-04-21 20:35:23.923 UTC [committer.txvalidator] Validate -\u003e INFO 09c\u001b[0m [organ-channel] Validated block [10] in 7ms\n","stream":"stderr","time":"2019-04-21T20:35:23.92360607Z"}
{"log":"\u001b[34m2019-04-21 20:35:24.136 UTC [kvledger] CommitWithPvtData -\u003e INFO 09d\u001b[0m [organ-channel] Committed block [10] with 1 transaction(s) in 210ms (state_validation=89ms block_commit=93ms state_commit=17ms)\n","stream":"stderr","time":"2019-04-21T20:35:24.136204038Z"}
{"log":"\u001b[34m2019-04-21 20:35:32.389 UTC [endorser] callChaincode -\u003e INFO 09e\u001b[0m [organ-channel][e13b5f24] Entry chaincode: name:\"organcc\" \n","stream":"stderr","time":"2019-04-21T20:35:32.389679478Z"}
{"log":"\u001b[34m2019-04-21 20:35:32.398 UTC [endorser] callChaincode -\u003e INFO 09f\u001b[0m [organ-channel][e13b5f24] Exit chaincode: name:\"organcc\"  (9ms)\n","stream":"stderr","time":"2019-04-21T20:35:32.398820172Z"}
{"log":"\u001b[34m2019-04-21 20:35:32.399 UTC [comm.grpc.server] 1 -\u003e INFO 0a0\u001b[0m unary call completed grpc.service=protos.Endorser grpc.method=ProcessProposal grpc.peer_address=172.18.0.11:53566 grpc.code=OK grpc.call_duration=10.542244ms\n","stream":"stderr","time":"2019-04-21T20:35:32.399277746Z"}
{"log":"\u001b[34m2019-04-21 20:35:34.552 UTC [gossip.privdata] StoreBlock -\u003e INFO 0a1\u001b[0m [organ-channel] Received block [11] from buffer\n","stream":"stderr","time":"2019-04-21T20:35:34.553063019Z"}
{"log":"\u001b[34m2019-04-21 20:35:34.559 UTC [committer.txvalidator] Validate -\u003e INFO 0a2\u001b[0m [organ-channel] Validated block [11] in 6ms\n","stream":"stderr","time":"2019-04-21T20:35:34.559999463Z"}
{"log":"\u001b[34m2019-04-21 20:35:34.785 UTC [kvledger] CommitWithPvtData -\u003e INFO 0a3\u001b[0m [organ-channel] Committed block [11] with 1 transaction(s) in 225ms (state_validation=95ms block_commit=101ms state_commit=8ms)\n","stream":"stderr","time":"2019-04-21T20:35:34.786165937Z"}
{"log":"\u001b[34m2019-04-21 20:35:43.032 UTC [endorser] callChaincode -\u003e INFO 0a4\u001b[0m [organ-channel][e408018b] Entry chaincode: name:\"organcc\" \n","stream":"stderr","time":"2019-04-21T20:35:43.032964061Z"}
{"log":"\u001b[34m2019-04-21 20:35:43.042 UTC [endorser] callChaincode -\u003e INFO 0a5\u001b[0m [organ-channel][e408018b] Exit chaincode: name:\"organcc\"  (10ms)\n","stream":"stderr","time":"2019-04-21T20:35:43.042643396Z"}
{"log":"\u001b[34m2019-04-21 20:35:43.043 UTC [comm.grpc.server] 1 -\u003e INFO 0a6\u001b[0m unary call completed grpc.service=protos.Endorser grpc.method=ProcessProposal grpc.peer_address=172.18.0.11:53600 grpc.code=OK grpc.call_duration=11.021421ms\n","stream":"stderr","time":"2019-04-21T20:35:43.04322962Z"}
{"log":"\u001b[34m2019-04-21 20:35:45.158 UTC [gossip.privdata] StoreBlock -\u003e INFO 0a7\u001b[0m [organ-channel] Received block [12] from buffer\n","stream":"stderr","time":"2019-04-21T20:35:45.158730045Z"}
{"log":"\u001b[34m2019-04-21 20:35:45.161 UTC [committer.txvalidator] Validate -\u003e INFO 0a8\u001b[0m [organ-channel] Validated block [12] in 2ms\n","stream":"stderr","time":"2019-04-21T20:35:45.161647339Z"}
{"log":"\u001b[34m2019-04-21 20:35:45.386 UTC [kvledger] CommitWithPvtData -\u003e INFO 0a9\u001b[0m [organ-channel] Committed block [12] with 1 transaction(s) in 224ms (state_validation=108ms block_commit=77ms state_commit=30ms)\n","stream":"stderr","time":"2019-04-21T20:35:45.386976568Z"}
{"log":"\u001b[34m2019-04-21 20:35:53.772 UTC [endorser] callChaincode -\u003e INFO 0aa\u001b[0m [organ-channel][ba432eaa] Entry chaincode: name:\"organcc\" \n","stream":"stderr","time":"2019-04-21T20:35:53.772662217Z"}
{"log":"\u001b[34m2019-04-21 20:35:53.795 UTC [endorser] callChaincode -\u003e INFO 0ab\u001b[0m [organ-channel][ba432eaa] Exit chaincode: name:\"organcc\"  (23ms)\n","stream":"stderr","time":"2019-04-21T20:35:53.795732271Z"}
{"log":"\u001b[34m2019-04-21 20:35:53.795 UTC [comm.grpc.server] 1 -\u003e INFO 0ac\u001b[0m unary call completed grpc.service=protos.Endorser grpc.method=ProcessProposal grpc.peer_address=172.18.0.11:53634 grpc.code=OK grpc.call_duration=24.534107ms\n","stream":"stderr","time":"2019-04-21T20:35:53.795932447Z"}
{"log":"\u001b[34m2019-04-21 20:35:56.048 UTC [gossip.privdata] StoreBlock -\u003e INFO 0ad\u001b[0m [organ-channel] Received block [13] from buffer\n","stream":"stderr","time":"2019-04-21T20:35:56.048853014Z"}
{"log":"\u001b[34m2019-04-21 20:35:56.061 UTC [committer.txvalidator] Validate -\u003e INFO 0ae\u001b[0m [organ-channel] Validated block [13] in 12ms\n","stream":"stderr","time":"2019-04-21T20:35:56.061665094Z"}
{"log":"\u001b[34m2019-04-21 20:35:56.293 UTC [kvledger] CommitWithPvtData -\u003e INFO 0af\u001b[0m [organ-channel] Committed block [13] with 1 transaction(s) in 232ms (state_validation=125ms block_commit=71ms state_commit=9ms)\n","stream":"stderr","time":"2019-04-21T20:35:56.294068936Z"}
{"log":"\u001b[34m2019-04-21 20:36:04.614 UTC [endorser] callChaincode -\u003e INFO 0b0\u001b[0m [organ-channel][e5f35edc] Entry chaincode: name:\"organcc\" \n","stream":"stderr","time":"2019-04-21T20:36:04.614707948Z"}
{"log":"\u001b[34m2019-04-21 20:36:04.634 UTC [endorser] callChaincode -\u003e INFO 0b1\u001b[0m [organ-channel][e5f35edc] Exit chaincode: name:\"organcc\"  (20ms)\n","stream":"stderr","time":"2019-04-21T20:36:04.63508581Z"}
{"log":"\u001b[34m2019-04-21 20:36:04.636 UTC [comm.grpc.server] 1 -\u003e INFO 0b2\u001b[0m unary call completed grpc.service=protos.Endorser grpc.method=ProcessProposal grpc.peer_address=172.18.0.11:53668 grpc.code=OK grpc.call_duration=23.955481ms\n","stream":"stderr","time":"2019-04-21T20:36:04.636848615Z"}
{"log":"\u001b[34m2019-04-21 20:36:06.808 UTC [gossip.privdata] StoreBlock -\u003e INFO 0b3\u001b[0m [organ-channel] Received block [14] from buffer\n","stream":"stderr","time":"2019-04-21T20:36:06.808479105Z"}
{"log":"\u001b[34m2019-04-21 20:36:06.811 UTC [committer.txvalidator] Validate -\u003e INFO 0b4\u001b[0m [organ-channel] Validated block [14] in 2ms\n","stream":"stderr","time":"2019-04-21T20:36:06.811418272Z"}
{"log":"\u001b[34m2019-04-21 20:36:07.092 UTC [kvledger] CommitWithPvtData -\u003e INFO 0b5\u001b[0m [organ-channel] Committed block [14] with 1 transaction(s) in 281ms (state_validation=124ms block_commit=118ms state_commit=20ms)\n","stream":"stderr","time":"2019-04-21T20:36:07.093089022Z"}
{"log":"\u001b[34m2019-04-21 20:36:15.259 UTC [endorser] callChaincode -\u003e INFO 0b6\u001b[0m [organ-channel][dee1c989] Entry chaincode: name:\"organcc\" \n","stream":"stderr","time":"2019-04-21T20:36:15.25987213Z"}
{"log":"\u001b[34m2019-04-21 20:36:15.281 UTC [endorser] callChaincode -\u003e INFO 0b7\u001b[0m [organ-channel][dee1c989] Exit chaincode: name:\"organcc\"  (22ms)\n","stream":"stderr","time":"2019-04-21T20:36:15.281336458Z"}
{"log":"\u001b[34m2019-04-21 20:36:15.281 UTC [comm.grpc.server] 1 -\u003e INFO 0b8\u001b[0m unary call completed grpc.service=protos.Endorser grpc.method=ProcessProposal grpc.peer_address=172.18.0.11:53702 grpc.code=OK grpc.call_duration=23.686284ms\n","stream":"stderr","time":"2019-04-21T20:36:15.282114086Z"}
{"log":"\u001b[34m2019-04-21 20:36:17.452 UTC [gossip.privdata] StoreBlock -\u003e INFO 0b9\u001b[0m [organ-channel] Received block [15] from buffer\n","stream":"stderr","time":"2019-04-21T20:36:17.452782003Z"}
{"log":"\u001b[34m2019-04-21 20:36:17.457 UTC [committer.txvalidator] Validate -\u003e INFO 0ba\u001b[0m [organ-channel] Validated block [15] in 5ms\n","stream":"stderr","time":"2019-04-21T20:36:17.458055715Z"}
{"log":"\u001b[34m2019-04-21 20:36:17.705 UTC [kvledger] CommitWithPvtData -\u003e INFO 0bb\u001b[0m [organ-channel] Committed block [15] with 1 transaction(s) in 246ms (state_validation=139ms block_commit=60ms state_commit=35ms)\n","stream":"stderr","time":"2019-04-21T20:36:17.706291117Z"}
{"log":"\u001b[34m2019-04-21 20:36:25.970 UTC [endorser] callChaincode -\u003e INFO 0bc\u001b[0m [organ-channel][1964ae9d] Entry chaincode: name:\"organcc\" \n","stream":"stderr","time":"2019-04-21T20:36:25.970893659Z"}
{"log":"\u001b[34m2019-04-21 20:36:25.993 UTC [endorser] callChaincode -\u003e INFO 0bd\u001b[0m [organ-channel][1964ae9d] Exit chaincode: name:\"organcc\"  (23ms)\n","stream":"stderr","time":"2019-04-21T20:36:25.994082776Z"}
{"log":"\u001b[34m2019-04-21 20:36:25.994 UTC [comm.grpc.server] 1 -\u003e INFO 0be\u001b[0m unary call completed grpc.service=protos.Endorser grpc.method=ProcessProposal grpc.peer_address=172.18.0.11:53736 grpc.code=OK grpc.call_duration=25.179471ms\n","stream":"stderr","time":"2019-04-21T20:36:25.995049996Z"}
{"log":"\u001b[34m2019-04-21 20:36:28.216 UTC [gossip.privdata] StoreBlock -\u003e INFO 0bf\u001b[0m [organ-channel] Received block [16] from buffer\n","stream":"stderr","time":"2019-04-21T20:36:28.218006244Z"}
{"log":"\u001b[34m2019-04-21 20:36:28.220 UTC [committer.txvalidator] Validate -\u003e INFO 0c0\u001b[0m [organ-channel] Validated block [16] in 3ms\n","stream":"stderr","time":"2019-04-21T20:36:28.220825416Z"}
{"log":"\u001b[34m2019-04-21 20:36:28.520 UTC [kvledger] CommitWithPvtData -\u003e INFO 0c1\u001b[0m [organ-channel] Committed block [16] with 1 transaction(s) in 299ms (state_validation=201ms block_commit=53ms state_commit=9ms)\n","stream":"stderr","time":"2019-04-21T20:36:28.521312845Z"}
{"log":"\u001b[34m2019-04-21 20:36:36.685 UTC [endorser] callChaincode -\u003e INFO 0c2\u001b[0m [organ-channel][035015ac] Entry chaincode: name:\"organcc\" \n","stream":"stderr","time":"2019-04-21T20:36:36.685339186Z"}
{"log":"\u001b[34m2019-04-21 20:36:36.706 UTC [endorser] callChaincode -\u003e INFO 0c3\u001b[0m [organ-channel][035015ac] Exit chaincode: name:\"organcc\"  (22ms)\n","stream":"stderr","time":"2019-04-21T20:36:36.707333515Z"}
{"log":"\u001b[34m2019-04-21 20:36:36.707 UTC [comm.grpc.server] 1 -\u003e INFO 0c4\u001b[0m unary call completed grpc.service=protos.Endorser grpc.method=ProcessProposal grpc.peer_address=172.18.0.11:53772 grpc.code=OK grpc.call_duration=23.993937ms\n","stream":"stderr","time":"2019-04-21T20:36:36.708116858Z"}
{"log":"\u001b[34m2019-04-21 20:36:38.873 UTC [gossip.privdata] StoreBlock -\u003e INFO 0c5\u001b[0m [organ-channel] Received block [17] from buffer\n","stream":"stderr","time":"2019-04-21T20:36:38.873599389Z"}
{"log":"\u001b[34m2019-04-21 20:36:38.879 UTC [committer.txvalidator] Validate -\u003e INFO 0c6\u001b[0m [organ-channel] Validated block [17] in 5ms\n","stream":"stderr","time":"2019-04-21T20:36:38.879589221Z"}
{"log":"\u001b[34m2019-04-21 20:36:39.142 UTC [kvledger] CommitWithPvtData -\u003e INFO 0c7\u001b[0m [organ-channel] Committed block [17] with 1 transaction(s) in 262ms (state_validation=147ms block_commit=78ms state_commit=18ms)\n","stream":"stderr","time":"2019-04-21T20:36:39.142313292Z"}
{"log":"\u001b[34m2019-04-21 20:36:47.408 UTC [endorser] callChaincode -\u003e INFO 0c8\u001b[0m [organ-channel][92971911] Entry chaincode: name:\"organcc\" \n","stream":"stderr","time":"2019-04-21T20:36:47.408782492Z"}
{"log":"\u001b[34m2019-04-21 20:36:47.433 UTC [endorser] callChaincode -\u003e INFO 0c9\u001b[0m [organ-channel][92971911] Exit chaincode: name:\"organcc\"  (24ms)\n","stream":"stderr","time":"2019-04-21T20:36:47.433270749Z"}
{"log":"\u001b[34m2019-04-21 20:36:47.433 UTC [comm.grpc.server] 1 -\u003e INFO 0ca\u001b[0m unary call completed grpc.service=protos.Endorser grpc.method=ProcessProposal grpc.peer_address=172.18.0.11:53806 grpc.code=OK grpc.call_duration=26.2405ms\n","stream":"stderr","time":"2019-04-21T20:36:47.434039116Z"}
{"log":"\u001b[34m2019-04-21 20:36:49.682 UTC [gossip.privdata] StoreBlock -\u003e INFO 0cb\u001b[0m [organ-channel] Received block [18] from buffer\n","stream":"stderr","time":"2019-04-21T20:36:49.682715906Z"}
{"log":"\u001b[34m2019-04-21 20:36:49.703 UTC [committer.txvalidator] Validate -\u003e INFO 0cc\u001b[0m [organ-channel] Validated block [18] in 21ms\n","stream":"stderr","time":"2019-04-21T20:36:49.703964094Z"}
{"log":"\u001b[34m2019-04-21 20:36:49.937 UTC [kvledger] CommitWithPvtData -\u003e INFO 0cd\u001b[0m [organ-channel] Committed block [18] with 1 transaction(s) in 233ms (state_validation=181ms block_commit=29ms state_commit=12ms)\n","stream":"stderr","time":"2019-04-21T20:36:49.937375657Z"}
{"log":"\u001b[34m2019-04-21 20:36:58.165 UTC [endorser] callChaincode -\u003e INFO 0ce\u001b[0m [organ-channel][c78198db] Entry chaincode: name:\"organcc\" \n","stream":"stderr","time":"2019-04-21T20:36:58.166063107Z"}
{"log":"\u001b[34m2019-04-21 20:36:58.183 UTC [endorser] callChaincode -\u003e INFO 0cf\u001b[0m [organ-channel][c78198db] Exit chaincode: name:\"organcc\"  (18ms)\n","stream":"stderr","time":"2019-04-21T20:36:58.183978851Z"}
{"log":"\u001b[34m2019-04-21 20:36:58.184 UTC [comm.grpc.server] 1 -\u003e INFO 0d0\u001b[0m unary call completed grpc.service=protos.Endorser grpc.method=ProcessProposal grpc.peer_address=172.18.0.11:53840 grpc.code=OK grpc.call_duration=19.572557ms\n","stream":"stderr","time":"2019-04-21T20:36:58.184505915Z"}
{"log":"\u001b[34m2019-04-21 20:37:00.393 UTC [gossip.privdata] StoreBlock -\u003e INFO 0d1\u001b[0m [organ-channel] Received block [19] from buffer\n","stream":"stderr","time":"2019-04-21T20:37:00.39389664Z"}
{"log":"\u001b[34m2019-04-21 20:37:00.404 UTC [committer.txvalidator] Validate -\u003e INFO 0d2\u001b[0m [organ-channel] Validated block [19] in 10ms\n","stream":"stderr","time":"2019-04-21T20:37:00.404303615Z"}
{"log":"\u001b[34m2019-04-21 20:37:00.796 UTC [kvledger] CommitWithPvtData -\u003e INFO 0d3\u001b[0m [organ-channel] Committed block [19] with 1 transaction(s) in 392ms (state_validation=307ms block_commit=66ms state_commit=8ms)\n","stream":"stderr","time":"2019-04-21T20:37:00.797173957Z"}
{"log":"\u001b[34m2019-04-21 20:37:08.901 UTC [endorser] callChaincode -\u003e INFO 0d4\u001b[0m [organ-channel][d826394c] Entry chaincode: name:\"organcc\" \n","stream":"stderr","time":"2019-04-21T20:37:08.901750775Z"}
{"log":"\u001b[34m2019-04-21 20:37:08.925 UTC [endorser] callChaincode -\u003e INFO 0d5\u001b[0m [organ-channel][d826394c] Exit chaincode: name:\"organcc\"  (24ms)\n","stream":"stderr","time":"2019-04-21T20:37:08.925975802Z"}
{"log":"\u001b[34m2019-04-21 20:37:08.926 UTC [comm.grpc.server] 1 -\u003e INFO 0d6\u001b[0m unary call completed grpc.service=protos.Endorser grpc.method=ProcessProposal grpc.peer_address=172.18.0.11:53874 grpc.code=OK grpc.call_duration=26.258376ms\n","stream":"stderr","time":"2019-04-21T20:37:08.926568811Z"}
{"log":"\u001b[34m2019-04-21 20:37:11.112 UTC [gossip.privdata] StoreBlock -\u003e INFO 0d7\u001b[0m [organ-channel] Received block [20] from buffer\n","stream":"stderr","time":"2019-04-21T20:37:11.112816051Z"}
{"log":"\u001b[34m2019-04-21 20:37:11.115 UTC [committer.txvalidator] Validate -\u003e INFO 0d8\u001b[0m [organ-channel] Validated block [20] in 2ms\n","stream":"stderr","time":"2019-04-21T20:37:11.115182309Z"}
{"log":"\u001b[34m2019-04-21 20:37:11.491 UTC [kvledger] CommitWithPvtData -\u003e INFO 0d9\u001b[0m [organ-channel] Committed block [20] with 1 transaction(s) in 376ms (state_validation=232ms block_commit=95ms state_commit=38ms)\n","stream":"stderr","time":"2019-04-21T20:37:11.491681247Z"}
{"log":"\u001b[34m2019-04-21 20:37:19.608 UTC [endorser] callChaincode -\u003e INFO 0da\u001b[0m [organ-channel][bbf85d03] Entry chaincode: name:\"organcc\" \n","stream":"stderr","time":"2019-04-21T20:37:19.608961219Z"}
{"log":"\u001b[34m2019-04-21 20:37:19.613 UTC [endorser] callChaincode -\u003e INFO 0db\u001b[0m [organ-channel][bbf85d03] Exit chaincode: name:\"organcc\"  (5ms)\n","stream":"stderr","time":"2019-04-21T20:37:19.61364897Z"}
{"log":"\u001b[34m2019-04-21 20:37:19.614 UTC [comm.grpc.server] 1 -\u003e INFO 0dc\u001b[0m unary call completed grpc.service=protos.Endorser grpc.method=ProcessProposal grpc.peer_address=172.18.0.11:53908 grpc.code=OK grpc.call_duration=6.147821ms\n","stream":"stderr","time":"2019-04-21T20:37:19.614280885Z"}
{"log":"\u001b[34m2019-04-21 20:37:21.684 UTC [gossip.privdata] StoreBlock -\u003e INFO 0dd\u001b[0m [organ-channel] Received block [21] from buffer\n","stream":"stderr","time":"2019-04-21T20:37:21.684688471Z"}
{"log":"\u001b[34m2019-04-21 20:37:21.687 UTC [committer.txvalidator] Validate -\u003e INFO 0de\u001b[0m [organ-channel] Validated block [21] in 3ms\n","stream":"stderr","time":"2019-04-21T20:37:21.688182214Z"}
{"log":"\u001b[34m2019-04-21 20:37:21.802 UTC [kvledger] CommitWithPvtData -\u003e INFO 0df\u001b[0m [organ-channel] Committed block [21] with 1 transaction(s) in 114ms (state_validation=0ms block_commit=104ms state_commit=8ms)\n","stream":"stderr","time":"2019-04-21T20:37:21.803021771Z"}
{"log":"\u001b[34m2019-04-21 20:37:30.163 UTC [endorser] callChaincode -\u003e INFO 0e0\u001b[0m [organ-channel][1a55d2e8] Entry chaincode: name:\"organcc\" \n","stream":"stderr","time":"2019-04-21T20:37:30.163352828Z"}
{"log":"\u001b[34m2019-04-21 20:37:30.169 UTC [endorser] callChaincode -\u003e INFO 0e1\u001b[0m [organ-channel][1a55d2e8] Exit chaincode: name:\"organcc\"  (6ms)\n","stream":"stderr","time":"2019-04-21T20:37:30.169272062Z"}
{"log":"\u001b[34m2019-04-21 20:37:30.169 UTC [comm.grpc.server] 1 -\u003e INFO 0e2\u001b[0m unary call completed grpc.service=protos.Endorser grpc.method=ProcessProposal grpc.peer_address=172.18.0.11:53942 grpc.code=OK grpc.call_duration=7.614936ms\n","stream":"stderr","time":"2019-04-21T20:37:30.169885037Z"}
{"log":"\u001b[34m2019-04-21 20:37:32.263 UTC [gossip.privdata] StoreBlock -\u003e INFO 0e3\u001b[0m [organ-channel] Received block [22] from buffer\n","stream":"stderr","time":"2019-04-21T20:37:32.263510248Z"}
{"log":"\u001b[34m2019-04-21 20:37:32.266 UTC [committer.txvalidator] Validate -\u003e INFO 0e4\u001b[0m [organ-channel] Validated block [22] in 3ms\n","stream":"stderr","time":"2019-04-21T20:37:32.266900201Z"}
{"log":"\u001b[34m2019-04-21 20:37:32.406 UTC [kvledger] CommitWithPvtData -\u003e INFO 0e5\u001b[0m [organ-channel] Committed block [22] with 1 transaction(s) in 139ms (state_validation=0ms block_commit=123ms state_commit=7ms)\n","stream":"stderr","time":"2019-04-21T20:37:32.407070633Z"}
{"log":"\u001b[34m2019-04-21 20:37:40.731 UTC [endorser] callChaincode -\u003e INFO 0e6\u001b[0m [organ-channel][9fbc9c55] Entry chaincode: name:\"organcc\" \n","stream":"stderr","time":"2019-04-21T20:37:40.73170208Z"}
{"log":"\u001b[34m2019-04-21 20:37:40.735 UTC [endorser] callChaincode -\u003e INFO 0e7\u001b[0m [organ-channel][9fbc9c55] Exit chaincode: name:\"organcc\"  (4ms)\n","stream":"stderr","time":"2019-04-21T20:37:40.735795083Z"}
{"log":"\u001b[34m2019-04-21 20:37:40.736 UTC [comm.grpc.server] 1 -\u003e INFO 0e8\u001b[0m unary call completed grpc.service=protos.Endorser grpc.method=ProcessProposal grpc.peer_address=172.18.0.11:53976 grpc.code=OK grpc.call_duration=5.333299ms\n","stream":"stderr","time":"2019-04-21T20:37:40.736226462Z"}
{"log":"\u001b[34m2019-04-21 20:37:42.809 UTC [gossip.privdata] StoreBlock -\u003e INFO 0e9\u001b[0m [organ-channel] Received block [23] from buffer\n","stream":"stderr","time":"2019-04-21T20:37:42.80925822Z"}
{"log":"\u001b[34m2019-04-21 20:37:42.812 UTC [committer.txvalidator] Validate -\u003e INFO 0ea\u001b[0m [organ-channel] Validated block [23] in 3ms\n","stream":"stderr","time":"2019-04-21T20:37:42.812762982Z"}
{"log":"\u001b[34m2019-04-21 20:37:42.902 UTC [kvledger] CommitWithPvtData -\u003e INFO 0eb\u001b[0m [organ-channel] Committed block [23] with 1 transaction(s) in 88ms (state_validation=0ms block_commit=67ms state_commit=1ms)\n","stream":"stderr","time":"2019-04-21T20:37:42.902242633Z"}
{"log":"\u001b[34m2019-04-21 20:37:51.300 UTC [endorser] callChaincode -\u003e INFO 0ec\u001b[0m [organ-channel][4975a7b2] Entry chaincode: name:\"organcc\" \n","stream":"stderr","time":"2019-04-21T20:37:51.301112119Z"}
{"log":"\u001b[34m2019-04-21 20:37:51.304 UTC [endorser] callChaincode -\u003e INFO 0ed\u001b[0m [organ-channel][4975a7b2] Exit chaincode: name:\"organcc\"  (4ms)\n","stream":"stderr","time":"2019-04-21T20:37:51.304995684Z"}
{"log":"\u001b[34m2019-04-21 20:37:51.305 UTC [comm.grpc.server] 1 -\u003e INFO 0ee\u001b[0m unary call completed grpc.service=protos.Endorser grpc.method=ProcessProposal grpc.peer_address=172.18.0.11:54010 grpc.code=OK grpc.call_duration=4.973425ms\n","stream":"stderr","time":"2019-04-21T20:37:51.305413324Z"}
{"log":"\u001b[34m2019-04-21 20:37:53.367 UTC [gossip.privdata] StoreBlock -\u003e INFO 0ef\u001b[0m [organ-channel] Received block [24] from buffer\n","stream":"stderr","time":"2019-04-21T20:37:53.368130105Z"}
{"log":"\u001b[34m2019-04-21 20:37:53.369 UTC [committer.txvalidator] Validate -\u003e INFO 0f0\u001b[0m [organ-channel] Validated block [24] in 1ms\n","stream":"stderr","time":"2019-04-21T20:37:53.369924877Z"}
{"log":"\u001b[34m2019-04-21 20:37:53.489 UTC [kvledger] CommitWithPvtData -\u003e INFO 0f1\u001b[0m [organ-channel] Committed block [24] with 1 transaction(s) in 119ms (state_validation=0ms block_commit=75ms state_commit=8ms)\n","stream":"stderr","time":"2019-04-21T20:37:53.489233355Z"}
{"log":"\u001b[34m2019-04-21 20:38:01.911 UTC [endorser] callChaincode -\u003e INFO 0f2\u001b[0m [organ-channel][dbe7d0aa] Entry chaincode: name:\"organcc\" \n","stream":"stderr","time":"2019-04-21T20:38:01.911190422Z"}
{"log":"\u001b[34m2019-04-21 20:38:01.914 UTC [endorser] callChaincode -\u003e INFO 0f3\u001b[0m [organ-channel][dbe7d0aa] Exit chaincode: name:\"organcc\"  (4ms)\n","stream":"stderr","time":"2019-04-21T20:38:01.914959497Z"}
{"log":"\u001b[34m2019-04-21 20:38:01.915 UTC [comm.grpc.server] 1 -\u003e INFO 0f4\u001b[0m unary call completed grpc.service=protos.Endorser grpc.method=ProcessProposal grpc.peer_address=172.18.0.11:54044 grpc.code=OK grpc.call_duration=5.068463ms\n","stream":"stderr","time":"2019-04-21T20:38:01.915571463Z"}
{"log":"\u001b[34m2019-04-21 20:38:03.990 UTC [gossip.privdata] StoreBlock -\u003e INFO 0f5\u001b[0m [organ-channel] Received block [25] from buffer\n","stream":"stderr","time":"2019-04-21T20:38:03.990742268Z"}
{"log":"\u001b[34m2019-04-21 20:38:03.994 UTC [committer.txvalidator] Validate -\u003e INFO 0f6\u001b[0m [organ-channel] Validated block [25] in 3ms\n","stream":"stderr","time":"2019-04-21T20:38:03.994619746Z"}
{"log":"\u001b[34m2019-04-21 20:38:04.098 UTC [kvledger] CommitWithPvtData -\u003e INFO 0f7\u001b[0m [organ-channel] Committed block [25] with 1 transaction(s) in 103ms (state_validation=0ms block_commit=50ms state_commit=43ms)\n","stream":"stderr","time":"2019-04-21T20:38:04.098400166Z"}
{"log":"\u001b[34m2019-04-21 20:38:12.490 UTC [endorser] callChaincode -\u003e INFO 0f8\u001b[0m [organ-channel][46738000] Entry chaincode: name:\"organcc\" \n","stream":"stderr","time":"2019-04-21T20:38:12.490883325Z"}
{"log":"\u001b[34m2019-04-21 20:38:12.495 UTC [endorser] callChaincode -\u003e INFO 0f9\u001b[0m [organ-channel][46738000] Exit chaincode: name:\"organcc\"  (4ms)\n","stream":"stderr","time":"2019-04-21T20:38:12.495225489Z"}
{"log":"\u001b[34m2019-04-21 20:38:12.495 UTC [comm.grpc.server] 1 -\u003e INFO 0fa\u001b[0m unary call completed grpc.service=protos.Endorser grpc.method=ProcessProposal grpc.peer_address=172.18.0.11:54078 grpc.code=OK grpc.call_duration=5.793553ms\n","stream":"stderr","time":"2019-04-21T20:38:12.495771171Z"}
{"log":"\u001b[34m2019-04-21 20:38:14.571 UTC [gossip.privdata] StoreBlock -\u003e INFO 0fb\u001b[0m [organ-channel] Received block [26] from buffer\n","stream":"stderr","time":"2019-04-21T20:38:14.571838463Z"}
{"log":"\u001b[34m2019-04-21 20:38:14.578 UTC [committer.txvalidator] Validate -\u003e INFO 0fc\u001b[0m [organ-channel] Validated block [26] in 5ms\n","stream":"stderr","time":"2019-04-21T20:38:14.579256978Z"}
{"log":"\u001b[34m2019-04-21 20:38:14.710 UTC [kvledger] CommitWithPvtData -\u003e INFO 0fd\u001b[0m [organ-channel] Committed block [26] with 1 transaction(s) in 131ms (state_validation=0ms block_commit=70ms state_commit=45ms)\n","stream":"stderr","time":"2019-04-21T20:38:14.7110793Z"}
{"log":"\u001b[34m2019-04-21 20:38:23.015 UTC [endorser] callChaincode -\u003e INFO 0fe\u001b[0m [organ-channel][aae4d37a] Entry chaincode: name:\"organcc\" \n","stream":"stderr","time":"2019-04-21T20:38:23.015255727Z"}
{"log":"\u001b[34m2019-04-21 20:38:23.019 UTC [endorser] callChaincode -\u003e INFO 0ff\u001b[0m [organ-channel][aae4d37a] Exit chaincode: name:\"organcc\"  (4ms)\n","stream":"stderr","time":"2019-04-21T20:38:23.019721855Z"}
{"log":"\u001b[34m2019-04-21 20:38:23.020 UTC [comm.grpc.server] 1 -\u003e INFO 100\u001b[0m unary call completed grpc.service=protos.Endorser grpc.method=ProcessProposal grpc.peer_address=172.18.0.11:54112 grpc.code=OK grpc.call_duration=5.585193ms\n","stream":"stderr","time":"2019-04-21T20:38:23.020194834Z"}
{"log":"\u001b[34m2019-04-21 20:38:25.098 UTC [gossip.privdata] StoreBlock -\u003e INFO 101\u001b[0m [organ-channel] Received block [27] from buffer\n","stream":"stderr","time":"2019-04-21T20:38:25.098447605Z"}
{"log":"\u001b[34m2019-04-21 20:38:25.103 UTC [committer.txvalidator] Validate -\u003e INFO 102\u001b[0m [organ-channel] Validated block [27] in 4ms\n","stream":"stderr","time":"2019-04-21T20:38:25.103907551Z"}
{"log":"\u001b[34m2019-04-21 20:38:25.214 UTC [kvledger] CommitWithPvtData -\u003e INFO 103\u001b[0m [organ-channel] Committed block [27] with 1 transaction(s) in 110ms (state_validation=0ms block_commit=57ms state_commit=26ms)\n","stream":"stderr","time":"2019-04-21T20:38:25.214710413Z"}
{"log":"\u001b[34m2019-04-21 20:38:33.582 UTC [endorser] callChaincode -\u003e INFO 104\u001b[0m [organ-channel][df0cf58a] Entry chaincode: name:\"organcc\" \n","stream":"stderr","time":"2019-04-21T20:38:33.582425209Z"}
{"log":"\u001b[34m2019-04-21 20:38:33.586 UTC [endorser] callChaincode -\u003e INFO 105\u001b[0m [organ-channel][df0cf58a] Exit chaincode: name:\"organcc\"  (4ms)\n","stream":"stderr","time":"2019-04-21T20:38:33.586503799Z"}
{"log":"\u001b[34m2019-04-21 20:38:33.586 UTC [comm.grpc.server] 1 -\u003e INFO 106\u001b[0m unary call completed grpc.service=protos.Endorser grpc.method=ProcessProposal grpc.peer_address=172.18.0.11:54146 grpc.code=OK grpc.call_duration=5.189247ms\n","stream":"stderr","time":"2019-04-21T20:38:33.586844571Z"}
{"log":"\u001b[34m2019-04-21 20:38:35.662 UTC [gossip.privdata] StoreBlock -\u003e INFO 107\u001b[0m [organ-channel] Received block [28] from buffer\n","stream":"stderr","time":"2019-04-21T20:38:35.662428066Z"}
{"log":"\u001b[34m2019-04-21 20:38:35.665 UTC [committer.txvalidator] Validate -\u003e INFO 108\u001b[0m [organ-channel] Validated block [28] in 2ms\n","stream":"stderr","time":"2019-04-21T20:38:35.665552908Z"}
{"log":"\u001b[34m2019-04-21 20:38:35.787 UTC [kvledger] CommitWithPvtData -\u003e INFO 109\u001b[0m [organ-channel] Committed block [28] with 1 transaction(s) in 121ms (state_validation=0ms block_commit=92ms state_commit=20ms)\n","stream":"stderr","time":"2019-04-21T20:38:35.787476788Z"}
{"log":"\u001b[34m2019-04-21 20:38:44.089 UTC [endorser] callChaincode -\u003e INFO 10a\u001b[0m [organ-channel][f89a2473] Entry chaincode: name:\"organcc\" \n","stream":"stderr","time":"2019-04-21T20:38:44.090164135Z"}
{"log":"\u001b[34m2019-04-21 20:38:44.094 UTC [endorser] callChaincode -\u003e INFO 10b\u001b[0m [organ-channel][f89a2473] Exit chaincode: name:\"organcc\"  (4ms)\n","stream":"stderr","time":"2019-04-21T20:38:44.094698567Z"}
{"log":"\u001b[34m2019-04-21 20:38:44.094 UTC [comm.grpc.server] 1 -\u003e INFO 10c\u001b[0m unary call completed grpc.service=protos.Endorser grpc.method=ProcessProposal grpc.peer_address=172.18.0.11:54180 grpc.code=OK grpc.call_duration=5.972167ms\n","stream":"stderr","time":"2019-04-21T20:38:44.095013875Z"}
{"log":"\u001b[34m2019-04-21 20:38:46.166 UTC [gossip.privdata] StoreBlock -\u003e INFO 10d\u001b[0m [organ-channel] Received block [29] from buffer\n","stream":"stderr","time":"2019-04-21T20:38:46.166460818Z"}
{"log":"\u001b[34m2019-04-21 20:38:46.168 UTC [committer.txvalidator] Validate -\u003e INFO 10e\u001b[0m [organ-channel] Validated block [29] in 2ms\n","stream":"stderr","time":"2019-04-21T20:38:46.168684423Z"}
{"log":"\u001b[34m2019-04-21 20:38:46.284 UTC [kvledger] CommitWithPvtData -\u003e INFO 10f\u001b[0m [organ-channel] Committed block [29] with 1 transaction(s) in 116ms (state_validation=0ms block_commit=49ms state_commit=39ms)\n","stream":"stderr","time":"2019-04-21T20:38:46.285006224Z"}
{"log":"\u001b[34m2019-04-21 20:38:54.624 UTC [endorser] callChaincode -\u003e INFO 110\u001b[0m [organ-channel][89495e54] Entry chaincode: name:\"organcc\" \n","stream":"stderr","time":"2019-04-21T20:38:54.624328636Z"}
{"log":"\u001b[34m2019-04-21 20:38:54.627 UTC [endorser] callChaincode -\u003e INFO 111\u001b[0m [organ-channel][89495e54] Exit chaincode: name:\"organcc\"  (4ms)\n","stream":"stderr","time":"2019-04-21T20:38:54.628077713Z"}
{"log":"\u001b[34m2019-04-21 20:38:54.628 UTC [comm.grpc.server] 1 -\u003e INFO 112\u001b[0m unary call completed grpc.service=protos.Endorser grpc.method=ProcessProposal grpc.peer_address=172.18.0.11:54214 grpc.code=OK grpc.call_duration=4.870759ms\n","stream":"stderr","time":"2019-04-21T20:38:54.628539814Z"}
{"log":"\u001b[34m2019-04-21 20:38:56.681 UTC [gossip.privdata] StoreBlock -\u003e INFO 113\u001b[0m [organ-channel] Received block [30] from buffer\n","stream":"stderr","time":"2019-04-21T20:38:56.682146893Z"}
{"log":"\u001b[34m2019-04-21 20:38:56.686 UTC [committer.txvalidator] Validate -\u003e INFO 114\u001b[0m [organ-channel] Validated block [30] in 3ms\n","stream":"stderr","time":"2019-04-21T20:38:56.686209151Z"}
{"log":"\u001b[34m2019-04-21 20:38:56.788 UTC [kvledger] CommitWithPvtData -\u003e INFO 115\u001b[0m [organ-channel] Committed block [30] with 1 transaction(s) in 97ms (state_validation=0ms block_commit=61ms state_commit=27ms)\n","stream":"stderr","time":"2019-04-21T20:38:56.788252612Z"}
{"log":"\u001b[34m2019-04-21 20:39:05.130 UTC [endorser] callChaincode -\u003e INFO 116\u001b[0m [organ-channel][06c7c153] Entry chaincode: name:\"organcc\" \n","stream":"stderr","time":"2019-04-21T20:39:05.130353617Z"}
{"log":"\u001b[34m2019-04-21 20:39:05.132 UTC [endorser] callChaincode -\u003e INFO 117\u001b[0m [organ-channel][06c7c153] Exit chaincode: name:\"organcc\"  (3ms)\n","stream":"stderr","time":"2019-04-21T20:39:05.1329552Z"}
{"log":"\u001b[34m2019-04-21 20:39:05.133 UTC [comm.grpc.server] 1 -\u003e INFO 118\u001b[0m unary call completed grpc.service=protos.Endorser grpc.method=ProcessProposal grpc.peer_address=172.18.0.11:54248 grpc.code=OK grpc.call_duration=3.921103ms\n","stream":"stderr","time":"2019-04-21T20:39:05.133296919Z"}
{"log":"\u001b[34m2019-04-21 20:39:07.186 UTC [gossip.privdata] StoreBlock -\u003e INFO 119\u001b[0m [organ-channel] Received block [31] from buffer\n","stream":"stderr","time":"2019-04-21T20:39:07.186901512Z"}
{"log":"\u001b[34m2019-04-21 20:39:07.188 UTC [committer.txvalidator] Validate -\u003e INFO 11a\u001b[0m [organ-channel] Validated block [31] in 2ms\n","stream":"stderr","time":"2019-04-21T20:39:07.189028838Z"}
{"log":"\u001b[34m2019-04-21 20:39:07.300 UTC [kvledger] CommitWithPvtData -\u003e INFO 11b\u001b[0m [organ-channel] Committed block [31] with 1 transaction(s) in 111ms (state_validation=0ms block_commit=82ms state_commit=8ms)\n","stream":"stderr","time":"2019-04-21T20:39:07.300676249Z"}
{"log":"\u001b[34m2019-04-21 20:39:15.643 UTC [endorser] callChaincode -\u003e INFO 11c\u001b[0m [organ-channel][2a4a5a66] Entry chaincode: name:\"organcc\" \n","stream":"stderr","time":"2019-04-21T20:39:15.644105968Z"}
{"log":"\u001b[34m2019-04-21 20:39:15.647 UTC [endorser] callChaincode -\u003e INFO 11d\u001b[0m [organ-channel][2a4a5a66] Exit chaincode: name:\"organcc\"  (3ms)\n","stream":"stderr","time":"2019-04-21T20:39:15.647363587Z"}
{"log":"\u001b[34m2019-04-21 20:39:15.647 UTC [comm.grpc.server] 1 -\u003e INFO 11e\u001b[0m unary call completed grpc.service=protos.Endorser grpc.method=ProcessProposal grpc.peer_address=172.18.0.11:54282 grpc.code=OK grpc.call_duration=4.387359ms\n","stream":"stderr","time":"2019-04-21T20:39:15.647827222Z"}
{"log":"\u001b[34m2019-04-21 20:39:17.705 UTC [gossip.privdata] StoreBlock -\u003e INFO 11f\u001b[0m [organ-channel] Received block [32] from buffer\n","stream":"stderr","time":"2019-04-21T20:39:17.705832116Z"}
{"log":"\u001b[34m2019-04-21 20:39:17.709 UTC [committer.txvalidator] Validate -\u003e INFO 120\u001b[0m [organ-channel] Validated block [32] in 3ms\n","stream":"stderr","time":"2019-04-21T20:39:17.709714885Z"}
{"log":"\u001b[34m2019-04-21 20:39:17.808 UTC [kvledger] CommitWithPvtData -\u003e INFO 121\u001b[0m [organ-channel] Committed block [32] with 1 transaction(s) in 98ms (state_validation=0ms block_commit=61ms state_commit=9ms)\n","stream":"stderr","time":"2019-04-21T20:39:17.808292851Z"}
{"log":"\u001b[34m2019-04-21 20:39:26.179 UTC [endorser] callChaincode -\u003e INFO 122\u001b[0m [organ-channel][d953f133] Entry chaincode: name:\"organcc\" \n","stream":"stderr","time":"2019-04-21T20:39:26.179221081Z"}
{"log":"\u001b[34m2019-04-21 20:39:26.184 UTC [endorser] callChaincode -\u003e INFO 123\u001b[0m [organ-channel][d953f133] Exit chaincode: name:\"organcc\"  (6ms)\n","stream":"stderr","time":"2019-04-21T20:39:26.185158203Z"}
{"log":"\u001b[34m2019-04-21 20:39:26.185 UTC [comm.grpc.server] 1 -\u003e INFO 124\u001b[0m unary call completed grpc.service=protos.Endorser grpc.method=ProcessProposal grpc.peer_address=172.18.0.11:54316 grpc.code=OK grpc.call_duration=7.849878ms\n","stream":"stderr","time":"2019-04-21T20:39:26.185961279Z"}
{"log":"\u001b[34m2019-04-21 20:39:28.249 UTC [gossip.privdata] StoreBlock -\u003e INFO 125\u001b[0m [organ-channel] Received block [33] from buffer\n","stream":"stderr","time":"2019-04-21T20:39:28.250205768Z"}
{"log":"\u001b[34m2019-04-21 20:39:28.252 UTC [committer.txvalidator] Validate -\u003e INFO 126\u001b[0m [organ-channel] Validated block [33] in 2ms\n","stream":"stderr","time":"2019-04-21T20:39:28.253072168Z"}
{"log":"\u001b[34m2019-04-21 20:39:28.404 UTC [kvledger] CommitWithPvtData -\u003e INFO 127\u001b[0m [organ-channel] Committed block [33] with 1 transaction(s) in 151ms (state_validation=0ms block_commit=114ms state_commit=9ms)\n","stream":"stderr","time":"2019-04-21T20:39:28.404895628Z"}
{"log":"\u001b[34m2019-04-21 20:39:36.690 UTC [endorser] callChaincode -\u003e INFO 128\u001b[0m [organ-channel][e36f2e87] Entry chaincode: name:\"organcc\" \n","stream":"stderr","time":"2019-04-21T20:39:36.690570006Z"}
{"log":"\u001b[34m2019-04-21 20:39:36.694 UTC [endorser] callChaincode -\u003e INFO 129\u001b[0m [organ-channel][e36f2e87] Exit chaincode: name:\"organcc\"  (4ms)\n","stream":"stderr","time":"2019-04-21T20:39:36.694848938Z"}
{"log":"\u001b[34m2019-04-21 20:39:36.695 UTC [comm.grpc.server] 1 -\u003e INFO 12a\u001b[0m unary call completed grpc.service=protos.Endorser grpc.method=ProcessProposal grpc.peer_address=172.18.0.11:54350 grpc.code=OK grpc.call_duration=5.823425ms\n","stream":"stderr","time":"2019-04-21T20:39:36.69538561Z"}
{"log":"\u001b[34m2019-04-21 20:39:38.761 UTC [gossip.privdata] StoreBlock -\u003e INFO 12b\u001b[0m [organ-channel] Received block [34] from buffer\n","stream":"stderr","time":"2019-04-21T20:39:38.762002946Z"}
{"log":"\u001b[34m2019-04-21 20:39:38.763 UTC [committer.txvalidator] Validate -\u003e INFO 12c\u001b[0m [organ-channel] Validated block [34] in 2ms\n","stream":"stderr","time":"2019-04-21T20:39:38.764120104Z"}
{"log":"\u001b[34m2019-04-21 20:39:38.863 UTC [kvledger] CommitWithPvtData -\u003e INFO 12d\u001b[0m [organ-channel] Committed block [34] with 1 transaction(s) in 99ms (state_validation=0ms block_commit=71ms state_commit=9ms)\n","stream":"stderr","time":"2019-04-21T20:39:38.863608678Z"}
{"log":"\u001b[34m2019-04-21 20:39:47.211 UTC [endorser] callChaincode -\u003e INFO 12e\u001b[0m [organ-channel][278cc451] Entry chaincode: name:\"organcc\" \n","stream":"stderr","time":"2019-04-21T20:39:47.212020102Z"}
{"log":"\u001b[34m2019-04-21 20:39:47.218 UTC [endorser] callChaincode -\u003e INFO 12f\u001b[0m [organ-channel][278cc451] Exit chaincode: name:\"organcc\"  (7ms)\n","stream":"stderr","time":"2019-04-21T20:39:47.218698116Z"}
{"log":"\u001b[34m2019-04-21 20:39:47.218 UTC [comm.grpc.server] 1 -\u003e INFO 130\u001b[0m unary call completed grpc.service=protos.Endorser grpc.method=ProcessProposal grpc.peer_address=172.18.0.11:54384 grpc.code=OK grpc.call_duration=7.742503ms\n","stream":"stderr","time":"2019-04-21T20:39:47.219086828Z"}
{"log":"\u001b[34m2019-04-21 20:39:49.299 UTC [gossip.privdata] StoreBlock -\u003e INFO 131\u001b[0m [organ-channel] Received block [35] from buffer\n","stream":"stderr","time":"2019-04-21T20:39:49.299550485Z"}
{"log":"\u001b[34m2019-04-21 20:39:49.301 UTC [committer.txvalidator] Validate -\u003e INFO 132\u001b[0m [organ-channel] Validated block [35] in 2ms\n","stream":"stderr","time":"2019-04-21T20:39:49.30210647Z"}
{"log":"\u001b[34m2019-04-21 20:39:49.416 UTC [kvledger] CommitWithPvtData -\u003e INFO 133\u001b[0m [organ-channel] Committed block [35] with 1 transaction(s) in 114ms (state_validation=0ms block_commit=71ms state_commit=2ms)\n","stream":"stderr","time":"2019-04-21T20:39:49.416747716Z"}
