{"log":"\u001b[34m2019-04-21 20:31:33.680 UTC [nodeCmd] serve -\u003e INFO 001\u001b[0m Starting peer:\n","stream":"stderr","time":"2019-04-21T20:31:33.681093504Z"}
{"log":" Version: 1.4.1\n","stream":"stderr","time":"2019-04-21T20:31:33.681229733Z"}
{"log":" Commit SHA: 87074a7\n","stream":"stderr","time":"2019-04-21T20:31:33.681236899Z"}
{"log":" Go version: go1.11.5\n","stream":"stderr","time":"2019-04-21T20:31:33.68123992Z"}
{"log":" OS/Arch: linux/amd64\n","stream":"stderr","time":"2019-04-21T20:31:33.681242694Z"}
{"log":" Chaincode:\n","stream":"stderr","time":"2019-04-21T20:31:33.681245524Z"}
{"log":"  Base Image Version: 0.4.15\n","stream":"stderr","time":"2019-04-21T20:31:33.681248155Z"}
{"log":"  Base Docker Namespace: hyperledger\n","stream":"stderr","time":"2019-04-21T20:31:33.681250939Z"}
{"log":"  Base Docker Label: org.hyperledger.fabric\n","stream":"stderr","time":"2019-04-21T20:31:33.681253599Z"}
{"log":"  Docker Namespace: hyperledger\n","stream":"stderr","time":"2019-04-21T20:31:33.681256423Z"}
{"log":"\u001b[34m2019-04-21 20:31:33.681 UTC [ledgermgmt] initialize -\u003e INFO 002\u001b[0m Initializing ledger mgmt\n","stream":"stderr","time":"2019-04-21T20:31:33.68178787Z"}
{"log":"\u001b[34m2019-04-21 20:31:33.681 UTC [kvledger] NewProvider -\u003e INFO 003\u001b[0m Initializing ledger provider\n","stream":"stderr","time":"2019-04-21T20:31:33.681806283Z"}
{"log":"\u001b[34m2019-04-21 20:31:33.752 UTC [kvledger] NewProvider -\u003e INFO 004\u001b[0m ledger provider Initialized\n","stream":"stderr","time":"2019-04-21T20:31:33.752506681Z"}
{"log":"\u001b[34m2019-04-21 20:31:33.810 UTC [ledgermgmt] initialize -\u003e INFO 005\u001b[0m ledger mgmt initialized\n","stream":"stderr","time":"2019-04-21T20:31:33.810519592Z"}
{"log":"\u001b[34m2019-04-21 20:31:33.810 UTC [peer] func1 -\u003e INFO 006\u001b[0m Auto-detected peer address: 172.18.0.2:7051\n","stream":"stderr","time":"2019-04-21T20:31:33.810649321Z"}
{"log":"\u001b[34m2019-04-21 20:31:33.810 UTC [peer] func1 -\u003e INFO 007\u001b[0m Returning peer1.opo.organ.com:7051\n","stream":"stderr","time":"2019-04-21T20:31:33.811009892Z"}
{"log":"\u001b[34m2019-04-21 20:31:33.810 UTC [peer] func1 -\u003e INFO 008\u001b[0m Auto-detected peer address: 172.18.0.2:7051\n","stream":"stderr","time":"2019-04-21T20:31:33.811031116Z"}
{"log":"\u001b[34m2019-04-21 20:31:33.811 UTC [peer] func1 -\u003e INFO 009\u001b[0m Returning peer1.opo.organ.com:7051\n","stream":"stderr","time":"2019-04-21T20:31:33.811333436Z"}
{"log":"\u001b[34m2019-04-21 20:31:33.812 UTC [nodeCmd] serve -\u003e INFO 00a\u001b[0m Starting peer with TLS enabled\n","stream":"stderr","time":"2019-04-21T20:31:33.812687045Z"}
{"log":"\u001b[34m2019-04-21 20:31:33.814 UTC [nodeCmd] computeChaincodeEndpoint -\u003e INFO 00b\u001b[0m Entering computeChaincodeEndpoint with peerHostname: peer1.opo.organ.com\n","stream":"stderr","time":"2019-04-21T20:31:33.814463109Z"}
{"log":"\u001b[34m2019-04-21 20:31:33.814 UTC [nodeCmd] computeChaincodeEndpoint -\u003e INFO 00c\u001b[0m Exit with ccEndpoint: peer1.opo.organ.com:7052\n","stream":"stderr","time":"2019-04-21T20:31:33.814907435Z"}
{"log":"\u001b[33m2019-04-21 20:31:33.815 UTC [nodeCmd] createChaincodeServer -\u003e WARN 00d\u001b[0m peer.chaincodeListenAddress is not set, using peer1.opo.organ.com:7052\n","stream":"stderr","time":"2019-04-21T20:31:33.815311188Z"}
{"log":"\u001b[34m2019-04-21 20:31:33.818 UTC [sccapi] registerSysCC -\u003e INFO 00e\u001b[0m system chaincode lscc(github.com/hyperledger/fabric/core/scc/lscc) registered\n","stream":"stderr","time":"2019-04-21T20:31:33.8182838Z"}
{"log":"\u001b[34m2019-04-21 20:31:33.818 UTC [sccapi] registerSysCC -\u003e INFO 00f\u001b[0m system chaincode cscc(github.com/hyperledger/fabric/core/scc/cscc) registered\n","stream":"stderr","time":"2019-04-21T20:31:33.818473776Z"}
{"log":"\u001b[34m2019-04-21 20:31:33.818 UTC [sccapi] registerSysCC -\u003e INFO 010\u001b[0m system chaincode qscc(github.com/hyperledger/fabric/core/scc/qscc) registered\n","stream":"stderr","time":"2019-04-21T20:31:33.818624593Z"}
{"log":"\u001b[34m2019-04-21 20:31:33.818 UTC [sccapi] registerSysCC -\u003e INFO 011\u001b[0m system chaincode (+lifecycle,github.com/hyperledger/fabric/core/chaincode/lifecycle,true) disabled\n","stream":"stderr","time":"2019-04-21T20:31:33.818992694Z"}
{"log":"\u001b[34m2019-04-21 20:31:33.822 UTC [gossip.service] func1 -\u003e INFO 012\u001b[0m Initialize gossip with endpoint peer1.opo.organ.com:7051 and bootstrap set [peer0.opo.organ.com:7051]\n","stream":"stderr","time":"2019-04-21T20:31:33.822634077Z"}
{"log":"\u001b[34m2019-04-21 20:31:33.827 UTC [gossip.gossip] NewGossipService -\u003e INFO 013\u001b[0m Creating gossip service with self membership of Endpoint: peer1.opo.organ.com:7051, InternalEndpoint: peer1.opo.organ.com:7051, PKI-ID: 889e1e95af296a8dda18ee6713f97c73aa7e5b4f8b645aa6650847b0bb354545, Metadata: \n","stream":"stderr","time":"2019-04-21T20:31:33.827937422Z"}
{"log":"\u001b[34m2019-04-21 20:31:33.828 UTC [gossip.gossip] start -\u003e INFO 014\u001b[0m Gossip instance peer1.opo.organ.com:7051 started\n","stream":"stderr","time":"2019-04-21T20:31:33.828681944Z"}
{"log":"\u001b[34m2019-04-21 20:31:33.829 UTC [sccapi] deploySysCC -\u003e INFO 015\u001b[0m system chaincode lscc/(github.com/hyperledger/fabric/core/scc/lscc) deployed\n","stream":"stderr","time":"2019-04-21T20:31:33.829984056Z"}
{"log":"\u001b[34m2019-04-21 20:31:33.831 UTC [cscc] Init -\u003e INFO 016\u001b[0m Init CSCC\n","stream":"stderr","time":"2019-04-21T20:31:33.831430557Z"}
{"log":"\u001b[34m2019-04-21 20:31:33.831 UTC [sccapi] deploySysCC -\u003e INFO 017\u001b[0m system chaincode cscc/(github.com/hyperledger/fabric/core/scc/cscc) deployed\n","stream":"stderr","time":"2019-04-21T20:31:33.831627478Z"}
{"log":"\u001b[34m2019-04-21 20:31:33.832 UTC [qscc] Init -\u003e INFO 018\u001b[0m Init QSCC\n","stream":"stderr","time":"2019-04-21T20:31:33.832608248Z"}
{"log":"\u001b[34m2019-04-21 20:31:33.832 UTC [sccapi] deploySysCC -\u003e INFO 019\u001b[0m system chaincode qscc/(github.com/hyperledger/fabric/core/scc/qscc) deployed\n","stream":"stderr","time":"2019-04-21T20:31:33.83303259Z"}
{"log":"\u001b[34m2019-04-21 20:31:33.832 UTC [sccapi] deploySysCC -\u003e INFO 01a\u001b[0m system chaincode (+lifecycle,github.com/hyperledger/fabric/core/chaincode/lifecycle) disabled\n","stream":"stderr","time":"2019-04-21T20:31:33.833044526Z"}
{"log":"\u001b[34m2019-04-21 20:31:33.833 UTC [nodeCmd] serve -\u003e INFO 01b\u001b[0m Deployed system chaincodes\n","stream":"stderr","time":"2019-04-21T20:31:33.833151907Z"}
{"log":"\u001b[34m2019-04-21 20:31:33.834 UTC [discovery] NewService -\u003e INFO 01c\u001b[0m Created with config TLS: true, authCacheMaxSize: 1000, authCachePurgeRatio: 0.750000\n","stream":"stderr","time":"2019-04-21T20:31:33.834622262Z"}
{"log":"\u001b[34m2019-04-21 20:31:33.834 UTC [nodeCmd] registerDiscoveryService -\u003e INFO 01d\u001b[0m Discovery service activated\n","stream":"stderr","time":"2019-04-21T20:31:33.834695535Z"}
{"log":"\u001b[34m2019-04-21 20:31:33.834 UTC [nodeCmd] serve -\u003e INFO 01e\u001b[0m Starting peer with ID=[name:\"peer1.opo.organ.com\" ], network ID=[dev], address=[peer1.opo.organ.com:7051]\n","stream":"stderr","time":"2019-04-21T20:31:33.835022348Z"}
{"log":"\u001b[34m2019-04-21 20:31:33.835 UTC [nodeCmd] serve -\u003e INFO 01f\u001b[0m Started peer with ID=[name:\"peer1.opo.organ.com\" ], network ID=[dev], address=[peer1.opo.organ.com:7051]\n","stream":"stderr","time":"2019-04-21T20:31:33.835381335Z"}
{"log":"\u001b[34m2019-04-21 20:31:33.835 UTC [nodeCmd] func8 -\u003e INFO 020\u001b[0m Starting profiling server with listenAddress = 0.0.0.0:6060\n","stream":"stderr","time":"2019-04-21T20:31:33.835577181Z"}
{"log":"\u001b[33m2019-04-21 20:31:36.830 UTC [gossip.discovery] func1 -\u003e WARN 021\u001b[0m Could not connect to Endpoint: peer0.opo.organ.com:7051, InternalEndpoint: peer0.opo.organ.com:7051, PKI-ID: \u003cnil\u003e, Metadata:  : context deadline exceeded\n","stream":"stderr","time":"2019-04-21T20:31:36.830872719Z"}
{"log":"\u001b[34m2019-04-21 20:31:39.187 UTC [comm.grpc.server] 1 -\u003e INFO 022\u001b[0m unary call completed grpc.service=gossip.Gossip grpc.method=Ping grpc.request_deadline=2019-04-21T20:31:41.187Z grpc.peer_address=172.18.0.7:39800 grpc.peer_subject=\"CN=peer0.opo.organ.com,L=San Francisco,ST=California,C=US\" grpc.code=OK grpc.call_duration=78.711µs\n","stream":"stderr","time":"2019-04-21T20:31:39.187958592Z"}
{"log":"\u001b[34m2019-04-21 20:31:39.194 UTC [comm.grpc.server] 1 -\u003e INFO 023\u001b[0m streaming call completed grpc.service=gossip.Gossip grpc.method=GossipStream grpc.request_deadline=2019-04-21T20:31:49.19Z grpc.peer_address=172.18.0.7:39800 grpc.peer_subject=\"CN=peer0.opo.organ.com,L=San Francisco,ST=California,C=US\" error=\"rpc error: code = Canceled desc = context canceled\" grpc.code=Canceled grpc.call_duration=4.404847ms\n","stream":"stderr","time":"2019-04-21T20:31:39.194833061Z"}
{"log":"\u001b[34m2019-04-21 20:31:39.201 UTC [comm.grpc.server] 1 -\u003e INFO 024\u001b[0m unary call completed grpc.service=gossip.Gossip grpc.method=Ping grpc.request_deadline=2019-04-21T20:31:41.2Z grpc.peer_address=172.18.0.7:39802 grpc.peer_subject=\"CN=peer0.opo.organ.com,L=San Francisco,ST=California,C=US\" grpc.code=OK grpc.call_duration=81.463µs\n","stream":"stderr","time":"2019-04-21T20:31:39.20132912Z"}
{"log":"\u001b[34m2019-04-21 20:31:43.969 UTC [endorser] callChaincode -\u003e INFO 025\u001b[0m [][07867156] Entry chaincode: name:\"cscc\" \n","stream":"stderr","time":"2019-04-21T20:31:43.969749132Z"}
{"log":"\u001b[34m2019-04-21 20:31:43.970 UTC [ledgermgmt] CreateLedger -\u003e INFO 026\u001b[0m Creating ledger [organ-channel] with genesis block\n","stream":"stderr","time":"2019-04-21T20:31:43.970548727Z"}
{"log":"\u001b[34m2019-04-21 20:31:43.975 UTC [fsblkstorage] newBlockfileMgr -\u003e INFO 027\u001b[0m Getting block information from block storage\n","stream":"stderr","time":"2019-04-21T20:31:43.975724637Z"}
{"log":"\u001b[34m2019-04-21 20:31:44.023 UTC [kvledger] CommitWithPvtData -\u003e INFO 028\u001b[0m [organ-channel] Committed block [0] with 1 transaction(s) in 45ms (state_validation=1ms block_commit=33ms state_commit=1ms)\n","stream":"stderr","time":"2019-04-21T20:31:44.024266132Z"}
{"log":"\u001b[34m2019-04-21 20:31:44.033 UTC [ledgermgmt] CreateLedger -\u003e INFO 029\u001b[0m Created ledger [organ-channel] with genesis block\n","stream":"stderr","time":"2019-04-21T20:31:44.033729202Z"}
{"log":"\u001b[34m2019-04-21 20:31:44.042 UTC [gossip.gossip] JoinChan -\u003e INFO 02a\u001b[0m Joining gossip network of channel organ-channel with 4 organizations\n","stream":"stderr","time":"2019-04-21T20:31:44.042846808Z"}
{"log":"\u001b[34m2019-04-21 20:31:44.042 UTC [gossip.gossip] learnAnchorPeers -\u003e INFO 02b\u001b[0m No configured anchor peers of OPOMSP for channel organ-channel to learn about\n","stream":"stderr","time":"2019-04-21T20:31:44.04287739Z"}
{"log":"\u001b[34m2019-04-21 20:31:44.042 UTC [gossip.gossip] learnAnchorPeers -\u003e INFO 02c\u001b[0m No configured anchor peers of GPMSP for channel organ-channel to learn about\n","stream":"stderr","time":"2019-04-21T20:31:44.042881567Z"}
{"log":"\u001b[34m2019-04-21 20:31:44.042 UTC [gossip.gossip] learnAnchorPeers -\u003e INFO 02d\u001b[0m No configured anchor peers of HospitalMSP for channel organ-channel to learn about\n","stream":"stderr","time":"2019-04-21T20:31:44.042884899Z"}
{"log":"\u001b[34m2019-04-21 20:31:44.042 UTC [gossip.gossip] learnAnchorPeers -\u003e INFO 02e\u001b[0m No configured anchor peers of HLMSP for channel organ-channel to learn about\n","stream":"stderr","time":"2019-04-21T20:31:44.042888358Z"}
{"log":"\u001b[34m2019-04-21 20:31:44.059 UTC [gossip.state] NewGossipStateProvider -\u003e INFO 02f\u001b[0m Updating metadata information, current ledger sequence is at = 0, next expected block is = 1\n","stream":"stderr","time":"2019-04-21T20:31:44.059962326Z"}
{"log":"\u001b[34m2019-04-21 20:31:44.060 UTC [sccapi] deploySysCC -\u003e INFO 030\u001b[0m system chaincode lscc/organ-channel(github.com/hyperledger/fabric/core/scc/lscc) deployed\n","stream":"stderr","time":"2019-04-21T20:31:44.061676796Z"}
{"log":"\u001b[34m2019-04-21 20:31:44.061 UTC [cscc] Init -\u003e INFO 031\u001b[0m Init CSCC\n","stream":"stderr","time":"2019-04-21T20:31:44.061707506Z"}
{"log":"\u001b[34m2019-04-21 20:31:44.061 UTC [sccapi] deploySysCC -\u003e INFO 032\u001b[0m system chaincode cscc/organ-channel(github.com/hyperledger/fabric/core/scc/cscc) deployed\n","stream":"stderr","time":"2019-04-21T20:31:44.061711271Z"}
{"log":"\u001b[34m2019-04-21 20:31:44.061 UTC [qscc] Init -\u003e INFO 033\u001b[0m Init QSCC\n","stream":"stderr","time":"2019-04-21T20:31:44.061714357Z"}
{"log":"\u001b[34m2019-04-21 20:31:44.061 UTC [sccapi] deploySysCC -\u003e INFO 034\u001b[0m system chaincode qscc/organ-channel(github.com/hyperledger/fabric/core/scc/qscc) deployed\n","stream":"stderr","time":"2019-04-21T20:31:44.061717239Z"}
{"log":"\u001b[34m2019-04-21 20:31:44.061 UTC [sccapi] deploySysCC -\u003e INFO 035\u001b[0m system chaincode (+lifecycle,github.com/hyperledger/fabric/core/chaincode/lifecycle) disabled\n","stream":"stderr","time":"2019-04-21T20:31:44.061720233Z"}
{"log":"\u001b[34m2019-04-21 20:31:44.061 UTC [endorser] callChaincode -\u003e INFO 036\u001b[0m [][07867156] Exit chaincode: name:\"cscc\"  (92ms)\n","stream":"stderr","time":"2019-04-21T20:31:44.061723175Z"}
{"log":"\u001b[34m2019-04-21 20:31:44.061 UTC [comm.grpc.server] 1 -\u003e INFO 037\u001b[0m unary call completed grpc.service=protos.Endorser grpc.method=ProcessProposal grpc.peer_address=172.18.0.11:51238 grpc.code=OK grpc.call_duration=93.754788ms\n","stream":"stderr","time":"2019-04-21T20:31:44.061863413Z"}
{"log":"\u001b[34m2019-04-21 20:31:45.431 UTC [endorser] callChaincode -\u003e INFO 038\u001b[0m [][021ba232] Entry chaincode: name:\"lscc\" \n","stream":"stderr","time":"2019-04-21T20:31:45.431208648Z"}
{"log":"\u001b[34m2019-04-21 20:31:45.433 UTC [lscc] executeInstall -\u003e INFO 039\u001b[0m Installed Chaincode [organcc] Version [1.0] to peer\n","stream":"stderr","time":"2019-04-21T20:31:45.433502594Z"}
{"log":"\u001b[34m2019-04-21 20:31:45.433 UTC [endorser] callChaincode -\u003e INFO 03a\u001b[0m [][021ba232] Exit chaincode: name:\"lscc\"  (2ms)\n","stream":"stderr","time":"2019-04-21T20:31:45.433526792Z"}
{"log":"\u001b[34m2019-04-21 20:31:45.433 UTC [comm.grpc.server] 1 -\u003e INFO 03b\u001b[0m unary call completed grpc.service=protos.Endorser grpc.method=ProcessProposal grpc.peer_address=172.18.0.11:51272 grpc.code=OK grpc.call_duration=2.797026ms\n","stream":"stderr","time":"2019-04-21T20:31:45.433532944Z"}
{"log":"\u001b[34m2019-04-21 20:31:49.043 UTC [gossip.channel] reportMembershipChanges -\u003e INFO 03c\u001b[0m Membership view has changed. peers went online:  [[peer0.opo.organ.com:7051]] , current view:  [[peer0.opo.organ.com:7051]]\n","stream":"stderr","time":"2019-04-21T20:31:49.04350667Z"}
{"log":"\u001b[34m2019-04-21 20:31:49.889 UTC [gossip.election] leaderElection -\u003e INFO 03d\u001b[0m 889e1e95af296a8dda18ee6713f97c73aa7e5b4f8b645aa6650847b0bb354545 : Some peer is already a leader\n","stream":"stderr","time":"2019-04-21T20:31:49.889902988Z"}
{"log":"\u001b[34m2019-04-21 20:31:49.901 UTC [gossip.privdata] StoreBlock -\u003e INFO 03e\u001b[0m [organ-channel] Received block [1] from buffer\n","stream":"stderr","time":"2019-04-21T20:31:49.901660164Z"}
{"log":"\u001b[34m2019-04-21 20:31:49.939 UTC [gossip.gossip] JoinChan -\u003e INFO 03f\u001b[0m Joining gossip network of channel organ-channel with 4 organizations\n","stream":"stderr","time":"2019-04-21T20:31:49.945769591Z"}
{"log":"\u001b[34m2019-04-21 20:31:49.942 UTC [gossip.gossip] learnAnchorPeers -\u003e INFO 040\u001b[0m No configured anchor peers of HLMSP for channel organ-channel to learn about\n","stream":"stderr","time":"2019-04-21T20:31:49.945784019Z"}
{"log":"\u001b[34m2019-04-21 20:31:49.942 UTC [gossip.gossip] learnAnchorPeers -\u003e INFO 041\u001b[0m No configured anchor peers of OPOMSP for channel organ-channel to learn about\n","stream":"stderr","time":"2019-04-21T20:31:49.945789912Z"}
{"log":"\u001b[34m2019-04-21 20:31:49.942 UTC [gossip.gossip] learnAnchorPeers -\u003e INFO 042\u001b[0m No configured anchor peers of GPMSP for channel organ-channel to learn about\n","stream":"stderr","time":"2019-04-21T20:31:49.945795129Z"}
{"log":"\u001b[34m2019-04-21 20:31:49.942 UTC [gossip.gossip] learnAnchorPeers -\u003e INFO 043\u001b[0m Learning about the configured anchor peers of HospitalMSP for channel organ-channel : [{peer0.hospital.organ.com 7051}]\n","stream":"stderr","time":"2019-04-21T20:31:49.945811817Z"}
{"log":"\u001b[33m2019-04-21 20:31:49.945 UTC [gossip.service] updateEndpoints -\u003e WARN 044\u001b[0m Failed to update ordering service endpoints, due to Channel with organ-channel id was not found\n","stream":"stderr","time":"2019-04-21T20:31:49.945911567Z"}
{"log":"\u001b[34m2019-04-21 20:31:49.949 UTC [committer.txvalidator] Validate -\u003e INFO 045\u001b[0m [organ-channel] Validated block [1] in 47ms\n","stream":"stderr","time":"2019-04-21T20:31:49.949624605Z"}
{"log":"\u001b[34m2019-04-21 20:31:50.044 UTC [kvledger] CommitWithPvtData -\u003e INFO 046\u001b[0m [organ-channel] Committed block [1] with 1 transaction(s) in 91ms (state_validation=1ms block_commit=67ms state_commit=19ms)\n","stream":"stderr","time":"2019-04-21T20:31:50.044523903Z"}
{"log":"\u001b[34m2019-04-21 20:31:50.044 UTC [gossip.privdata] StoreBlock -\u003e INFO 047\u001b[0m [organ-channel] Received block [2] from buffer\n","stream":"stderr","time":"2019-04-21T20:31:50.045010477Z"}
{"log":"\u001b[34m2019-04-21 20:31:50.085 UTC [gossip.gossip] JoinChan -\u003e INFO 048\u001b[0m Joining gossip network of channel organ-channel with 4 organizations\n","stream":"stderr","time":"2019-04-21T20:31:50.086186854Z"}
{"log":"\u001b[34m2019-04-21 20:31:50.086 UTC [gossip.gossip] learnAnchorPeers -\u003e INFO 049\u001b[0m No configured anchor peers of HLMSP for channel organ-channel to learn about\n","stream":"stderr","time":"2019-04-21T20:31:50.086213755Z"}
{"log":"\u001b[34m2019-04-21 20:31:50.086 UTC [gossip.gossip] learnAnchorPeers -\u003e INFO 04a\u001b[0m Learning about the configured anchor peers of OPOMSP for channel organ-channel : [{peer0.opo.organ.com 7051}]\n","stream":"stderr","time":"2019-04-21T20:31:50.086492328Z"}
{"log":"\u001b[34m2019-04-21 20:31:50.086 UTC [gossip.gossip] learnAnchorPeers -\u003e INFO 04b\u001b[0m No configured anchor peers of GPMSP for channel organ-channel to learn about\n","stream":"stderr","time":"2019-04-21T20:31:50.086649503Z"}
{"log":"\u001b[34m2019-04-21 20:31:50.086 UTC [gossip.gossip] learnAnchorPeers -\u003e INFO 04c\u001b[0m Learning about the configured anchor peers of HospitalMSP for channel organ-channel : [{peer0.hospital.organ.com 7051}]\n","stream":"stderr","time":"2019-04-21T20:31:50.086662845Z"}
{"log":"\u001b[33m2019-04-21 20:31:50.086 UTC [gossip.service] updateEndpoints -\u003e WARN 04d\u001b[0m Failed to update ordering service endpoints, due to Channel with organ-channel id was not found\n","stream":"stderr","time":"2019-04-21T20:31:50.087033155Z"}
{"log":"\u001b[34m2019-04-21 20:31:50.095 UTC [committer.txvalidator] Validate -\u003e INFO 04e\u001b[0m [organ-channel] Validated block [2] in 50ms\n","stream":"stderr","time":"2019-04-21T20:31:50.095325972Z"}
{"log":"\u001b[34m2019-04-21 20:31:50.118 UTC [comm.grpc.server] 1 -\u003e INFO 04f\u001b[0m streaming call completed grpc.service=gossip.Gossip grpc.method=GossipStream grpc.peer_address=172.18.0.7:39802 grpc.peer_subject=\"CN=peer0.opo.organ.com,L=San Francisco,ST=California,C=US\" error=\"rpc error: code = Canceled desc = context canceled\" grpc.code=Canceled grpc.call_duration=10.916643849s\n","stream":"stderr","time":"2019-04-21T20:31:50.118844135Z"}
{"log":"\u001b[33m2019-04-21 20:31:50.125 UTC [gossip.comm] func1 -\u003e WARN 050\u001b[0m peer0.hospital.organ.com:7051, PKIid:ba796d708f8c573380991aca358280a07ecd4208cdc446b257ab45f746763abf isn't responsive: EOF\n","stream":"stderr","time":"2019-04-21T20:31:50.12612759Z"}
{"log":"\u001b[33m2019-04-21 20:31:50.126 UTC [gossip.discovery] expireDeadMembers -\u003e WARN 051\u001b[0m Entering [ba796d708f8c573380991aca358280a07ecd4208cdc446b257ab45f746763abf]\n","stream":"stderr","time":"2019-04-21T20:31:50.126398773Z"}
{"log":"\u001b[33m2019-04-21 20:31:50.126 UTC [gossip.discovery] expireDeadMembers -\u003e WARN 052\u001b[0m Closing connection to Endpoint: peer0.hospital.organ.com:7051, InternalEndpoint: , PKI-ID: ba796d708f8c573380991aca358280a07ecd4208cdc446b257ab45f746763abf, Metadata: \n","stream":"stderr","time":"2019-04-21T20:31:50.126426763Z"}
{"log":"\u001b[33m2019-04-21 20:31:50.126 UTC [gossip.discovery] expireDeadMembers -\u003e WARN 053\u001b[0m Exiting\n","stream":"stderr","time":"2019-04-21T20:31:50.126432534Z"}
{"log":"\u001b[34m2019-04-21 20:31:50.151 UTC [kvledger] CommitWithPvtData -\u003e INFO 054\u001b[0m [organ-channel] Committed block [2] with 1 transaction(s) in 55ms (state_validation=8ms block_commit=29ms state_commit=16ms)\n","stream":"stderr","time":"2019-04-21T20:31:50.151327332Z"}
{"log":"\u001b[34m2019-04-21 20:31:50.151 UTC [gossip.privdata] StoreBlock -\u003e INFO 055\u001b[0m [organ-channel] Received block [3] from buffer\n","stream":"stderr","time":"2019-04-21T20:31:50.151725248Z"}
{"log":"\u001b[34m2019-04-21 20:31:50.190 UTC [gossip.gossip] JoinChan -\u003e INFO 056\u001b[0m Joining gossip network of channel organ-channel with 4 organizations\n","stream":"stderr","time":"2019-04-21T20:31:50.190661505Z"}
{"log":"\u001b[34m2019-04-21 20:31:50.190 UTC [gossip.gossip] learnAnchorPeers -\u003e INFO 057\u001b[0m Learning about the configured anchor peers of OPOMSP for channel organ-channel : [{peer0.opo.organ.com 7051}]\n","stream":"stderr","time":"2019-04-21T20:31:50.190701322Z"}
{"log":"\u001b[34m2019-04-21 20:31:50.190 UTC [gossip.gossip] learnAnchorPeers -\u003e INFO 058\u001b[0m No configured anchor peers of GPMSP for channel organ-channel to learn about\n","stream":"stderr","time":"2019-04-21T20:31:50.190707356Z"}
{"log":"\u001b[34m2019-04-21 20:31:50.190 UTC [gossip.gossip] learnAnchorPeers -\u003e INFO 059\u001b[0m Learning about the configured anchor peers of HospitalMSP for channel organ-channel : [{peer0.hospital.organ.com 7051}]\n","stream":"stderr","time":"2019-04-21T20:31:50.193639953Z"}
{"log":"\u001b[34m2019-04-21 20:31:50.193 UTC [gossip.gossip] learnAnchorPeers -\u003e INFO 05a\u001b[0m Learning about the configured anchor peers of HLMSP for channel organ-channel : [{peer0.histocompatibility.organ.com 7051}]\n","stream":"stderr","time":"2019-04-21T20:31:50.200740661Z"}
{"log":"\u001b[33m2019-04-21 20:31:50.202 UTC [gossip.service] updateEndpoints -\u003e WARN 05b\u001b[0m Failed to update ordering service endpoints, due to Channel with organ-channel id was not found\n","stream":"stderr","time":"2019-04-21T20:31:50.202398013Z"}
{"log":"\u001b[34m2019-04-21 20:31:50.207 UTC [committer.txvalidator] Validate -\u003e INFO 05c\u001b[0m [organ-channel] Validated block [3] in 55ms\n","stream":"stderr","time":"2019-04-21T20:31:50.20775548Z"}
{"log":"\u001b[33m2019-04-21 20:31:50.236 UTC [gossip.comm] func1 -\u003e WARN 05d\u001b[0m peer0.opo.organ.com:7051, PKIid:7b53f6482e45886173c99c86f4c8096ed3dadd1ca1c4d8fa124530de62eb1dc7 isn't responsive: EOF\n","stream":"stderr","time":"2019-04-21T20:31:50.236853797Z"}
{"log":"\u001b[33m2019-04-21 20:31:50.236 UTC [gossip.discovery] expireDeadMembers -\u003e WARN 05e\u001b[0m Entering [7b53f6482e45886173c99c86f4c8096ed3dadd1ca1c4d8fa124530de62eb1dc7]\n","stream":"stderr","time":"2019-04-21T20:31:50.236882933Z"}
{"log":"\u001b[33m2019-04-21 20:31:50.236 UTC [gossip.discovery] expireDeadMembers -\u003e WARN 05f\u001b[0m Closing connection to Endpoint: peer0.opo.organ.com:7051, InternalEndpoint: peer0.opo.organ.com:7051, PKI-ID: 7b53f6482e45886173c99c86f4c8096ed3dadd1ca1c4d8fa124530de62eb1dc7, Metadata: \n","stream":"stderr","time":"2019-04-21T20:31:50.236889402Z"}
{"log":"\u001b[33m2019-04-21 20:31:50.236 UTC [gossip.discovery] expireDeadMembers -\u003e WARN 060\u001b[0m Exiting\n","stream":"stderr","time":"2019-04-21T20:31:50.237176299Z"}
{"log":"\u001b[34m2019-04-21 20:31:50.260 UTC [kvledger] CommitWithPvtData -\u003e INFO 061\u001b[0m [organ-channel] Committed block [3] with 1 transaction(s) in 52ms (state_validation=2ms block_commit=23ms state_commit=3ms)\n","stream":"stderr","time":"2019-04-21T20:31:50.260439259Z"}
{"log":"\u001b[34m2019-04-21 20:31:50.270 UTC [gossip.privdata] StoreBlock -\u003e INFO 062\u001b[0m [organ-channel] Received block [4] from buffer\n","stream":"stderr","time":"2019-04-21T20:31:50.280190686Z"}
{"log":"\u001b[34m2019-04-21 20:31:50.310 UTC [gossip.gossip] JoinChan -\u003e INFO 063\u001b[0m Joining gossip network of channel organ-channel with 4 organizations\n","stream":"stderr","time":"2019-04-21T20:31:50.31118124Z"}
{"log":"\u001b[34m2019-04-21 20:31:50.311 UTC [gossip.gossip] learnAnchorPeers -\u003e INFO 064\u001b[0m Learning about the configured anchor peers of HospitalMSP for channel organ-channel : [{peer0.hospital.organ.com 7051}]\n","stream":"stderr","time":"2019-04-21T20:31:50.311209602Z"}
{"log":"\u001b[34m2019-04-21 20:31:50.311 UTC [gossip.gossip] learnAnchorPeers -\u003e INFO 065\u001b[0m Learning about the configured anchor peers of HLMSP for channel organ-channel : [{peer0.histocompatibility.organ.com 7051}]\n","stream":"stderr","time":"2019-04-21T20:31:50.311839858Z"}
{"log":"\u001b[34m2019-04-21 20:31:50.311 UTC [gossip.gossip] learnAnchorPeers -\u003e INFO 066\u001b[0m Learning about the configured anchor peers of OPOMSP for channel organ-channel : [{peer0.opo.organ.com 7051}]\n","stream":"stderr","time":"2019-04-21T20:31:50.311860911Z"}
{"log":"\u001b[34m2019-04-21 20:31:50.313 UTC [gossip.gossip] learnAnchorPeers -\u003e INFO 067\u001b[0m Learning about the configured anchor peers of GPMSP for channel organ-channel : [{peer0.gp.organ.com 7051}]\n","stream":"stderr","time":"2019-04-21T20:31:50.315174965Z"}
{"log":"\u001b[33m2019-04-21 20:31:50.313 UTC [gossip.service] updateEndpoints -\u003e WARN 068\u001b[0m Failed to update ordering service endpoints, due to Channel with organ-channel id was not found\n","stream":"stderr","time":"2019-04-21T20:31:50.315275423Z"}
{"log":"\u001b[34m2019-04-21 20:31:50.317 UTC [committer.txvalidator] Validate -\u003e INFO 069\u001b[0m [organ-channel] Validated block [4] in 47ms\n","stream":"stderr","time":"2019-04-21T20:31:50.318030457Z"}
{"log":"\u001b[33m2019-04-21 20:31:50.355 UTC [gossip.comm] func1 -\u003e WARN 06a\u001b[0m peer0.histocompatibility.organ.com:7051, PKIid:f36be4ceaef9c7dc1a4c74f5ae6db2d14ee2c6623d37385febab7a4dca1932e4 isn't responsive: EOF\n","stream":"stderr","time":"2019-04-21T20:31:50.35564083Z"}
{"log":"\u001b[33m2019-04-21 20:31:50.356 UTC [gossip.discovery] expireDeadMembers -\u003e WARN 06b\u001b[0m Entering [f36be4ceaef9c7dc1a4c74f5ae6db2d14ee2c6623d37385febab7a4dca1932e4]\n","stream":"stderr","time":"2019-04-21T20:31:50.35707357Z"}
{"log":"\u001b[33m2019-04-21 20:31:50.356 UTC [gossip.discovery] expireDeadMembers -\u003e WARN 06c\u001b[0m Closing connection to Endpoint: peer0.histocompatibility.organ.com:7051, InternalEndpoint: , PKI-ID: f36be4ceaef9c7dc1a4c74f5ae6db2d14ee2c6623d37385febab7a4dca1932e4, Metadata: \n","stream":"stderr","time":"2019-04-21T20:31:50.357099726Z"}
{"log":"\u001b[33m2019-04-21 20:31:50.356 UTC [gossip.discovery] expireDeadMembers -\u003e WARN 06d\u001b[0m Exiting\n","stream":"stderr","time":"2019-04-21T20:31:50.357104737Z"}
{"log":"\u001b[33m2019-04-21 20:31:50.362 UTC [gossip.comm] func1 -\u003e WARN 06e\u001b[0m peer0.hospital.organ.com:7051, PKIid:ba796d708f8c573380991aca358280a07ecd4208cdc446b257ab45f746763abf isn't responsive: EOF\n","stream":"stderr","time":"2019-04-21T20:31:50.362360936Z"}
{"log":"\u001b[34m2019-04-21 20:31:50.439 UTC [kvledger] CommitWithPvtData -\u003e INFO 06f\u001b[0m [organ-channel] Committed block [4] with 1 transaction(s) in 115ms (state_validation=6ms block_commit=88ms state_commit=13ms)\n","stream":"stderr","time":"2019-04-21T20:31:50.439326511Z"}
{"log":"\u001b[34m2019-04-21 20:31:51.104 UTC [comm.grpc.server] 1 -\u003e INFO 070\u001b[0m unary call completed grpc.service=gossip.Gossip grpc.method=Ping grpc.request_deadline=2019-04-21T20:31:53.104Z grpc.peer_address=172.18.0.10:46266 grpc.peer_subject=\"CN=peer0.hospital.organ.com,L=San Francisco,ST=California,C=US\" grpc.code=OK grpc.call_duration=66.137µs\n","stream":"stderr","time":"2019-04-21T20:31:51.105763164Z"}
{"log":"\u001b[33m2019-04-21 20:31:51.285 UTC [gossip.gossip] validateMsg -\u003e WARN 071\u001b[0m StateInfo message GossipMessage: tag:CHAN_OR_ORG state_info:\u003ctimestamp:\u003cinc_num:1555878703268696733 seq_num:1555878709462660127 \u003e pki_id:\"\\034T\\305NU\\261Ce\\244\\002\\216n\\262\\016\\320ef \\342\\375\\263\\014\\311\\257X\\024\\371\\372\\337\\362\\335\\260\" channel_MAC:\"n\\275\\005_\\021\\234n\\335\\241\\207\\031\\355)7\\025`M\\251\\024:\\304d\\245\\362W\\216P6x\\025h\\204\" properties:\u003cledger_height:5 \u003e \u003e , Envelope: 98 bytes, Signature: 71 bytes is found invalid: PKIID wasn't found\n","stream":"stderr","time":"2019-04-21T20:31:51.286372351Z"}
{"log":"\u001b[33m2019-04-21 20:31:51.286 UTC [gossip.gossip] handleMessage -\u003e WARN 072\u001b[0m Message GossipMessage: tag:CHAN_OR_ORG state_info:\u003ctimestamp:\u003cinc_num:1555878703268696733 seq_num:1555878709462660127 \u003e pki_id:\"\\034T\\305NU\\261Ce\\244\\002\\216n\\262\\016\\320ef \\342\\375\\263\\014\\311\\257X\\024\\371\\372\\337\\362\\335\\260\" channel_MAC:\"n\\275\\005_\\021\\234n\\335\\241\\207\\031\\355)7\\025`M\\251\\024:\\304d\\245\\362W\\216P6x\\025h\\204\" properties:\u003cledger_height:5 \u003e \u003e , Envelope: 98 bytes, Signature: 71 bytes isn't valid\n","stream":"stderr","time":"2019-04-21T20:31:51.286409626Z"}
{"log":"\u001b[34m2019-04-21 20:31:51.303 UTC [comm.grpc.server] 1 -\u003e INFO 073\u001b[0m unary call completed grpc.service=gossip.Gossip grpc.method=Ping grpc.request_deadline=2019-04-21T20:31:53.302Z grpc.peer_address=172.18.0.6:50478 grpc.peer_subject=\"CN=peer0.histocompatibility.organ.com,L=San Francisco,ST=California,C=US\" grpc.code=OK grpc.call_duration=144.759µs\n","stream":"stderr","time":"2019-04-21T20:31:51.303261242Z"}
{"log":"\u001b[33m2019-04-21 20:31:51.306 UTC [gossip.gossip] validateMsg -\u003e WARN 074\u001b[0m StateInfo message GossipMessage: tag:CHAN_OR_ORG state_info:\u003ctimestamp:\u003cinc_num:1555878703268696733 seq_num:1555878709462660127 \u003e pki_id:\"\\034T\\305NU\\261Ce\\244\\002\\216n\\262\\016\\320ef \\342\\375\\263\\014\\311\\257X\\024\\371\\372\\337\\362\\335\\260\" channel_MAC:\"n\\275\\005_\\021\\234n\\335\\241\\207\\031\\355)7\\025`M\\251\\024:\\304d\\245\\362W\\216P6x\\025h\\204\" properties:\u003cledger_height:5 \u003e \u003e , Envelope: 98 bytes, Signature: 71 bytes is found invalid: PKIID wasn't found\n","stream":"stderr","time":"2019-04-21T20:31:51.30670142Z"}
{"log":"\u001b[33m2019-04-21 20:31:51.306 UTC [gossip.gossip] handleMessage -\u003e WARN 075\u001b[0m Message GossipMessage: tag:CHAN_OR_ORG state_info:\u003ctimestamp:\u003cinc_num:1555878703268696733 seq_num:1555878709462660127 \u003e pki_id:\"\\034T\\305NU\\261Ce\\244\\002\\216n\\262\\016\\320ef \\342\\375\\263\\014\\311\\257X\\024\\371\\372\\337\\362\\335\\260\" channel_MAC:\"n\\275\\005_\\021\\234n\\335\\241\\207\\031\\355)7\\025`M\\251\\024:\\304d\\245\\362W\\216P6x\\025h\\204\" properties:\u003cledger_height:5 \u003e \u003e , Envelope: 98 bytes, Signature: 71 bytes isn't valid\n","stream":"stderr","time":"2019-04-21T20:31:51.306825318Z"}
{"log":"\u001b[33m2019-04-21 20:31:51.685 UTC [gossip.gossip] validateMsg -\u003e WARN 076\u001b[0m StateInfo message GossipMessage: tag:CHAN_OR_ORG state_info:\u003ctimestamp:\u003cinc_num:1555878703669916956 seq_num:1555878710006872691 \u003e pki_id:\"0\\265\\0065\\337\\372\\324\\367z\u003e\\257\\310L\\245\\257_\\222\\206\\2122S\\261c\\335\\000\\261m\\333\\324R\\2710\" channel_MAC:\" /\\311\\346MAF\\257\\275\\357\\365E\\364f\\357\\207k\\336\\006\\375\\266\\335\\373?\\216\\\\E\\031\\335\\311[W\" properties:\u003cledger_height:5 \u003e \u003e , Envelope: 98 bytes, Signature: 71 bytes is found invalid: PKIID wasn't found\n","stream":"stderr","time":"2019-04-21T20:31:51.68552173Z"}
{"log":"\u001b[33m2019-04-21 20:31:51.685 UTC [gossip.gossip] handleMessage -\u003e WARN 077\u001b[0m Message GossipMessage: tag:CHAN_OR_ORG state_info:\u003ctimestamp:\u003cinc_num:1555878703669916956 seq_num:1555878710006872691 \u003e pki_id:\"0\\265\\0065\\337\\372\\324\\367z\u003e\\257\\310L\\245\\257_\\222\\206\\2122S\\261c\\335\\000\\261m\\333\\324R\\2710\" channel_MAC:\" /\\311\\346MAF\\257\\275\\357\\365E\\364f\\357\\207k\\336\\006\\375\\266\\335\\373?\\216\\\\E\\031\\335\\311[W\" properties:\u003cledger_height:5 \u003e \u003e , Envelope: 98 bytes, Signature: 71 bytes isn't valid\n","stream":"stderr","time":"2019-04-21T20:31:51.685540147Z"}
{"log":"\u001b[34m2019-04-21 20:31:53.861 UTC [comm.grpc.server] 1 -\u003e INFO 078\u001b[0m unary call completed grpc.service=gossip.Gossip grpc.method=Ping grpc.request_deadline=2019-04-21T20:31:55.861Z grpc.peer_address=172.18.0.5:39596 grpc.peer_subject=\"CN=peer1.hospital.organ.com,L=San Francisco,ST=California,C=US\" grpc.code=OK grpc.call_duration=72.005µs\n","stream":"stderr","time":"2019-04-21T20:31:53.861891115Z"}
{"log":"\u001b[34m2019-04-21 20:31:54.042 UTC [gossip.channel] reportMembershipChanges -\u003e INFO 079\u001b[0m Membership view has changed. peers went online:  [[peer0.hospital.organ.com:7051 ] [peer0.histocompatibility.organ.com:7051 ]] , current view:  [[peer0.opo.organ.com:7051] [peer0.hospital.organ.com:7051 ] [peer0.histocompatibility.organ.com:7051 ]]\n","stream":"stderr","time":"2019-04-21T20:31:54.043105202Z"}
{"log":"\u001b[34m2019-04-21 20:31:58.867 UTC [comm.grpc.server] 1 -\u003e INFO 07a\u001b[0m unary call completed grpc.service=gossip.Gossip grpc.method=Ping grpc.request_deadline=2019-04-21T20:32:00.866Z grpc.peer_address=172.18.0.4:47328 grpc.peer_subject=\"CN=peer1.gp.organ.com,L=San Francisco,ST=California,C=US\" grpc.code=OK grpc.call_duration=98.205µs\n","stream":"stderr","time":"2019-04-21T20:31:58.867359401Z"}
{"log":"\u001b[34m2019-04-21 20:31:59.042 UTC [gossip.channel] reportMembershipChanges -\u003e INFO 07b\u001b[0m Membership view has changed. peers went online:  [[peer0.gp.organ.com:7051 ] [peer1.histocompatibility.organ.com:7051 ] [peer1.hospital.organ.com:7051 ]] , current view:  [[peer0.opo.organ.com:7051] [peer0.gp.organ.com:7051 ] [peer0.hospital.organ.com:7051 ] [peer0.histocompatibility.organ.com:7051 ] [peer1.histocompatibility.organ.com:7051 ] [peer1.hospital.organ.com:7051 ]]\n","stream":"stderr","time":"2019-04-21T20:31:59.043024184Z"}
{"log":"\u001b[33m2019-04-21 20:32:01.839 UTC [gossip.comm] func1 -\u003e WARN 07c\u001b[0m peer0.opo.organ.com:7051, PKIid:7b53f6482e45886173c99c86f4c8096ed3dadd1ca1c4d8fa124530de62eb1dc7 isn't responsive: EOF\n","stream":"stderr","time":"2019-04-21T20:32:01.840250105Z"}
{"log":"\u001b[33m2019-04-21 20:32:01.840 UTC [gossip.discovery] expireDeadMembers -\u003e WARN 07d\u001b[0m Entering [7b53f6482e45886173c99c86f4c8096ed3dadd1ca1c4d8fa124530de62eb1dc7]\n","stream":"stderr","time":"2019-04-21T20:32:01.840266142Z"}
{"log":"\u001b[33m2019-04-21 20:32:01.840 UTC [gossip.discovery] expireDeadMembers -\u003e WARN 07e\u001b[0m Closing connection to Endpoint: peer0.opo.organ.com:7051, InternalEndpoint: peer0.opo.organ.com:7051, PKI-ID: 7b53f6482e45886173c99c86f4c8096ed3dadd1ca1c4d8fa124530de62eb1dc7, Metadata: \n","stream":"stderr","time":"2019-04-21T20:32:01.840270665Z"}
{"log":"\u001b[33m2019-04-21 20:32:01.840 UTC [gossip.discovery] expireDeadMembers -\u003e WARN 07f\u001b[0m Exiting\n","stream":"stderr","time":"2019-04-21T20:32:01.840318062Z"}
{"log":"\u001b[34m2019-04-21 20:32:03.034 UTC [comm.grpc.server] 1 -\u003e INFO 080\u001b[0m unary call completed grpc.service=gossip.Gossip grpc.method=Ping grpc.request_deadline=2019-04-21T20:32:05.034Z grpc.peer_address=172.18.0.7:40242 grpc.peer_subject=\"CN=peer0.opo.organ.com,L=San Francisco,ST=California,C=US\" grpc.code=OK grpc.call_duration=96.38µs\n","stream":"stderr","time":"2019-04-21T20:32:03.034485136Z"}
{"log":"\u001b[34m2019-04-21 20:32:04.042 UTC [gossip.channel] reportMembershipChanges -\u003e INFO 081\u001b[0m Membership view has changed. peers went offline:  [[peer0.opo.organ.com:7051]] , current view:  [[peer0.gp.organ.com:7051 ] [peer0.hospital.organ.com:7051 ] [peer0.histocompatibility.organ.com:7051 ] [peer1.histocompatibility.organ.com:7051 ] [peer1.hospital.organ.com:7051 ]]\n","stream":"stderr","time":"2019-04-21T20:32:04.043022233Z"}
{"log":"\u001b[34m2019-04-21 20:32:09.043 UTC [gossip.channel] reportMembershipChanges -\u003e INFO 082\u001b[0m Membership view has changed. peers went online:  [[peer1.gp.organ.com:7051 ] [peer0.opo.organ.com:7051]] , current view:  [[peer1.hospital.organ.com:7051 ] [peer1.gp.organ.com:7051 ] [peer0.opo.organ.com:7051] [peer0.gp.organ.com:7051 ] [peer0.hospital.organ.com:7051 ] [peer0.histocompatibility.organ.com:7051 ] [peer1.histocompatibility.organ.com:7051 ]]\n","stream":"stderr","time":"2019-04-21T20:32:09.043979721Z"}
{"log":"\u001b[34m2019-04-21 20:32:10.763 UTC [gossip.privdata] StoreBlock -\u003e INFO 083\u001b[0m [organ-channel] Received block [5] from buffer\n","stream":"stderr","time":"2019-04-21T20:32:10.766653327Z"}
{"log":"\u001b[34m2019-04-21 20:32:10.765 UTC [committer.txvalidator] Validate -\u003e INFO 084\u001b[0m [organ-channel] Validated block [5] in 2ms\n","stream":"stderr","time":"2019-04-21T20:32:10.766670139Z"}
{"log":"\u001b[34m2019-04-21 20:32:10.765 UTC [cceventmgmt] HandleStateUpdates -\u003e INFO 085\u001b[0m Channel [organ-channel]: Handling deploy or update of chaincode [organcc]\n","stream":"stderr","time":"2019-04-21T20:32:10.766675782Z"}
{"log":"\u001b[34m2019-04-21 20:32:10.913 UTC [kvledger] CommitWithPvtData -\u003e INFO 086\u001b[0m [organ-channel] Committed block [5] with 1 transaction(s) in 148ms (state_validation=1ms block_commit=119ms state_commit=18ms)\n","stream":"stderr","time":"2019-04-21T20:32:10.914034504Z"}
{"log":"\u001b[34m2019-04-21 20:34:17.476 UTC [endorser] callChaincode -\u003e INFO 087\u001b[0m [organ-channel][6982060d] Entry chaincode: name:\"organcc\" \n","stream":"stderr","time":"2019-04-21T20:34:17.476945546Z"}
{"log":"\u001b[34m2019-04-21 20:34:39.117 UTC [endorser] callChaincode -\u003e INFO 088\u001b[0m [organ-channel][6982060d] Exit chaincode: name:\"organcc\"  (21641ms)\n","stream":"stderr","time":"2019-04-21T20:34:39.11720637Z"}
{"log":"\u001b[34m2019-04-21 20:34:39.117 UTC [comm.grpc.server] 1 -\u003e INFO 089\u001b[0m unary call completed grpc.service=protos.Endorser grpc.method=ProcessProposal grpc.peer_address=172.18.0.11:51720 grpc.code=OK grpc.call_duration=21.643326595s\n","stream":"stderr","time":"2019-04-21T20:34:39.117786352Z"}
{"log":"\u001b[34m2019-04-21 20:34:41.132 UTC [gossip.privdata] StoreBlock -\u003e INFO 08a\u001b[0m [organ-channel] Received block [6] from buffer\n","stream":"stderr","time":"2019-04-21T20:34:41.133218445Z"}
{"log":"\u001b[34m2019-04-21 20:34:41.140 UTC [committer.txvalidator] Validate -\u003e INFO 08b\u001b[0m [organ-channel] Validated block [6] in 7ms\n","stream":"stderr","time":"2019-04-21T20:34:41.140739906Z"}
{"log":"\u001b[34m2019-04-21 20:34:41.245 UTC [kvledger] CommitWithPvtData -\u003e INFO 08c\u001b[0m [organ-channel] Committed block [6] with 1 transaction(s) in 105ms (state_validation=0ms block_commit=73ms state_commit=1ms)\n","stream":"stderr","time":"2019-04-21T20:34:41.246044569Z"}
{"log":"\u001b[34m2019-04-21 20:34:49.786 UTC [endorser] callChaincode -\u003e INFO 08d\u001b[0m [organ-channel][6e8e4b95] Entry chaincode: name:\"organcc\" \n","stream":"stderr","time":"2019-04-21T20:34:49.786589267Z"}
{"log":"\u001b[34m2019-04-21 20:34:49.809 UTC [endorser] callChaincode -\u003e INFO 08e\u001b[0m [organ-channel][6e8e4b95] Exit chaincode: name:\"organcc\"  (23ms)\n","stream":"stderr","time":"2019-04-21T20:34:49.809934517Z"}
{"log":"\u001b[34m2019-04-21 20:34:49.810 UTC [comm.grpc.server] 1 -\u003e INFO 08f\u001b[0m unary call completed grpc.service=protos.Endorser grpc.method=ProcessProposal grpc.peer_address=172.18.0.11:52526 grpc.code=OK grpc.call_duration=24.85768ms\n","stream":"stderr","time":"2019-04-21T20:34:49.810412825Z"}
{"log":"\u001b[34m2019-04-21 20:34:51.843 UTC [gossip.privdata] StoreBlock -\u003e INFO 090\u001b[0m [organ-channel] Received block [7] from buffer\n","stream":"stderr","time":"2019-04-21T20:34:51.843526287Z"}
{"log":"\u001b[34m2019-04-21 20:34:51.851 UTC [committer.txvalidator] Validate -\u003e INFO 091\u001b[0m [organ-channel] Validated block [7] in 8ms\n","stream":"stderr","time":"2019-04-21T20:34:51.8517717Z"}
{"log":"\u001b[34m2019-04-21 20:34:52.026 UTC [kvledger] CommitWithPvtData -\u003e INFO 092\u001b[0m [organ-channel] Committed block [7] with 1 transaction(s) in 167ms (state_validation=15ms block_commit=105ms state_commit=34ms)\n","stream":"stderr","time":"2019-04-21T20:34:52.026417841Z"}
{"log":"\u001b[34m2019-04-21 20:35:00.578 UTC [endorser] callChaincode -\u003e INFO 093\u001b[0m [organ-channel][1ae351bc] Entry chaincode: name:\"organcc\" \n","stream":"stderr","time":"2019-04-21T20:35:00.578545434Z"}
{"log":"\u001b[34m2019-04-21 20:35:00.589 UTC [endorser] callChaincode -\u003e INFO 094\u001b[0m [organ-channel][1ae351bc] Exit chaincode: name:\"organcc\"  (11ms)\n","stream":"stderr","time":"2019-04-21T20:35:00.589334564Z"}
{"log":"\u001b[34m2019-04-21 20:35:00.590 UTC [comm.grpc.server] 1 -\u003e INFO 095\u001b[0m unary call completed grpc.service=protos.Endorser grpc.method=ProcessProposal grpc.peer_address=172.18.0.11:52560 grpc.code=OK grpc.call_duration=12.902097ms\n","stream":"stderr","time":"2019-04-21T20:35:00.59043604Z"}
{"log":"\u001b[34m2019-04-21 20:35:02.614 UTC [gossip.privdata] StoreBlock -\u003e INFO 096\u001b[0m [organ-channel] Received block [8] from buffer\n","stream":"stderr","time":"2019-04-21T20:35:02.614565971Z"}
{"log":"\u001b[34m2019-04-21 20:35:02.618 UTC [committer.txvalidator] Validate -\u003e INFO 097\u001b[0m [organ-channel] Validated block [8] in 3ms\n","stream":"stderr","time":"2019-04-21T20:35:02.618163688Z"}
{"log":"\u001b[34m2019-04-21 20:35:02.769 UTC [kvledger] CommitWithPvtData -\u003e INFO 098\u001b[0m [organ-channel] Committed block [8] with 1 transaction(s) in 151ms (state_validation=29ms block_commit=80ms state_commit=39ms)\n","stream":"stderr","time":"2019-04-21T20:35:02.771155304Z"}
{"log":"\u001b[34m2019-04-21 20:35:11.226 UTC [endorser] callChaincode -\u003e INFO 099\u001b[0m [organ-channel][190773cd] Entry chaincode: name:\"organcc\" \n","stream":"stderr","time":"2019-04-21T20:35:11.227066744Z"}
{"log":"\u001b[34m2019-04-21 20:35:11.235 UTC [endorser] callChaincode -\u003e INFO 09a\u001b[0m [organ-channel][190773cd] Exit chaincode: name:\"organcc\"  (8ms)\n","stream":"stderr","time":"2019-04-21T20:35:11.235342882Z"}
{"log":"\u001b[34m2019-04-21 20:35:11.235 UTC [comm.grpc.server] 1 -\u003e INFO 09b\u001b[0m unary call completed grpc.service=protos.Endorser grpc.method=ProcessProposal grpc.peer_address=172.18.0.11:52598 grpc.code=OK grpc.call_duration=9.837734ms\n","stream":"stderr","time":"2019-04-21T20:35:11.236031639Z"}
{"log":"\u001b[34m2019-04-21 20:35:13.274 UTC [gossip.privdata] StoreBlock -\u003e INFO 09c\u001b[0m [organ-channel] Received block [9] from buffer\n","stream":"stderr","time":"2019-04-21T20:35:13.274846268Z"}
{"log":"\u001b[34m2019-04-21 20:35:13.281 UTC [committer.txvalidator] Validate -\u003e INFO 09d\u001b[0m [organ-channel] Validated block [9] in 6ms\n","stream":"stderr","time":"2019-04-21T20:35:13.281714596Z"}
{"log":"\u001b[34m2019-04-21 20:35:13.444 UTC [kvledger] CommitWithPvtData -\u003e INFO 09e\u001b[0m [organ-channel] Committed block [9] with 1 transaction(s) in 161ms (state_validation=85ms block_commit=57ms state_commit=1ms)\n","stream":"stderr","time":"2019-04-21T20:35:13.444756519Z"}
{"log":"\u001b[34m2019-04-21 20:35:21.873 UTC [endorser] callChaincode -\u003e INFO 09f\u001b[0m [organ-channel][353aca45] Entry chaincode: name:\"organcc\" \n","stream":"stderr","time":"2019-04-21T20:35:21.873611512Z"}
{"log":"\u001b[34m2019-04-21 20:35:21.890 UTC [endorser] callChaincode -\u003e INFO 0a0\u001b[0m [organ-channel][353aca45] Exit chaincode: name:\"organcc\"  (17ms)\n","stream":"stderr","time":"2019-04-21T20:35:21.890784845Z"}
{"log":"\u001b[34m2019-04-21 20:35:21.891 UTC [comm.grpc.server] 1 -\u003e INFO 0a1\u001b[0m unary call completed grpc.service=protos.Endorser grpc.method=ProcessProposal grpc.peer_address=172.18.0.11:52632 grpc.code=OK grpc.call_duration=19.020648ms\n","stream":"stderr","time":"2019-04-21T20:35:21.891455834Z"}
{"log":"\u001b[34m2019-04-21 20:35:23.926 UTC [gossip.privdata] StoreBlock -\u003e INFO 0a2\u001b[0m [organ-channel] Received block [10] from buffer\n","stream":"stderr","time":"2019-04-21T20:35:23.926669981Z"}
{"log":"\u001b[34m2019-04-21 20:35:23.930 UTC [committer.txvalidator] Validate -\u003e INFO 0a3\u001b[0m [organ-channel] Validated block [10] in 3ms\n","stream":"stderr","time":"2019-04-21T20:35:23.930441534Z"}
{"log":"\u001b[34m2019-04-21 20:35:24.097 UTC [kvledger] CommitWithPvtData -\u003e INFO 0a4\u001b[0m [organ-channel] Committed block [10] with 1 transaction(s) in 167ms (state_validation=70ms block_commit=60ms state_commit=26ms)\n","stream":"stderr","time":"2019-04-21T20:35:24.098034342Z"}
{"log":"\u001b[34m2019-04-21 20:35:32.518 UTC [endorser] callChaincode -\u003e INFO 0a5\u001b[0m [organ-channel][e13b5f24] Entry chaincode: name:\"organcc\" \n","stream":"stderr","time":"2019-04-21T20:35:32.519136135Z"}
{"log":"\u001b[34m2019-04-21 20:35:32.530 UTC [endorser] callChaincode -\u003e INFO 0a6\u001b[0m [organ-channel][e13b5f24] Exit chaincode: name:\"organcc\"  (11ms)\n","stream":"stderr","time":"2019-04-21T20:35:32.530410896Z"}
{"log":"\u001b[34m2019-04-21 20:35:32.530 UTC [comm.grpc.server] 1 -\u003e INFO 0a7\u001b[0m unary call completed grpc.service=protos.Endorser grpc.method=ProcessProposal grpc.peer_address=172.18.0.11:52666 grpc.code=OK grpc.call_duration=12.534077ms\n","stream":"stderr","time":"2019-04-21T20:35:32.530854883Z"}
{"log":"\u001b[34m2019-04-21 20:35:34.551 UTC [gossip.privdata] StoreBlock -\u003e INFO 0a8\u001b[0m [organ-channel] Received block [11] from buffer\n","stream":"stderr","time":"2019-04-21T20:35:34.551942465Z"}
{"log":"\u001b[34m2019-04-21 20:35:34.559 UTC [committer.txvalidator] Validate -\u003e INFO 0a9\u001b[0m [organ-channel] Validated block [11] in 7ms\n","stream":"stderr","time":"2019-04-21T20:35:34.55957477Z"}
{"log":"\u001b[34m2019-04-21 20:35:34.764 UTC [kvledger] CommitWithPvtData -\u003e INFO 0aa\u001b[0m [organ-channel] Committed block [11] with 1 transaction(s) in 202ms (state_validation=85ms block_commit=71ms state_commit=37ms)\n","stream":"stderr","time":"2019-04-21T20:35:34.765145479Z"}
{"log":"\u001b[34m2019-04-21 20:35:43.127 UTC [endorser] callChaincode -\u003e INFO 0ab\u001b[0m [organ-channel][e408018b] Entry chaincode: name:\"organcc\" \n","stream":"stderr","time":"2019-04-21T20:35:43.127232573Z"}
{"log":"\u001b[34m2019-04-21 20:35:43.137 UTC [endorser] callChaincode -\u003e INFO 0ac\u001b[0m [organ-channel][e408018b] Exit chaincode: name:\"organcc\"  (11ms)\n","stream":"stderr","time":"2019-04-21T20:35:43.137954398Z"}
{"log":"\u001b[34m2019-04-21 20:35:43.138 UTC [comm.grpc.server] 1 -\u003e INFO 0ad\u001b[0m unary call completed grpc.service=protos.Endorser grpc.method=ProcessProposal grpc.peer_address=172.18.0.11:52700 grpc.code=OK grpc.call_duration=12.086631ms\n","stream":"stderr","time":"2019-04-21T20:35:43.138468744Z"}
{"log":"\u001b[34m2019-04-21 20:35:45.160 UTC [gossip.privdata] StoreBlock -\u003e INFO 0ae\u001b[0m [organ-channel] Received block [12] from buffer\n","stream":"stderr","time":"2019-04-21T20:35:45.160651182Z"}
{"log":"\u001b[34m2019-04-21 20:35:45.163 UTC [committer.txvalidator] Validate -\u003e INFO 0af\u001b[0m [organ-channel] Validated block [12] in 3ms\n","stream":"stderr","time":"2019-04-21T20:35:45.163926607Z"}
{"log":"\u001b[34m2019-04-21 20:35:45.387 UTC [kvledger] CommitWithPvtData -\u003e INFO 0b0\u001b[0m [organ-channel] Committed block [12] with 1 transaction(s) in 222ms (state_validation=113ms block_commit=70ms state_commit=30ms)\n","stream":"stderr","time":"2019-04-21T20:35:45.387160672Z"}
{"log":"\u001b[34m2019-04-21 20:35:53.996 UTC [endorser] callChaincode -\u003e INFO 0b1\u001b[0m [organ-channel][ba432eaa] Entry chaincode: name:\"organcc\" \n","stream":"stderr","time":"2019-04-21T20:35:53.996800178Z"}
{"log":"\u001b[34m2019-04-21 20:35:54.018 UTC [endorser] callChaincode -\u003e INFO 0b2\u001b[0m [organ-channel][ba432eaa] Exit chaincode: name:\"organcc\"  (22ms)\n","stream":"stderr","time":"2019-04-21T20:35:54.01890147Z"}
{"log":"\u001b[34m2019-04-21 20:35:54.019 UTC [comm.grpc.server] 1 -\u003e INFO 0b3\u001b[0m unary call completed grpc.service=protos.Endorser grpc.method=ProcessProposal grpc.peer_address=172.18.0.11:52734 grpc.code=OK grpc.call_duration=24.570348ms\n","stream":"stderr","time":"2019-04-21T20:35:54.019525152Z"}
{"log":"\u001b[34m2019-04-21 20:35:56.058 UTC [gossip.privdata] StoreBlock -\u003e INFO 0b4\u001b[0m [organ-channel] Received block [13] from buffer\n","stream":"stderr","time":"2019-04-21T20:35:56.058483704Z"}
{"log":"\u001b[34m2019-04-21 20:35:56.064 UTC [committer.txvalidator] Validate -\u003e INFO 0b5\u001b[0m [organ-channel] Validated block [13] in 6ms\n","stream":"stderr","time":"2019-04-21T20:35:56.06517936Z"}
{"log":"\u001b[34m2019-04-21 20:35:56.306 UTC [kvledger] CommitWithPvtData -\u003e INFO 0b6\u001b[0m [organ-channel] Committed block [13] with 1 transaction(s) in 241ms (state_validation=136ms block_commit=92ms state_commit=10ms)\n","stream":"stderr","time":"2019-04-21T20:35:56.306840664Z"}
{"log":"\u001b[34m2019-04-21 20:36:04.750 UTC [endorser] callChaincode -\u003e INFO 0b7\u001b[0m [organ-channel][e5f35edc] Entry chaincode: name:\"organcc\" \n","stream":"stderr","time":"2019-04-21T20:36:04.751423116Z"}
{"log":"\u001b[34m2019-04-21 20:36:04.767 UTC [endorser] callChaincode -\u003e INFO 0b8\u001b[0m [organ-channel][e5f35edc] Exit chaincode: name:\"organcc\"  (17ms)\n","stream":"stderr","time":"2019-04-21T20:36:04.767826759Z"}
{"log":"\u001b[34m2019-04-21 20:36:04.768 UTC [comm.grpc.server] 1 -\u003e INFO 0b9\u001b[0m unary call completed grpc.service=protos.Endorser grpc.method=ProcessProposal grpc.peer_address=172.18.0.11:52768 grpc.code=OK grpc.call_duration=18.310821ms\n","stream":"stderr","time":"2019-04-21T20:36:04.768385045Z"}
{"log":"\u001b[34m2019-04-21 20:36:06.797 UTC [gossip.privdata] StoreBlock -\u003e INFO 0ba\u001b[0m [organ-channel] Received block [14] from buffer\n","stream":"stderr","time":"2019-04-21T20:36:06.797865685Z"}
{"log":"\u001b[34m2019-04-21 20:36:06.806 UTC [committer.txvalidator] Validate -\u003e INFO 0bb\u001b[0m [organ-channel] Validated block [14] in 8ms\n","stream":"stderr","time":"2019-04-21T20:36:06.806187436Z"}
{"log":"\u001b[34m2019-04-21 20:36:07.054 UTC [kvledger] CommitWithPvtData -\u003e INFO 0bc\u001b[0m [organ-channel] Committed block [14] with 1 transaction(s) in 247ms (state_validation=110ms block_commit=91ms state_commit=36ms)\n","stream":"stderr","time":"2019-04-21T20:36:07.054436147Z"}
{"log":"\u001b[34m2019-04-21 20:36:15.406 UTC [endorser] callChaincode -\u003e INFO 0bd\u001b[0m [organ-channel][dee1c989] Entry chaincode: name:\"organcc\" \n","stream":"stderr","time":"2019-04-21T20:36:15.407145564Z"}
{"log":"\u001b[34m2019-04-21 20:36:15.423 UTC [endorser] callChaincode -\u003e INFO 0be\u001b[0m [organ-channel][dee1c989] Exit chaincode: name:\"organcc\"  (17ms)\n","stream":"stderr","time":"2019-04-21T20:36:15.423864149Z"}
{"log":"\u001b[34m2019-04-21 20:36:15.424 UTC [comm.grpc.server] 1 -\u003e INFO 0bf\u001b[0m unary call completed grpc.service=protos.Endorser grpc.method=ProcessProposal grpc.peer_address=172.18.0.11:52802 grpc.code=OK grpc.call_duration=18.23796ms\n","stream":"stderr","time":"2019-04-21T20:36:15.424578596Z"}
{"log":"\u001b[34m2019-04-21 20:36:17.457 UTC [gossip.privdata] StoreBlock -\u003e INFO 0c0\u001b[0m [organ-channel] Received block [15] from buffer\n","stream":"stderr","time":"2019-04-21T20:36:17.458082154Z"}
{"log":"\u001b[34m2019-04-21 20:36:17.461 UTC [committer.txvalidator] Validate -\u003e INFO 0c1\u001b[0m [organ-channel] Validated block [15] in 3ms\n","stream":"stderr","time":"2019-04-21T20:36:17.461602238Z"}
{"log":"\u001b[34m2019-04-21 20:36:17.730 UTC [kvledger] CommitWithPvtData -\u003e INFO 0c2\u001b[0m [organ-channel] Committed block [15] with 1 transaction(s) in 268ms (state_validation=162ms block_commit=70ms state_commit=9ms)\n","stream":"stderr","time":"2019-04-21T20:36:17.730689365Z"}
{"log":"\u001b[34m2019-04-21 20:36:26.170 UTC [endorser] callChaincode -\u003e INFO 0c3\u001b[0m [organ-channel][1964ae9d] Entry chaincode: name:\"organcc\" \n","stream":"stderr","time":"2019-04-21T20:36:26.171182688Z"}
{"log":"\u001b[34m2019-04-21 20:36:26.195 UTC [endorser] callChaincode -\u003e INFO 0c4\u001b[0m [organ-channel][1964ae9d] Exit chaincode: name:\"organcc\"  (24ms)\n","stream":"stderr","time":"2019-04-21T20:36:26.195499793Z"}
{"log":"\u001b[34m2019-04-21 20:36:26.196 UTC [comm.grpc.server] 1 -\u003e INFO 0c5\u001b[0m unary call completed grpc.service=protos.Endorser grpc.method=ProcessProposal grpc.peer_address=172.18.0.11:52836 grpc.code=OK grpc.call_duration=26.194402ms\n","stream":"stderr","time":"2019-04-21T20:36:26.196316155Z"}
{"log":"\u001b[34m2019-04-21 20:36:28.222 UTC [gossip.privdata] StoreBlock -\u003e INFO 0c6\u001b[0m [organ-channel] Received block [16] from buffer\n","stream":"stderr","time":"2019-04-21T20:36:28.222580066Z"}
{"log":"\u001b[34m2019-04-21 20:36:28.230 UTC [committer.txvalidator] Validate -\u003e INFO 0c7\u001b[0m [organ-channel] Validated block [16] in 7ms\n","stream":"stderr","time":"2019-04-21T20:36:28.230260996Z"}
{"log":"\u001b[34m2019-04-21 20:36:28.520 UTC [kvledger] CommitWithPvtData -\u003e INFO 0c8\u001b[0m [organ-channel] Committed block [16] with 1 transaction(s) in 290ms (state_validation=168ms block_commit=77ms state_commit=9ms)\n","stream":"stderr","time":"2019-04-21T20:36:28.521177469Z"}
{"log":"\u001b[34m2019-04-21 20:36:36.836 UTC [endorser] callChaincode -\u003e INFO 0c9\u001b[0m [organ-channel][035015ac] Entry chaincode: name:\"organcc\" \n","stream":"stderr","time":"2019-04-21T20:36:36.836575598Z"}
{"log":"\u001b[34m2019-04-21 20:36:36.853 UTC [endorser] callChaincode -\u003e INFO 0ca\u001b[0m [organ-channel][035015ac] Exit chaincode: name:\"organcc\"  (17ms)\n","stream":"stderr","time":"2019-04-21T20:36:36.853566198Z"}
{"log":"\u001b[34m2019-04-21 20:36:36.854 UTC [comm.grpc.server] 1 -\u003e INFO 0cb\u001b[0m unary call completed grpc.service=protos.Endorser grpc.method=ProcessProposal grpc.peer_address=172.18.0.11:52872 grpc.code=OK grpc.call_duration=18.641186ms\n","stream":"stderr","time":"2019-04-21T20:36:36.854285534Z"}
{"log":"\u001b[34m2019-04-21 20:36:38.873 UTC [gossip.privdata] StoreBlock -\u003e INFO 0cc\u001b[0m [organ-channel] Received block [17] from buffer\n","stream":"stderr","time":"2019-04-21T20:36:38.873882505Z"}
{"log":"\u001b[34m2019-04-21 20:36:38.883 UTC [committer.txvalidator] Validate -\u003e INFO 0cd\u001b[0m [organ-channel] Validated block [17] in 9ms\n","stream":"stderr","time":"2019-04-21T20:36:38.883702584Z"}
{"log":"\u001b[34m2019-04-21 20:36:39.205 UTC [kvledger] CommitWithPvtData -\u003e INFO 0ce\u001b[0m [organ-channel] Committed block [17] with 1 transaction(s) in 321ms (state_validation=209ms block_commit=60ms state_commit=33ms)\n","stream":"stderr","time":"2019-04-21T20:36:39.20533417Z"}
{"log":"\u001b[34m2019-04-21 20:36:47.636 UTC [endorser] callChaincode -\u003e INFO 0cf\u001b[0m [organ-channel][92971911] Entry chaincode: name:\"organcc\" \n","stream":"stderr","time":"2019-04-21T20:36:47.636498272Z"}
{"log":"\u001b[34m2019-04-21 20:36:47.656 UTC [endorser] callChaincode -\u003e INFO 0d0\u001b[0m [organ-channel][92971911] Exit chaincode: name:\"organcc\"  (21ms)\n","stream":"stderr","time":"2019-04-21T20:36:47.657016847Z"}
{"log":"\u001b[34m2019-04-21 20:36:47.657 UTC [comm.grpc.server] 1 -\u003e INFO 0d1\u001b[0m unary call completed grpc.service=protos.Endorser grpc.method=ProcessProposal grpc.peer_address=172.18.0.11:52906 grpc.code=OK grpc.call_duration=22.677926ms\n","stream":"stderr","time":"2019-04-21T20:36:47.657822465Z"}
{"log":"\u001b[34m2019-04-21 20:36:49.679 UTC [gossip.privdata] StoreBlock -\u003e INFO 0d2\u001b[0m [organ-channel] Received block [18] from buffer\n","stream":"stderr","time":"2019-04-21T20:36:49.68038487Z"}
{"log":"\u001b[34m2019-04-21 20:36:49.686 UTC [committer.txvalidator] Validate -\u003e INFO 0d3\u001b[0m [organ-channel] Validated block [18] in 6ms\n","stream":"stderr","time":"2019-04-21T20:36:49.686228073Z"}
{"log":"\u001b[34m2019-04-21 20:36:49.980 UTC [kvledger] CommitWithPvtData -\u003e INFO 0d4\u001b[0m [organ-channel] Committed block [18] with 1 transaction(s) in 290ms (state_validation=223ms block_commit=41ms state_commit=8ms)\n","stream":"stderr","time":"2019-04-21T20:36:49.980501718Z"}
{"log":"\u001b[34m2019-04-21 20:36:58.344 UTC [endorser] callChaincode -\u003e INFO 0d5\u001b[0m [organ-channel][c78198db] Entry chaincode: name:\"organcc\" \n","stream":"stderr","time":"2019-04-21T20:36:58.344560898Z"}
{"log":"\u001b[34m2019-04-21 20:36:58.368 UTC [endorser] callChaincode -\u003e INFO 0d6\u001b[0m [organ-channel][c78198db] Exit chaincode: name:\"organcc\"  (24ms)\n","stream":"stderr","time":"2019-04-21T20:36:58.368636363Z"}
{"log":"\u001b[34m2019-04-21 20:36:58.369 UTC [comm.grpc.server] 1 -\u003e INFO 0d7\u001b[0m unary call completed grpc.service=protos.Endorser grpc.method=ProcessProposal grpc.peer_address=172.18.0.11:52940 grpc.code=OK grpc.call_duration=25.768793ms\n","stream":"stderr","time":"2019-04-21T20:36:58.369252981Z"}
{"log":"\u001b[34m2019-04-21 20:37:00.390 UTC [gossip.privdata] StoreBlock -\u003e INFO 0d8\u001b[0m [organ-channel] Received block [19] from buffer\n","stream":"stderr","time":"2019-04-21T20:37:00.390892851Z"}
{"log":"\u001b[34m2019-04-21 20:37:00.396 UTC [committer.txvalidator] Validate -\u003e INFO 0d9\u001b[0m [organ-channel] Validated block [19] in 6ms\n","stream":"stderr","time":"2019-04-21T20:37:00.397096538Z"}
{"log":"\u001b[34m2019-04-21 20:37:00.777 UTC [kvledger] CommitWithPvtData -\u003e INFO 0da\u001b[0m [organ-channel] Committed block [19] with 1 transaction(s) in 377ms (state_validation=304ms block_commit=39ms state_commit=9ms)\n","stream":"stderr","time":"2019-04-21T20:37:00.777753504Z"}
{"log":"\u001b[34m2019-04-21 20:37:09.073 UTC [endorser] callChaincode -\u003e INFO 0db\u001b[0m [organ-channel][d826394c] Entry chaincode: name:\"organcc\" \n","stream":"stderr","time":"2019-04-21T20:37:09.073593266Z"}
{"log":"\u001b[34m2019-04-21 20:37:09.096 UTC [endorser] callChaincode -\u003e INFO 0dc\u001b[0m [organ-channel][d826394c] Exit chaincode: name:\"organcc\"  (23ms)\n","stream":"stderr","time":"2019-04-21T20:37:09.097634411Z"}
{"log":"\u001b[34m2019-04-21 20:37:09.097 UTC [comm.grpc.server] 1 -\u003e INFO 0dd\u001b[0m unary call completed grpc.service=protos.Endorser grpc.method=ProcessProposal grpc.peer_address=172.18.0.11:52974 grpc.code=OK grpc.call_duration=24.972242ms\n","stream":"stderr","time":"2019-04-21T20:37:09.097656982Z"}
{"log":"\u001b[34m2019-04-21 20:37:11.114 UTC [gossip.privdata] StoreBlock -\u003e INFO 0de\u001b[0m [organ-channel] Received block [20] from buffer\n","stream":"stderr","time":"2019-04-21T20:37:11.114499913Z"}
{"log":"\u001b[34m2019-04-21 20:37:11.118 UTC [committer.txvalidator] Validate -\u003e INFO 0df\u001b[0m [organ-channel] Validated block [20] in 3ms\n","stream":"stderr","time":"2019-04-21T20:37:11.118364808Z"}
{"log":"\u001b[34m2019-04-21 20:37:11.444 UTC [kvledger] CommitWithPvtData -\u003e INFO 0e0\u001b[0m [organ-channel] Committed block [20] with 1 transaction(s) in 324ms (state_validation=217ms block_commit=48ms state_commit=56ms)\n","stream":"stderr","time":"2019-04-21T20:37:11.444946846Z"}
{"log":"\u001b[34m2019-04-21 20:37:19.658 UTC [endorser] callChaincode -\u003e INFO 0e1\u001b[0m [organ-channel][bbf85d03] Entry chaincode: name:\"organcc\" \n","stream":"stderr","time":"2019-04-21T20:37:19.659539006Z"}
{"log":"\u001b[34m2019-04-21 20:37:19.663 UTC [endorser] callChaincode -\u003e INFO 0e2\u001b[0m [organ-channel][bbf85d03] Exit chaincode: name:\"organcc\"  (4ms)\n","stream":"stderr","time":"2019-04-21T20:37:19.663617934Z"}
{"log":"\u001b[34m2019-04-21 20:37:19.663 UTC [comm.grpc.server] 1 -\u003e INFO 0e3\u001b[0m unary call completed grpc.service=protos.Endorser grpc.method=ProcessProposal grpc.peer_address=172.18.0.11:53008 grpc.code=OK grpc.call_duration=5.378891ms\n","stream":"stderr","time":"2019-04-21T20:37:19.664305853Z"}
{"log":"\u001b[34m2019-04-21 20:37:21.684 UTC [gossip.privdata] StoreBlock -\u003e INFO 0e4\u001b[0m [organ-channel] Received block [21] from buffer\n","stream":"stderr","time":"2019-04-21T20:37:21.684464203Z"}
{"log":"\u001b[34m2019-04-21 20:37:21.686 UTC [committer.txvalidator] Validate -\u003e INFO 0e5\u001b[0m [organ-channel] Validated block [21] in 2ms\n","stream":"stderr","time":"2019-04-21T20:37:21.687062092Z"}
{"log":"\u001b[34m2019-04-21 20:37:21.792 UTC [kvledger] CommitWithPvtData -\u003e INFO 0e6\u001b[0m [organ-channel] Committed block [21] with 1 transaction(s) in 105ms (state_validation=0ms block_commit=69ms state_commit=9ms)\n","stream":"stderr","time":"2019-04-21T20:37:21.792706349Z"}
{"log":"\u001b[34m2019-04-21 20:37:30.238 UTC [endorser] callChaincode -\u003e INFO 0e7\u001b[0m [organ-channel][1a55d2e8] Entry chaincode: name:\"organcc\" \n","stream":"stderr","time":"2019-04-21T20:37:30.238884173Z"}
{"log":"\u001b[34m2019-04-21 20:37:30.244 UTC [endorser] callChaincode -\u003e INFO 0e8\u001b[0m [organ-channel][1a55d2e8] Exit chaincode: name:\"organcc\"  (6ms)\n","stream":"stderr","time":"2019-04-21T20:37:30.244930354Z"}
{"log":"\u001b[34m2019-04-21 20:37:30.245 UTC [comm.grpc.server] 1 -\u003e INFO 0e9\u001b[0m unary call completed grpc.service=protos.Endorser grpc.method=ProcessProposal grpc.peer_address=172.18.0.11:53042 grpc.code=OK grpc.call_duration=7.314271ms\n","stream":"stderr","time":"2019-04-21T20:37:30.245405049Z"}
{"log":"\u001b[34m2019-04-21 20:37:32.262 UTC [gossip.privdata] StoreBlock -\u003e INFO 0ea\u001b[0m [organ-channel] Received block [22] from buffer\n","stream":"stderr","time":"2019-04-21T20:37:32.262319903Z"}
{"log":"\u001b[34m2019-04-21 20:37:32.264 UTC [committer.txvalidator] Validate -\u003e INFO 0eb\u001b[0m [organ-channel] Validated block [22] in 2ms\n","stream":"stderr","time":"2019-04-21T20:37:32.264958709Z"}
{"log":"\u001b[34m2019-04-21 20:37:32.397 UTC [kvledger] CommitWithPvtData -\u003e INFO 0ec\u001b[0m [organ-channel] Committed block [22] with 1 transaction(s) in 132ms (state_validation=0ms block_commit=73ms state_commit=52ms)\n","stream":"stderr","time":"2019-04-21T20:37:32.397899705Z"}
{"log":"\u001b[34m2019-04-21 20:37:40.769 UTC [endorser] callChaincode -\u003e INFO 0ed\u001b[0m [organ-channel][9fbc9c55] Entry chaincode: name:\"organcc\" \n","stream":"stderr","time":"2019-04-21T20:37:40.769360042Z"}
{"log":"\u001b[34m2019-04-21 20:37:40.772 UTC [endorser] callChaincode -\u003e INFO 0ee\u001b[0m [organ-channel][9fbc9c55] Exit chaincode: name:\"organcc\"  (3ms)\n","stream":"stderr","time":"2019-04-21T20:37:40.772576165Z"}
{"log":"\u001b[34m2019-04-21 20:37:40.772 UTC [comm.grpc.server] 1 -\u003e INFO 0ef\u001b[0m unary call completed grpc.service=protos.Endorser grpc.method=ProcessProposal grpc.peer_address=172.18.0.11:53076 grpc.code=OK grpc.call_duration=4.579657ms\n","stream":"stderr","time":"2019-04-21T20:37:40.773028716Z"}
{"log":"\u001b[34m2019-04-21 20:37:42.795 UTC [gossip.privdata] StoreBlock -\u003e INFO 0f0\u001b[0m [organ-channel] Received block [23] from buffer\n","stream":"stderr","time":"2019-04-21T20:37:42.795822542Z"}
{"log":"\u001b[34m2019-04-21 20:37:42.799 UTC [committer.txvalidator] Validate -\u003e INFO 0f1\u001b[0m [organ-channel] Validated block [23] in 3ms\n","stream":"stderr","time":"2019-04-21T20:37:42.799607725Z"}
{"log":"\u001b[34m2019-04-21 20:37:42.901 UTC [kvledger] CommitWithPvtData -\u003e INFO 0f2\u001b[0m [organ-channel] Committed block [23] with 1 transaction(s) in 102ms (state_validation=0ms block_commit=73ms state_commit=8ms)\n","stream":"stderr","time":"2019-04-21T20:37:42.902138263Z"}
{"log":"\u001b[34m2019-04-21 20:37:51.340 UTC [endorser] callChaincode -\u003e INFO 0f3\u001b[0m [organ-channel][4975a7b2] Entry chaincode: name:\"organcc\" \n","stream":"stderr","time":"2019-04-21T20:37:51.340591194Z"}
{"log":"\u001b[34m2019-04-21 20:37:51.343 UTC [endorser] callChaincode -\u003e INFO 0f4\u001b[0m [organ-channel][4975a7b2] Exit chaincode: name:\"organcc\"  (3ms)\n","stream":"stderr","time":"2019-04-21T20:37:51.343328679Z"}
{"log":"\u001b[34m2019-04-21 20:37:51.343 UTC [comm.grpc.server] 1 -\u003e INFO 0f5\u001b[0m unary call completed grpc.service=protos.Endorser grpc.method=ProcessProposal grpc.peer_address=172.18.0.11:53110 grpc.code=OK grpc.call_duration=3.728589ms\n","stream":"stderr","time":"2019-04-21T20:37:51.343653157Z"}
{"log":"\u001b[34m2019-04-21 20:37:53.376 UTC [gossip.privdata] StoreBlock -\u003e INFO 0f6\u001b[0m [organ-channel] Received block [24] from buffer\n","stream":"stderr","time":"2019-04-21T20:37:53.377646834Z"}
{"log":"\u001b[34m2019-04-21 20:37:53.379 UTC [committer.txvalidator] Validate -\u003e INFO 0f7\u001b[0m [organ-channel] Validated block [24] in 2ms\n","stream":"stderr","time":"2019-04-21T20:37:53.379600824Z"}
{"log":"\u001b[34m2019-04-21 20:37:53.491 UTC [kvledger] CommitWithPvtData -\u003e INFO 0f8\u001b[0m [organ-channel] Committed block [24] with 1 transaction(s) in 111ms (state_validation=0ms block_commit=75ms state_commit=34ms)\n","stream":"stderr","time":"2019-04-21T20:37:53.491388226Z"}
{"log":"\u001b[34m2019-04-21 20:38:01.960 UTC [endorser] callChaincode -\u003e INFO 0f9\u001b[0m [organ-channel][dbe7d0aa] Entry chaincode: name:\"organcc\" \n","stream":"stderr","time":"2019-04-21T20:38:01.96108494Z"}
{"log":"\u001b[34m2019-04-21 20:38:01.964 UTC [endorser] callChaincode -\u003e INFO 0fa\u001b[0m [organ-channel][dbe7d0aa] Exit chaincode: name:\"organcc\"  (3ms)\n","stream":"stderr","time":"2019-04-21T20:38:01.964254434Z"}
{"log":"\u001b[34m2019-04-21 20:38:01.964 UTC [comm.grpc.server] 1 -\u003e INFO 0fb\u001b[0m unary call completed grpc.service=protos.Endorser grpc.method=ProcessProposal grpc.peer_address=172.18.0.11:53144 grpc.code=OK grpc.call_duration=4.217648ms\n","stream":"stderr","time":"2019-04-21T20:38:01.96456566Z"}
{"log":"\u001b[34m2019-04-21 20:38:03.983 UTC [gossip.privdata] StoreBlock -\u003e INFO 0fc\u001b[0m [organ-channel] Received block [25] from buffer\n","stream":"stderr","time":"2019-04-21T20:38:03.983516362Z"}
{"log":"\u001b[34m2019-04-21 20:38:03.987 UTC [committer.txvalidator] Validate -\u003e INFO 0fd\u001b[0m [organ-channel] Validated block [25] in 3ms\n","stream":"stderr","time":"2019-04-21T20:38:03.987688576Z"}
{"log":"\u001b[34m2019-04-21 20:38:04.097 UTC [kvledger] CommitWithPvtData -\u003e INFO 0fe\u001b[0m [organ-channel] Committed block [25] with 1 transaction(s) in 109ms (state_validation=0ms block_commit=47ms state_commit=53ms)\n","stream":"stderr","time":"2019-04-21T20:38:04.097676316Z"}
{"log":"\u001b[34m2019-04-21 20:38:12.539 UTC [endorser] callChaincode -\u003e INFO 0ff\u001b[0m [organ-channel][46738000] Entry chaincode: name:\"organcc\" \n","stream":"stderr","time":"2019-04-21T20:38:12.539302579Z"}
{"log":"\u001b[34m2019-04-21 20:38:12.543 UTC [endorser] callChaincode -\u003e INFO 100\u001b[0m [organ-channel][46738000] Exit chaincode: name:\"organcc\"  (5ms)\n","stream":"stderr","time":"2019-04-21T20:38:12.544100747Z"}
{"log":"\u001b[34m2019-04-21 20:38:12.544 UTC [comm.grpc.server] 1 -\u003e INFO 101\u001b[0m unary call completed grpc.service=protos.Endorser grpc.method=ProcessProposal grpc.peer_address=172.18.0.11:53178 grpc.code=OK grpc.call_duration=6.194292ms\n","stream":"stderr","time":"2019-04-21T20:38:12.544538033Z"}
{"log":"\u001b[34m2019-04-21 20:38:14.581 UTC [gossip.privdata] StoreBlock -\u003e INFO 102\u001b[0m [organ-channel] Received block [26] from buffer\n","stream":"stderr","time":"2019-04-21T20:38:14.581309034Z"}
{"log":"\u001b[34m2019-04-21 20:38:14.586 UTC [committer.txvalidator] Validate -\u003e INFO 103\u001b[0m [organ-channel] Validated block [26] in 5ms\n","stream":"stderr","time":"2019-04-21T20:38:14.587480115Z"}
{"log":"\u001b[34m2019-04-21 20:38:14.710 UTC [kvledger] CommitWithPvtData -\u003e INFO 104\u001b[0m [organ-channel] Committed block [26] with 1 transaction(s) in 123ms (state_validation=0ms block_commit=73ms state_commit=34ms)\n","stream":"stderr","time":"2019-04-21T20:38:14.710538598Z"}
{"log":"\u001b[34m2019-04-21 20:38:23.073 UTC [endorser] callChaincode -\u003e INFO 105\u001b[0m [organ-channel][aae4d37a] Entry chaincode: name:\"organcc\" \n","stream":"stderr","time":"2019-04-21T20:38:23.073417728Z"}
{"log":"\u001b[34m2019-04-21 20:38:23.078 UTC [endorser] callChaincode -\u003e INFO 106\u001b[0m [organ-channel][aae4d37a] Exit chaincode: name:\"organcc\"  (5ms)\n","stream":"stderr","time":"2019-04-21T20:38:23.078886536Z"}
{"log":"\u001b[34m2019-04-21 20:38:23.079 UTC [comm.grpc.server] 1 -\u003e INFO 107\u001b[0m unary call completed grpc.service=protos.Endorser grpc.method=ProcessProposal grpc.peer_address=172.18.0.11:53212 grpc.code=OK grpc.call_duration=6.834055ms\n","stream":"stderr","time":"2019-04-21T20:38:23.079482315Z"}
{"log":"\u001b[34m2019-04-21 20:38:25.095 UTC [gossip.privdata] StoreBlock -\u003e INFO 108\u001b[0m [organ-channel] Received block [27] from buffer\n","stream":"stderr","time":"2019-04-21T20:38:25.095882442Z"}
{"log":"\u001b[34m2019-04-21 20:38:25.104 UTC [committer.txvalidator] Validate -\u003e INFO 109\u001b[0m [organ-channel] Validated block [27] in 9ms\n","stream":"stderr","time":"2019-04-21T20:38:25.104973981Z"}
{"log":"\u001b[34m2019-04-21 20:38:25.214 UTC [kvledger] CommitWithPvtData -\u003e INFO 10a\u001b[0m [organ-channel] Committed block [27] with 1 transaction(s) in 109ms (state_validation=0ms block_commit=56ms state_commit=26ms)\n","stream":"stderr","time":"2019-04-21T20:38:25.214836596Z"}
{"log":"\u001b[34m2019-04-21 20:38:33.627 UTC [endorser] callChaincode -\u003e INFO 10b\u001b[0m [organ-channel][df0cf58a] Entry chaincode: name:\"organcc\" \n","stream":"stderr","time":"2019-04-21T20:38:33.627387944Z"}
{"log":"\u001b[34m2019-04-21 20:38:33.631 UTC [endorser] callChaincode -\u003e INFO 10c\u001b[0m [organ-channel][df0cf58a] Exit chaincode: name:\"organcc\"  (4ms)\n","stream":"stderr","time":"2019-04-21T20:38:33.632051058Z"}
{"log":"\u001b[34m2019-04-21 20:38:33.632 UTC [comm.grpc.server] 1 -\u003e INFO 10d\u001b[0m unary call completed grpc.service=protos.Endorser grpc.method=ProcessProposal grpc.peer_address=172.18.0.11:53246 grpc.code=OK grpc.call_duration=5.678122ms\n","stream":"stderr","time":"2019-04-21T20:38:33.632437007Z"}
{"log":"\u001b[34m2019-04-21 20:38:35.650 UTC [gossip.privdata] StoreBlock -\u003e INFO 10e\u001b[0m [organ-channel] Received block [28] from buffer\n","stream":"stderr","time":"2019-04-21T20:38:35.651157092Z"}
{"log":"\u001b[34m2019-04-21 20:38:35.656 UTC [committer.txvalidator] Validate -\u003e INFO 10f\u001b[0m [organ-channel] Validated block [28] in 4ms\n","stream":"stderr","time":"2019-04-21T20:38:35.656298351Z"}
{"log":"\u001b[34m2019-04-21 20:38:35.786 UTC [kvledger] CommitWithPvtData -\u003e INFO 110\u001b[0m [organ-channel] Committed block [28] with 1 transaction(s) in 130ms (state_validation=0ms block_commit=101ms state_commit=17ms)\n","stream":"stderr","time":"2019-04-21T20:38:35.787217571Z"}
{"log":"\u001b[34m2019-04-21 20:38:44.140 UTC [endorser] callChaincode -\u003e INFO 111\u001b[0m [organ-channel][f89a2473] Entry chaincode: name:\"organcc\" \n","stream":"stderr","time":"2019-04-21T20:38:44.140375535Z"}
{"log":"\u001b[34m2019-04-21 20:38:44.143 UTC [endorser] callChaincode -\u003e INFO 112\u001b[0m [organ-channel][f89a2473] Exit chaincode: name:\"organcc\"  (4ms)\n","stream":"stderr","time":"2019-04-21T20:38:44.143860013Z"}
{"log":"\u001b[34m2019-04-21 20:38:44.144 UTC [comm.grpc.server] 1 -\u003e INFO 113\u001b[0m unary call completed grpc.service=protos.Endorser grpc.method=ProcessProposal grpc.peer_address=172.18.0.11:53280 grpc.code=OK grpc.call_duration=4.556831ms\n","stream":"stderr","time":"2019-04-21T20:38:44.144354391Z"}
{"log":"\u001b[34m2019-04-21 20:38:46.168 UTC [gossip.privdata] StoreBlock -\u003e INFO 114\u001b[0m [organ-channel] Received block [29] from buffer\n","stream":"stderr","time":"2019-04-21T20:38:46.168978134Z"}
{"log":"\u001b[34m2019-04-21 20:38:46.171 UTC [committer.txvalidator] Validate -\u003e INFO 115\u001b[0m [organ-channel] Validated block [29] in 3ms\n","stream":"stderr","time":"2019-04-21T20:38:46.172086953Z"}
{"log":"\u001b[34m2019-04-21 20:38:46.296 UTC [kvledger] CommitWithPvtData -\u003e INFO 116\u001b[0m [organ-channel] Committed block [29] with 1 transaction(s) in 123ms (state_validation=0ms block_commit=113ms state_commit=8ms)\n","stream":"stderr","time":"2019-04-21T20:38:46.296469798Z"}
{"log":"\u001b[34m2019-04-21 20:38:54.661 UTC [endorser] callChaincode -\u003e INFO 117\u001b[0m [organ-channel][89495e54] Entry chaincode: name:\"organcc\" \n","stream":"stderr","time":"2019-04-21T20:38:54.662162089Z"}
{"log":"\u001b[34m2019-04-21 20:38:54.665 UTC [endorser] callChaincode -\u003e INFO 118\u001b[0m [organ-channel][89495e54] Exit chaincode: name:\"organcc\"  (4ms)\n","stream":"stderr","time":"2019-04-21T20:38:54.665971612Z"}
{"log":"\u001b[34m2019-04-21 20:38:54.666 UTC [comm.grpc.server] 1 -\u003e INFO 119\u001b[0m unary call completed grpc.service=protos.Endorser grpc.method=ProcessProposal grpc.peer_address=172.18.0.11:53314 grpc.code=OK grpc.call_duration=4.935989ms\n","stream":"stderr","time":"2019-04-21T20:38:54.666356464Z"}
{"log":"\u001b[34m2019-04-21 20:38:56.687 UTC [gossip.privdata] StoreBlock -\u003e INFO 11a\u001b[0m [organ-channel] Received block [30] from buffer\n","stream":"stderr","time":"2019-04-21T20:38:56.687774551Z"}
{"log":"\u001b[34m2019-04-21 20:38:56.692 UTC [committer.txvalidator] Validate -\u003e INFO 11b\u001b[0m [organ-channel] Validated block [30] in 5ms\n","stream":"stderr","time":"2019-04-21T20:38:56.693132832Z"}
{"log":"\u001b[34m2019-04-21 20:38:56.797 UTC [kvledger] CommitWithPvtData -\u003e INFO 11c\u001b[0m [organ-channel] Committed block [30] with 1 transaction(s) in 103ms (state_validation=0ms block_commit=85ms state_commit=8ms)\n","stream":"stderr","time":"2019-04-21T20:38:56.797217356Z"}
{"log":"\u001b[34m2019-04-21 20:39:05.168 UTC [endorser] callChaincode -\u003e INFO 11d\u001b[0m [organ-channel][06c7c153] Entry chaincode: name:\"organcc\" \n","stream":"stderr","time":"2019-04-21T20:39:05.168981482Z"}
{"log":"\u001b[34m2019-04-21 20:39:05.171 UTC [endorser] callChaincode -\u003e INFO 11e\u001b[0m [organ-channel][06c7c153] Exit chaincode: name:\"organcc\"  (2ms)\n","stream":"stderr","time":"2019-04-21T20:39:05.17146026Z"}
{"log":"\u001b[34m2019-04-21 20:39:05.171 UTC [comm.grpc.server] 1 -\u003e INFO 11f\u001b[0m unary call completed grpc.service=protos.Endorser grpc.method=ProcessProposal grpc.peer_address=172.18.0.11:53348 grpc.code=OK grpc.call_duration=3.673541ms\n","stream":"stderr","time":"2019-04-21T20:39:05.17176059Z"}
{"log":"\u001b[34m2019-04-21 20:39:07.190 UTC [gossip.privdata] StoreBlock -\u003e INFO 120\u001b[0m [organ-channel] Received block [31] from buffer\n","stream":"stderr","time":"2019-04-21T20:39:07.190738747Z"}
{"log":"\u001b[34m2019-04-21 20:39:07.195 UTC [committer.txvalidator] Validate -\u003e INFO 121\u001b[0m [organ-channel] Validated block [31] in 2ms\n","stream":"stderr","time":"2019-04-21T20:39:07.195285349Z"}
{"log":"\u001b[34m2019-04-21 20:39:07.318 UTC [kvledger] CommitWithPvtData -\u003e INFO 122\u001b[0m [organ-channel] Committed block [31] with 1 transaction(s) in 122ms (state_validation=0ms block_commit=85ms state_commit=19ms)\n","stream":"stderr","time":"2019-04-21T20:39:07.31822383Z"}
{"log":"\u001b[34m2019-04-21 20:39:15.679 UTC [endorser] callChaincode -\u003e INFO 123\u001b[0m [organ-channel][2a4a5a66] Entry chaincode: name:\"organcc\" \n","stream":"stderr","time":"2019-04-21T20:39:15.679569436Z"}
{"log":"\u001b[34m2019-04-21 20:39:15.681 UTC [endorser] callChaincode -\u003e INFO 124\u001b[0m [organ-channel][2a4a5a66] Exit chaincode: name:\"organcc\"  (2ms)\n","stream":"stderr","time":"2019-04-21T20:39:15.682048886Z"}
{"log":"\u001b[34m2019-04-21 20:39:15.682 UTC [comm.grpc.server] 1 -\u003e INFO 125\u001b[0m unary call completed grpc.service=protos.Endorser grpc.method=ProcessProposal grpc.peer_address=172.18.0.11:53382 grpc.code=OK grpc.call_duration=3.568581ms\n","stream":"stderr","time":"2019-04-21T20:39:15.682478549Z"}
{"log":"\u001b[34m2019-04-21 20:39:17.706 UTC [gossip.privdata] StoreBlock -\u003e INFO 126\u001b[0m [organ-channel] Received block [32] from buffer\n","stream":"stderr","time":"2019-04-21T20:39:17.70619142Z"}
{"log":"\u001b[34m2019-04-21 20:39:17.708 UTC [committer.txvalidator] Validate -\u003e INFO 127\u001b[0m [organ-channel] Validated block [32] in 2ms\n","stream":"stderr","time":"2019-04-21T20:39:17.708952594Z"}
{"log":"\u001b[34m2019-04-21 20:39:17.808 UTC [kvledger] CommitWithPvtData -\u003e INFO 128\u001b[0m [organ-channel] Committed block [32] with 1 transaction(s) in 99ms (state_validation=0ms block_commit=61ms state_commit=9ms)\n","stream":"stderr","time":"2019-04-21T20:39:17.808855381Z"}
{"log":"\u001b[34m2019-04-21 20:39:26.226 UTC [endorser] callChaincode -\u003e INFO 129\u001b[0m [organ-channel][d953f133] Entry chaincode: name:\"organcc\" \n","stream":"stderr","time":"2019-04-21T20:39:26.226232622Z"}
{"log":"\u001b[34m2019-04-21 20:39:26.229 UTC [endorser] callChaincode -\u003e INFO 12a\u001b[0m [organ-channel][d953f133] Exit chaincode: name:\"organcc\"  (3ms)\n","stream":"stderr","time":"2019-04-21T20:39:26.22920523Z"}
{"log":"\u001b[34m2019-04-21 20:39:26.229 UTC [comm.grpc.server] 1 -\u003e INFO 12b\u001b[0m unary call completed grpc.service=protos.Endorser grpc.method=ProcessProposal grpc.peer_address=172.18.0.11:53416 grpc.code=OK grpc.call_duration=4.482135ms\n","stream":"stderr","time":"2019-04-21T20:39:26.229654466Z"}
{"log":"\u001b[34m2019-04-21 20:39:28.256 UTC [gossip.privdata] StoreBlock -\u003e INFO 12c\u001b[0m [organ-channel] Received block [33] from buffer\n","stream":"stderr","time":"2019-04-21T20:39:28.257240446Z"}
{"log":"\u001b[34m2019-04-21 20:39:28.260 UTC [committer.txvalidator] Validate -\u003e INFO 12d\u001b[0m [organ-channel] Validated block [33] in 3ms\n","stream":"stderr","time":"2019-04-21T20:39:28.260648407Z"}
{"log":"\u001b[34m2019-04-21 20:39:28.407 UTC [kvledger] CommitWithPvtData -\u003e INFO 12e\u001b[0m [organ-channel] Committed block [33] with 1 transaction(s) in 146ms (state_validation=0ms block_commit=116ms state_commit=28ms)\n","stream":"stderr","time":"2019-04-21T20:39:28.407920871Z"}
{"log":"\u001b[34m2019-04-21 20:39:36.737 UTC [endorser] callChaincode -\u003e INFO 12f\u001b[0m [organ-channel][e36f2e87] Entry chaincode: name:\"organcc\" \n","stream":"stderr","time":"2019-04-21T20:39:36.737319417Z"}
{"log":"\u001b[34m2019-04-21 20:39:36.740 UTC [endorser] callChaincode -\u003e INFO 130\u001b[0m [organ-channel][e36f2e87] Exit chaincode: name:\"organcc\"  (3ms)\n","stream":"stderr","time":"2019-04-21T20:39:36.740696554Z"}
{"log":"\u001b[34m2019-04-21 20:39:36.740 UTC [comm.grpc.server] 1 -\u003e INFO 131\u001b[0m unary call completed grpc.service=protos.Endorser grpc.method=ProcessProposal grpc.peer_address=172.18.0.11:53450 grpc.code=OK grpc.call_duration=4.388287ms\n","stream":"stderr","time":"2019-04-21T20:39:36.741131567Z"}
{"log":"\u001b[34m2019-04-21 20:39:38.769 UTC [gossip.privdata] StoreBlock -\u003e INFO 132\u001b[0m [organ-channel] Received block [34] from buffer\n","stream":"stderr","time":"2019-04-21T20:39:38.769712244Z"}
{"log":"\u001b[34m2019-04-21 20:39:38.773 UTC [committer.txvalidator] Validate -\u003e INFO 133\u001b[0m [organ-channel] Validated block [34] in 4ms\n","stream":"stderr","time":"2019-04-21T20:39:38.774059701Z"}
{"log":"\u001b[34m2019-04-21 20:39:38.873 UTC [kvledger] CommitWithPvtData -\u003e INFO 134\u001b[0m [organ-channel] Committed block [34] with 1 transaction(s) in 99ms (state_validation=0ms block_commit=71ms state_commit=18ms)\n","stream":"stderr","time":"2019-04-21T20:39:38.873896068Z"}
{"log":"\u001b[34m2019-04-21 20:39:47.275 UTC [endorser] callChaincode -\u003e INFO 135\u001b[0m [organ-channel][278cc451] Entry chaincode: name:\"organcc\" \n","stream":"stderr","time":"2019-04-21T20:39:47.275716933Z"}
{"log":"\u001b[34m2019-04-21 20:39:47.280 UTC [endorser] callChaincode -\u003e INFO 136\u001b[0m [organ-channel][278cc451] Exit chaincode: name:\"organcc\"  (5ms)\n","stream":"stderr","time":"2019-04-21T20:39:47.280263256Z"}
{"log":"\u001b[34m2019-04-21 20:39:47.280 UTC [comm.grpc.server] 1 -\u003e INFO 137\u001b[0m unary call completed grpc.service=protos.Endorser grpc.method=ProcessProposal grpc.peer_address=172.18.0.11:53484 grpc.code=OK grpc.call_duration=5.588278ms\n","stream":"stderr","time":"2019-04-21T20:39:47.280574078Z"}
{"log":"\u001b[34m2019-04-21 20:39:49.303 UTC [gossip.privdata] StoreBlock -\u003e INFO 138\u001b[0m [organ-channel] Received block [35] from buffer\n","stream":"stderr","time":"2019-04-21T20:39:49.303764196Z"}
{"log":"\u001b[34m2019-04-21 20:39:49.306 UTC [committer.txvalidator] Validate -\u003e INFO 139\u001b[0m [organ-channel] Validated block [35] in 3ms\n","stream":"stderr","time":"2019-04-21T20:39:49.306949052Z"}
{"log":"\u001b[34m2019-04-21 20:39:49.416 UTC [kvledger] CommitWithPvtData -\u003e INFO 13a\u001b[0m [organ-channel] Committed block [35] with 1 transaction(s) in 109ms (state_validation=0ms block_commit=67ms state_commit=2ms)\n","stream":"stderr","time":"2019-04-21T20:39:49.416957705Z"}
