{"log":"\u001b[34m2019-04-21 20:31:37.860 UTC [nodeCmd] serve -\u003e INFO 001\u001b[0m Starting peer:\n","stream":"stderr","time":"2019-04-21T20:31:37.860617382Z"}
{"log":" Version: 1.4.1\n","stream":"stderr","time":"2019-04-21T20:31:37.86065572Z"}
{"log":" Commit SHA: 87074a7\n","stream":"stderr","time":"2019-04-21T20:31:37.860659743Z"}
{"log":" Go version: go1.11.5\n","stream":"stderr","time":"2019-04-21T20:31:37.860662493Z"}
{"log":" OS/Arch: linux/amd64\n","stream":"stderr","time":"2019-04-21T20:31:37.860665134Z"}
{"log":" Chaincode:\n","stream":"stderr","time":"2019-04-21T20:31:37.860667751Z"}
{"log":"  Base Image Version: 0.4.15\n","stream":"stderr","time":"2019-04-21T20:31:37.860670356Z"}
{"log":"  Base Docker Namespace: hyperledger\n","stream":"stderr","time":"2019-04-21T20:31:37.860672949Z"}
{"log":"  Base Docker Label: org.hyperledger.fabric\n","stream":"stderr","time":"2019-04-21T20:31:37.860675623Z"}
{"log":"  Docker Namespace: hyperledger\n","stream":"stderr","time":"2019-04-21T20:31:37.860678228Z"}
{"log":"\u001b[34m2019-04-21 20:31:37.860 UTC [ledgermgmt] initialize -\u003e INFO 002\u001b[0m Initializing ledger mgmt\n","stream":"stderr","time":"2019-04-21T20:31:37.861309647Z"}
{"log":"\u001b[34m2019-04-21 20:31:37.860 UTC [kvledger] NewProvider -\u003e INFO 003\u001b[0m Initializing ledger provider\n","stream":"stderr","time":"2019-04-21T20:31:37.861383047Z"}
{"log":"\u001b[34m2019-04-21 20:31:37.940 UTC [kvledger] NewProvider -\u003e INFO 004\u001b[0m ledger provider Initialized\n","stream":"stderr","time":"2019-04-21T20:31:37.941063631Z"}
{"log":"\u001b[34m2019-04-21 20:31:37.995 UTC [ledgermgmt] initialize -\u003e INFO 005\u001b[0m ledger mgmt initialized\n","stream":"stderr","time":"2019-04-21T20:31:37.996144788Z"}
{"log":"\u001b[34m2019-04-21 20:31:37.996 UTC [peer] func1 -\u003e INFO 006\u001b[0m Auto-detected peer address: 172.18.0.4:7051\n","stream":"stderr","time":"2019-04-21T20:31:37.996251532Z"}
{"log":"\u001b[34m2019-04-21 20:31:37.996 UTC [peer] func1 -\u003e INFO 007\u001b[0m Returning peer1.gp.organ.com:7051\n","stream":"stderr","time":"2019-04-21T20:31:37.996516663Z"}
{"log":"\u001b[34m2019-04-21 20:31:37.996 UTC [peer] func1 -\u003e INFO 008\u001b[0m Auto-detected peer address: 172.18.0.4:7051\n","stream":"stderr","time":"2019-04-21T20:31:37.996633856Z"}
{"log":"\u001b[34m2019-04-21 20:31:37.996 UTC [peer] func1 -\u003e INFO 009\u001b[0m Returning peer1.gp.organ.com:7051\n","stream":"stderr","time":"2019-04-21T20:31:37.996899507Z"}
{"log":"\u001b[34m2019-04-21 20:31:37.998 UTC [nodeCmd] serve -\u003e INFO 00a\u001b[0m Starting peer with TLS enabled\n","stream":"stderr","time":"2019-04-21T20:31:37.99841851Z"}
{"log":"\u001b[34m2019-04-21 20:31:38.000 UTC [nodeCmd] computeChaincodeEndpoint -\u003e INFO 00b\u001b[0m Entering computeChaincodeEndpoint with peerHostname: peer1.gp.organ.com\n","stream":"stderr","time":"2019-04-21T20:31:38.00037818Z"}
{"log":"\u001b[34m2019-04-21 20:31:38.000 UTC [nodeCmd] computeChaincodeEndpoint -\u003e INFO 00c\u001b[0m Exit with ccEndpoint: peer1.gp.organ.com:7052\n","stream":"stderr","time":"2019-04-21T20:31:38.000514546Z"}
{"log":"\u001b[33m2019-04-21 20:31:38.000 UTC [nodeCmd] createChaincodeServer -\u003e WARN 00d\u001b[0m peer.chaincodeListenAddress is not set, using peer1.gp.organ.com:7052\n","stream":"stderr","time":"2019-04-21T20:31:38.00083023Z"}
{"log":"\u001b[34m2019-04-21 20:31:38.003 UTC [sccapi] registerSysCC -\u003e INFO 00e\u001b[0m system chaincode lscc(github.com/hyperledger/fabric/core/scc/lscc) registered\n","stream":"stderr","time":"2019-04-21T20:31:38.005999995Z"}
{"log":"\u001b[34m2019-04-21 20:31:38.003 UTC [sccapi] registerSysCC -\u003e INFO 00f\u001b[0m system chaincode cscc(github.com/hyperledger/fabric/core/scc/cscc) registered\n","stream":"stderr","time":"2019-04-21T20:31:38.006026482Z"}
{"log":"\u001b[34m2019-04-21 20:31:38.003 UTC [sccapi] registerSysCC -\u003e INFO 010\u001b[0m system chaincode qscc(github.com/hyperledger/fabric/core/scc/qscc) registered\n","stream":"stderr","time":"2019-04-21T20:31:38.006030449Z"}
{"log":"\u001b[34m2019-04-21 20:31:38.003 UTC [sccapi] registerSysCC -\u003e INFO 011\u001b[0m system chaincode (+lifecycle,github.com/hyperledger/fabric/core/chaincode/lifecycle,true) disabled\n","stream":"stderr","time":"2019-04-21T20:31:38.006049839Z"}
{"log":"\u001b[34m2019-04-21 20:31:38.007 UTC [gossip.service] func1 -\u003e INFO 012\u001b[0m Initialize gossip with endpoint peer1.gp.organ.com:7051 and bootstrap set [peer0.gp.organ.com:7051]\n","stream":"stderr","time":"2019-04-21T20:31:38.007975755Z"}
{"log":"\u001b[34m2019-04-21 20:31:38.013 UTC [gossip.gossip] NewGossipService -\u003e INFO 013\u001b[0m Creating gossip service with self membership of Endpoint: peer1.gp.organ.com:7051, InternalEndpoint: peer1.gp.organ.com:7051, PKI-ID: 0f05d070a1c30839a6771ae7a867f9b27fc518bbf83bbe86702f917a94a6e453, Metadata: \n","stream":"stderr","time":"2019-04-21T20:31:38.013762602Z"}
{"log":"\u001b[34m2019-04-21 20:31:38.014 UTC [gossip.gossip] start -\u003e INFO 014\u001b[0m Gossip instance peer1.gp.organ.com:7051 started\n","stream":"stderr","time":"2019-04-21T20:31:38.014696943Z"}
{"log":"\u001b[34m2019-04-21 20:31:38.017 UTC [sccapi] deploySysCC -\u003e INFO 015\u001b[0m system chaincode lscc/(github.com/hyperledger/fabric/core/scc/lscc) deployed\n","stream":"stderr","time":"2019-04-21T20:31:38.017683557Z"}
{"log":"\u001b[34m2019-04-21 20:31:38.018 UTC [cscc] Init -\u003e INFO 016\u001b[0m Init CSCC\n","stream":"stderr","time":"2019-04-21T20:31:38.019005655Z"}
{"log":"\u001b[34m2019-04-21 20:31:38.018 UTC [sccapi] deploySysCC -\u003e INFO 017\u001b[0m system chaincode cscc/(github.com/hyperledger/fabric/core/scc/cscc) deployed\n","stream":"stderr","time":"2019-04-21T20:31:38.019041701Z"}
{"log":"\u001b[34m2019-04-21 20:31:38.019 UTC [qscc] Init -\u003e INFO 018\u001b[0m Init QSCC\n","stream":"stderr","time":"2019-04-21T20:31:38.019649826Z"}
{"log":"\u001b[34m2019-04-21 20:31:38.019 UTC [sccapi] deploySysCC -\u003e INFO 019\u001b[0m system chaincode qscc/(github.com/hyperledger/fabric/core/scc/qscc) deployed\n","stream":"stderr","time":"2019-04-21T20:31:38.019669665Z"}
{"log":"\u001b[34m2019-04-21 20:31:38.019 UTC [sccapi] deploySysCC -\u003e INFO 01a\u001b[0m system chaincode (+lifecycle,github.com/hyperledger/fabric/core/chaincode/lifecycle) disabled\n","stream":"stderr","time":"2019-04-21T20:31:38.019813273Z"}
{"log":"\u001b[34m2019-04-21 20:31:38.019 UTC [nodeCmd] serve -\u003e INFO 01b\u001b[0m Deployed system chaincodes\n","stream":"stderr","time":"2019-04-21T20:31:38.019827762Z"}
{"log":"\u001b[34m2019-04-21 20:31:38.023 UTC [discovery] NewService -\u003e INFO 01c\u001b[0m Created with config TLS: true, authCacheMaxSize: 1000, authCachePurgeRatio: 0.750000\n","stream":"stderr","time":"2019-04-21T20:31:38.023211687Z"}
{"log":"\u001b[34m2019-04-21 20:31:38.023 UTC [nodeCmd] registerDiscoveryService -\u003e INFO 01d\u001b[0m Discovery service activated\n","stream":"stderr","time":"2019-04-21T20:31:38.023238422Z"}
{"log":"\u001b[34m2019-04-21 20:31:38.023 UTC [nodeCmd] serve -\u003e INFO 01e\u001b[0m Starting peer with ID=[name:\"peer1.gp.organ.com\" ], network ID=[dev], address=[peer1.gp.organ.com:7051]\n","stream":"stderr","time":"2019-04-21T20:31:38.023534819Z"}
{"log":"\u001b[34m2019-04-21 20:31:38.023 UTC [nodeCmd] serve -\u003e INFO 01f\u001b[0m Started peer with ID=[name:\"peer1.gp.organ.com\" ], network ID=[dev], address=[peer1.gp.organ.com:7051]\n","stream":"stderr","time":"2019-04-21T20:31:38.023727336Z"}
{"log":"\u001b[34m2019-04-21 20:31:38.023 UTC [nodeCmd] func8 -\u003e INFO 020\u001b[0m Starting profiling server with listenAddress = 0.0.0.0:6060\n","stream":"stderr","time":"2019-04-21T20:31:38.023780255Z"}
{"log":"\u001b[34m2019-04-21 20:31:40.263 UTC [comm.grpc.server] 1 -\u003e INFO 021\u001b[0m unary call completed grpc.service=gossip.Gossip grpc.method=Ping grpc.request_deadline=2019-04-21T20:31:42.263Z grpc.peer_address=172.18.0.8:39672 grpc.peer_subject=\"CN=peer0.gp.organ.com,L=San Francisco,ST=California,C=US\" grpc.code=OK grpc.call_duration=144.131µs\n","stream":"stderr","time":"2019-04-21T20:31:40.264122306Z"}
{"log":"\u001b[34m2019-04-21 20:31:40.270 UTC [comm.grpc.server] 1 -\u003e INFO 022\u001b[0m streaming call completed grpc.service=gossip.Gossip grpc.method=GossipStream grpc.request_deadline=2019-04-21T20:31:50.265Z grpc.peer_address=172.18.0.8:39672 grpc.peer_subject=\"CN=peer0.gp.organ.com,L=San Francisco,ST=California,C=US\" error=\"rpc error: code = Canceled desc = context canceled\" grpc.code=Canceled grpc.call_duration=5.379449ms\n","stream":"stderr","time":"2019-04-21T20:31:40.270916736Z"}
{"log":"\u001b[34m2019-04-21 20:31:40.273 UTC [comm.grpc.server] 1 -\u003e INFO 023\u001b[0m unary call completed grpc.service=gossip.Gossip grpc.method=Ping grpc.request_deadline=2019-04-21T20:31:42.273Z grpc.peer_address=172.18.0.8:39674 grpc.peer_subject=\"CN=peer0.gp.organ.com,L=San Francisco,ST=California,C=US\" grpc.code=OK grpc.call_duration=138.237µs\n","stream":"stderr","time":"2019-04-21T20:31:40.274054744Z"}
{"log":"\u001b[33m2019-04-21 20:31:41.016 UTC [gossip.discovery] func1 -\u003e WARN 024\u001b[0m Could not connect to Endpoint: peer0.gp.organ.com:7051, InternalEndpoint: peer0.gp.organ.com:7051, PKI-ID: \u003cnil\u003e, Metadata:  : context deadline exceeded\n","stream":"stderr","time":"2019-04-21T20:31:41.017635641Z"}
{"log":"\u001b[34m2019-04-21 20:31:44.326 UTC [endorser] callChaincode -\u003e INFO 025\u001b[0m [][8b87ef0a] Entry chaincode: name:\"cscc\" \n","stream":"stderr","time":"2019-04-21T20:31:44.327030451Z"}
{"log":"\u001b[34m2019-04-21 20:31:44.328 UTC [ledgermgmt] CreateLedger -\u003e INFO 026\u001b[0m Creating ledger [organ-channel] with genesis block\n","stream":"stderr","time":"2019-04-21T20:31:44.328347351Z"}
{"log":"\u001b[34m2019-04-21 20:31:44.332 UTC [fsblkstorage] newBlockfileMgr -\u003e INFO 027\u001b[0m Getting block information from block storage\n","stream":"stderr","time":"2019-04-21T20:31:44.332924617Z"}
{"log":"\u001b[34m2019-04-21 20:31:44.383 UTC [kvledger] CommitWithPvtData -\u003e INFO 028\u001b[0m [organ-channel] Committed block [0] with 1 transaction(s) in 47ms (state_validation=1ms block_commit=34ms state_commit=3ms)\n","stream":"stderr","time":"2019-04-21T20:31:44.383560574Z"}
{"log":"\u001b[34m2019-04-21 20:31:44.392 UTC [ledgermgmt] CreateLedger -\u003e INFO 029\u001b[0m Created ledger [organ-channel] with genesis block\n","stream":"stderr","time":"2019-04-21T20:31:44.39232736Z"}
{"log":"\u001b[34m2019-04-21 20:31:44.402 UTC [gossip.gossip] JoinChan -\u003e INFO 02a\u001b[0m Joining gossip network of channel organ-channel with 4 organizations\n","stream":"stderr","time":"2019-04-21T20:31:44.402259192Z"}
{"log":"\u001b[34m2019-04-21 20:31:44.402 UTC [gossip.gossip] learnAnchorPeers -\u003e INFO 02b\u001b[0m No configured anchor peers of HospitalMSP for channel organ-channel to learn about\n","stream":"stderr","time":"2019-04-21T20:31:44.402281748Z"}
{"log":"\u001b[34m2019-04-21 20:31:44.402 UTC [gossip.gossip] learnAnchorPeers -\u003e INFO 02c\u001b[0m No configured anchor peers of HLMSP for channel organ-channel to learn about\n","stream":"stderr","time":"2019-04-21T20:31:44.402365716Z"}
{"log":"\u001b[34m2019-04-21 20:31:44.402 UTC [gossip.gossip] learnAnchorPeers -\u003e INFO 02d\u001b[0m No configured anchor peers of OPOMSP for channel organ-channel to learn about\n","stream":"stderr","time":"2019-04-21T20:31:44.402373221Z"}
{"log":"\u001b[34m2019-04-21 20:31:44.402 UTC [gossip.gossip] learnAnchorPeers -\u003e INFO 02e\u001b[0m No configured anchor peers of GPMSP for channel organ-channel to learn about\n","stream":"stderr","time":"2019-04-21T20:31:44.402417224Z"}
{"log":"\u001b[34m2019-04-21 20:31:44.419 UTC [gossip.state] NewGossipStateProvider -\u003e INFO 02f\u001b[0m Updating metadata information, current ledger sequence is at = 0, next expected block is = 1\n","stream":"stderr","time":"2019-04-21T20:31:44.420303736Z"}
{"log":"\u001b[34m2019-04-21 20:31:44.421 UTC [sccapi] deploySysCC -\u003e INFO 030\u001b[0m system chaincode lscc/organ-channel(github.com/hyperledger/fabric/core/scc/lscc) deployed\n","stream":"stderr","time":"2019-04-21T20:31:44.421528266Z"}
{"log":"\u001b[34m2019-04-21 20:31:44.421 UTC [cscc] Init -\u003e INFO 031\u001b[0m Init CSCC\n","stream":"stderr","time":"2019-04-21T20:31:44.421683699Z"}
{"log":"\u001b[34m2019-04-21 20:31:44.421 UTC [sccapi] deploySysCC -\u003e INFO 032\u001b[0m system chaincode cscc/organ-channel(github.com/hyperledger/fabric/core/scc/cscc) deployed\n","stream":"stderr","time":"2019-04-21T20:31:44.421744518Z"}
{"log":"\u001b[34m2019-04-21 20:31:44.421 UTC [qscc] Init -\u003e INFO 033\u001b[0m Init QSCC\n","stream":"stderr","time":"2019-04-21T20:31:44.421799791Z"}
{"log":"\u001b[34m2019-04-21 20:31:44.421 UTC [sccapi] deploySysCC -\u003e INFO 034\u001b[0m system chaincode qscc/organ-channel(github.com/hyperledger/fabric/core/scc/qscc) deployed\n","stream":"stderr","time":"2019-04-21T20:31:44.421834715Z"}
{"log":"\u001b[34m2019-04-21 20:31:44.421 UTC [sccapi] deploySysCC -\u003e INFO 035\u001b[0m system chaincode (+lifecycle,github.com/hyperledger/fabric/core/chaincode/lifecycle) disabled\n","stream":"stderr","time":"2019-04-21T20:31:44.421901793Z"}
{"log":"\u001b[34m2019-04-21 20:31:44.421 UTC [endorser] callChaincode -\u003e INFO 036\u001b[0m [][8b87ef0a] Exit chaincode: name:\"cscc\"  (95ms)\n","stream":"stderr","time":"2019-04-21T20:31:44.422079478Z"}
{"log":"\u001b[34m2019-04-21 20:31:44.422 UTC [comm.grpc.server] 1 -\u003e INFO 037\u001b[0m unary call completed grpc.service=protos.Endorser grpc.method=ProcessProposal grpc.peer_address=172.18.0.11:55830 grpc.code=OK grpc.call_duration=97.205549ms\n","stream":"stderr","time":"2019-04-21T20:31:44.422149585Z"}
{"log":"\u001b[34m2019-04-21 20:31:46.022 UTC [endorser] callChaincode -\u003e INFO 038\u001b[0m [][d7e20d04] Entry chaincode: name:\"lscc\" \n","stream":"stderr","time":"2019-04-21T20:31:46.023022498Z"}
{"log":"\u001b[34m2019-04-21 20:31:46.024 UTC [lscc] executeInstall -\u003e INFO 039\u001b[0m Installed Chaincode [organcc] Version [1.0] to peer\n","stream":"stderr","time":"2019-04-21T20:31:46.024536645Z"}
{"log":"\u001b[34m2019-04-21 20:31:46.024 UTC [endorser] callChaincode -\u003e INFO 03a\u001b[0m [][d7e20d04] Exit chaincode: name:\"lscc\"  (2ms)\n","stream":"stderr","time":"2019-04-21T20:31:46.024559086Z"}
{"log":"\u001b[34m2019-04-21 20:31:46.024 UTC [comm.grpc.server] 1 -\u003e INFO 03b\u001b[0m unary call completed grpc.service=protos.Endorser grpc.method=ProcessProposal grpc.peer_address=172.18.0.11:55878 grpc.code=OK grpc.call_duration=2.293587ms\n","stream":"stderr","time":"2019-04-21T20:31:46.024565041Z"}
{"log":"\u001b[34m2019-04-21 20:31:46.128 UTC [endorser] callChaincode -\u003e INFO 03c\u001b[0m [organ-channel][642f884c] Entry chaincode: name:\"lscc\" \n","stream":"stderr","time":"2019-04-21T20:31:46.128732943Z"}
{"log":"\u001b[34m2019-04-21 20:31:49.402 UTC [gossip.channel] reportMembershipChanges -\u003e INFO 03d\u001b[0m Membership view has changed. peers went online:  [[peer0.gp.organ.com:7051]] , current view:  [[peer0.gp.organ.com:7051]]\n","stream":"stderr","time":"2019-04-21T20:31:49.403841452Z"}
{"log":"\u001b[34m2019-04-21 20:31:50.249 UTC [gossip.election] leaderElection -\u003e INFO 03e\u001b[0m 0f05d070a1c30839a6771ae7a867f9b27fc518bbf83bbe86702f917a94a6e453 : Some peer is already a leader\n","stream":"stderr","time":"2019-04-21T20:31:50.249338791Z"}
{"log":"\u001b[34m2019-04-21 20:31:50.283 UTC [gossip.privdata] StoreBlock -\u003e INFO 03f\u001b[0m [organ-channel] Received block [1] from buffer\n","stream":"stderr","time":"2019-04-21T20:31:50.283997033Z"}
{"log":"\u001b[34m2019-04-21 20:31:50.311 UTC [gossip.gossip] JoinChan -\u003e INFO 040\u001b[0m Joining gossip network of channel organ-channel with 4 organizations\n","stream":"stderr","time":"2019-04-21T20:31:50.311884627Z"}
{"log":"\u001b[34m2019-04-21 20:31:50.311 UTC [gossip.gossip] learnAnchorPeers -\u003e INFO 041\u001b[0m Learning about the configured anchor peers of HospitalMSP for channel organ-channel : [{peer0.hospital.organ.com 7051}]\n","stream":"stderr","time":"2019-04-21T20:31:50.311901902Z"}
{"log":"\u001b[34m2019-04-21 20:31:50.311 UTC [gossip.gossip] learnAnchorPeers -\u003e INFO 042\u001b[0m No configured anchor peers of HLMSP for channel organ-channel to learn about\n","stream":"stderr","time":"2019-04-21T20:31:50.311906078Z"}
{"log":"\u001b[34m2019-04-21 20:31:50.311 UTC [gossip.gossip] learnAnchorPeers -\u003e INFO 043\u001b[0m No configured anchor peers of OPOMSP for channel organ-channel to learn about\n","stream":"stderr","time":"2019-04-21T20:31:50.31191965Z"}
{"log":"\u001b[34m2019-04-21 20:31:50.311 UTC [gossip.gossip] learnAnchorPeers -\u003e INFO 044\u001b[0m No configured anchor peers of GPMSP for channel organ-channel to learn about\n","stream":"stderr","time":"2019-04-21T20:31:50.311923235Z"}
{"log":"\u001b[33m2019-04-21 20:31:50.311 UTC [gossip.service] updateEndpoints -\u003e WARN 045\u001b[0m Failed to update ordering service endpoints, due to Channel with organ-channel id was not found\n","stream":"stderr","time":"2019-04-21T20:31:50.311926368Z"}
{"log":"\u001b[34m2019-04-21 20:31:50.319 UTC [committer.txvalidator] Validate -\u003e INFO 046\u001b[0m [organ-channel] Validated block [1] in 35ms\n","stream":"stderr","time":"2019-04-21T20:31:50.319575162Z"}
{"log":"\u001b[33m2019-04-21 20:31:51.291 UTC [gossip.gossip] validateMsg -\u003e WARN 047\u001b[0m StateInfo message GossipMessage: tag:CHAN_OR_ORG state_info:\u003ctimestamp:\u003cinc_num:1555878703268696733 seq_num:1555878709462660127 \u003e pki_id:\"\\034T\\305NU\\261Ce\\244\\002\\216n\\262\\016\\320ef \\342\\375\\263\\014\\311\\257X\\024\\371\\372\\337\\362\\335\\260\" channel_MAC:\"n\\275\\005_\\021\\234n\\335\\241\\207\\031\\355)7\\025`M\\251\\024:\\304d\\245\\362W\\216P6x\\025h\\204\" properties:\u003cledger_height:5 \u003e \u003e , Envelope: 98 bytes, Signature: 71 bytes is found invalid: PKIID wasn't found\n","stream":"stderr","time":"2019-04-21T20:31:51.292044346Z"}
{"log":"\u001b[33m2019-04-21 20:31:51.291 UTC [gossip.gossip] handleMessage -\u003e WARN 048\u001b[0m Message GossipMessage: tag:CHAN_OR_ORG state_info:\u003ctimestamp:\u003cinc_num:1555878703268696733 seq_num:1555878709462660127 \u003e pki_id:\"\\034T\\305NU\\261Ce\\244\\002\\216n\\262\\016\\320ef \\342\\375\\263\\014\\311\\257X\\024\\371\\372\\337\\362\\335\\260\" channel_MAC:\"n\\275\\005_\\021\\234n\\335\\241\\207\\031\\355)7\\025`M\\251\\024:\\304d\\245\\362W\\216P6x\\025h\\204\" properties:\u003cledger_height:5 \u003e \u003e , Envelope: 98 bytes, Signature: 71 bytes isn't valid\n","stream":"stderr","time":"2019-04-21T20:31:51.292078321Z"}
{"log":"\u001b[33m2019-04-21 20:31:51.677 UTC [gossip.gossip] validateMsg -\u003e WARN 049\u001b[0m StateInfo message GossipMessage: tag:CHAN_OR_ORG state_info:\u003ctimestamp:\u003cinc_num:1555878703669916956 seq_num:1555878710006872691 \u003e pki_id:\"0\\265\\0065\\337\\372\\324\\367z\u003e\\257\\310L\\245\\257_\\222\\206\\2122S\\261c\\335\\000\\261m\\333\\324R\\2710\" channel_MAC:\" /\\311\\346MAF\\257\\275\\357\\365E\\364f\\357\\207k\\336\\006\\375\\266\\335\\373?\\216\\\\E\\031\\335\\311[W\" properties:\u003cledger_height:5 \u003e \u003e , Envelope: 98 bytes, Signature: 71 bytes is found invalid: PKIID wasn't found\n","stream":"stderr","time":"2019-04-21T20:31:51.677902662Z"}
{"log":"\u001b[33m2019-04-21 20:31:51.678 UTC [gossip.gossip] handleMessage -\u003e WARN 04a\u001b[0m Message GossipMessage: tag:CHAN_OR_ORG state_info:\u003ctimestamp:\u003cinc_num:1555878703669916956 seq_num:1555878710006872691 \u003e pki_id:\"0\\265\\0065\\337\\372\\324\\367z\u003e\\257\\310L\\245\\257_\\222\\206\\2122S\\261c\\335\\000\\261m\\333\\324R\\2710\" channel_MAC:\" /\\311\\346MAF\\257\\275\\357\\365E\\364f\\357\\207k\\336\\006\\375\\266\\335\\373?\\216\\\\E\\031\\335\\311[W\" properties:\u003cledger_height:5 \u003e \u003e , Envelope: 98 bytes, Signature: 71 bytes isn't valid\n","stream":"stderr","time":"2019-04-21T20:31:51.678714792Z"}
{"log":"\u001b[33m2019-04-21 20:31:51.867 UTC [gossip.gossip] validateMsg -\u003e WARN 04b\u001b[0m StateInfo message GossipMessage: tag:CHAN_OR_ORG state_info:\u003ctimestamp:\u003cinc_num:1555878703853311791 seq_num:1555878710295093618 \u003e pki_id:\"{S\\366H.E\\210as\\311\\234\\206\\364\\310\\tn\\323\\332\\335\\034\\241\\304\\330\\372\\022E0\\336b\\353\\035\\307\" channel_MAC:\"d\\214\\2013\\035\\213*\\020\\251T)\\005\\020qJE*qQ$\\262\\336\\303\\265S\\366\\377\\353\\266@?|\" properties:\u003cledger_height:5 \u003e \u003e , Envelope: 98 bytes, Signature: 70 bytes is found invalid: PKIID wasn't found\n","stream":"stderr","time":"2019-04-21T20:31:51.867889937Z"}
{"log":"\u001b[33m2019-04-21 20:31:51.867 UTC [gossip.gossip] handleMessage -\u003e WARN 04c\u001b[0m Message GossipMessage: tag:CHAN_OR_ORG state_info:\u003ctimestamp:\u003cinc_num:1555878703853311791 seq_num:1555878710295093618 \u003e pki_id:\"{S\\366H.E\\210as\\311\\234\\206\\364\\310\\tn\\323\\332\\335\\034\\241\\304\\330\\372\\022E0\\336b\\353\\035\\307\" channel_MAC:\"d\\214\\2013\\035\\213*\\020\\251T)\\005\\020qJE*qQ$\\262\\336\\303\\265S\\366\\377\\353\\266@?|\" properties:\u003cledger_height:5 \u003e \u003e , Envelope: 98 bytes, Signature: 70 bytes isn't valid\n","stream":"stderr","time":"2019-04-21T20:31:51.867959429Z"}
{"log":"\u001b[33m2019-04-21 20:31:51.875 UTC [gossip.gossip] validateMsg -\u003e WARN 04d\u001b[0m StateInfo message GossipMessage: tag:CHAN_OR_ORG state_info:\u003ctimestamp:\u003cinc_num:1555878703853311791 seq_num:1555878710295093618 \u003e pki_id:\"{S\\366H.E\\210as\\311\\234\\206\\364\\310\\tn\\323\\332\\335\\034\\241\\304\\330\\372\\022E0\\336b\\353\\035\\307\" channel_MAC:\"d\\214\\2013\\035\\213*\\020\\251T)\\005\\020qJE*qQ$\\262\\336\\303\\265S\\366\\377\\353\\266@?|\" properties:\u003cledger_height:5 \u003e \u003e , Envelope: 98 bytes, Signature: 70 bytes is found invalid: PKIID wasn't found\n","stream":"stderr","time":"2019-04-21T20:31:51.875205722Z"}
{"log":"\u001b[33m2019-04-21 20:31:51.875 UTC [gossip.gossip] handleMessage -\u003e WARN 04e\u001b[0m Message GossipMessage: tag:CHAN_OR_ORG state_info:\u003ctimestamp:\u003cinc_num:1555878703853311791 seq_num:1555878710295093618 \u003e pki_id:\"{S\\366H.E\\210as\\311\\234\\206\\364\\310\\tn\\323\\332\\335\\034\\241\\304\\330\\372\\022E0\\336b\\353\\035\\307\" channel_MAC:\"d\\214\\2013\\035\\213*\\020\\251T)\\005\\020qJE*qQ$\\262\\336\\303\\265S\\366\\377\\353\\266@?|\" properties:\u003cledger_height:5 \u003e \u003e , Envelope: 98 bytes, Signature: 70 bytes isn't valid\n","stream":"stderr","time":"2019-04-21T20:31:51.875297991Z"}
{"log":"\u001b[33m2019-04-21 20:31:52.061 UTC [gossip.gossip] validateMsg -\u003e WARN 04f\u001b[0m StateInfo message GossipMessage: tag:CHAN_OR_ORG state_info:\u003ctimestamp:\u003cinc_num:1555878704042464942 seq_num:1555878710439220692 \u003e pki_id:\"\\210\\236\\036\\225\\257)j\\215\\332\\030\\356g\\023\\371|s\\252~[O\\213dZ\\246e\\010G\\260\\2735EE\" channel_MAC:\"\\010\\344\\332\\255\\246\\327\\033\\352\\006LSX] ;w\\254\\253\\000\\177\\273\\330\\032wmw{\\215g~\\274\\300\" properties:\u003cledger_height:5 \u003e \u003e , Envelope: 98 bytes, Signature: 70 bytes is found invalid: PKIID wasn't found\n","stream":"stderr","time":"2019-04-21T20:31:52.061738603Z"}
{"log":"\u001b[33m2019-04-21 20:31:52.061 UTC [gossip.gossip] handleMessage -\u003e WARN 050\u001b[0m Message GossipMessage: tag:CHAN_OR_ORG state_info:\u003ctimestamp:\u003cinc_num:1555878704042464942 seq_num:1555878710439220692 \u003e pki_id:\"\\210\\236\\036\\225\\257)j\\215\\332\\030\\356g\\023\\371|s\\252~[O\\213dZ\\246e\\010G\\260\\2735EE\" channel_MAC:\"\\010\\344\\332\\255\\246\\327\\033\\352\\006LSX] ;w\\254\\253\\000\\177\\273\\330\\032wmw{\\215g~\\274\\300\" properties:\u003cledger_height:5 \u003e \u003e , Envelope: 98 bytes, Signature: 70 bytes isn't valid\n","stream":"stderr","time":"2019-04-21T20:31:52.062050639Z"}
{"log":"\u001b[33m2019-04-21 20:31:52.062 UTC [gossip.gossip] validateMsg -\u003e WARN 051\u001b[0m StateInfo message GossipMessage: tag:CHAN_OR_ORG state_info:\u003ctimestamp:\u003cinc_num:1555878704042464942 seq_num:1555878710439220692 \u003e pki_id:\"\\210\\236\\036\\225\\257)j\\215\\332\\030\\356g\\023\\371|s\\252~[O\\213dZ\\246e\\010G\\260\\2735EE\" channel_MAC:\"\\010\\344\\332\\255\\246\\327\\033\\352\\006LSX] ;w\\254\\253\\000\\177\\273\\330\\032wmw{\\215g~\\274\\300\" properties:\u003cledger_height:5 \u003e \u003e , Envelope: 98 bytes, Signature: 70 bytes is found invalid: PKIID wasn't found\n","stream":"stderr","time":"2019-04-21T20:31:52.062168737Z"}
{"log":"\u001b[33m2019-04-21 20:31:52.062 UTC [gossip.gossip] handleMessage -\u003e WARN 052\u001b[0m Message GossipMessage: tag:CHAN_OR_ORG state_info:\u003ctimestamp:\u003cinc_num:1555878704042464942 seq_num:1555878710439220692 \u003e pki_id:\"\\210\\236\\036\\225\\257)j\\215\\332\\030\\356g\\023\\371|s\\252~[O\\213dZ\\246e\\010G\\260\\2735EE\" channel_MAC:\"\\010\\344\\332\\255\\246\\327\\033\\352\\006LSX] ;w\\254\\253\\000\\177\\273\\330\\032wmw{\\215g~\\274\\300\" properties:\u003cledger_height:5 \u003e \u003e , Envelope: 98 bytes, Signature: 70 bytes isn't valid\n","stream":"stderr","time":"2019-04-21T20:31:52.062218759Z"}
{"log":"\u001b[34m2019-04-21 20:31:53.048 UTC [comm.grpc.server] 1 -\u003e INFO 053\u001b[0m unary call completed grpc.service=gossip.Gossip grpc.method=Ping grpc.request_deadline=2019-04-21T20:31:55.048Z grpc.peer_address=172.18.0.9:46198 grpc.peer_subject=\"CN=peer1.histocompatibility.organ.com,L=San Francisco,ST=California,C=US\" grpc.code=OK grpc.call_duration=98.529µs\n","stream":"stderr","time":"2019-04-21T20:31:53.048660154Z"}
{"log":"\u001b[34m2019-04-21 20:31:53.051 UTC [comm.grpc.server] 1 -\u003e INFO 054\u001b[0m unary call completed grpc.service=gossip.Gossip grpc.method=Ping grpc.request_deadline=2019-04-21T20:31:55.05Z grpc.peer_address=172.18.0.5:40810 grpc.peer_subject=\"CN=peer1.hospital.organ.com,L=San Francisco,ST=California,C=US\" grpc.code=OK grpc.call_duration=149.187µs\n","stream":"stderr","time":"2019-04-21T20:31:53.051512037Z"}
{"log":"\u001b[34m2019-04-21 20:31:54.403 UTC [gossip.channel] reportMembershipChanges -\u003e INFO 055\u001b[0m Membership view has changed. peers went online:  [[peer0.hospital.organ.com:7051 ]] , current view:  [[peer0.gp.organ.com:7051] [peer0.hospital.organ.com:7051 ]]\n","stream":"stderr","time":"2019-04-21T20:31:54.403294912Z"}
{"log":"\u001b[34m2019-04-21 20:31:58.049 UTC [comm.grpc.server] 1 -\u003e INFO 056\u001b[0m unary call completed grpc.service=gossip.Gossip grpc.method=Ping grpc.request_deadline=2019-04-21T20:32:00.049Z grpc.peer_address=172.18.0.7:41628 grpc.peer_subject=\"CN=peer0.opo.organ.com,L=San Francisco,ST=California,C=US\" grpc.code=OK grpc.call_duration=91.344µs\n","stream":"stderr","time":"2019-04-21T20:31:58.050091602Z"}
{"log":"\u001b[34m2019-04-21 20:31:59.402 UTC [gossip.channel] reportMembershipChanges -\u003e INFO 057\u001b[0m Membership view has changed. peers went online:  [[peer1.hospital.organ.com:7051 ] [peer1.histocompatibility.organ.com:7051 ]] , current view:  [[peer0.gp.organ.com:7051] [peer0.hospital.organ.com:7051 ] [peer1.hospital.organ.com:7051 ] [peer1.histocompatibility.organ.com:7051 ]]\n","stream":"stderr","time":"2019-04-21T20:31:59.402601153Z"}
{"log":"\u001b[34m2019-04-21 20:32:04.403 UTC [gossip.channel] reportMembershipChanges -\u003e INFO 058\u001b[0m Membership view has changed. peers went online:  [[peer0.histocompatibility.organ.com:7051 ] [peer1.opo.organ.com:7051 ] [peer0.opo.organ.com:7051 ]] , current view:  [[peer0.hospital.organ.com:7051 ] [peer1.hospital.organ.com:7051 ] [peer1.histocompatibility.organ.com:7051 ] [peer0.histocompatibility.organ.com:7051 ] [peer1.opo.organ.com:7051 ] [peer0.opo.organ.com:7051 ] [peer0.gp.organ.com:7051]]\n","stream":"stderr","time":"2019-04-21T20:32:04.403268004Z"}
{"log":"\u001b[34m2019-04-21 20:32:06.025 UTC [comm.grpc.server] 1 -\u003e INFO 059\u001b[0m streaming call completed grpc.service=gossip.Gossip grpc.method=GossipStream grpc.peer_address=172.18.0.8:39674 grpc.peer_subject=\"CN=peer0.gp.organ.com,L=San Francisco,ST=California,C=US\" error=\"rpc error: code = Canceled desc = context canceled\" grpc.code=Canceled grpc.call_duration=25.751336467s\n","stream":"stderr","time":"2019-04-21T20:32:06.026536242Z"}
{"log":"\u001b[34m2019-04-21 20:32:08.742 UTC [endorser] callChaincode -\u003e INFO 05a\u001b[0m [organ-channel][642f884c] Exit chaincode: name:\"lscc\"  (22614ms)\n","stream":"stderr","time":"2019-04-21T20:32:08.742947036Z"}
{"log":"\u001b[34m2019-04-21 20:32:08.743 UTC [comm.grpc.server] 1 -\u003e INFO 05b\u001b[0m unary call completed grpc.service=protos.Endorser grpc.method=ProcessProposal grpc.peer_address=172.18.0.11:55882 grpc.code=OK grpc.call_duration=22.615877015s\n","stream":"stderr","time":"2019-04-21T20:32:08.74339028Z"}
{"log":"\u001b[34m2019-04-21 20:32:08.746 UTC [kvledger] CommitWithPvtData -\u003e INFO 05c\u001b[0m [organ-channel] Committed block [1] with 1 transaction(s) in 18422ms (state_validation=6ms block_commit=62ms state_commit=18351ms)\n","stream":"stderr","time":"2019-04-21T20:32:08.746543167Z"}
{"log":"\u001b[34m2019-04-21 20:32:08.746 UTC [gossip.privdata] StoreBlock -\u003e INFO 05d\u001b[0m [organ-channel] Received block [2] from buffer\n","stream":"stderr","time":"2019-04-21T20:32:08.746905221Z"}
{"log":"\u001b[34m2019-04-21 20:32:08.767 UTC [gossip.gossip] JoinChan -\u003e INFO 05e\u001b[0m Joining gossip network of channel organ-channel with 4 organizations\n","stream":"stderr","time":"2019-04-21T20:32:08.768082088Z"}
{"log":"\u001b[34m2019-04-21 20:32:08.767 UTC [gossip.gossip] learnAnchorPeers -\u003e INFO 05f\u001b[0m Learning about the configured anchor peers of HospitalMSP for channel organ-channel : [{peer0.hospital.organ.com 7051}]\n","stream":"stderr","time":"2019-04-21T20:32:08.768106536Z"}
{"log":"\u001b[34m2019-04-21 20:32:08.768 UTC [gossip.gossip] learnAnchorPeers -\u003e INFO 060\u001b[0m No configured anchor peers of HLMSP for channel organ-channel to learn about\n","stream":"stderr","time":"2019-04-21T20:32:08.768268337Z"}
{"log":"\u001b[34m2019-04-21 20:32:08.768 UTC [gossip.gossip] learnAnchorPeers -\u003e INFO 061\u001b[0m Learning about the configured anchor peers of OPOMSP for channel organ-channel : [{peer0.opo.organ.com 7051}]\n","stream":"stderr","time":"2019-04-21T20:32:08.768278439Z"}
{"log":"\u001b[34m2019-04-21 20:32:08.768 UTC [gossip.gossip] learnAnchorPeers -\u003e INFO 062\u001b[0m No configured anchor peers of GPMSP for channel organ-channel to learn about\n","stream":"stderr","time":"2019-04-21T20:32:08.768344736Z"}
{"log":"\u001b[33m2019-04-21 20:32:08.768 UTC [gossip.service] updateEndpoints -\u003e WARN 063\u001b[0m Failed to update ordering service endpoints, due to Channel with organ-channel id was not found\n","stream":"stderr","time":"2019-04-21T20:32:08.768353511Z"}
{"log":"\u001b[34m2019-04-21 20:32:08.770 UTC [committer.txvalidator] Validate -\u003e INFO 064\u001b[0m [organ-channel] Validated block [2] in 24ms\n","stream":"stderr","time":"2019-04-21T20:32:08.771088514Z"}
{"log":"\u001b[34m2019-04-21 20:32:08.776 UTC [comm.grpc.server] 1 -\u003e INFO 065\u001b[0m streaming call completed grpc.service=gossip.Gossip grpc.method=GossipStream grpc.peer_address=172.18.0.7:41628 grpc.peer_subject=\"CN=peer0.opo.organ.com,L=San Francisco,ST=California,C=US\" error=\"rpc error: code = Canceled desc = context canceled\" grpc.code=Canceled grpc.call_duration=10.726228982s\n","stream":"stderr","time":"2019-04-21T20:32:08.776700682Z"}
{"log":"\u001b[33m2019-04-21 20:32:08.779 UTC [gossip.comm] func1 -\u003e WARN 066\u001b[0m peer0.hospital.organ.com:7051, PKIid:ba796d708f8c573380991aca358280a07ecd4208cdc446b257ab45f746763abf isn't responsive: EOF\n","stream":"stderr","time":"2019-04-21T20:32:08.77952723Z"}
{"log":"\u001b[33m2019-04-21 20:32:08.779 UTC [gossip.discovery] expireDeadMembers -\u003e WARN 067\u001b[0m Entering [ba796d708f8c573380991aca358280a07ecd4208cdc446b257ab45f746763abf]\n","stream":"stderr","time":"2019-04-21T20:32:08.780038993Z"}
{"log":"\u001b[33m2019-04-21 20:32:08.780 UTC [gossip.discovery] expireDeadMembers -\u003e WARN 068\u001b[0m Closing connection to Endpoint: peer0.hospital.organ.com:7051, InternalEndpoint: , PKI-ID: ba796d708f8c573380991aca358280a07ecd4208cdc446b257ab45f746763abf, Metadata: \n","stream":"stderr","time":"2019-04-21T20:32:08.780217934Z"}
{"log":"\u001b[33m2019-04-21 20:32:08.780 UTC [gossip.discovery] expireDeadMembers -\u003e WARN 069\u001b[0m Exiting\n","stream":"stderr","time":"2019-04-21T20:32:08.780297404Z"}
{"log":"\u001b[34m2019-04-21 20:32:08.795 UTC [kvledger] CommitWithPvtData -\u003e INFO 06a\u001b[0m [organ-channel] Committed block [2] with 1 transaction(s) in 24ms (state_validation=1ms block_commit=12ms state_commit=2ms)\n","stream":"stderr","time":"2019-04-21T20:32:08.796145375Z"}
{"log":"\u001b[34m2019-04-21 20:32:08.796 UTC [gossip.privdata] StoreBlock -\u003e INFO 06b\u001b[0m [organ-channel] Received block [3] from buffer\n","stream":"stderr","time":"2019-04-21T20:32:08.796304972Z"}
{"log":"\u001b[34m2019-04-21 20:32:08.811 UTC [gossip.gossip] JoinChan -\u003e INFO 06c\u001b[0m Joining gossip network of channel organ-channel with 4 organizations\n","stream":"stderr","time":"2019-04-21T20:32:08.812132095Z"}
{"log":"\u001b[34m2019-04-21 20:32:08.811 UTC [gossip.gossip] learnAnchorPeers -\u003e INFO 06d\u001b[0m Learning about the configured anchor peers of HospitalMSP for channel organ-channel : [{peer0.hospital.organ.com 7051}]\n","stream":"stderr","time":"2019-04-21T20:32:08.812161071Z"}
{"log":"\u001b[34m2019-04-21 20:32:08.812 UTC [gossip.gossip] learnAnchorPeers -\u003e INFO 06e\u001b[0m Learning about the configured anchor peers of HLMSP for channel organ-channel : [{peer0.histocompatibility.organ.com 7051}]\n","stream":"stderr","time":"2019-04-21T20:32:08.812198161Z"}
{"log":"\u001b[34m2019-04-21 20:32:08.812 UTC [gossip.gossip] learnAnchorPeers -\u003e INFO 06f\u001b[0m Learning about the configured anchor peers of OPOMSP for channel organ-channel : [{peer0.opo.organ.com 7051}]\n","stream":"stderr","time":"2019-04-21T20:32:08.812204645Z"}
{"log":"\u001b[34m2019-04-21 20:32:08.812 UTC [gossip.gossip] learnAnchorPeers -\u003e INFO 070\u001b[0m No configured anchor peers of GPMSP for channel organ-channel to learn about\n","stream":"stderr","time":"2019-04-21T20:32:08.81220932Z"}
{"log":"\u001b[33m2019-04-21 20:32:08.812 UTC [gossip.service] updateEndpoints -\u003e WARN 071\u001b[0m Failed to update ordering service endpoints, due to Channel with organ-channel id was not found\n","stream":"stderr","time":"2019-04-21T20:32:08.81221385Z"}
{"log":"\u001b[34m2019-04-21 20:32:08.815 UTC [committer.txvalidator] Validate -\u003e INFO 072\u001b[0m [organ-channel] Validated block [3] in 18ms\n","stream":"stderr","time":"2019-04-21T20:32:08.815392604Z"}
{"log":"\u001b[33m2019-04-21 20:32:08.824 UTC [gossip.comm] func1 -\u003e WARN 073\u001b[0m peer0.opo.organ.com:7051, PKIid:7b53f6482e45886173c99c86f4c8096ed3dadd1ca1c4d8fa124530de62eb1dc7 isn't responsive: EOF\n","stream":"stderr","time":"2019-04-21T20:32:08.825093177Z"}
{"log":"\u001b[33m2019-04-21 20:32:08.824 UTC [gossip.discovery] expireDeadMembers -\u003e WARN 074\u001b[0m Entering [7b53f6482e45886173c99c86f4c8096ed3dadd1ca1c4d8fa124530de62eb1dc7]\n","stream":"stderr","time":"2019-04-21T20:32:08.825106835Z"}
{"log":"\u001b[33m2019-04-21 20:32:08.825 UTC [gossip.discovery] expireDeadMembers -\u003e WARN 075\u001b[0m Closing connection to Endpoint: peer0.opo.organ.com:7051, InternalEndpoint: , PKI-ID: 7b53f6482e45886173c99c86f4c8096ed3dadd1ca1c4d8fa124530de62eb1dc7, Metadata: \n","stream":"stderr","time":"2019-04-21T20:32:08.825110427Z"}
{"log":"\u001b[33m2019-04-21 20:32:08.825 UTC [gossip.discovery] expireDeadMembers -\u003e WARN 076\u001b[0m Exiting\n","stream":"stderr","time":"2019-04-21T20:32:08.825222807Z"}
{"log":"\u001b[33m2019-04-21 20:32:08.832 UTC [gossip.comm] func1 -\u003e WARN 077\u001b[0m peer0.histocompatibility.organ.com:7051, PKIid:f36be4ceaef9c7dc1a4c74f5ae6db2d14ee2c6623d37385febab7a4dca1932e4 isn't responsive: EOF\n","stream":"stderr","time":"2019-04-21T20:32:08.832958077Z"}
{"log":"\u001b[33m2019-04-21 20:32:08.833 UTC [gossip.discovery] expireDeadMembers -\u003e WARN 078\u001b[0m Entering [f36be4ceaef9c7dc1a4c74f5ae6db2d14ee2c6623d37385febab7a4dca1932e4]\n","stream":"stderr","time":"2019-04-21T20:32:08.833748698Z"}
{"log":"\u001b[33m2019-04-21 20:32:08.833 UTC [gossip.discovery] expireDeadMembers -\u003e WARN 079\u001b[0m Closing connection to Endpoint: peer0.histocompatibility.organ.com:7051, InternalEndpoint: , PKI-ID: f36be4ceaef9c7dc1a4c74f5ae6db2d14ee2c6623d37385febab7a4dca1932e4, Metadata: \n","stream":"stderr","time":"2019-04-21T20:32:08.833760769Z"}
{"log":"\u001b[33m2019-04-21 20:32:08.833 UTC [gossip.discovery] expireDeadMembers -\u003e WARN 07a\u001b[0m Exiting\n","stream":"stderr","time":"2019-04-21T20:32:08.833790599Z"}
{"log":"\u001b[34m2019-04-21 20:32:08.847 UTC [kvledger] CommitWithPvtData -\u003e INFO 07b\u001b[0m [organ-channel] Committed block [3] with 1 transaction(s) in 32ms (state_validation=1ms block_commit=13ms state_commit=8ms)\n","stream":"stderr","time":"2019-04-21T20:32:08.848016096Z"}
{"log":"\u001b[34m2019-04-21 20:32:08.847 UTC [gossip.privdata] StoreBlock -\u003e INFO 07c\u001b[0m [organ-channel] Received block [4] from buffer\n","stream":"stderr","time":"2019-04-21T20:32:08.848063521Z"}
{"log":"\u001b[34m2019-04-21 20:32:08.862 UTC [comm.grpc.server] 1 -\u003e INFO 07d\u001b[0m unary call completed grpc.service=gossip.Gossip grpc.method=Ping grpc.request_deadline=2019-04-21T20:32:10.862Z grpc.peer_address=172.18.0.7:41668 grpc.peer_subject=\"CN=peer0.opo.organ.com,L=San Francisco,ST=California,C=US\" grpc.code=OK grpc.call_duration=108.168µs\n","stream":"stderr","time":"2019-04-21T20:32:08.862539589Z"}
{"log":"\u001b[34m2019-04-21 20:32:08.866 UTC [gossip.gossip] JoinChan -\u003e INFO 07e\u001b[0m Joining gossip network of channel organ-channel with 4 organizations\n","stream":"stderr","time":"2019-04-21T20:32:08.866589056Z"}
{"log":"\u001b[34m2019-04-21 20:32:08.866 UTC [gossip.gossip] learnAnchorPeers -\u003e INFO 07f\u001b[0m Learning about the configured anchor peers of GPMSP for channel organ-channel : [{peer0.gp.organ.com 7051}]\n","stream":"stderr","time":"2019-04-21T20:32:08.866616533Z"}
{"log":"\u001b[34m2019-04-21 20:32:08.866 UTC [gossip.gossip] learnAnchorPeers -\u003e INFO 080\u001b[0m Learning about the configured anchor peers of HospitalMSP for channel organ-channel : [{peer0.hospital.organ.com 7051}]\n","stream":"stderr","time":"2019-04-21T20:32:08.866747093Z"}
{"log":"\u001b[34m2019-04-21 20:32:08.866 UTC [gossip.gossip] learnAnchorPeers -\u003e INFO 081\u001b[0m Learning about the configured anchor peers of HLMSP for channel organ-channel : [{peer0.histocompatibility.organ.com 7051}]\n","stream":"stderr","time":"2019-04-21T20:32:08.866763176Z"}
{"log":"\u001b[34m2019-04-21 20:32:08.866 UTC [gossip.gossip] learnAnchorPeers -\u003e INFO 082\u001b[0m Learning about the configured anchor peers of OPOMSP for channel organ-channel : [{peer0.opo.organ.com 7051}]\n","stream":"stderr","time":"2019-04-21T20:32:08.866769493Z"}
{"log":"\u001b[33m2019-04-21 20:32:08.866 UTC [gossip.service] updateEndpoints -\u003e WARN 083\u001b[0m Failed to update ordering service endpoints, due to Channel with organ-channel id was not found\n","stream":"stderr","time":"2019-04-21T20:32:08.866774363Z"}
{"log":"\u001b[34m2019-04-21 20:32:08.870 UTC [committer.txvalidator] Validate -\u003e INFO 084\u001b[0m [organ-channel] Validated block [4] in 22ms\n","stream":"stderr","time":"2019-04-21T20:32:08.870804089Z"}
{"log":"\u001b[33m2019-04-21 20:32:08.880 UTC [gossip.comm] func1 -\u003e WARN 085\u001b[0m peer0.gp.organ.com:7051, PKIid:b078a9d408a28af29d6c5edaeb60502aafab8b60e8188e90838f99a17fb40f49 isn't responsive: EOF\n","stream":"stderr","time":"2019-04-21T20:32:08.880831807Z"}
{"log":"\u001b[33m2019-04-21 20:32:08.880 UTC [gossip.discovery] expireDeadMembers -\u003e WARN 086\u001b[0m Entering [b078a9d408a28af29d6c5edaeb60502aafab8b60e8188e90838f99a17fb40f49]\n","stream":"stderr","time":"2019-04-21T20:32:08.880855214Z"}
{"log":"\u001b[33m2019-04-21 20:32:08.880 UTC [gossip.discovery] expireDeadMembers -\u003e WARN 087\u001b[0m Closing connection to Endpoint: peer0.gp.organ.com:7051, InternalEndpoint: peer0.gp.organ.com:7051, PKI-ID: b078a9d408a28af29d6c5edaeb60502aafab8b60e8188e90838f99a17fb40f49, Metadata: \n","stream":"stderr","time":"2019-04-21T20:32:08.880915185Z"}
{"log":"\u001b[33m2019-04-21 20:32:08.880 UTC [gossip.discovery] expireDeadMembers -\u003e WARN 088\u001b[0m Exiting\n","stream":"stderr","time":"2019-04-21T20:32:08.880932951Z"}
{"log":"\u001b[33m2019-04-21 20:32:08.883 UTC [gossip.comm] func1 -\u003e WARN 089\u001b[0m peer0.hospital.organ.com:7051, PKIid:ba796d708f8c573380991aca358280a07ecd4208cdc446b257ab45f746763abf isn't responsive: EOF\n","stream":"stderr","time":"2019-04-21T20:32:08.883499423Z"}
{"log":"\u001b[34m2019-04-21 20:32:08.885 UTC [comm.grpc.server] 1 -\u003e INFO 08a\u001b[0m streaming call completed grpc.service=gossip.Gossip grpc.method=GossipStream grpc.peer_address=172.18.0.7:41668 grpc.peer_subject=\"CN=peer0.opo.organ.com,L=San Francisco,ST=California,C=US\" error=\"rpc error: code = Canceled desc = context canceled\" grpc.code=Canceled grpc.call_duration=21.975158ms\n","stream":"stderr","time":"2019-04-21T20:32:08.886159228Z"}
{"log":"\u001b[34m2019-04-21 20:32:08.905 UTC [kvledger] CommitWithPvtData -\u003e INFO 08b\u001b[0m [organ-channel] Committed block [4] with 1 transaction(s) in 35ms (state_validation=2ms block_commit=15ms state_commit=8ms)\n","stream":"stderr","time":"2019-04-21T20:32:08.906144442Z"}
{"log":"\u001b[34m2019-04-21 20:32:09.225 UTC [comm.grpc.server] 1 -\u003e INFO 08c\u001b[0m unary call completed grpc.service=gossip.Gossip grpc.method=Ping grpc.request_deadline=2019-04-21T20:32:11.225Z grpc.peer_address=172.18.0.8:40148 grpc.peer_subject=\"CN=peer0.gp.organ.com,L=San Francisco,ST=California,C=US\" grpc.code=OK grpc.call_duration=71.752µs\n","stream":"stderr","time":"2019-04-21T20:32:09.226114301Z"}
{"log":"\u001b[34m2019-04-21 20:32:09.402 UTC [gossip.channel] reportMembershipChanges -\u003e INFO 08d\u001b[0m Membership view has changed. peers went offline:  [[peer0.hospital.organ.com:7051 ] [peer0.gp.organ.com:7051]] , current view:  [[peer0.histocompatibility.organ.com:7051 ] [peer0.opo.organ.com:7051 ] [peer1.hospital.organ.com:7051 ] [peer1.histocompatibility.organ.com:7051 ] [peer1.opo.organ.com:7051 ]]\n","stream":"stderr","time":"2019-04-21T20:32:09.403345333Z"}
{"log":"\u001b[34m2019-04-21 20:32:10.303 UTC [comm.grpc.server] 1 -\u003e INFO 08e\u001b[0m unary call completed grpc.service=gossip.Gossip grpc.method=Ping grpc.request_deadline=2019-04-21T20:32:12.303Z grpc.peer_address=172.18.0.10:51250 grpc.peer_subject=\"CN=peer0.hospital.organ.com,L=San Francisco,ST=California,C=US\" grpc.code=OK grpc.call_duration=116.238µs\n","stream":"stderr","time":"2019-04-21T20:32:10.303430437Z"}
{"log":"\u001b[34m2019-04-21 20:32:10.764 UTC [gossip.privdata] StoreBlock -\u003e INFO 08f\u001b[0m [organ-channel] Received block [5] from buffer\n","stream":"stderr","time":"2019-04-21T20:32:10.766727412Z"}
{"log":"\u001b[34m2019-04-21 20:32:10.768 UTC [committer.txvalidator] Validate -\u003e INFO 090\u001b[0m [organ-channel] Validated block [5] in 3ms\n","stream":"stderr","time":"2019-04-21T20:32:10.768482005Z"}
{"log":"\u001b[34m2019-04-21 20:32:10.768 UTC [cceventmgmt] HandleStateUpdates -\u003e INFO 091\u001b[0m Channel [organ-channel]: Handling deploy or update of chaincode [organcc]\n","stream":"stderr","time":"2019-04-21T20:32:10.768954141Z"}
{"log":"\u001b[34m2019-04-21 20:32:10.924 UTC [kvledger] CommitWithPvtData -\u003e INFO 092\u001b[0m [organ-channel] Committed block [5] with 1 transaction(s) in 155ms (state_validation=1ms block_commit=136ms state_commit=8ms)\n","stream":"stderr","time":"2019-04-21T20:32:10.924269385Z"}
{"log":"\u001b[34m2019-04-21 20:32:14.402 UTC [gossip.channel] reportMembershipChanges -\u003e INFO 093\u001b[0m Membership view has changed. peers went online:  [[peer0.gp.organ.com:7051] [peer0.hospital.organ.com:7051 ]] , current view:  [[peer1.hospital.organ.com:7051 ] [peer1.histocompatibility.organ.com:7051 ] [peer0.gp.organ.com:7051] [peer1.opo.organ.com:7051 ] [peer0.hospital.organ.com:7051 ] [peer0.histocompatibility.organ.com:7051 ] [peer0.opo.organ.com:7051 ]]\n","stream":"stderr","time":"2019-04-21T20:32:14.402559089Z"}
{"log":"\u001b[34m2019-04-21 20:33:56.521 UTC [endorser] callChaincode -\u003e INFO 094\u001b[0m [organ-channel][6982060d] Entry chaincode: name:\"organcc\" \n","stream":"stderr","time":"2019-04-21T20:33:56.521586115Z"}
{"log":"\u001b[34m2019-04-21 20:33:56.546 UTC [endorser] callChaincode -\u003e INFO 095\u001b[0m [organ-channel][6982060d] Exit chaincode: name:\"organcc\"  (25ms)\n","stream":"stderr","time":"2019-04-21T20:33:56.547023873Z"}
{"log":"\u001b[34m2019-04-21 20:33:56.547 UTC [comm.grpc.server] 1 -\u003e INFO 096\u001b[0m unary call completed grpc.service=protos.Endorser grpc.method=ProcessProposal grpc.peer_address=172.18.0.11:56300 grpc.code=OK grpc.call_duration=28.054845ms\n","stream":"stderr","time":"2019-04-21T20:33:56.547823394Z"}
{"log":"\u001b[34m2019-04-21 20:34:41.132 UTC [gossip.privdata] StoreBlock -\u003e INFO 097\u001b[0m [organ-channel] Received block [6] from buffer\n","stream":"stderr","time":"2019-04-21T20:34:41.13329159Z"}
{"log":"\u001b[34m2019-04-21 20:34:41.136 UTC [committer.txvalidator] Validate -\u003e INFO 098\u001b[0m [organ-channel] Validated block [6] in 3ms\n","stream":"stderr","time":"2019-04-21T20:34:41.137081146Z"}
{"log":"\u001b[34m2019-04-21 20:34:41.186 UTC [kvledger] CommitWithPvtData -\u003e INFO 099\u001b[0m [organ-channel] Committed block [6] with 1 transaction(s) in 50ms (state_validation=0ms block_commit=23ms state_commit=17ms)\n","stream":"stderr","time":"2019-04-21T20:34:41.187263513Z"}
{"log":"\u001b[34m2019-04-21 20:34:49.738 UTC [endorser] callChaincode -\u003e INFO 09a\u001b[0m [organ-channel][6e8e4b95] Entry chaincode: name:\"organcc\" \n","stream":"stderr","time":"2019-04-21T20:34:49.738441465Z"}
{"log":"\u001b[34m2019-04-21 20:34:49.760 UTC [endorser] callChaincode -\u003e INFO 09b\u001b[0m [organ-channel][6e8e4b95] Exit chaincode: name:\"organcc\"  (22ms)\n","stream":"stderr","time":"2019-04-21T20:34:49.760950023Z"}
{"log":"\u001b[34m2019-04-21 20:34:49.761 UTC [comm.grpc.server] 1 -\u003e INFO 09c\u001b[0m unary call completed grpc.service=protos.Endorser grpc.method=ProcessProposal grpc.peer_address=172.18.0.11:57106 grpc.code=OK grpc.call_duration=23.98467ms\n","stream":"stderr","time":"2019-04-21T20:34:49.761446934Z"}
{"log":"\u001b[34m2019-04-21 20:34:51.831 UTC [gossip.privdata] StoreBlock -\u003e INFO 09d\u001b[0m [organ-channel] Received block [7] from buffer\n","stream":"stderr","time":"2019-04-21T20:34:51.832260982Z"}
{"log":"\u001b[34m2019-04-21 20:34:51.851 UTC [committer.txvalidator] Validate -\u003e INFO 09e\u001b[0m [organ-channel] Validated block [7] in 18ms\n","stream":"stderr","time":"2019-04-21T20:34:51.851235751Z"}
{"log":"\u001b[34m2019-04-21 20:34:52.021 UTC [kvledger] CommitWithPvtData -\u003e INFO 09f\u001b[0m [organ-channel] Committed block [7] with 1 transaction(s) in 169ms (state_validation=28ms block_commit=98ms state_commit=34ms)\n","stream":"stderr","time":"2019-04-21T20:34:52.021747794Z"}
{"log":"\u001b[34m2019-04-21 20:35:00.551 UTC [endorser] callChaincode -\u003e INFO 0a0\u001b[0m [organ-channel][1ae351bc] Entry chaincode: name:\"organcc\" \n","stream":"stderr","time":"2019-04-21T20:35:00.551212783Z"}
{"log":"\u001b[34m2019-04-21 20:35:00.561 UTC [endorser] callChaincode -\u003e INFO 0a1\u001b[0m [organ-channel][1ae351bc] Exit chaincode: name:\"organcc\"  (10ms)\n","stream":"stderr","time":"2019-04-21T20:35:00.561612063Z"}
{"log":"\u001b[34m2019-04-21 20:35:00.561 UTC [comm.grpc.server] 1 -\u003e INFO 0a2\u001b[0m unary call completed grpc.service=protos.Endorser grpc.method=ProcessProposal grpc.peer_address=172.18.0.11:57140 grpc.code=OK grpc.call_duration=11.973215ms\n","stream":"stderr","time":"2019-04-21T20:35:00.562091558Z"}
{"log":"\u001b[34m2019-04-21 20:35:02.611 UTC [gossip.privdata] StoreBlock -\u003e INFO 0a3\u001b[0m [organ-channel] Received block [8] from buffer\n","stream":"stderr","time":"2019-04-21T20:35:02.611575417Z"}
{"log":"\u001b[34m2019-04-21 20:35:02.628 UTC [committer.txvalidator] Validate -\u003e INFO 0a4\u001b[0m [organ-channel] Validated block [8] in 16ms\n","stream":"stderr","time":"2019-04-21T20:35:02.62832171Z"}
{"log":"\u001b[34m2019-04-21 20:35:02.770 UTC [kvledger] CommitWithPvtData -\u003e INFO 0a5\u001b[0m [organ-channel] Committed block [8] with 1 transaction(s) in 140ms (state_validation=33ms block_commit=65ms state_commit=39ms)\n","stream":"stderr","time":"2019-04-21T20:35:02.770300314Z"}
{"log":"\u001b[34m2019-04-21 20:35:11.206 UTC [endorser] callChaincode -\u003e INFO 0a6\u001b[0m [organ-channel][190773cd] Entry chaincode: name:\"organcc\" \n","stream":"stderr","time":"2019-04-21T20:35:11.20617085Z"}
{"log":"\u001b[34m2019-04-21 20:35:11.213 UTC [endorser] callChaincode -\u003e INFO 0a7\u001b[0m [organ-channel][190773cd] Exit chaincode: name:\"organcc\"  (8ms)\n","stream":"stderr","time":"2019-04-21T20:35:11.213759754Z"}
{"log":"\u001b[34m2019-04-21 20:35:11.214 UTC [comm.grpc.server] 1 -\u003e INFO 0a8\u001b[0m unary call completed grpc.service=protos.Endorser grpc.method=ProcessProposal grpc.peer_address=172.18.0.11:57178 grpc.code=OK grpc.call_duration=9.009212ms\n","stream":"stderr","time":"2019-04-21T20:35:11.2143117Z"}
{"log":"\u001b[34m2019-04-21 20:35:13.273 UTC [gossip.privdata] StoreBlock -\u003e INFO 0a9\u001b[0m [organ-channel] Received block [9] from buffer\n","stream":"stderr","time":"2019-04-21T20:35:13.274127198Z"}
{"log":"\u001b[34m2019-04-21 20:35:13.277 UTC [committer.txvalidator] Validate -\u003e INFO 0aa\u001b[0m [organ-channel] Validated block [9] in 3ms\n","stream":"stderr","time":"2019-04-21T20:35:13.277617674Z"}
{"log":"\u001b[34m2019-04-21 20:35:13.471 UTC [kvledger] CommitWithPvtData -\u003e INFO 0ab\u001b[0m [organ-channel] Committed block [9] with 1 transaction(s) in 194ms (state_validation=103ms block_commit=72ms state_commit=8ms)\n","stream":"stderr","time":"2019-04-21T20:35:13.472004488Z"}
{"log":"\u001b[34m2019-04-21 20:35:21.844 UTC [endorser] callChaincode -\u003e INFO 0ac\u001b[0m [organ-channel][353aca45] Entry chaincode: name:\"organcc\" \n","stream":"stderr","time":"2019-04-21T20:35:21.8448831Z"}
{"log":"\u001b[34m2019-04-21 20:35:21.854 UTC [endorser] callChaincode -\u003e INFO 0ad\u001b[0m [organ-channel][353aca45] Exit chaincode: name:\"organcc\"  (10ms)\n","stream":"stderr","time":"2019-04-21T20:35:21.854890129Z"}
{"log":"\u001b[34m2019-04-21 20:35:21.855 UTC [comm.grpc.server] 1 -\u003e INFO 0ae\u001b[0m unary call completed grpc.service=protos.Endorser grpc.method=ProcessProposal grpc.peer_address=172.18.0.11:57212 grpc.code=OK grpc.call_duration=11.631776ms\n","stream":"stderr","time":"2019-04-21T20:35:21.855511482Z"}
{"log":"\u001b[34m2019-04-21 20:35:23.913 UTC [gossip.privdata] StoreBlock -\u003e INFO 0af\u001b[0m [organ-channel] Received block [10] from buffer\n","stream":"stderr","time":"2019-04-21T20:35:23.914171059Z"}
{"log":"\u001b[34m2019-04-21 20:35:23.916 UTC [committer.txvalidator] Validate -\u003e INFO 0b0\u001b[0m [organ-channel] Validated block [10] in 3ms\n","stream":"stderr","time":"2019-04-21T20:35:23.917183242Z"}
{"log":"\u001b[34m2019-04-21 20:35:24.004 UTC [kvledger] CommitWithPvtData -\u003e INFO 0b1\u001b[0m [organ-channel] Committed block [10] with 1 transaction(s) in 86ms (state_validation=49ms block_commit=23ms state_commit=4ms)\n","stream":"stderr","time":"2019-04-21T20:35:24.004719675Z"}
{"log":"\u001b[34m2019-04-21 20:35:32.481 UTC [endorser] callChaincode -\u003e INFO 0b2\u001b[0m [organ-channel][e13b5f24] Entry chaincode: name:\"organcc\" \n","stream":"stderr","time":"2019-04-21T20:35:32.481847573Z"}
{"log":"\u001b[34m2019-04-21 20:35:32.500 UTC [endorser] callChaincode -\u003e INFO 0b3\u001b[0m [organ-channel][e13b5f24] Exit chaincode: name:\"organcc\"  (19ms)\n","stream":"stderr","time":"2019-04-21T20:35:32.500622923Z"}
{"log":"\u001b[34m2019-04-21 20:35:32.500 UTC [comm.grpc.server] 1 -\u003e INFO 0b4\u001b[0m unary call completed grpc.service=protos.Endorser grpc.method=ProcessProposal grpc.peer_address=172.18.0.11:57246 grpc.code=OK grpc.call_duration=20.418469ms\n","stream":"stderr","time":"2019-04-21T20:35:32.501161667Z"}
{"log":"\u001b[34m2019-04-21 20:35:34.551 UTC [gossip.privdata] StoreBlock -\u003e INFO 0b5\u001b[0m [organ-channel] Received block [11] from buffer\n","stream":"stderr","time":"2019-04-21T20:35:34.551540926Z"}
{"log":"\u001b[34m2019-04-21 20:35:34.561 UTC [committer.txvalidator] Validate -\u003e INFO 0b6\u001b[0m [organ-channel] Validated block [11] in 9ms\n","stream":"stderr","time":"2019-04-21T20:35:34.562098283Z"}
{"log":"\u001b[34m2019-04-21 20:35:34.765 UTC [kvledger] CommitWithPvtData -\u003e INFO 0b7\u001b[0m [organ-channel] Committed block [11] with 1 transaction(s) in 195ms (state_validation=81ms block_commit=67ms state_commit=37ms)\n","stream":"stderr","time":"2019-04-21T20:35:34.76543602Z"}
{"log":"\u001b[34m2019-04-21 20:35:43.103 UTC [endorser] callChaincode -\u003e INFO 0b8\u001b[0m [organ-channel][e408018b] Entry chaincode: name:\"organcc\" \n","stream":"stderr","time":"2019-04-21T20:35:43.103851607Z"}
{"log":"\u001b[34m2019-04-21 20:35:43.113 UTC [endorser] callChaincode -\u003e INFO 0b9\u001b[0m [organ-channel][e408018b] Exit chaincode: name:\"organcc\"  (10ms)\n","stream":"stderr","time":"2019-04-21T20:35:43.113629374Z"}
{"log":"\u001b[34m2019-04-21 20:35:43.114 UTC [comm.grpc.server] 1 -\u003e INFO 0ba\u001b[0m unary call completed grpc.service=protos.Endorser grpc.method=ProcessProposal grpc.peer_address=172.18.0.11:57280 grpc.code=OK grpc.call_duration=11.322238ms\n","stream":"stderr","time":"2019-04-21T20:35:43.114255755Z"}
{"log":"\u001b[34m2019-04-21 20:35:45.169 UTC [gossip.privdata] StoreBlock -\u003e INFO 0bb\u001b[0m [organ-channel] Received block [12] from buffer\n","stream":"stderr","time":"2019-04-21T20:35:45.170089864Z"}
{"log":"\u001b[34m2019-04-21 20:35:45.172 UTC [committer.txvalidator] Validate -\u003e INFO 0bc\u001b[0m [organ-channel] Validated block [12] in 2ms\n","stream":"stderr","time":"2019-04-21T20:35:45.172977861Z"}
{"log":"\u001b[34m2019-04-21 20:35:45.386 UTC [kvledger] CommitWithPvtData -\u003e INFO 0bd\u001b[0m [organ-channel] Committed block [12] with 1 transaction(s) in 213ms (state_validation=104ms block_commit=71ms state_commit=28ms)\n","stream":"stderr","time":"2019-04-21T20:35:45.386943933Z"}
{"log":"\u001b[34m2019-04-21 20:35:53.929 UTC [endorser] callChaincode -\u003e INFO 0be\u001b[0m [organ-channel][ba432eaa] Entry chaincode: name:\"organcc\" \n","stream":"stderr","time":"2019-04-21T20:35:53.929584399Z"}
{"log":"\u001b[34m2019-04-21 20:35:53.967 UTC [endorser] callChaincode -\u003e INFO 0bf\u001b[0m [organ-channel][ba432eaa] Exit chaincode: name:\"organcc\"  (39ms)\n","stream":"stderr","time":"2019-04-21T20:35:53.968013232Z"}
{"log":"\u001b[34m2019-04-21 20:35:53.968 UTC [comm.grpc.server] 1 -\u003e INFO 0c0\u001b[0m unary call completed grpc.service=protos.Endorser grpc.method=ProcessProposal grpc.peer_address=172.18.0.11:57314 grpc.code=OK grpc.call_duration=40.597372ms\n","stream":"stderr","time":"2019-04-21T20:35:53.968815581Z"}
{"log":"\u001b[34m2019-04-21 20:35:56.039 UTC [gossip.privdata] StoreBlock -\u003e INFO 0c1\u001b[0m [organ-channel] Received block [13] from buffer\n","stream":"stderr","time":"2019-04-21T20:35:56.039765447Z"}
{"log":"\u001b[34m2019-04-21 20:35:56.044 UTC [committer.txvalidator] Validate -\u003e INFO 0c2\u001b[0m [organ-channel] Validated block [13] in 4ms\n","stream":"stderr","time":"2019-04-21T20:35:56.044602666Z"}
{"log":"\u001b[34m2019-04-21 20:35:56.268 UTC [kvledger] CommitWithPvtData -\u003e INFO 0c3\u001b[0m [organ-channel] Committed block [13] with 1 transaction(s) in 208ms (state_validation=112ms block_commit=53ms state_commit=30ms)\n","stream":"stderr","time":"2019-04-21T20:35:56.268324014Z"}
{"log":"\u001b[34m2019-04-21 20:36:04.717 UTC [endorser] callChaincode -\u003e INFO 0c4\u001b[0m [organ-channel][e5f35edc] Entry chaincode: name:\"organcc\" \n","stream":"stderr","time":"2019-04-21T20:36:04.718068441Z"}
{"log":"\u001b[34m2019-04-21 20:36:04.732 UTC [endorser] callChaincode -\u003e INFO 0c5\u001b[0m [organ-channel][e5f35edc] Exit chaincode: name:\"organcc\"  (15ms)\n","stream":"stderr","time":"2019-04-21T20:36:04.732749492Z"}
{"log":"\u001b[34m2019-04-21 20:36:04.733 UTC [comm.grpc.server] 1 -\u003e INFO 0c6\u001b[0m unary call completed grpc.service=protos.Endorser grpc.method=ProcessProposal grpc.peer_address=172.18.0.11:57348 grpc.code=OK grpc.call_duration=16.174482ms\n","stream":"stderr","time":"2019-04-21T20:36:04.733286402Z"}
{"log":"\u001b[34m2019-04-21 20:36:06.797 UTC [gossip.privdata] StoreBlock -\u003e INFO 0c7\u001b[0m [organ-channel] Received block [14] from buffer\n","stream":"stderr","time":"2019-04-21T20:36:06.79802253Z"}
{"log":"\u001b[34m2019-04-21 20:36:06.802 UTC [committer.txvalidator] Validate -\u003e INFO 0c8\u001b[0m [organ-channel] Validated block [14] in 4ms\n","stream":"stderr","time":"2019-04-21T20:36:06.802848053Z"}
{"log":"\u001b[34m2019-04-21 20:36:06.973 UTC [kvledger] CommitWithPvtData -\u003e INFO 0c9\u001b[0m [organ-channel] Committed block [14] with 1 transaction(s) in 170ms (state_validation=81ms block_commit=41ms state_commit=8ms)\n","stream":"stderr","time":"2019-04-21T20:36:06.973662503Z"}
{"log":"\u001b[34m2019-04-21 20:36:15.368 UTC [endorser] callChaincode -\u003e INFO 0ca\u001b[0m [organ-channel][dee1c989] Entry chaincode: name:\"organcc\" \n","stream":"stderr","time":"2019-04-21T20:36:15.368914321Z"}
{"log":"\u001b[34m2019-04-21 20:36:15.384 UTC [endorser] callChaincode -\u003e INFO 0cb\u001b[0m [organ-channel][dee1c989] Exit chaincode: name:\"organcc\"  (16ms)\n","stream":"stderr","time":"2019-04-21T20:36:15.384755359Z"}
{"log":"\u001b[34m2019-04-21 20:36:15.385 UTC [comm.grpc.server] 1 -\u003e INFO 0cc\u001b[0m unary call completed grpc.service=protos.Endorser grpc.method=ProcessProposal grpc.peer_address=172.18.0.11:57382 grpc.code=OK grpc.call_duration=17.53528ms\n","stream":"stderr","time":"2019-04-21T20:36:15.385430177Z"}
{"log":"\u001b[34m2019-04-21 20:36:17.446 UTC [gossip.privdata] StoreBlock -\u003e INFO 0cd\u001b[0m [organ-channel] Received block [15] from buffer\n","stream":"stderr","time":"2019-04-21T20:36:17.446856715Z"}
{"log":"\u001b[34m2019-04-21 20:36:17.449 UTC [committer.txvalidator] Validate -\u003e INFO 0ce\u001b[0m [organ-channel] Validated block [15] in 2ms\n","stream":"stderr","time":"2019-04-21T20:36:17.449581129Z"}
{"log":"\u001b[34m2019-04-21 20:36:17.730 UTC [kvledger] CommitWithPvtData -\u003e INFO 0cf\u001b[0m [organ-channel] Committed block [15] with 1 transaction(s) in 280ms (state_validation=169ms block_commit=76ms state_commit=9ms)\n","stream":"stderr","time":"2019-04-21T20:36:17.730911406Z"}
{"log":"\u001b[34m2019-04-21 20:36:26.111 UTC [endorser] callChaincode -\u003e INFO 0d0\u001b[0m [organ-channel][1964ae9d] Entry chaincode: name:\"organcc\" \n","stream":"stderr","time":"2019-04-21T20:36:26.112611812Z"}
{"log":"\u001b[34m2019-04-21 20:36:26.142 UTC [endorser] callChaincode -\u003e INFO 0d1\u001b[0m [organ-channel][1964ae9d] Exit chaincode: name:\"organcc\"  (31ms)\n","stream":"stderr","time":"2019-04-21T20:36:26.143076483Z"}
{"log":"\u001b[34m2019-04-21 20:36:26.143 UTC [comm.grpc.server] 1 -\u003e INFO 0d2\u001b[0m unary call completed grpc.service=protos.Endorser grpc.method=ProcessProposal grpc.peer_address=172.18.0.11:57416 grpc.code=OK grpc.call_duration=32.906989ms\n","stream":"stderr","time":"2019-04-21T20:36:26.143774828Z"}
{"log":"\u001b[34m2019-04-21 20:36:28.232 UTC [gossip.privdata] StoreBlock -\u003e INFO 0d3\u001b[0m [organ-channel] Received block [16] from buffer\n","stream":"stderr","time":"2019-04-21T20:36:28.232648336Z"}
{"log":"\u001b[34m2019-04-21 20:36:28.238 UTC [committer.txvalidator] Validate -\u003e INFO 0d4\u001b[0m [organ-channel] Validated block [16] in 6ms\n","stream":"stderr","time":"2019-04-21T20:36:28.239531916Z"}
{"log":"\u001b[34m2019-04-21 20:36:28.448 UTC [kvledger] CommitWithPvtData -\u003e INFO 0d5\u001b[0m [organ-channel] Committed block [16] with 1 transaction(s) in 210ms (state_validation=158ms block_commit=41ms state_commit=5ms)\n","stream":"stderr","time":"2019-04-21T20:36:28.448989388Z"}
{"log":"\u001b[34m2019-04-21 20:36:36.798 UTC [endorser] callChaincode -\u003e INFO 0d6\u001b[0m [organ-channel][035015ac] Entry chaincode: name:\"organcc\" \n","stream":"stderr","time":"2019-04-21T20:36:36.798306436Z"}
{"log":"\u001b[34m2019-04-21 20:36:36.815 UTC [endorser] callChaincode -\u003e INFO 0d7\u001b[0m [organ-channel][035015ac] Exit chaincode: name:\"organcc\"  (18ms)\n","stream":"stderr","time":"2019-04-21T20:36:36.816185244Z"}
{"log":"\u001b[34m2019-04-21 20:36:36.816 UTC [comm.grpc.server] 1 -\u003e INFO 0d8\u001b[0m unary call completed grpc.service=protos.Endorser grpc.method=ProcessProposal grpc.peer_address=172.18.0.11:57452 grpc.code=OK grpc.call_duration=19.520595ms\n","stream":"stderr","time":"2019-04-21T20:36:36.816805192Z"}
{"log":"\u001b[34m2019-04-21 20:36:38.877 UTC [gossip.privdata] StoreBlock -\u003e INFO 0d9\u001b[0m [organ-channel] Received block [17] from buffer\n","stream":"stderr","time":"2019-04-21T20:36:38.877772498Z"}
{"log":"\u001b[34m2019-04-21 20:36:38.880 UTC [committer.txvalidator] Validate -\u003e INFO 0da\u001b[0m [organ-channel] Validated block [17] in 3ms\n","stream":"stderr","time":"2019-04-21T20:36:38.881222674Z"}
{"log":"\u001b[34m2019-04-21 20:36:39.205 UTC [kvledger] CommitWithPvtData -\u003e INFO 0db\u001b[0m [organ-channel] Committed block [17] with 1 transaction(s) in 324ms (state_validation=207ms block_commit=65ms state_commit=33ms)\n","stream":"stderr","time":"2019-04-21T20:36:39.205870719Z"}
{"log":"\u001b[34m2019-04-21 20:36:47.573 UTC [endorser] callChaincode -\u003e INFO 0dc\u001b[0m [organ-channel][92971911] Entry chaincode: name:\"organcc\" \n","stream":"stderr","time":"2019-04-21T20:36:47.573821342Z"}
{"log":"\u001b[34m2019-04-21 20:36:47.607 UTC [endorser] callChaincode -\u003e INFO 0dd\u001b[0m [organ-channel][92971911] Exit chaincode: name:\"organcc\"  (34ms)\n","stream":"stderr","time":"2019-04-21T20:36:47.608453891Z"}
{"log":"\u001b[34m2019-04-21 20:36:47.607 UTC [comm.grpc.server] 1 -\u003e INFO 0de\u001b[0m unary call completed grpc.service=protos.Endorser grpc.method=ProcessProposal grpc.peer_address=172.18.0.11:57486 grpc.code=OK grpc.call_duration=35.370949ms\n","stream":"stderr","time":"2019-04-21T20:36:47.608474779Z"}
{"log":"\u001b[34m2019-04-21 20:36:49.676 UTC [gossip.privdata] StoreBlock -\u003e INFO 0df\u001b[0m [organ-channel] Received block [18] from buffer\n","stream":"stderr","time":"2019-04-21T20:36:49.680410948Z"}
{"log":"\u001b[34m2019-04-21 20:36:49.699 UTC [committer.txvalidator] Validate -\u003e INFO 0e0\u001b[0m [organ-channel] Validated block [18] in 22ms\n","stream":"stderr","time":"2019-04-21T20:36:49.700146774Z"}
{"log":"\u001b[34m2019-04-21 20:36:50.053 UTC [kvledger] CommitWithPvtData -\u003e INFO 0e1\u001b[0m [organ-channel] Committed block [18] with 1 transaction(s) in 347ms (state_validation=264ms block_commit=55ms state_commit=9ms)\n","stream":"stderr","time":"2019-04-21T20:36:50.054558844Z"}
{"log":"\u001b[34m2019-04-21 20:36:58.295 UTC [endorser] callChaincode -\u003e INFO 0e2\u001b[0m [organ-channel][c78198db] Entry chaincode: name:\"organcc\" \n","stream":"stderr","time":"2019-04-21T20:36:58.295829295Z"}
{"log":"\u001b[34m2019-04-21 20:36:58.322 UTC [endorser] callChaincode -\u003e INFO 0e3\u001b[0m [organ-channel][c78198db] Exit chaincode: name:\"organcc\"  (27ms)\n","stream":"stderr","time":"2019-04-21T20:36:58.322771688Z"}
{"log":"\u001b[34m2019-04-21 20:36:58.323 UTC [comm.grpc.server] 1 -\u003e INFO 0e4\u001b[0m unary call completed grpc.service=protos.Endorser grpc.method=ProcessProposal grpc.peer_address=172.18.0.11:57520 grpc.code=OK grpc.call_duration=28.826418ms\n","stream":"stderr","time":"2019-04-21T20:36:58.32329019Z"}
{"log":"\u001b[34m2019-04-21 20:37:00.418 UTC [gossip.privdata] StoreBlock -\u003e INFO 0e5\u001b[0m [organ-channel] Received block [19] from buffer\n","stream":"stderr","time":"2019-04-21T20:37:00.419186027Z"}
{"log":"\u001b[34m2019-04-21 20:37:00.423 UTC [committer.txvalidator] Validate -\u003e INFO 0e6\u001b[0m [organ-channel] Validated block [19] in 4ms\n","stream":"stderr","time":"2019-04-21T20:37:00.423826932Z"}
{"log":"\u001b[34m2019-04-21 20:37:00.743 UTC [kvledger] CommitWithPvtData -\u003e INFO 0e7\u001b[0m [organ-channel] Committed block [19] with 1 transaction(s) in 320ms (state_validation=216ms block_commit=77ms state_commit=9ms)\n","stream":"stderr","time":"2019-04-21T20:37:00.743804343Z"}
{"log":"\u001b[34m2019-04-21 20:37:09.026 UTC [endorser] callChaincode -\u003e INFO 0e8\u001b[0m [organ-channel][d826394c] Entry chaincode: name:\"organcc\" \n","stream":"stderr","time":"2019-04-21T20:37:09.026634035Z"}
{"log":"\u001b[34m2019-04-21 20:37:09.048 UTC [endorser] callChaincode -\u003e INFO 0e9\u001b[0m [organ-channel][d826394c] Exit chaincode: name:\"organcc\"  (22ms)\n","stream":"stderr","time":"2019-04-21T20:37:09.049008975Z"}
{"log":"\u001b[34m2019-04-21 20:37:09.049 UTC [comm.grpc.server] 1 -\u003e INFO 0ea\u001b[0m unary call completed grpc.service=protos.Endorser grpc.method=ProcessProposal grpc.peer_address=172.18.0.11:57554 grpc.code=OK grpc.call_duration=23.874184ms\n","stream":"stderr","time":"2019-04-21T20:37:09.04974982Z"}
{"log":"\u001b[34m2019-04-21 20:37:11.113 UTC [gossip.privdata] StoreBlock -\u003e INFO 0eb\u001b[0m [organ-channel] Received block [20] from buffer\n","stream":"stderr","time":"2019-04-21T20:37:11.114115647Z"}
{"log":"\u001b[34m2019-04-21 20:37:11.116 UTC [committer.txvalidator] Validate -\u003e INFO 0ec\u001b[0m [organ-channel] Validated block [20] in 2ms\n","stream":"stderr","time":"2019-04-21T20:37:11.117140594Z"}
{"log":"\u001b[34m2019-04-21 20:37:11.509 UTC [kvledger] CommitWithPvtData -\u003e INFO 0ed\u001b[0m [organ-channel] Committed block [20] with 1 transaction(s) in 390ms (state_validation=260ms block_commit=102ms state_commit=11ms)\n","stream":"stderr","time":"2019-04-21T20:37:11.51012856Z"}
{"log":"\u001b[34m2019-04-21 20:37:19.643 UTC [endorser] callChaincode -\u003e INFO 0ee\u001b[0m [organ-channel][bbf85d03] Entry chaincode: name:\"organcc\" \n","stream":"stderr","time":"2019-04-21T20:37:19.643767041Z"}
{"log":"\u001b[34m2019-04-21 20:37:19.648 UTC [endorser] callChaincode -\u003e INFO 0ef\u001b[0m [organ-channel][bbf85d03] Exit chaincode: name:\"organcc\"  (6ms)\n","stream":"stderr","time":"2019-04-21T20:37:19.649374559Z"}
{"log":"\u001b[34m2019-04-21 20:37:19.649 UTC [comm.grpc.server] 1 -\u003e INFO 0f0\u001b[0m unary call completed grpc.service=protos.Endorser grpc.method=ProcessProposal grpc.peer_address=172.18.0.11:57588 grpc.code=OK grpc.call_duration=7.282049ms\n","stream":"stderr","time":"2019-04-21T20:37:19.649715784Z"}
{"log":"\u001b[34m2019-04-21 20:37:21.684 UTC [gossip.privdata] StoreBlock -\u003e INFO 0f1\u001b[0m [organ-channel] Received block [21] from buffer\n","stream":"stderr","time":"2019-04-21T20:37:21.684327715Z"}
{"log":"\u001b[34m2019-04-21 20:37:21.686 UTC [committer.txvalidator] Validate -\u003e INFO 0f2\u001b[0m [organ-channel] Validated block [21] in 2ms\n","stream":"stderr","time":"2019-04-21T20:37:21.686883382Z"}
{"log":"\u001b[34m2019-04-21 20:37:21.801 UTC [kvledger] CommitWithPvtData -\u003e INFO 0f3\u001b[0m [organ-channel] Committed block [21] with 1 transaction(s) in 114ms (state_validation=0ms block_commit=79ms state_commit=26ms)\n","stream":"stderr","time":"2019-04-21T20:37:21.801289109Z"}
{"log":"\u001b[34m2019-04-21 20:37:30.222 UTC [endorser] callChaincode -\u003e INFO 0f4\u001b[0m [organ-channel][1a55d2e8] Entry chaincode: name:\"organcc\" \n","stream":"stderr","time":"2019-04-21T20:37:30.223205546Z"}
{"log":"\u001b[34m2019-04-21 20:37:30.226 UTC [endorser] callChaincode -\u003e INFO 0f5\u001b[0m [organ-channel][1a55d2e8] Exit chaincode: name:\"organcc\"  (4ms)\n","stream":"stderr","time":"2019-04-21T20:37:30.226860937Z"}
{"log":"\u001b[34m2019-04-21 20:37:30.227 UTC [comm.grpc.server] 1 -\u003e INFO 0f6\u001b[0m unary call completed grpc.service=protos.Endorser grpc.method=ProcessProposal grpc.peer_address=172.18.0.11:57622 grpc.code=OK grpc.call_duration=4.804809ms\n","stream":"stderr","time":"2019-04-21T20:37:30.227398506Z"}
{"log":"\u001b[34m2019-04-21 20:37:32.260 UTC [gossip.privdata] StoreBlock -\u003e INFO 0f7\u001b[0m [organ-channel] Received block [22] from buffer\n","stream":"stderr","time":"2019-04-21T20:37:32.260504593Z"}
{"log":"\u001b[34m2019-04-21 20:37:32.267 UTC [committer.txvalidator] Validate -\u003e INFO 0f8\u001b[0m [organ-channel] Validated block [22] in 7ms\n","stream":"stderr","time":"2019-04-21T20:37:32.268025315Z"}
{"log":"\u001b[34m2019-04-21 20:37:32.397 UTC [kvledger] CommitWithPvtData -\u003e INFO 0f9\u001b[0m [organ-channel] Committed block [22] with 1 transaction(s) in 129ms (state_validation=0ms block_commit=70ms state_commit=52ms)\n","stream":"stderr","time":"2019-04-21T20:37:32.398111267Z"}
{"log":"\u001b[34m2019-04-21 20:37:40.758 UTC [endorser] callChaincode -\u003e INFO 0fa\u001b[0m [organ-channel][9fbc9c55] Entry chaincode: name:\"organcc\" \n","stream":"stderr","time":"2019-04-21T20:37:40.758297487Z"}
{"log":"\u001b[34m2019-04-21 20:37:40.760 UTC [endorser] callChaincode -\u003e INFO 0fb\u001b[0m [organ-channel][9fbc9c55] Exit chaincode: name:\"organcc\"  (3ms)\n","stream":"stderr","time":"2019-04-21T20:37:40.760990215Z"}
{"log":"\u001b[34m2019-04-21 20:37:40.761 UTC [comm.grpc.server] 1 -\u003e INFO 0fc\u001b[0m unary call completed grpc.service=protos.Endorser grpc.method=ProcessProposal grpc.peer_address=172.18.0.11:57656 grpc.code=OK grpc.call_duration=3.950308ms\n","stream":"stderr","time":"2019-04-21T20:37:40.761546729Z"}
{"log":"\u001b[34m2019-04-21 20:37:42.791 UTC [gossip.privdata] StoreBlock -\u003e INFO 0fd\u001b[0m [organ-channel] Received block [23] from buffer\n","stream":"stderr","time":"2019-04-21T20:37:42.791753159Z"}
{"log":"\u001b[34m2019-04-21 20:37:42.799 UTC [committer.txvalidator] Validate -\u003e INFO 0fe\u001b[0m [organ-channel] Validated block [23] in 6ms\n","stream":"stderr","time":"2019-04-21T20:37:42.799641356Z"}
{"log":"\u001b[34m2019-04-21 20:37:42.872 UTC [kvledger] CommitWithPvtData -\u003e INFO 0ff\u001b[0m [organ-channel] Committed block [23] with 1 transaction(s) in 72ms (state_validation=0ms block_commit=40ms state_commit=23ms)\n","stream":"stderr","time":"2019-04-21T20:37:42.872583263Z"}
{"log":"\u001b[34m2019-04-21 20:37:51.329 UTC [endorser] callChaincode -\u003e INFO 100\u001b[0m [organ-channel][4975a7b2] Entry chaincode: name:\"organcc\" \n","stream":"stderr","time":"2019-04-21T20:37:51.330005878Z"}
{"log":"\u001b[34m2019-04-21 20:37:51.332 UTC [endorser] callChaincode -\u003e INFO 101\u001b[0m [organ-channel][4975a7b2] Exit chaincode: name:\"organcc\"  (3ms)\n","stream":"stderr","time":"2019-04-21T20:37:51.332969489Z"}
{"log":"\u001b[34m2019-04-21 20:37:51.333 UTC [comm.grpc.server] 1 -\u003e INFO 102\u001b[0m unary call completed grpc.service=protos.Endorser grpc.method=ProcessProposal grpc.peer_address=172.18.0.11:57690 grpc.code=OK grpc.call_duration=4.156572ms\n","stream":"stderr","time":"2019-04-21T20:37:51.333350084Z"}
{"log":"\u001b[34m2019-04-21 20:37:53.368 UTC [gossip.privdata] StoreBlock -\u003e INFO 103\u001b[0m [organ-channel] Received block [24] from buffer\n","stream":"stderr","time":"2019-04-21T20:37:53.368911364Z"}
{"log":"\u001b[34m2019-04-21 20:37:53.375 UTC [committer.txvalidator] Validate -\u003e INFO 104\u001b[0m [organ-channel] Validated block [24] in 6ms\n","stream":"stderr","time":"2019-04-21T20:37:53.377870918Z"}
{"log":"\u001b[34m2019-04-21 20:37:53.499 UTC [kvledger] CommitWithPvtData -\u003e INFO 105\u001b[0m [organ-channel] Committed block [24] with 1 transaction(s) in 123ms (state_validation=0ms block_commit=78ms state_commit=34ms)\n","stream":"stderr","time":"2019-04-21T20:37:53.500110724Z"}
{"log":"\u001b[34m2019-04-21 20:38:01.947 UTC [endorser] callChaincode -\u003e INFO 106\u001b[0m [organ-channel][dbe7d0aa] Entry chaincode: name:\"organcc\" \n","stream":"stderr","time":"2019-04-21T20:38:01.947281449Z"}
{"log":"\u001b[34m2019-04-21 20:38:01.950 UTC [endorser] callChaincode -\u003e INFO 107\u001b[0m [organ-channel][dbe7d0aa] Exit chaincode: name:\"organcc\"  (3ms)\n","stream":"stderr","time":"2019-04-21T20:38:01.950718893Z"}
{"log":"\u001b[34m2019-04-21 20:38:01.950 UTC [comm.grpc.server] 1 -\u003e INFO 108\u001b[0m unary call completed grpc.service=protos.Endorser grpc.method=ProcessProposal grpc.peer_address=172.18.0.11:57724 grpc.code=OK grpc.call_duration=4.499908ms\n","stream":"stderr","time":"2019-04-21T20:38:01.950985327Z"}
{"log":"\u001b[34m2019-04-21 20:38:03.981 UTC [gossip.privdata] StoreBlock -\u003e INFO 109\u001b[0m [organ-channel] Received block [25] from buffer\n","stream":"stderr","time":"2019-04-21T20:38:03.982157574Z"}
{"log":"\u001b[34m2019-04-21 20:38:03.984 UTC [committer.txvalidator] Validate -\u003e INFO 10a\u001b[0m [organ-channel] Validated block [25] in 2ms\n","stream":"stderr","time":"2019-04-21T20:38:03.985787602Z"}
{"log":"\u001b[34m2019-04-21 20:38:04.045 UTC [kvledger] CommitWithPvtData -\u003e INFO 10b\u001b[0m [organ-channel] Committed block [25] with 1 transaction(s) in 60ms (state_validation=0ms block_commit=41ms state_commit=8ms)\n","stream":"stderr","time":"2019-04-21T20:38:04.045610636Z"}
{"log":"\u001b[34m2019-04-21 20:38:12.523 UTC [endorser] callChaincode -\u003e INFO 10c\u001b[0m [organ-channel][46738000] Entry chaincode: name:\"organcc\" \n","stream":"stderr","time":"2019-04-21T20:38:12.523672897Z"}
{"log":"\u001b[34m2019-04-21 20:38:12.527 UTC [endorser] callChaincode -\u003e INFO 10d\u001b[0m [organ-channel][46738000] Exit chaincode: name:\"organcc\"  (4ms)\n","stream":"stderr","time":"2019-04-21T20:38:12.527316688Z"}
{"log":"\u001b[34m2019-04-21 20:38:12.528 UTC [comm.grpc.server] 1 -\u003e INFO 10e\u001b[0m unary call completed grpc.service=protos.Endorser grpc.method=ProcessProposal grpc.peer_address=172.18.0.11:57758 grpc.code=OK grpc.call_duration=6.103469ms\n","stream":"stderr","time":"2019-04-21T20:38:12.528900594Z"}
{"log":"\u001b[34m2019-04-21 20:38:14.573 UTC [gossip.privdata] StoreBlock -\u003e INFO 10f\u001b[0m [organ-channel] Received block [26] from buffer\n","stream":"stderr","time":"2019-04-21T20:38:14.574091974Z"}
{"log":"\u001b[34m2019-04-21 20:38:14.576 UTC [committer.txvalidator] Validate -\u003e INFO 110\u001b[0m [organ-channel] Validated block [26] in 2ms\n","stream":"stderr","time":"2019-04-21T20:38:14.576717408Z"}
{"log":"\u001b[34m2019-04-21 20:38:14.695 UTC [kvledger] CommitWithPvtData -\u003e INFO 111\u001b[0m [organ-channel] Committed block [26] with 1 transaction(s) in 119ms (state_validation=0ms block_commit=72ms state_commit=11ms)\n","stream":"stderr","time":"2019-04-21T20:38:14.695779679Z"}
{"log":"\u001b[34m2019-04-21 20:38:23.053 UTC [endorser] callChaincode -\u003e INFO 112\u001b[0m [organ-channel][aae4d37a] Entry chaincode: name:\"organcc\" \n","stream":"stderr","time":"2019-04-21T20:38:23.053517234Z"}
{"log":"\u001b[34m2019-04-21 20:38:23.058 UTC [endorser] callChaincode -\u003e INFO 113\u001b[0m [organ-channel][aae4d37a] Exit chaincode: name:\"organcc\"  (5ms)\n","stream":"stderr","time":"2019-04-21T20:38:23.058973251Z"}
{"log":"\u001b[34m2019-04-21 20:38:23.059 UTC [comm.grpc.server] 1 -\u003e INFO 114\u001b[0m unary call completed grpc.service=protos.Endorser grpc.method=ProcessProposal grpc.peer_address=172.18.0.11:57792 grpc.code=OK grpc.call_duration=6.669288ms\n","stream":"stderr","time":"2019-04-21T20:38:23.05937529Z"}
{"log":"\u001b[34m2019-04-21 20:38:25.109 UTC [gossip.privdata] StoreBlock -\u003e INFO 115\u001b[0m [organ-channel] Received block [27] from buffer\n","stream":"stderr","time":"2019-04-21T20:38:25.10966111Z"}
{"log":"\u001b[34m2019-04-21 20:38:25.112 UTC [committer.txvalidator] Validate -\u003e INFO 116\u001b[0m [organ-channel] Validated block [27] in 2ms\n","stream":"stderr","time":"2019-04-21T20:38:25.112258482Z"}
{"log":"\u001b[34m2019-04-21 20:38:25.224 UTC [kvledger] CommitWithPvtData -\u003e INFO 117\u001b[0m [organ-channel] Committed block [27] with 1 transaction(s) in 111ms (state_validation=2ms block_commit=72ms state_commit=26ms)\n","stream":"stderr","time":"2019-04-21T20:38:25.224227357Z"}
{"log":"\u001b[34m2019-04-21 20:38:33.615 UTC [endorser] callChaincode -\u003e INFO 118\u001b[0m [organ-channel][df0cf58a] Entry chaincode: name:\"organcc\" \n","stream":"stderr","time":"2019-04-21T20:38:33.616005913Z"}
{"log":"\u001b[34m2019-04-21 20:38:33.619 UTC [endorser] callChaincode -\u003e INFO 119\u001b[0m [organ-channel][df0cf58a] Exit chaincode: name:\"organcc\"  (3ms)\n","stream":"stderr","time":"2019-04-21T20:38:33.61936628Z"}
{"log":"\u001b[34m2019-04-21 20:38:33.619 UTC [comm.grpc.server] 1 -\u003e INFO 11a\u001b[0m unary call completed grpc.service=protos.Endorser grpc.method=ProcessProposal grpc.peer_address=172.18.0.11:57826 grpc.code=OK grpc.call_duration=4.320382ms\n","stream":"stderr","time":"2019-04-21T20:38:33.619667264Z"}
{"log":"\u001b[34m2019-04-21 20:38:35.654 UTC [gossip.privdata] StoreBlock -\u003e INFO 11b\u001b[0m [organ-channel] Received block [28] from buffer\n","stream":"stderr","time":"2019-04-21T20:38:35.654697123Z"}
{"log":"\u001b[34m2019-04-21 20:38:35.663 UTC [committer.txvalidator] Validate -\u003e INFO 11c\u001b[0m [organ-channel] Validated block [28] in 8ms\n","stream":"stderr","time":"2019-04-21T20:38:35.663286259Z"}
{"log":"\u001b[34m2019-04-21 20:38:35.786 UTC [kvledger] CommitWithPvtData -\u003e INFO 11d\u001b[0m [organ-channel] Committed block [28] with 1 transaction(s) in 122ms (state_validation=0ms block_commit=112ms state_commit=1ms)\n","stream":"stderr","time":"2019-04-21T20:38:35.786889603Z"}
{"log":"\u001b[34m2019-04-21 20:38:44.121 UTC [endorser] callChaincode -\u003e INFO 11e\u001b[0m [organ-channel][f89a2473] Entry chaincode: name:\"organcc\" \n","stream":"stderr","time":"2019-04-21T20:38:44.122042521Z"}
{"log":"\u001b[34m2019-04-21 20:38:44.124 UTC [endorser] callChaincode -\u003e INFO 11f\u001b[0m [organ-channel][f89a2473] Exit chaincode: name:\"organcc\"  (2ms)\n","stream":"stderr","time":"2019-04-21T20:38:44.124510087Z"}
{"log":"\u001b[34m2019-04-21 20:38:44.124 UTC [comm.grpc.server] 1 -\u003e INFO 120\u001b[0m unary call completed grpc.service=protos.Endorser grpc.method=ProcessProposal grpc.peer_address=172.18.0.11:57860 grpc.code=OK grpc.call_duration=3.82459ms\n","stream":"stderr","time":"2019-04-21T20:38:44.124890505Z"}
{"log":"\u001b[34m2019-04-21 20:38:46.174 UTC [gossip.privdata] StoreBlock -\u003e INFO 121\u001b[0m [organ-channel] Received block [29] from buffer\n","stream":"stderr","time":"2019-04-21T20:38:46.174757428Z"}
{"log":"\u001b[34m2019-04-21 20:38:46.176 UTC [committer.txvalidator] Validate -\u003e INFO 122\u001b[0m [organ-channel] Validated block [29] in 2ms\n","stream":"stderr","time":"2019-04-21T20:38:46.176980472Z"}
{"log":"\u001b[34m2019-04-21 20:38:46.296 UTC [kvledger] CommitWithPvtData -\u003e INFO 123\u001b[0m [organ-channel] Committed block [29] with 1 transaction(s) in 119ms (state_validation=0ms block_commit=108ms state_commit=8ms)\n","stream":"stderr","time":"2019-04-21T20:38:46.29650839Z"}
{"log":"\u001b[34m2019-04-21 20:38:54.651 UTC [endorser] callChaincode -\u003e INFO 124\u001b[0m [organ-channel][89495e54] Entry chaincode: name:\"organcc\" \n","stream":"stderr","time":"2019-04-21T20:38:54.651901927Z"}
{"log":"\u001b[34m2019-04-21 20:38:54.654 UTC [endorser] callChaincode -\u003e INFO 125\u001b[0m [organ-channel][89495e54] Exit chaincode: name:\"organcc\"  (3ms)\n","stream":"stderr","time":"2019-04-21T20:38:54.654719238Z"}
{"log":"\u001b[34m2019-04-21 20:38:54.654 UTC [comm.grpc.server] 1 -\u003e INFO 126\u001b[0m unary call completed grpc.service=protos.Endorser grpc.method=ProcessProposal grpc.peer_address=172.18.0.11:57894 grpc.code=OK grpc.call_duration=4.006665ms\n","stream":"stderr","time":"2019-04-21T20:38:54.655205992Z"}
{"log":"\u001b[34m2019-04-21 20:38:56.692 UTC [gossip.privdata] StoreBlock -\u003e INFO 127\u001b[0m [organ-channel] Received block [30] from buffer\n","stream":"stderr","time":"2019-04-21T20:38:56.693066305Z"}
{"log":"\u001b[34m2019-04-21 20:38:56.695 UTC [committer.txvalidator] Validate -\u003e INFO 128\u001b[0m [organ-channel] Validated block [30] in 2ms\n","stream":"stderr","time":"2019-04-21T20:38:56.70046921Z"}
{"log":"\u001b[34m2019-04-21 20:38:56.805 UTC [kvledger] CommitWithPvtData -\u003e INFO 129\u001b[0m [organ-channel] Committed block [30] with 1 transaction(s) in 110ms (state_validation=0ms block_commit=92ms state_commit=8ms)\n","stream":"stderr","time":"2019-04-21T20:38:56.805961512Z"}
{"log":"\u001b[34m2019-04-21 20:39:05.155 UTC [endorser] callChaincode -\u003e INFO 12a\u001b[0m [organ-channel][06c7c153] Entry chaincode: name:\"organcc\" \n","stream":"stderr","time":"2019-04-21T20:39:05.155833295Z"}
{"log":"\u001b[34m2019-04-21 20:39:05.158 UTC [endorser] callChaincode -\u003e INFO 12b\u001b[0m [organ-channel][06c7c153] Exit chaincode: name:\"organcc\"  (3ms)\n","stream":"stderr","time":"2019-04-21T20:39:05.159177897Z"}
{"log":"\u001b[34m2019-04-21 20:39:05.159 UTC [comm.grpc.server] 1 -\u003e INFO 12c\u001b[0m unary call completed grpc.service=protos.Endorser grpc.method=ProcessProposal grpc.peer_address=172.18.0.11:57928 grpc.code=OK grpc.call_duration=4.522084ms\n","stream":"stderr","time":"2019-04-21T20:39:05.160117834Z"}
{"log":"\u001b[34m2019-04-21 20:39:07.191 UTC [gossip.privdata] StoreBlock -\u003e INFO 12d\u001b[0m [organ-channel] Received block [31] from buffer\n","stream":"stderr","time":"2019-04-21T20:39:07.191852686Z"}
{"log":"\u001b[34m2019-04-21 20:39:07.194 UTC [committer.txvalidator] Validate -\u003e INFO 12e\u001b[0m [organ-channel] Validated block [31] in 1ms\n","stream":"stderr","time":"2019-04-21T20:39:07.194125438Z"}
{"log":"\u001b[34m2019-04-21 20:39:07.325 UTC [kvledger] CommitWithPvtData -\u003e INFO 12f\u001b[0m [organ-channel] Committed block [31] with 1 transaction(s) in 131ms (state_validation=0ms block_commit=86ms state_commit=36ms)\n","stream":"stderr","time":"2019-04-21T20:39:07.325955423Z"}
{"log":"\u001b[34m2019-04-21 20:39:15.669 UTC [endorser] callChaincode -\u003e INFO 130\u001b[0m [organ-channel][2a4a5a66] Entry chaincode: name:\"organcc\" \n","stream":"stderr","time":"2019-04-21T20:39:15.669659952Z"}
{"log":"\u001b[34m2019-04-21 20:39:15.672 UTC [endorser] callChaincode -\u003e INFO 131\u001b[0m [organ-channel][2a4a5a66] Exit chaincode: name:\"organcc\"  (3ms)\n","stream":"stderr","time":"2019-04-21T20:39:15.672566186Z"}
{"log":"\u001b[34m2019-04-21 20:39:15.672 UTC [comm.grpc.server] 1 -\u003e INFO 132\u001b[0m unary call completed grpc.service=protos.Endorser grpc.method=ProcessProposal grpc.peer_address=172.18.0.11:57962 grpc.code=OK grpc.call_duration=4.072554ms\n","stream":"stderr","time":"2019-04-21T20:39:15.673000532Z"}
{"log":"\u001b[34m2019-04-21 20:39:17.706 UTC [gossip.privdata] StoreBlock -\u003e INFO 133\u001b[0m [organ-channel] Received block [32] from buffer\n","stream":"stderr","time":"2019-04-21T20:39:17.706346047Z"}
{"log":"\u001b[34m2019-04-21 20:39:17.709 UTC [committer.txvalidator] Validate -\u003e INFO 134\u001b[0m [organ-channel] Validated block [32] in 3ms\n","stream":"stderr","time":"2019-04-21T20:39:17.709474869Z"}
{"log":"\u001b[34m2019-04-21 20:39:17.808 UTC [kvledger] CommitWithPvtData -\u003e INFO 135\u001b[0m [organ-channel] Committed block [32] with 1 transaction(s) in 98ms (state_validation=0ms block_commit=62ms state_commit=9ms)\n","stream":"stderr","time":"2019-04-21T20:39:17.808323665Z"}
{"log":"\u001b[34m2019-04-21 20:39:26.214 UTC [endorser] callChaincode -\u003e INFO 136\u001b[0m [organ-channel][d953f133] Entry chaincode: name:\"organcc\" \n","stream":"stderr","time":"2019-04-21T20:39:26.214204877Z"}
{"log":"\u001b[34m2019-04-21 20:39:26.217 UTC [endorser] callChaincode -\u003e INFO 137\u001b[0m [organ-channel][d953f133] Exit chaincode: name:\"organcc\"  (4ms)\n","stream":"stderr","time":"2019-04-21T20:39:26.217897728Z"}
{"log":"\u001b[34m2019-04-21 20:39:26.218 UTC [comm.grpc.server] 1 -\u003e INFO 138\u001b[0m unary call completed grpc.service=protos.Endorser grpc.method=ProcessProposal grpc.peer_address=172.18.0.11:57996 grpc.code=OK grpc.call_duration=4.967604ms\n","stream":"stderr","time":"2019-04-21T20:39:26.21829791Z"}
{"log":"\u001b[34m2019-04-21 20:39:28.253 UTC [gossip.privdata] StoreBlock -\u003e INFO 139\u001b[0m [organ-channel] Received block [33] from buffer\n","stream":"stderr","time":"2019-04-21T20:39:28.253373002Z"}
{"log":"\u001b[34m2019-04-21 20:39:28.255 UTC [committer.txvalidator] Validate -\u003e INFO 13a\u001b[0m [organ-channel] Validated block [33] in 1ms\n","stream":"stderr","time":"2019-04-21T20:39:28.255342505Z"}
{"log":"\u001b[34m2019-04-21 20:39:28.377 UTC [kvledger] CommitWithPvtData -\u003e INFO 13b\u001b[0m [organ-channel] Committed block [33] with 1 transaction(s) in 122ms (state_validation=0ms block_commit=103ms state_commit=9ms)\n","stream":"stderr","time":"2019-04-21T20:39:28.377827908Z"}
{"log":"\u001b[34m2019-04-21 20:39:36.723 UTC [endorser] callChaincode -\u003e INFO 13c\u001b[0m [organ-channel][e36f2e87] Entry chaincode: name:\"organcc\" \n","stream":"stderr","time":"2019-04-21T20:39:36.723535799Z"}
{"log":"\u001b[34m2019-04-21 20:39:36.730 UTC [endorser] callChaincode -\u003e INFO 13d\u001b[0m [organ-channel][e36f2e87] Exit chaincode: name:\"organcc\"  (7ms)\n","stream":"stderr","time":"2019-04-21T20:39:36.730710009Z"}
{"log":"\u001b[34m2019-04-21 20:39:36.730 UTC [comm.grpc.server] 1 -\u003e INFO 13e\u001b[0m unary call completed grpc.service=protos.Endorser grpc.method=ProcessProposal grpc.peer_address=172.18.0.11:58030 grpc.code=OK grpc.call_duration=8.141826ms\n","stream":"stderr","time":"2019-04-21T20:39:36.731080111Z"}
{"log":"\u001b[34m2019-04-21 20:39:38.761 UTC [gossip.privdata] StoreBlock -\u003e INFO 13f\u001b[0m [organ-channel] Received block [34] from buffer\n","stream":"stderr","time":"2019-04-21T20:39:38.761561142Z"}
{"log":"\u001b[34m2019-04-21 20:39:38.765 UTC [committer.txvalidator] Validate -\u003e INFO 140\u001b[0m [organ-channel] Validated block [34] in 3ms\n","stream":"stderr","time":"2019-04-21T20:39:38.765247429Z"}
{"log":"\u001b[34m2019-04-21 20:39:38.863 UTC [kvledger] CommitWithPvtData -\u003e INFO 141\u001b[0m [organ-channel] Committed block [34] with 1 transaction(s) in 98ms (state_validation=0ms block_commit=70ms state_commit=9ms)\n","stream":"stderr","time":"2019-04-21T20:39:38.863671171Z"}
{"log":"\u001b[34m2019-04-21 20:39:47.253 UTC [endorser] callChaincode -\u003e INFO 142\u001b[0m [organ-channel][278cc451] Entry chaincode: name:\"organcc\" \n","stream":"stderr","time":"2019-04-21T20:39:47.254094393Z"}
{"log":"\u001b[34m2019-04-21 20:39:47.264 UTC [endorser] callChaincode -\u003e INFO 143\u001b[0m [organ-channel][278cc451] Exit chaincode: name:\"organcc\"  (11ms)\n","stream":"stderr","time":"2019-04-21T20:39:47.264924853Z"}
{"log":"\u001b[34m2019-04-21 20:39:47.265 UTC [comm.grpc.server] 1 -\u003e INFO 144\u001b[0m unary call completed grpc.service=protos.Endorser grpc.method=ProcessProposal grpc.peer_address=172.18.0.11:58064 grpc.code=OK grpc.call_duration=12.355838ms\n","stream":"stderr","time":"2019-04-21T20:39:47.265383934Z"}
{"log":"\u001b[34m2019-04-21 20:39:49.299 UTC [gossip.privdata] StoreBlock -\u003e INFO 145\u001b[0m [organ-channel] Received block [35] from buffer\n","stream":"stderr","time":"2019-04-21T20:39:49.299321956Z"}
{"log":"\u001b[34m2019-04-21 20:39:49.302 UTC [committer.txvalidator] Validate -\u003e INFO 146\u001b[0m [organ-channel] Validated block [35] in 3ms\n","stream":"stderr","time":"2019-04-21T20:39:49.302904513Z"}
{"log":"\u001b[34m2019-04-21 20:39:49.416 UTC [kvledger] CommitWithPvtData -\u003e INFO 147\u001b[0m [organ-channel] Committed block [35] with 1 transaction(s) in 111ms (state_validation=0ms block_commit=69ms state_commit=2ms)\n","stream":"stderr","time":"2019-04-21T20:39:49.416813967Z"}
